Built target ament_cmake_python_copy_braccio_bringup
running egg_info
writing braccio_bringup.egg-info/PKG-INFO
writing dependency_links to braccio_bringup.egg-info/dependency_links.txt
writing top-level names to braccio_bringup.egg-info/top_level.txt
reading manifest file 'braccio_bringup.egg-info/SOURCES.txt'
writing manifest file 'braccio_bringup.egg-info/SOURCES.txt'
Built target ament_cmake_python_build_braccio_bringup_egg
-- Install configuration: ""
-- Up-to-date: /home/ivan/Escritorio/Braccio-Tinkerkit-Arduino/install/braccio_bringup/share/braccio_bringup/config
-- Up-to-date: /home/ivan/Escritorio/Braccio-Tinkerkit-Arduino/install/braccio_bringup/share/braccio_bringup/config/config.rviz
-- Up-to-date: /home/ivan/Escritorio/Braccio-Tinkerkit-Arduino/install/braccio_bringup/share/braccio_bringup/launch
-- Up-to-date: /home/ivan/Escritorio/Braccio-Tinkerkit-Arduino/install/braccio_bringup/share/braccio_bringup/launch/move_group.launch.py
-- Up-to-date: /home/ivan/Escritorio/Braccio-Tinkerkit-Arduino/install/braccio_bringup/share/braccio_bringup/launch/real.launch.py
-- Installing: /home/ivan/Escritorio/Braccio-Tinkerkit-Arduino/install/braccio_bringup/share/braccio_bringup/launch/sim.launch.py
-- Up-to-date: /home/ivan/Escritorio/Braccio-Tinkerkit-Arduino/install/braccio_bringup/share/braccio_bringup/launch/gazebo_sim.launch.py
-- Up-to-date: /home/ivan/Escritorio/Braccio-Tinkerkit-Arduino/install/braccio_bringup/share/braccio_bringup/launch/bringup.launch.py
-- Up-to-date: /home/ivan/Escritorio/Braccio-Tinkerkit-Arduino/install/braccio_bringup/share/braccio_bringup/environment/pythonpath.sh
-- Up-to-date: /home/ivan/Escritorio/Braccio-Tinkerkit-Arduino/install/braccio_bringup/share/braccio_bringup/environment/pythonpath.dsv
-- Up-to-date: /home/ivan/Escritorio/Braccio-Tinkerkit-Arduino/install/braccio_bringup/local/lib/python3.10/dist-packages/braccio_bringup-0.0.0-py3.10.egg-info
-- Installing: /home/ivan/Escritorio/Braccio-Tinkerkit-Arduino/install/braccio_bringup/local/lib/python3.10/dist-packages/braccio_bringup-0.0.0-py3.10.egg-info/top_level.txt
-- Installing: /home/ivan/Escritorio/Braccio-Tinkerkit-Arduino/install/braccio_bringup/local/lib/python3.10/dist-packages/braccio_bringup-0.0.0-py3.10.egg-info/PKG-INFO
-- Installing: /home/ivan/Escritorio/Braccio-Tinkerkit-Arduino/install/braccio_bringup/local/lib/python3.10/dist-packages/braccio_bringup-0.0.0-py3.10.egg-info/dependency_links.txt
-- Installing: /home/ivan/Escritorio/Braccio-Tinkerkit-Arduino/install/braccio_bringup/local/lib/python3.10/dist-packages/braccio_bringup-0.0.0-py3.10.egg-info/SOURCES.txt
-- Up-to-date: /home/ivan/Escritorio/Braccio-Tinkerkit-Arduino/install/braccio_bringup/local/lib/python3.10/dist-packages/braccio_bringup
-- Up-to-date: /home/ivan/Escritorio/Braccio-Tinkerkit-Arduino/install/braccio_bringup/local/lib/python3.10/dist-packages/braccio_bringup/__init__.py
-- Up-to-date: /home/ivan/Escritorio/Braccio-Tinkerkit-Arduino/install/braccio_bringup/local/lib/python3.10/dist-packages/braccio_bringup/launch_mixin.py
Listing '/home/ivan/Escritorio/Braccio-Tinkerkit-Arduino/install/braccio_bringup/local/lib/python3.10/dist-packages/braccio_bringup'...
-- Up-to-date: /home/ivan/Escritorio/Braccio-Tinkerkit-Arduino/install/braccio_bringup/share/ament_index/resource_index/package_run_dependencies/braccio_bringup
-- Up-to-date: /home/ivan/Escritorio/Braccio-Tinkerkit-Arduino/install/braccio_bringup/share/ament_index/resource_index/parent_prefix_path/braccio_bringup
-- Up-to-date: /home/ivan/Escritorio/Braccio-Tinkerkit-Arduino/install/braccio_bringup/share/braccio_bringup/environment/ament_prefix_path.sh
-- Up-to-date: /home/ivan/Escritorio/Braccio-Tinkerkit-Arduino/install/braccio_bringup/share/braccio_bringup/environment/ament_prefix_path.dsv
-- Up-to-date: /home/ivan/Escritorio/Braccio-Tinkerkit-Arduino/install/braccio_bringup/share/braccio_bringup/environment/path.sh
-- Up-to-date: /home/ivan/Escritorio/Braccio-Tinkerkit-Arduino/install/braccio_bringup/share/braccio_bringup/environment/path.dsv
-- Up-to-date: /home/ivan/Escritorio/Braccio-Tinkerkit-Arduino/install/braccio_bringup/share/braccio_bringup/local_setup.bash
-- Up-to-date: /home/ivan/Escritorio/Braccio-Tinkerkit-Arduino/install/braccio_bringup/share/braccio_bringup/local_setup.sh
-- Up-to-date: /home/ivan/Escritorio/Braccio-Tinkerkit-Arduino/install/braccio_bringup/share/braccio_bringup/local_setup.zsh
-- Up-to-date: /home/ivan/Escritorio/Braccio-Tinkerkit-Arduino/install/braccio_bringup/share/braccio_bringup/local_setup.dsv
-- Installing: /home/ivan/Escritorio/Braccio-Tinkerkit-Arduino/install/braccio_bringup/share/braccio_bringup/package.dsv
-- Up-to-date: /home/ivan/Escritorio/Braccio-Tinkerkit-Arduino/install/braccio_bringup/share/ament_index/resource_index/packages/braccio_bringup
-- Up-to-date: /home/ivan/Escritorio/Braccio-Tinkerkit-Arduino/install/braccio_bringup/share/braccio_bringup/cmake/braccio_bringupConfig.cmake
-- Up-to-date: /home/ivan/Escritorio/Braccio-Tinkerkit-Arduino/install/braccio_bringup/share/braccio_bringup/cmake/braccio_bringupConfig-version.cmake
-- Up-to-date: /home/ivan/Escritorio/Braccio-Tinkerkit-Arduino/install/braccio_bringup/share/braccio_bringup/package.xml
