[0.014s] Invoking command in '/home/ivan/Escritorio/ROS2_braccio/build/braccio_hardware': CMAKE_PREFIX_PATH=/opt/ros/humble /usr/bin/cmake /home/ivan/Escritorio/ROS2_braccio/braccio_hardware -DCMAKE_INSTALL_PREFIX=/home/ivan/Escritorio/ROS2_braccio/install/braccio_hardware
[0.140s] -- The C compiler identification is GNU 11.4.0
[0.252s] -- The CXX compiler identification is GNU 11.4.0
[0.264s] -- Detecting C compiler ABI info
[0.384s] -- Detecting C compiler ABI info - done
[0.392s] -- Check for working C compiler: /usr/bin/cc - skipped
[0.393s] -- Detecting C compile features
[0.394s] -- Detecting C compile features - done
[0.397s] -- Detecting CXX compiler ABI info
[0.533s] -- Detecting CXX compiler ABI info - done
[0.548s] -- Check for working CXX compiler: /usr/bin/c++ - skipped
[0.548s] -- Detecting CXX compile features
[0.549s] -- Detecting CXX compile features - done
[0.560s] -- Found ament_cmake: 1.3.11 (/opt/ros/humble/share/ament_cmake/cmake)
[0.829s] -- Found Python3: /usr/bin/python3 (found version "3.10.12") found components: Interpreter 
[0.971s] -- Found hardware_interface: 2.50.0 (/opt/ros/humble/share/hardware_interface/cmake)
[1.044s] -- Found rosidl_generator_c: 3.1.6 (/opt/ros/humble/share/rosidl_generator_c/cmake)
[1.051s] -- Found rosidl_adapter: 3.1.6 (/opt/ros/humble/share/rosidl_adapter/cmake)
[1.064s] -- Found rosidl_generator_cpp: 3.1.6 (/opt/ros/humble/share/rosidl_generator_cpp/cmake)
[1.090s] -- Using all available rosidl_typesupport_c: rosidl_typesupport_fastrtps_c;rosidl_typesupport_introspection_c
[1.113s] -- Using all available rosidl_typesupport_cpp: rosidl_typesupport_fastrtps_cpp;rosidl_typesupport_introspection_cpp
[1.397s] -- Found rmw_implementation_cmake: 6.1.2 (/opt/ros/humble/share/rmw_implementation_cmake/cmake)
[1.400s] -- Found rmw_fastrtps_cpp: 6.2.7 (/opt/ros/humble/share/rmw_fastrtps_cpp/cmake)
[1.431s] -- Found TinyXML2 via Config file: TinyXML2_DIR-NOTFOUND
[1.538s] -- Found OpenSSL: /usr/lib/x86_64-linux-gnu/libcrypto.so (found version "3.0.2")  
[1.541s] -- Found TinyXML2 via Config file: TinyXML2_DIR-NOTFOUND
[1.568s] -- Found FastRTPS: /opt/ros/humble/include  
[1.571s] -- Found TinyXML2 via Config file: TinyXML2_DIR-NOTFOUND
[1.586s] -- Found TinyXML2 via Config file: TinyXML2_DIR-NOTFOUND
[1.606s] -- Using RMW implementation 'rmw_fastrtps_cpp' as default
[1.624s] -- Looking for pthread.h
[1.751s] -- Looking for pthread.h - found
[1.751s] -- Performing Test CMAKE_HAVE_LIBC_PTHREAD
[1.893s] -- Performing Test CMAKE_HAVE_LIBC_PTHREAD - Success
[1.895s] -- Found Threads: TRUE  
[2.156s] -- Found ament_lint_auto: 0.12.12 (/opt/ros/humble/share/ament_lint_auto/cmake)
[2.308s] -- Added test 'cppcheck' to perform static code analysis on C / C++ code
[2.309s] -- Configured cppcheck include dirs: /home/ivan/Escritorio/ROS2_braccio/braccio_hardware/incude;$<BUILD_INTERFACE:/home/ivan/Escritorio/ROS2_braccio/braccio_hardware/include>
[2.309s] -- Configured cppcheck exclude dirs and/or files: 
[2.310s] -- Added test 'flake8' to check Python code syntax and style conventions
[2.311s] -- Added test 'lint_cmake' to check CMake code style
[2.312s] -- Added test 'pep257' to check Python code against some of the docstring style conventions in PEP 257
[2.315s] -- Added test 'uncrustify' to check C / C++ code style
[2.316s] -- Configured uncrustify additional arguments: 
[2.316s] -- Added test 'xmllint' to check XML markup files
[2.320s] -- Configuring done
[2.390s] -- Generating done
[2.396s] -- Build files have been written to: /home/ivan/Escritorio/ROS2_braccio/build/braccio_hardware
[2.413s] Invoked command in '/home/ivan/Escritorio/ROS2_braccio/build/braccio_hardware' returned '0': CMAKE_PREFIX_PATH=/opt/ros/humble /usr/bin/cmake /home/ivan/Escritorio/ROS2_braccio/braccio_hardware -DCMAKE_INSTALL_PREFIX=/home/ivan/Escritorio/ROS2_braccio/install/braccio_hardware
[2.414s] Invoking command in '/home/ivan/Escritorio/ROS2_braccio/build/braccio_hardware': CMAKE_PREFIX_PATH=/opt/ros/humble /usr/bin/cmake --build /home/ivan/Escritorio/ROS2_braccio/build/braccio_hardware -- -j16 -l16
[2.515s] [ 50%] [32mBuilding CXX object CMakeFiles/braccio_hardware.dir/src/braccio_hardware.cpp.o[0m
[2.532s] [ 50%] Built target ament_cmake_python_copy_braccio_hardware
[2.972s] running egg_info
[2.973s] creating braccio_hardware.egg-info
[2.974s] writing braccio_hardware.egg-info/PKG-INFO
[2.974s] writing dependency_links to braccio_hardware.egg-info/dependency_links.txt
[2.974s] writing top-level names to braccio_hardware.egg-info/top_level.txt
[2.975s] writing manifest file 'braccio_hardware.egg-info/SOURCES.txt'
[2.978s] reading manifest file 'braccio_hardware.egg-info/SOURCES.txt'
[2.979s] writing manifest file 'braccio_hardware.egg-info/SOURCES.txt'
[3.026s] [ 50%] Built target ament_cmake_python_build_braccio_hardware_egg
[7.586s] [100%] [32m[1mLinking CXX shared library libbraccio_hardware.so[0m
[7.842s] [100%] Built target braccio_hardware
[7.865s] Invoked command in '/home/ivan/Escritorio/ROS2_braccio/build/braccio_hardware' returned '0': CMAKE_PREFIX_PATH=/opt/ros/humble /usr/bin/cmake --build /home/ivan/Escritorio/ROS2_braccio/build/braccio_hardware -- -j16 -l16
[7.868s] Invoking command in '/home/ivan/Escritorio/ROS2_braccio/build/braccio_hardware': CMAKE_PREFIX_PATH=/opt/ros/humble /usr/bin/cmake --install /home/ivan/Escritorio/ROS2_braccio/build/braccio_hardware
[7.879s] -- Install configuration: ""
[7.879s] -- Installing: /home/ivan/Escritorio/ROS2_braccio/install/braccio_hardware/share/braccio_hardware/braccio_hardware.xml
[7.880s] -- Installing: /home/ivan/Escritorio/ROS2_braccio/install/braccio_hardware/lib/libbraccio_hardware.so
[7.882s] -- Set runtime path of "/home/ivan/Escritorio/ROS2_braccio/install/braccio_hardware/lib/libbraccio_hardware.so" to ""
[7.882s] -- Installing: /home/ivan/Escritorio/ROS2_braccio/install/braccio_hardware/include
[7.882s] -- Installing: /home/ivan/Escritorio/ROS2_braccio/install/braccio_hardware/include/braccio_hardware
[7.882s] -- Installing: /home/ivan/Escritorio/ROS2_braccio/install/braccio_hardware/include/braccio_hardware/visibility_control.hpp
[7.883s] -- Installing: /home/ivan/Escritorio/ROS2_braccio/install/braccio_hardware/include/braccio_hardware/braccio_hardware.hpp
[7.883s] -- Installing: /home/ivan/Escritorio/ROS2_braccio/install/braccio_hardware/include/braccio_hardware/hardware.hpp
[7.883s] -- Installing: /home/ivan/Escritorio/ROS2_braccio/install/braccio_hardware/include/braccio_hardware/arduino_comms.hpp
[7.884s] -- Installing: /home/ivan/Escritorio/ROS2_braccio/install/braccio_hardware/share/braccio_hardware/config
[7.884s] -- Installing: /home/ivan/Escritorio/ROS2_braccio/install/braccio_hardware/share/braccio_hardware/config/braccio_controllers.yml
[7.884s] -- Installing: /home/ivan/Escritorio/ROS2_braccio/install/braccio_hardware/share/braccio_hardware/launch
[7.884s] -- Installing: /home/ivan/Escritorio/ROS2_braccio/install/braccio_hardware/share/braccio_hardware/launch/braccio_hardware.launch.py
[7.885s] -- Installing: /home/ivan/Escritorio/ROS2_braccio/install/braccio_hardware/share/braccio_hardware/environment/pythonpath.sh
[7.885s] -- Installing: /home/ivan/Escritorio/ROS2_braccio/install/braccio_hardware/share/braccio_hardware/environment/pythonpath.dsv
[7.885s] -- Installing: /home/ivan/Escritorio/ROS2_braccio/install/braccio_hardware/local/lib/python3.10/dist-packages/braccio_hardware-0.0.0-py3.10.egg-info
[7.886s] -- Installing: /home/ivan/Escritorio/ROS2_braccio/install/braccio_hardware/local/lib/python3.10/dist-packages/braccio_hardware-0.0.0-py3.10.egg-info/top_level.txt
[7.886s] -- Installing: /home/ivan/Escritorio/ROS2_braccio/install/braccio_hardware/local/lib/python3.10/dist-packages/braccio_hardware-0.0.0-py3.10.egg-info/PKG-INFO
[7.886s] -- Installing: /home/ivan/Escritorio/ROS2_braccio/install/braccio_hardware/local/lib/python3.10/dist-packages/braccio_hardware-0.0.0-py3.10.egg-info/dependency_links.txt
[7.887s] -- Installing: /home/ivan/Escritorio/ROS2_braccio/install/braccio_hardware/local/lib/python3.10/dist-packages/braccio_hardware-0.0.0-py3.10.egg-info/SOURCES.txt
[7.887s] -- Installing: /home/ivan/Escritorio/ROS2_braccio/install/braccio_hardware/local/lib/python3.10/dist-packages/braccio_hardware
[7.887s] -- Installing: /home/ivan/Escritorio/ROS2_braccio/install/braccio_hardware/local/lib/python3.10/dist-packages/braccio_hardware/__init__.py
[7.887s] -- Installing: /home/ivan/Escritorio/ROS2_braccio/install/braccio_hardware/local/lib/python3.10/dist-packages/braccio_hardware/launch_mixin.py
[7.950s] Listing '/home/ivan/Escritorio/ROS2_braccio/install/braccio_hardware/local/lib/python3.10/dist-packages/braccio_hardware'...
[7.950s] Compiling '/home/ivan/Escritorio/ROS2_braccio/install/braccio_hardware/local/lib/python3.10/dist-packages/braccio_hardware/__init__.py'...
[7.951s] Compiling '/home/ivan/Escritorio/ROS2_braccio/install/braccio_hardware/local/lib/python3.10/dist-packages/braccio_hardware/launch_mixin.py'...
[7.958s] -- Installing: /home/ivan/Escritorio/ROS2_braccio/install/braccio_hardware/share/ament_index/resource_index/package_run_dependencies/braccio_hardware
[7.959s] -- Installing: /home/ivan/Escritorio/ROS2_braccio/install/braccio_hardware/share/ament_index/resource_index/parent_prefix_path/braccio_hardware
[7.959s] -- Installing: /home/ivan/Escritorio/ROS2_braccio/install/braccio_hardware/share/braccio_hardware/environment/ament_prefix_path.sh
[7.959s] -- Installing: /home/ivan/Escritorio/ROS2_braccio/install/braccio_hardware/share/braccio_hardware/environment/ament_prefix_path.dsv
[7.959s] -- Installing: /home/ivan/Escritorio/ROS2_braccio/install/braccio_hardware/share/braccio_hardware/environment/path.sh
[7.960s] -- Installing: /home/ivan/Escritorio/ROS2_braccio/install/braccio_hardware/share/braccio_hardware/environment/path.dsv
[7.960s] -- Installing: /home/ivan/Escritorio/ROS2_braccio/install/braccio_hardware/share/braccio_hardware/local_setup.bash
[7.960s] -- Installing: /home/ivan/Escritorio/ROS2_braccio/install/braccio_hardware/share/braccio_hardware/local_setup.sh
[7.960s] -- Installing: /home/ivan/Escritorio/ROS2_braccio/install/braccio_hardware/share/braccio_hardware/local_setup.zsh
[7.961s] -- Installing: /home/ivan/Escritorio/ROS2_braccio/install/braccio_hardware/share/braccio_hardware/local_setup.dsv
[7.961s] -- Installing: /home/ivan/Escritorio/ROS2_braccio/install/braccio_hardware/share/braccio_hardware/package.dsv
[7.961s] -- Installing: /home/ivan/Escritorio/ROS2_braccio/install/braccio_hardware/share/ament_index/resource_index/packages/braccio_hardware
[7.961s] -- Installing: /home/ivan/Escritorio/ROS2_braccio/install/braccio_hardware/share/ament_index/resource_index/hardware_interface__pluginlib__plugin/braccio_hardware
[7.961s] -- Installing: /home/ivan/Escritorio/ROS2_braccio/install/braccio_hardware/share/braccio_hardware/cmake/braccio_hardwareConfig.cmake
[7.961s] -- Installing: /home/ivan/Escritorio/ROS2_braccio/install/braccio_hardware/share/braccio_hardware/cmake/braccio_hardwareConfig-version.cmake
[7.962s] -- Installing: /home/ivan/Escritorio/ROS2_braccio/install/braccio_hardware/share/braccio_hardware/package.xml
[7.965s] Invoked command in '/home/ivan/Escritorio/ROS2_braccio/build/braccio_hardware' returned '0': CMAKE_PREFIX_PATH=/opt/ros/humble /usr/bin/cmake --install /home/ivan/Escritorio/ROS2_braccio/build/braccio_hardware
