[0.248s] DEBUG:colcon:Command line arguments: ['/usr/bin/colcon', 'build']
[0.248s] DEBUG:colcon:Parsed command line arguments: Namespace(log_base=None, log_level=None, verb_name='build', build_base='build', install_base='install', merge_install=False, symlink_install=False, test_result_base=None, continue_on_error=False, executor='parallel', parallel_workers=16, event_handlers=None, ignore_user_meta=False, metas=['./colcon.meta'], base_paths=['.'], packages_ignore=None, packages_ignore_regex=None, paths=None, packages_up_to=None, packages_up_to_regex=None, packages_above=None, packages_above_and_dependencies=None, packages_above_depth=None, packages_select_by_dep=None, packages_skip_by_dep=None, packages_skip_up_to=None, packages_select_build_failed=False, packages_skip_build_finished=False, packages_select_test_failures=False, packages_skip_test_passed=False, packages_select=None, packages_skip=None, packages_select_regex=None, packages_skip_regex=None, packages_start=None, packages_end=None, allow_overriding=[], cmake_args=None, cmake_target=None, cmake_target_skip_unavailable=False, cmake_clean_cache=False, cmake_clean_first=False, cmake_force_configure=False, ament_cmake_args=None, catkin_cmake_args=None, catkin_skip_building_tests=False, mixin_files=None, mixin=None, verb_parser=<colcon_mixin.mixin.mixin_argument.MixinArgumentDecorator object at 0x788f1a73e8c0>, verb_extension=<colcon_core.verb.build.BuildVerb object at 0x788f1a85b850>, main=<bound method BuildVerb.main of <colcon_core.verb.build.BuildVerb object at 0x788f1a85b850>>, mixin_verb=('build',))
[0.483s] Level 1:colcon.colcon_core.package_discovery:discover_packages(colcon_meta) check parameters
[0.483s] Level 1:colcon.colcon_core.package_discovery:discover_packages(recursive) check parameters
[0.483s] Level 1:colcon.colcon_core.package_discovery:discover_packages(ignore) check parameters
[0.483s] Level 1:colcon.colcon_core.package_discovery:discover_packages(path) check parameters
[0.483s] Level 1:colcon.colcon_core.package_discovery:discover_packages(colcon_meta) discover
[0.483s] Level 1:colcon.colcon_core.package_discovery:discover_packages(recursive) discover
[0.483s] INFO:colcon.colcon_core.package_discovery:Crawling recursively for packages in '/home/ivan/Escritorio/ROS2_braccio'
[0.483s] Level 1:colcon.colcon_core.package_identification:_identify(.) by extensions ['ignore', 'ignore_ament_install']
[0.483s] Level 1:colcon.colcon_core.package_identification:_identify(.) by extension 'ignore'
[0.483s] Level 1:colcon.colcon_core.package_identification:_identify(.) by extension 'ignore_ament_install'
[0.483s] Level 1:colcon.colcon_core.package_identification:_identify(.) by extensions ['colcon_pkg']
[0.483s] Level 1:colcon.colcon_core.package_identification:_identify(.) by extension 'colcon_pkg'
[0.483s] Level 1:colcon.colcon_core.package_identification:_identify(.) by extensions ['colcon_meta']
[0.483s] Level 1:colcon.colcon_core.package_identification:_identify(.) by extension 'colcon_meta'
[0.483s] Level 1:colcon.colcon_core.package_identification:_identify(.) by extensions ['ros']
[0.483s] Level 1:colcon.colcon_core.package_identification:_identify(.) by extension 'ros'
[0.495s] Level 1:colcon.colcon_core.package_identification:_identify(.) by extensions ['cmake', 'python']
[0.495s] Level 1:colcon.colcon_core.package_identification:_identify(.) by extension 'cmake'
[0.495s] Level 1:colcon.colcon_core.package_identification:_identify(.) by extension 'python'
[0.496s] Level 1:colcon.colcon_core.package_identification:_identify(.) by extensions ['python_setup_py']
[0.496s] Level 1:colcon.colcon_core.package_identification:_identify(.) by extension 'python_setup_py'
[0.496s] Level 1:colcon.colcon_core.package_identification:_identify(braccio_ROS_Arduino) by extensions ['ignore', 'ignore_ament_install']
[0.496s] Level 1:colcon.colcon_core.package_identification:_identify(braccio_ROS_Arduino) by extension 'ignore'
[0.496s] Level 1:colcon.colcon_core.package_identification:_identify(braccio_ROS_Arduino) by extension 'ignore_ament_install'
[0.496s] Level 1:colcon.colcon_core.package_identification:_identify(braccio_ROS_Arduino) by extensions ['colcon_pkg']
[0.496s] Level 1:colcon.colcon_core.package_identification:_identify(braccio_ROS_Arduino) by extension 'colcon_pkg'
[0.496s] Level 1:colcon.colcon_core.package_identification:_identify(braccio_ROS_Arduino) by extensions ['colcon_meta']
[0.496s] Level 1:colcon.colcon_core.package_identification:_identify(braccio_ROS_Arduino) by extension 'colcon_meta'
[0.496s] Level 1:colcon.colcon_core.package_identification:_identify(braccio_ROS_Arduino) by extensions ['ros']
[0.496s] Level 1:colcon.colcon_core.package_identification:_identify(braccio_ROS_Arduino) by extension 'ros'
[0.496s] Level 1:colcon.colcon_core.package_identification:_identify(braccio_ROS_Arduino) by extensions ['cmake', 'python']
[0.496s] Level 1:colcon.colcon_core.package_identification:_identify(braccio_ROS_Arduino) by extension 'cmake'
[0.496s] Level 1:colcon.colcon_core.package_identification:_identify(braccio_ROS_Arduino) by extension 'python'
[0.496s] Level 1:colcon.colcon_core.package_identification:_identify(braccio_ROS_Arduino) by extensions ['python_setup_py']
[0.496s] Level 1:colcon.colcon_core.package_identification:_identify(braccio_ROS_Arduino) by extension 'python_setup_py'
[0.496s] Level 1:colcon.colcon_core.package_identification:_identify(braccio_bringup) by extensions ['ignore', 'ignore_ament_install']
[0.496s] Level 1:colcon.colcon_core.package_identification:_identify(braccio_bringup) by extension 'ignore'
[0.496s] Level 1:colcon.colcon_core.package_identification:_identify(braccio_bringup) by extension 'ignore_ament_install'
[0.496s] Level 1:colcon.colcon_core.package_identification:_identify(braccio_bringup) by extensions ['colcon_pkg']
[0.496s] Level 1:colcon.colcon_core.package_identification:_identify(braccio_bringup) by extension 'colcon_pkg'
[0.497s] Level 1:colcon.colcon_core.package_identification:_identify(braccio_bringup) by extensions ['colcon_meta']
[0.497s] Level 1:colcon.colcon_core.package_identification:_identify(braccio_bringup) by extension 'colcon_meta'
[0.497s] Level 1:colcon.colcon_core.package_identification:_identify(braccio_bringup) by extensions ['ros']
[0.497s] Level 1:colcon.colcon_core.package_identification:_identify(braccio_bringup) by extension 'ros'
[0.499s] DEBUG:colcon.colcon_core.package_identification:Package 'braccio_bringup' with type 'ros.ament_cmake' and name 'braccio_bringup'
[0.500s] Level 1:colcon.colcon_core.package_identification:_identify(braccio_description) by extensions ['ignore', 'ignore_ament_install']
[0.500s] Level 1:colcon.colcon_core.package_identification:_identify(braccio_description) by extension 'ignore'
[0.500s] Level 1:colcon.colcon_core.package_identification:_identify(braccio_description) by extension 'ignore_ament_install'
[0.500s] Level 1:colcon.colcon_core.package_identification:_identify(braccio_description) by extensions ['colcon_pkg']
[0.500s] Level 1:colcon.colcon_core.package_identification:_identify(braccio_description) by extension 'colcon_pkg'
[0.500s] Level 1:colcon.colcon_core.package_identification:_identify(braccio_description) by extensions ['colcon_meta']
[0.500s] Level 1:colcon.colcon_core.package_identification:_identify(braccio_description) by extension 'colcon_meta'
[0.500s] Level 1:colcon.colcon_core.package_identification:_identify(braccio_description) by extensions ['ros']
[0.500s] Level 1:colcon.colcon_core.package_identification:_identify(braccio_description) by extension 'ros'
[0.501s] DEBUG:colcon.colcon_core.package_identification:Package 'braccio_description' with type 'ros.ament_cmake' and name 'braccio_description'
[0.501s] Level 1:colcon.colcon_core.package_identification:_identify(braccio_hardware) by extensions ['ignore', 'ignore_ament_install']
[0.501s] Level 1:colcon.colcon_core.package_identification:_identify(braccio_hardware) by extension 'ignore'
[0.501s] Level 1:colcon.colcon_core.package_identification:_identify(braccio_hardware) by extension 'ignore_ament_install'
[0.501s] Level 1:colcon.colcon_core.package_identification:_identify(braccio_hardware) by extensions ['colcon_pkg']
[0.501s] Level 1:colcon.colcon_core.package_identification:_identify(braccio_hardware) by extension 'colcon_pkg'
[0.501s] Level 1:colcon.colcon_core.package_identification:_identify(braccio_hardware) by extensions ['colcon_meta']
[0.501s] Level 1:colcon.colcon_core.package_identification:_identify(braccio_hardware) by extension 'colcon_meta'
[0.501s] Level 1:colcon.colcon_core.package_identification:_identify(braccio_hardware) by extensions ['ros']
[0.501s] Level 1:colcon.colcon_core.package_identification:_identify(braccio_hardware) by extension 'ros'
[0.502s] DEBUG:colcon.colcon_core.package_identification:Package 'braccio_hardware' with type 'ros.ament_cmake' and name 'braccio_hardware'
[0.502s] Level 1:colcon.colcon_core.package_identification:_identify(braccio_moveit_config) by extensions ['ignore', 'ignore_ament_install']
[0.502s] Level 1:colcon.colcon_core.package_identification:_identify(braccio_moveit_config) by extension 'ignore'
[0.502s] Level 1:colcon.colcon_core.package_identification:_identify(braccio_moveit_config) by extension 'ignore_ament_install'
[0.502s] Level 1:colcon.colcon_core.package_identification:_identify(braccio_moveit_config) by extensions ['colcon_pkg']
[0.502s] Level 1:colcon.colcon_core.package_identification:_identify(braccio_moveit_config) by extension 'colcon_pkg'
[0.502s] Level 1:colcon.colcon_core.package_identification:_identify(braccio_moveit_config) by extensions ['colcon_meta']
[0.502s] Level 1:colcon.colcon_core.package_identification:_identify(braccio_moveit_config) by extension 'colcon_meta'
[0.502s] Level 1:colcon.colcon_core.package_identification:_identify(braccio_moveit_config) by extensions ['ros']
[0.502s] Level 1:colcon.colcon_core.package_identification:_identify(braccio_moveit_config) by extension 'ros'
[0.504s] DEBUG:colcon.colcon_core.package_identification:Package 'braccio_moveit_config' with type 'ros.ament_cmake' and name 'braccio_moveit_config'
[0.504s] Level 1:colcon.colcon_core.package_identification:_identify(build) by extensions ['ignore', 'ignore_ament_install']
[0.504s] Level 1:colcon.colcon_core.package_identification:_identify(build) by extension 'ignore'
[0.504s] Level 1:colcon.colcon_core.package_identification:_identify(build) ignored
[0.504s] Level 1:colcon.colcon_core.package_identification:_identify(install) by extensions ['ignore', 'ignore_ament_install']
[0.505s] Level 1:colcon.colcon_core.package_identification:_identify(install) by extension 'ignore'
[0.505s] Level 1:colcon.colcon_core.package_identification:_identify(install) ignored
[0.505s] Level 1:colcon.colcon_core.package_identification:_identify(log) by extensions ['ignore', 'ignore_ament_install']
[0.505s] Level 1:colcon.colcon_core.package_identification:_identify(log) by extension 'ignore'
[0.505s] Level 1:colcon.colcon_core.package_identification:_identify(log) ignored
[0.505s] Level 1:colcon.colcon_core.package_discovery:discover_packages(recursive) using defaults
[0.505s] Level 1:colcon.colcon_core.package_discovery:discover_packages(ignore) discover
[0.505s] Level 1:colcon.colcon_core.package_discovery:discover_packages(ignore) using defaults
[0.505s] Level 1:colcon.colcon_core.package_discovery:discover_packages(path) discover
[0.505s] Level 1:colcon.colcon_core.package_discovery:discover_packages(path) using defaults
[0.545s] Level 1:colcon.colcon_core.package_discovery:discover_packages(prefix_path) check parameters
[0.545s] Level 1:colcon.colcon_core.package_discovery:discover_packages(prefix_path) discover
[0.549s] DEBUG:colcon.colcon_installed_package_information.package_discovery:Found 407 installed packages in /opt/ros/humble
[0.552s] Level 1:colcon.colcon_core.package_discovery:discover_packages(prefix_path) using defaults
[0.602s] Level 5:colcon.colcon_core.verb:set package 'braccio_description' build argument 'cmake_args' from command line to 'None'
[0.602s] Level 5:colcon.colcon_core.verb:set package 'braccio_description' build argument 'cmake_target' from command line to 'None'
[0.602s] Level 5:colcon.colcon_core.verb:set package 'braccio_description' build argument 'cmake_target_skip_unavailable' from command line to 'False'
[0.602s] Level 5:colcon.colcon_core.verb:set package 'braccio_description' build argument 'cmake_clean_cache' from command line to 'False'
[0.602s] Level 5:colcon.colcon_core.verb:set package 'braccio_description' build argument 'cmake_clean_first' from command line to 'False'
[0.602s] Level 5:colcon.colcon_core.verb:set package 'braccio_description' build argument 'cmake_force_configure' from command line to 'False'
[0.602s] Level 5:colcon.colcon_core.verb:set package 'braccio_description' build argument 'ament_cmake_args' from command line to 'None'
[0.602s] Level 5:colcon.colcon_core.verb:set package 'braccio_description' build argument 'catkin_cmake_args' from command line to 'None'
[0.602s] Level 5:colcon.colcon_core.verb:set package 'braccio_description' build argument 'catkin_skip_building_tests' from command line to 'False'
[0.602s] DEBUG:colcon.colcon_core.verb:Building package 'braccio_description' with the following arguments: {'ament_cmake_args': None, 'build_base': '/home/ivan/Escritorio/ROS2_braccio/build/braccio_description', 'catkin_cmake_args': None, 'catkin_skip_building_tests': False, 'cmake_args': None, 'cmake_clean_cache': False, 'cmake_clean_first': False, 'cmake_force_configure': False, 'cmake_target': None, 'cmake_target_skip_unavailable': False, 'install_base': '/home/ivan/Escritorio/ROS2_braccio/install/braccio_description', 'merge_install': False, 'path': '/home/ivan/Escritorio/ROS2_braccio/braccio_description', 'symlink_install': False, 'test_result_base': None}
[0.602s] Level 5:colcon.colcon_core.verb:set package 'braccio_hardware' build argument 'cmake_args' from command line to 'None'
[0.602s] Level 5:colcon.colcon_core.verb:set package 'braccio_hardware' build argument 'cmake_target' from command line to 'None'
[0.602s] Level 5:colcon.colcon_core.verb:set package 'braccio_hardware' build argument 'cmake_target_skip_unavailable' from command line to 'False'
[0.602s] Level 5:colcon.colcon_core.verb:set package 'braccio_hardware' build argument 'cmake_clean_cache' from command line to 'False'
[0.602s] Level 5:colcon.colcon_core.verb:set package 'braccio_hardware' build argument 'cmake_clean_first' from command line to 'False'
[0.602s] Level 5:colcon.colcon_core.verb:set package 'braccio_hardware' build argument 'cmake_force_configure' from command line to 'False'
[0.602s] Level 5:colcon.colcon_core.verb:set package 'braccio_hardware' build argument 'ament_cmake_args' from command line to 'None'
[0.602s] Level 5:colcon.colcon_core.verb:set package 'braccio_hardware' build argument 'catkin_cmake_args' from command line to 'None'
[0.602s] Level 5:colcon.colcon_core.verb:set package 'braccio_hardware' build argument 'catkin_skip_building_tests' from command line to 'False'
[0.602s] DEBUG:colcon.colcon_core.verb:Building package 'braccio_hardware' with the following arguments: {'ament_cmake_args': None, 'build_base': '/home/ivan/Escritorio/ROS2_braccio/build/braccio_hardware', 'catkin_cmake_args': None, 'catkin_skip_building_tests': False, 'cmake_args': None, 'cmake_clean_cache': False, 'cmake_clean_first': False, 'cmake_force_configure': False, 'cmake_target': None, 'cmake_target_skip_unavailable': False, 'install_base': '/home/ivan/Escritorio/ROS2_braccio/install/braccio_hardware', 'merge_install': False, 'path': '/home/ivan/Escritorio/ROS2_braccio/braccio_hardware', 'symlink_install': False, 'test_result_base': None}
[0.603s] Level 5:colcon.colcon_core.verb:set package 'braccio_bringup' build argument 'cmake_args' from command line to 'None'
[0.603s] Level 5:colcon.colcon_core.verb:set package 'braccio_bringup' build argument 'cmake_target' from command line to 'None'
[0.603s] Level 5:colcon.colcon_core.verb:set package 'braccio_bringup' build argument 'cmake_target_skip_unavailable' from command line to 'False'
[0.603s] Level 5:colcon.colcon_core.verb:set package 'braccio_bringup' build argument 'cmake_clean_cache' from command line to 'False'
[0.603s] Level 5:colcon.colcon_core.verb:set package 'braccio_bringup' build argument 'cmake_clean_first' from command line to 'False'
[0.603s] Level 5:colcon.colcon_core.verb:set package 'braccio_bringup' build argument 'cmake_force_configure' from command line to 'False'
[0.603s] Level 5:colcon.colcon_core.verb:set package 'braccio_bringup' build argument 'ament_cmake_args' from command line to 'None'
[0.603s] Level 5:colcon.colcon_core.verb:set package 'braccio_bringup' build argument 'catkin_cmake_args' from command line to 'None'
[0.603s] Level 5:colcon.colcon_core.verb:set package 'braccio_bringup' build argument 'catkin_skip_building_tests' from command line to 'False'
[0.603s] DEBUG:colcon.colcon_core.verb:Building package 'braccio_bringup' with the following arguments: {'ament_cmake_args': None, 'build_base': '/home/ivan/Escritorio/ROS2_braccio/build/braccio_bringup', 'catkin_cmake_args': None, 'catkin_skip_building_tests': False, 'cmake_args': None, 'cmake_clean_cache': False, 'cmake_clean_first': False, 'cmake_force_configure': False, 'cmake_target': None, 'cmake_target_skip_unavailable': False, 'install_base': '/home/ivan/Escritorio/ROS2_braccio/install/braccio_bringup', 'merge_install': False, 'path': '/home/ivan/Escritorio/ROS2_braccio/braccio_bringup', 'symlink_install': False, 'test_result_base': None}
[0.603s] Level 5:colcon.colcon_core.verb:set package 'braccio_moveit_config' build argument 'cmake_args' from command line to 'None'
[0.603s] Level 5:colcon.colcon_core.verb:set package 'braccio_moveit_config' build argument 'cmake_target' from command line to 'None'
[0.603s] Level 5:colcon.colcon_core.verb:set package 'braccio_moveit_config' build argument 'cmake_target_skip_unavailable' from command line to 'False'
[0.603s] Level 5:colcon.colcon_core.verb:set package 'braccio_moveit_config' build argument 'cmake_clean_cache' from command line to 'False'
[0.603s] Level 5:colcon.colcon_core.verb:set package 'braccio_moveit_config' build argument 'cmake_clean_first' from command line to 'False'
[0.603s] Level 5:colcon.colcon_core.verb:set package 'braccio_moveit_config' build argument 'cmake_force_configure' from command line to 'False'
[0.603s] Level 5:colcon.colcon_core.verb:set package 'braccio_moveit_config' build argument 'ament_cmake_args' from command line to 'None'
[0.603s] Level 5:colcon.colcon_core.verb:set package 'braccio_moveit_config' build argument 'catkin_cmake_args' from command line to 'None'
[0.603s] Level 5:colcon.colcon_core.verb:set package 'braccio_moveit_config' build argument 'catkin_skip_building_tests' from command line to 'False'
[0.603s] DEBUG:colcon.colcon_core.verb:Building package 'braccio_moveit_config' with the following arguments: {'ament_cmake_args': None, 'build_base': '/home/ivan/Escritorio/ROS2_braccio/build/braccio_moveit_config', 'catkin_cmake_args': None, 'catkin_skip_building_tests': False, 'cmake_args': None, 'cmake_clean_cache': False, 'cmake_clean_first': False, 'cmake_force_configure': False, 'cmake_target': None, 'cmake_target_skip_unavailable': False, 'install_base': '/home/ivan/Escritorio/ROS2_braccio/install/braccio_moveit_config', 'merge_install': False, 'path': '/home/ivan/Escritorio/ROS2_braccio/braccio_moveit_config', 'symlink_install': False, 'test_result_base': None}
[0.604s] INFO:colcon.colcon_core.executor:Executing jobs using 'parallel' executor
[0.605s] DEBUG:colcon.colcon_parallel_executor.executor.parallel:run_until_complete
[0.605s] INFO:colcon.colcon_ros.task.ament_cmake.build:Building ROS package in '/home/ivan/Escritorio/ROS2_braccio/braccio_description' with build type 'ament_cmake'
[0.605s] INFO:colcon.colcon_cmake.task.cmake.build:Building CMake package in '/home/ivan/Escritorio/ROS2_braccio/braccio_description'
[0.609s] INFO:colcon.colcon_core.plugin_system:Skipping extension 'colcon_core.shell.bat': Not used on non-Windows systems
[0.610s] INFO:colcon.colcon_core.shell:Skip shell extension 'powershell' for command environment: Not usable outside of PowerShell
[0.610s] DEBUG:colcon.colcon_core.shell:Skip shell extension 'dsv' for command environment
[0.614s] INFO:colcon.colcon_ros.task.ament_cmake.build:Building ROS package in '/home/ivan/Escritorio/ROS2_braccio/braccio_hardware' with build type 'ament_cmake'
[0.614s] INFO:colcon.colcon_cmake.task.cmake.build:Building CMake package in '/home/ivan/Escritorio/ROS2_braccio/braccio_hardware'
[0.614s] INFO:colcon.colcon_core.shell:Skip shell extension 'powershell' for command environment: Not usable outside of PowerShell
[0.614s] DEBUG:colcon.colcon_core.shell:Skip shell extension 'dsv' for command environment
[0.624s] DEBUG:colcon.colcon_core.event_handler.log_command:Invoking command in '/home/ivan/Escritorio/ROS2_braccio/build/braccio_description': CMAKE_PREFIX_PATH=/opt/ros/humble /usr/bin/cmake /home/ivan/Escritorio/ROS2_braccio/braccio_description -DCMAKE_INSTALL_PREFIX=/home/ivan/Escritorio/ROS2_braccio/install/braccio_description
[0.628s] DEBUG:colcon.colcon_core.event_handler.log_command:Invoking command in '/home/ivan/Escritorio/ROS2_braccio/build/braccio_hardware': CMAKE_PREFIX_PATH=/opt/ros/humble /usr/bin/cmake /home/ivan/Escritorio/ROS2_braccio/braccio_hardware -DCMAKE_INSTALL_PREFIX=/home/ivan/Escritorio/ROS2_braccio/install/braccio_hardware
[2.735s] DEBUG:colcon.colcon_core.event_handler.log_command:Invoked command in '/home/ivan/Escritorio/ROS2_braccio/build/braccio_description' returned '0': CMAKE_PREFIX_PATH=/opt/ros/humble /usr/bin/cmake /home/ivan/Escritorio/ROS2_braccio/braccio_description -DCMAKE_INSTALL_PREFIX=/home/ivan/Escritorio/ROS2_braccio/install/braccio_description
[2.736s] DEBUG:colcon.colcon_core.event_handler.log_command:Invoking command in '/home/ivan/Escritorio/ROS2_braccio/build/braccio_description': CMAKE_PREFIX_PATH=/opt/ros/humble /usr/bin/cmake --build /home/ivan/Escritorio/ROS2_braccio/build/braccio_description -- -j16 -l16
[3.027s] DEBUG:colcon.colcon_core.event_handler.log_command:Invoked command in '/home/ivan/Escritorio/ROS2_braccio/build/braccio_hardware' returned '0': CMAKE_PREFIX_PATH=/opt/ros/humble /usr/bin/cmake /home/ivan/Escritorio/ROS2_braccio/braccio_hardware -DCMAKE_INSTALL_PREFIX=/home/ivan/Escritorio/ROS2_braccio/install/braccio_hardware
[3.029s] DEBUG:colcon.colcon_core.event_handler.log_command:Invoking command in '/home/ivan/Escritorio/ROS2_braccio/build/braccio_hardware': CMAKE_PREFIX_PATH=/opt/ros/humble /usr/bin/cmake --build /home/ivan/Escritorio/ROS2_braccio/build/braccio_hardware -- -j16 -l16
[3.200s] DEBUG:colcon.colcon_core.event_handler.log_command:Invoked command in '/home/ivan/Escritorio/ROS2_braccio/build/braccio_description' returned '0': CMAKE_PREFIX_PATH=/opt/ros/humble /usr/bin/cmake --build /home/ivan/Escritorio/ROS2_braccio/build/braccio_description -- -j16 -l16
[3.210s] DEBUG:colcon.colcon_core.event_handler.log_command:Invoking command in '/home/ivan/Escritorio/ROS2_braccio/build/braccio_description': CMAKE_PREFIX_PATH=/opt/ros/humble /usr/bin/cmake --install /home/ivan/Escritorio/ROS2_braccio/build/braccio_description
[3.314s] Level 1:colcon.colcon_core.environment:create_environment_scripts_only(braccio_description)
[3.315s] DEBUG:colcon.colcon_core.event_handler.log_command:Invoked command in '/home/ivan/Escritorio/ROS2_braccio/build/braccio_description' returned '0': CMAKE_PREFIX_PATH=/opt/ros/humble /usr/bin/cmake --install /home/ivan/Escritorio/ROS2_braccio/build/braccio_description
[3.322s] Level 1:colcon.colcon_core.environment:checking '/home/ivan/Escritorio/ROS2_braccio/install/braccio_description' for CMake module files
[3.323s] Level 1:colcon.colcon_core.environment:checking '/home/ivan/Escritorio/ROS2_braccio/install/braccio_description' for CMake config files
[3.323s] Level 1:colcon.colcon_core.shell:create_environment_hook('braccio_description', 'cmake_prefix_path')
[3.323s] INFO:colcon.colcon_core.shell:Creating environment hook '/home/ivan/Escritorio/ROS2_braccio/install/braccio_description/share/braccio_description/hook/cmake_prefix_path.ps1'
[3.324s] INFO:colcon.colcon_core.shell:Creating environment descriptor '/home/ivan/Escritorio/ROS2_braccio/install/braccio_description/share/braccio_description/hook/cmake_prefix_path.dsv'
[3.325s] INFO:colcon.colcon_core.shell:Creating environment hook '/home/ivan/Escritorio/ROS2_braccio/install/braccio_description/share/braccio_description/hook/cmake_prefix_path.sh'
[3.326s] Level 1:colcon.colcon_core.environment:checking '/home/ivan/Escritorio/ROS2_braccio/install/braccio_description/bin'
[3.326s] Level 1:colcon.colcon_core.environment:checking '/home/ivan/Escritorio/ROS2_braccio/install/braccio_description/lib/pkgconfig/braccio_description.pc'
[3.327s] Level 1:colcon.colcon_core.environment:checking '/home/ivan/Escritorio/ROS2_braccio/install/braccio_description/lib/python3.10/site-packages'
[3.327s] Level 1:colcon.colcon_core.environment:checking '/home/ivan/Escritorio/ROS2_braccio/install/braccio_description/bin'
[3.328s] INFO:colcon.colcon_core.shell:Creating package script '/home/ivan/Escritorio/ROS2_braccio/install/braccio_description/share/braccio_description/package.ps1'
[3.329s] INFO:colcon.colcon_core.shell:Creating package descriptor '/home/ivan/Escritorio/ROS2_braccio/install/braccio_description/share/braccio_description/package.dsv'
[3.330s] INFO:colcon.colcon_core.shell:Creating package script '/home/ivan/Escritorio/ROS2_braccio/install/braccio_description/share/braccio_description/package.sh'
[3.332s] INFO:colcon.colcon_core.shell:Creating package script '/home/ivan/Escritorio/ROS2_braccio/install/braccio_description/share/braccio_description/package.bash'
[3.334s] INFO:colcon.colcon_core.shell:Creating package script '/home/ivan/Escritorio/ROS2_braccio/install/braccio_description/share/braccio_description/package.zsh'
[3.335s] Level 1:colcon.colcon_core.environment:create_file_with_runtime_dependencies(/home/ivan/Escritorio/ROS2_braccio/install/braccio_description/share/colcon-core/packages/braccio_description)
[3.337s] Level 1:colcon.colcon_core.environment:create_environment_scripts_only(braccio_description)
[3.338s] Level 1:colcon.colcon_core.environment:checking '/home/ivan/Escritorio/ROS2_braccio/install/braccio_description' for CMake module files
[3.339s] Level 1:colcon.colcon_core.environment:checking '/home/ivan/Escritorio/ROS2_braccio/install/braccio_description' for CMake config files
[3.339s] Level 1:colcon.colcon_core.shell:create_environment_hook('braccio_description', 'cmake_prefix_path')
[3.340s] INFO:colcon.colcon_core.shell:Creating environment hook '/home/ivan/Escritorio/ROS2_braccio/install/braccio_description/share/braccio_description/hook/cmake_prefix_path.ps1'
[3.341s] INFO:colcon.colcon_core.shell:Creating environment descriptor '/home/ivan/Escritorio/ROS2_braccio/install/braccio_description/share/braccio_description/hook/cmake_prefix_path.dsv'
[3.341s] INFO:colcon.colcon_core.shell:Creating environment hook '/home/ivan/Escritorio/ROS2_braccio/install/braccio_description/share/braccio_description/hook/cmake_prefix_path.sh'
[3.342s] Level 1:colcon.colcon_core.environment:checking '/home/ivan/Escritorio/ROS2_braccio/install/braccio_description/bin'
[3.342s] Level 1:colcon.colcon_core.environment:checking '/home/ivan/Escritorio/ROS2_braccio/install/braccio_description/lib/pkgconfig/braccio_description.pc'
[3.343s] Level 1:colcon.colcon_core.environment:checking '/home/ivan/Escritorio/ROS2_braccio/install/braccio_description/lib/python3.10/site-packages'
[3.343s] Level 1:colcon.colcon_core.environment:checking '/home/ivan/Escritorio/ROS2_braccio/install/braccio_description/bin'
[3.344s] INFO:colcon.colcon_core.shell:Creating package script '/home/ivan/Escritorio/ROS2_braccio/install/braccio_description/share/braccio_description/package.ps1'
[3.344s] INFO:colcon.colcon_core.shell:Creating package descriptor '/home/ivan/Escritorio/ROS2_braccio/install/braccio_description/share/braccio_description/package.dsv'
[3.345s] INFO:colcon.colcon_core.shell:Creating package script '/home/ivan/Escritorio/ROS2_braccio/install/braccio_description/share/braccio_description/package.sh'
[3.346s] INFO:colcon.colcon_core.shell:Creating package script '/home/ivan/Escritorio/ROS2_braccio/install/braccio_description/share/braccio_description/package.bash'
[3.347s] INFO:colcon.colcon_core.shell:Creating package script '/home/ivan/Escritorio/ROS2_braccio/install/braccio_description/share/braccio_description/package.zsh'
[3.347s] Level 1:colcon.colcon_core.environment:create_file_with_runtime_dependencies(/home/ivan/Escritorio/ROS2_braccio/install/braccio_description/share/colcon-core/packages/braccio_description)
[3.348s] INFO:colcon.colcon_ros.task.ament_cmake.build:Building ROS package in '/home/ivan/Escritorio/ROS2_braccio/braccio_moveit_config' with build type 'ament_cmake'
[3.348s] INFO:colcon.colcon_cmake.task.cmake.build:Building CMake package in '/home/ivan/Escritorio/ROS2_braccio/braccio_moveit_config'
[3.349s] INFO:colcon.colcon_core.shell:Skip shell extension 'powershell' for command environment: Not usable outside of PowerShell
[3.349s] DEBUG:colcon.colcon_core.shell:Skip shell extension 'dsv' for command environment
[3.363s] DEBUG:colcon.colcon_core.event_handler.log_command:Invoking command in '/home/ivan/Escritorio/ROS2_braccio/build/braccio_moveit_config': AMENT_PREFIX_PATH=/home/ivan/Escritorio/ROS2_braccio/install/braccio_description:${AMENT_PREFIX_PATH} CMAKE_PREFIX_PATH=/home/ivan/Escritorio/ROS2_braccio/install/braccio_description:/opt/ros/humble PYTHONPATH=/home/ivan/Escritorio/ROS2_braccio/install/braccio_description/local/lib/python3.10/dist-packages:${PYTHONPATH} /usr/bin/cmake /home/ivan/Escritorio/ROS2_braccio/braccio_moveit_config -DCMAKE_INSTALL_PREFIX=/home/ivan/Escritorio/ROS2_braccio/install/braccio_moveit_config
[4.536s] DEBUG:colcon.colcon_core.event_handler.log_command:Invoked command in '/home/ivan/Escritorio/ROS2_braccio/build/braccio_moveit_config' returned '0': AMENT_PREFIX_PATH=/home/ivan/Escritorio/ROS2_braccio/install/braccio_description:${AMENT_PREFIX_PATH} CMAKE_PREFIX_PATH=/home/ivan/Escritorio/ROS2_braccio/install/braccio_description:/opt/ros/humble PYTHONPATH=/home/ivan/Escritorio/ROS2_braccio/install/braccio_description/local/lib/python3.10/dist-packages:${PYTHONPATH} /usr/bin/cmake /home/ivan/Escritorio/ROS2_braccio/braccio_moveit_config -DCMAKE_INSTALL_PREFIX=/home/ivan/Escritorio/ROS2_braccio/install/braccio_moveit_config
[4.540s] DEBUG:colcon.colcon_core.event_handler.log_command:Invoking command in '/home/ivan/Escritorio/ROS2_braccio/build/braccio_moveit_config': AMENT_PREFIX_PATH=/home/ivan/Escritorio/ROS2_braccio/install/braccio_description:${AMENT_PREFIX_PATH} CMAKE_PREFIX_PATH=/home/ivan/Escritorio/ROS2_braccio/install/braccio_description:/opt/ros/humble PYTHONPATH=/home/ivan/Escritorio/ROS2_braccio/install/braccio_description/local/lib/python3.10/dist-packages:${PYTHONPATH} /usr/bin/cmake --build /home/ivan/Escritorio/ROS2_braccio/build/braccio_moveit_config -- -j16 -l16
[4.615s] DEBUG:colcon.colcon_core.event_handler.log_command:Invoked command in '/home/ivan/Escritorio/ROS2_braccio/build/braccio_moveit_config' returned '0': AMENT_PREFIX_PATH=/home/ivan/Escritorio/ROS2_braccio/install/braccio_description:${AMENT_PREFIX_PATH} CMAKE_PREFIX_PATH=/home/ivan/Escritorio/ROS2_braccio/install/braccio_description:/opt/ros/humble PYTHONPATH=/home/ivan/Escritorio/ROS2_braccio/install/braccio_description/local/lib/python3.10/dist-packages:${PYTHONPATH} /usr/bin/cmake --build /home/ivan/Escritorio/ROS2_braccio/build/braccio_moveit_config -- -j16 -l16
[4.618s] DEBUG:colcon.colcon_core.event_handler.log_command:Invoking command in '/home/ivan/Escritorio/ROS2_braccio/build/braccio_moveit_config': AMENT_PREFIX_PATH=/home/ivan/Escritorio/ROS2_braccio/install/braccio_description:${AMENT_PREFIX_PATH} CMAKE_PREFIX_PATH=/home/ivan/Escritorio/ROS2_braccio/install/braccio_description:/opt/ros/humble PYTHONPATH=/home/ivan/Escritorio/ROS2_braccio/install/braccio_description/local/lib/python3.10/dist-packages:${PYTHONPATH} /usr/bin/cmake --install /home/ivan/Escritorio/ROS2_braccio/build/braccio_moveit_config
[4.641s] Level 1:colcon.colcon_core.environment:create_environment_scripts_only(braccio_moveit_config)
[4.642s] Level 1:colcon.colcon_core.environment:checking '/home/ivan/Escritorio/ROS2_braccio/install/braccio_moveit_config' for CMake module files
[4.642s] DEBUG:colcon.colcon_core.event_handler.log_command:Invoked command in '/home/ivan/Escritorio/ROS2_braccio/build/braccio_moveit_config' returned '0': AMENT_PREFIX_PATH=/home/ivan/Escritorio/ROS2_braccio/install/braccio_description:${AMENT_PREFIX_PATH} CMAKE_PREFIX_PATH=/home/ivan/Escritorio/ROS2_braccio/install/braccio_description:/opt/ros/humble PYTHONPATH=/home/ivan/Escritorio/ROS2_braccio/install/braccio_description/local/lib/python3.10/dist-packages:${PYTHONPATH} /usr/bin/cmake --install /home/ivan/Escritorio/ROS2_braccio/build/braccio_moveit_config
[4.643s] Level 1:colcon.colcon_core.environment:checking '/home/ivan/Escritorio/ROS2_braccio/install/braccio_moveit_config' for CMake config files
[4.643s] Level 1:colcon.colcon_core.shell:create_environment_hook('braccio_moveit_config', 'cmake_prefix_path')
[4.644s] INFO:colcon.colcon_core.shell:Creating environment hook '/home/ivan/Escritorio/ROS2_braccio/install/braccio_moveit_config/share/braccio_moveit_config/hook/cmake_prefix_path.ps1'
[4.644s] INFO:colcon.colcon_core.shell:Creating environment descriptor '/home/ivan/Escritorio/ROS2_braccio/install/braccio_moveit_config/share/braccio_moveit_config/hook/cmake_prefix_path.dsv'
[4.644s] INFO:colcon.colcon_core.shell:Creating environment hook '/home/ivan/Escritorio/ROS2_braccio/install/braccio_moveit_config/share/braccio_moveit_config/hook/cmake_prefix_path.sh'
[4.645s] Level 1:colcon.colcon_core.environment:checking '/home/ivan/Escritorio/ROS2_braccio/install/braccio_moveit_config/bin'
[4.645s] Level 1:colcon.colcon_core.environment:checking '/home/ivan/Escritorio/ROS2_braccio/install/braccio_moveit_config/lib/pkgconfig/braccio_moveit_config.pc'
[4.645s] Level 1:colcon.colcon_core.environment:checking '/home/ivan/Escritorio/ROS2_braccio/install/braccio_moveit_config/lib/python3.10/site-packages'
[4.646s] Level 1:colcon.colcon_core.environment:checking '/home/ivan/Escritorio/ROS2_braccio/install/braccio_moveit_config/bin'
[4.646s] INFO:colcon.colcon_core.shell:Creating package script '/home/ivan/Escritorio/ROS2_braccio/install/braccio_moveit_config/share/braccio_moveit_config/package.ps1'
[4.646s] INFO:colcon.colcon_core.shell:Creating package descriptor '/home/ivan/Escritorio/ROS2_braccio/install/braccio_moveit_config/share/braccio_moveit_config/package.dsv'
[4.647s] INFO:colcon.colcon_core.shell:Creating package script '/home/ivan/Escritorio/ROS2_braccio/install/braccio_moveit_config/share/braccio_moveit_config/package.sh'
[4.647s] INFO:colcon.colcon_core.shell:Creating package script '/home/ivan/Escritorio/ROS2_braccio/install/braccio_moveit_config/share/braccio_moveit_config/package.bash'
[4.647s] INFO:colcon.colcon_core.shell:Creating package script '/home/ivan/Escritorio/ROS2_braccio/install/braccio_moveit_config/share/braccio_moveit_config/package.zsh'
[4.648s] Level 1:colcon.colcon_core.environment:create_file_with_runtime_dependencies(/home/ivan/Escritorio/ROS2_braccio/install/braccio_moveit_config/share/colcon-core/packages/braccio_moveit_config)
[4.648s] Level 1:colcon.colcon_core.environment:create_environment_scripts_only(braccio_moveit_config)
[4.648s] Level 1:colcon.colcon_core.environment:checking '/home/ivan/Escritorio/ROS2_braccio/install/braccio_moveit_config' for CMake module files
[4.649s] Level 1:colcon.colcon_core.environment:checking '/home/ivan/Escritorio/ROS2_braccio/install/braccio_moveit_config' for CMake config files
[4.649s] Level 1:colcon.colcon_core.shell:create_environment_hook('braccio_moveit_config', 'cmake_prefix_path')
[4.650s] INFO:colcon.colcon_core.shell:Creating environment hook '/home/ivan/Escritorio/ROS2_braccio/install/braccio_moveit_config/share/braccio_moveit_config/hook/cmake_prefix_path.ps1'
[4.650s] INFO:colcon.colcon_core.shell:Creating environment descriptor '/home/ivan/Escritorio/ROS2_braccio/install/braccio_moveit_config/share/braccio_moveit_config/hook/cmake_prefix_path.dsv'
[4.651s] INFO:colcon.colcon_core.shell:Creating environment hook '/home/ivan/Escritorio/ROS2_braccio/install/braccio_moveit_config/share/braccio_moveit_config/hook/cmake_prefix_path.sh'
[4.652s] Level 1:colcon.colcon_core.environment:checking '/home/ivan/Escritorio/ROS2_braccio/install/braccio_moveit_config/bin'
[4.652s] Level 1:colcon.colcon_core.environment:checking '/home/ivan/Escritorio/ROS2_braccio/install/braccio_moveit_config/lib/pkgconfig/braccio_moveit_config.pc'
[4.652s] Level 1:colcon.colcon_core.environment:checking '/home/ivan/Escritorio/ROS2_braccio/install/braccio_moveit_config/lib/python3.10/site-packages'
[4.653s] Level 1:colcon.colcon_core.environment:checking '/home/ivan/Escritorio/ROS2_braccio/install/braccio_moveit_config/bin'
[4.653s] INFO:colcon.colcon_core.shell:Creating package script '/home/ivan/Escritorio/ROS2_braccio/install/braccio_moveit_config/share/braccio_moveit_config/package.ps1'
[4.654s] INFO:colcon.colcon_core.shell:Creating package descriptor '/home/ivan/Escritorio/ROS2_braccio/install/braccio_moveit_config/share/braccio_moveit_config/package.dsv'
[4.655s] INFO:colcon.colcon_core.shell:Creating package script '/home/ivan/Escritorio/ROS2_braccio/install/braccio_moveit_config/share/braccio_moveit_config/package.sh'
[4.656s] INFO:colcon.colcon_core.shell:Creating package script '/home/ivan/Escritorio/ROS2_braccio/install/braccio_moveit_config/share/braccio_moveit_config/package.bash'
[4.657s] INFO:colcon.colcon_core.shell:Creating package script '/home/ivan/Escritorio/ROS2_braccio/install/braccio_moveit_config/share/braccio_moveit_config/package.zsh'
[4.657s] Level 1:colcon.colcon_core.environment:create_file_with_runtime_dependencies(/home/ivan/Escritorio/ROS2_braccio/install/braccio_moveit_config/share/colcon-core/packages/braccio_moveit_config)
[8.480s] DEBUG:colcon.colcon_core.event_handler.log_command:Invoked command in '/home/ivan/Escritorio/ROS2_braccio/build/braccio_hardware' returned '0': CMAKE_PREFIX_PATH=/opt/ros/humble /usr/bin/cmake --build /home/ivan/Escritorio/ROS2_braccio/build/braccio_hardware -- -j16 -l16
[8.483s] DEBUG:colcon.colcon_core.event_handler.log_command:Invoking command in '/home/ivan/Escritorio/ROS2_braccio/build/braccio_hardware': CMAKE_PREFIX_PATH=/opt/ros/humble /usr/bin/cmake --install /home/ivan/Escritorio/ROS2_braccio/build/braccio_hardware
[8.579s] Level 1:colcon.colcon_core.environment:create_environment_scripts_only(braccio_hardware)
[8.579s] Level 1:colcon.colcon_core.environment:checking '/home/ivan/Escritorio/ROS2_braccio/install/braccio_hardware' for CMake module files
[8.580s] DEBUG:colcon.colcon_core.event_handler.log_command:Invoked command in '/home/ivan/Escritorio/ROS2_braccio/build/braccio_hardware' returned '0': CMAKE_PREFIX_PATH=/opt/ros/humble /usr/bin/cmake --install /home/ivan/Escritorio/ROS2_braccio/build/braccio_hardware
[8.580s] Level 1:colcon.colcon_core.environment:checking '/home/ivan/Escritorio/ROS2_braccio/install/braccio_hardware' for CMake config files
[8.581s] Level 1:colcon.colcon_core.shell:create_environment_hook('braccio_hardware', 'cmake_prefix_path')
[8.581s] INFO:colcon.colcon_core.shell:Creating environment hook '/home/ivan/Escritorio/ROS2_braccio/install/braccio_hardware/share/braccio_hardware/hook/cmake_prefix_path.ps1'
[8.581s] INFO:colcon.colcon_core.shell:Creating environment descriptor '/home/ivan/Escritorio/ROS2_braccio/install/braccio_hardware/share/braccio_hardware/hook/cmake_prefix_path.dsv'
[8.582s] INFO:colcon.colcon_core.shell:Creating environment hook '/home/ivan/Escritorio/ROS2_braccio/install/braccio_hardware/share/braccio_hardware/hook/cmake_prefix_path.sh'
[8.582s] Level 1:colcon.colcon_core.environment:checking '/home/ivan/Escritorio/ROS2_braccio/install/braccio_hardware/lib'
[8.583s] Level 1:colcon.colcon_core.shell:create_environment_hook('braccio_hardware', 'ld_library_path_lib')
[8.583s] INFO:colcon.colcon_core.shell:Creating environment hook '/home/ivan/Escritorio/ROS2_braccio/install/braccio_hardware/share/braccio_hardware/hook/ld_library_path_lib.ps1'
[8.583s] INFO:colcon.colcon_core.shell:Creating environment descriptor '/home/ivan/Escritorio/ROS2_braccio/install/braccio_hardware/share/braccio_hardware/hook/ld_library_path_lib.dsv'
[8.583s] INFO:colcon.colcon_core.shell:Creating environment hook '/home/ivan/Escritorio/ROS2_braccio/install/braccio_hardware/share/braccio_hardware/hook/ld_library_path_lib.sh'
[8.584s] Level 1:colcon.colcon_core.environment:checking '/home/ivan/Escritorio/ROS2_braccio/install/braccio_hardware/bin'
[8.584s] Level 1:colcon.colcon_core.environment:checking '/home/ivan/Escritorio/ROS2_braccio/install/braccio_hardware/lib/pkgconfig/braccio_hardware.pc'
[8.584s] Level 1:colcon.colcon_core.environment:checking '/home/ivan/Escritorio/ROS2_braccio/install/braccio_hardware/lib/python3.10/site-packages'
[8.584s] Level 1:colcon.colcon_core.environment:checking '/home/ivan/Escritorio/ROS2_braccio/install/braccio_hardware/bin'
[8.585s] INFO:colcon.colcon_core.shell:Creating package script '/home/ivan/Escritorio/ROS2_braccio/install/braccio_hardware/share/braccio_hardware/package.ps1'
[8.585s] INFO:colcon.colcon_core.shell:Creating package descriptor '/home/ivan/Escritorio/ROS2_braccio/install/braccio_hardware/share/braccio_hardware/package.dsv'
[8.585s] INFO:colcon.colcon_core.shell:Creating package script '/home/ivan/Escritorio/ROS2_braccio/install/braccio_hardware/share/braccio_hardware/package.sh'
[8.586s] INFO:colcon.colcon_core.shell:Creating package script '/home/ivan/Escritorio/ROS2_braccio/install/braccio_hardware/share/braccio_hardware/package.bash'
[8.586s] INFO:colcon.colcon_core.shell:Creating package script '/home/ivan/Escritorio/ROS2_braccio/install/braccio_hardware/share/braccio_hardware/package.zsh'
[8.586s] Level 1:colcon.colcon_core.environment:create_file_with_runtime_dependencies(/home/ivan/Escritorio/ROS2_braccio/install/braccio_hardware/share/colcon-core/packages/braccio_hardware)
[8.587s] Level 1:colcon.colcon_core.environment:create_environment_scripts_only(braccio_hardware)
[8.587s] Level 1:colcon.colcon_core.environment:checking '/home/ivan/Escritorio/ROS2_braccio/install/braccio_hardware' for CMake module files
[8.588s] Level 1:colcon.colcon_core.environment:checking '/home/ivan/Escritorio/ROS2_braccio/install/braccio_hardware' for CMake config files
[8.588s] Level 1:colcon.colcon_core.shell:create_environment_hook('braccio_hardware', 'cmake_prefix_path')
[8.589s] INFO:colcon.colcon_core.shell:Creating environment hook '/home/ivan/Escritorio/ROS2_braccio/install/braccio_hardware/share/braccio_hardware/hook/cmake_prefix_path.ps1'
[8.589s] INFO:colcon.colcon_core.shell:Creating environment descriptor '/home/ivan/Escritorio/ROS2_braccio/install/braccio_hardware/share/braccio_hardware/hook/cmake_prefix_path.dsv'
[8.589s] INFO:colcon.colcon_core.shell:Creating environment hook '/home/ivan/Escritorio/ROS2_braccio/install/braccio_hardware/share/braccio_hardware/hook/cmake_prefix_path.sh'
[8.590s] Level 1:colcon.colcon_core.environment:checking '/home/ivan/Escritorio/ROS2_braccio/install/braccio_hardware/lib'
[8.590s] Level 1:colcon.colcon_core.shell:create_environment_hook('braccio_hardware', 'ld_library_path_lib')
[8.590s] INFO:colcon.colcon_core.shell:Creating environment hook '/home/ivan/Escritorio/ROS2_braccio/install/braccio_hardware/share/braccio_hardware/hook/ld_library_path_lib.ps1'
[8.591s] INFO:colcon.colcon_core.shell:Creating environment descriptor '/home/ivan/Escritorio/ROS2_braccio/install/braccio_hardware/share/braccio_hardware/hook/ld_library_path_lib.dsv'
[8.591s] INFO:colcon.colcon_core.shell:Creating environment hook '/home/ivan/Escritorio/ROS2_braccio/install/braccio_hardware/share/braccio_hardware/hook/ld_library_path_lib.sh'
[8.591s] Level 1:colcon.colcon_core.environment:checking '/home/ivan/Escritorio/ROS2_braccio/install/braccio_hardware/bin'
[8.591s] Level 1:colcon.colcon_core.environment:checking '/home/ivan/Escritorio/ROS2_braccio/install/braccio_hardware/lib/pkgconfig/braccio_hardware.pc'
[8.592s] Level 1:colcon.colcon_core.environment:checking '/home/ivan/Escritorio/ROS2_braccio/install/braccio_hardware/lib/python3.10/site-packages'
[8.592s] Level 1:colcon.colcon_core.environment:checking '/home/ivan/Escritorio/ROS2_braccio/install/braccio_hardware/bin'
[8.592s] INFO:colcon.colcon_core.shell:Creating package script '/home/ivan/Escritorio/ROS2_braccio/install/braccio_hardware/share/braccio_hardware/package.ps1'
[8.593s] INFO:colcon.colcon_core.shell:Creating package descriptor '/home/ivan/Escritorio/ROS2_braccio/install/braccio_hardware/share/braccio_hardware/package.dsv'
[8.593s] INFO:colcon.colcon_core.shell:Creating package script '/home/ivan/Escritorio/ROS2_braccio/install/braccio_hardware/share/braccio_hardware/package.sh'
[8.594s] INFO:colcon.colcon_core.shell:Creating package script '/home/ivan/Escritorio/ROS2_braccio/install/braccio_hardware/share/braccio_hardware/package.bash'
[8.594s] INFO:colcon.colcon_core.shell:Creating package script '/home/ivan/Escritorio/ROS2_braccio/install/braccio_hardware/share/braccio_hardware/package.zsh'
[8.594s] Level 1:colcon.colcon_core.environment:create_file_with_runtime_dependencies(/home/ivan/Escritorio/ROS2_braccio/install/braccio_hardware/share/colcon-core/packages/braccio_hardware)
[8.595s] INFO:colcon.colcon_ros.task.ament_cmake.build:Building ROS package in '/home/ivan/Escritorio/ROS2_braccio/braccio_bringup' with build type 'ament_cmake'
[8.595s] INFO:colcon.colcon_cmake.task.cmake.build:Building CMake package in '/home/ivan/Escritorio/ROS2_braccio/braccio_bringup'
[8.595s] INFO:colcon.colcon_core.shell:Skip shell extension 'powershell' for command environment: Not usable outside of PowerShell
[8.595s] DEBUG:colcon.colcon_core.shell:Skip shell extension 'dsv' for command environment
[8.613s] DEBUG:colcon.colcon_core.event_handler.log_command:Invoking command in '/home/ivan/Escritorio/ROS2_braccio/build/braccio_bringup': AMENT_PREFIX_PATH=/home/ivan/Escritorio/ROS2_braccio/install/braccio_hardware:/home/ivan/Escritorio/ROS2_braccio/install/braccio_description:${AMENT_PREFIX_PATH} CMAKE_PREFIX_PATH=/home/ivan/Escritorio/ROS2_braccio/install/braccio_hardware:/home/ivan/Escritorio/ROS2_braccio/install/braccio_description:/opt/ros/humble LD_LIBRARY_PATH=/home/ivan/Escritorio/ROS2_braccio/install/braccio_hardware/lib:${LD_LIBRARY_PATH} PYTHONPATH=/home/ivan/Escritorio/ROS2_braccio/install/braccio_hardware/local/lib/python3.10/dist-packages:/home/ivan/Escritorio/ROS2_braccio/install/braccio_description/local/lib/python3.10/dist-packages:${PYTHONPATH} /usr/bin/cmake /home/ivan/Escritorio/ROS2_braccio/braccio_bringup -DCMAKE_INSTALL_PREFIX=/home/ivan/Escritorio/ROS2_braccio/install/braccio_bringup
[9.956s] DEBUG:colcon.colcon_core.event_handler.log_command:Invoked command in '/home/ivan/Escritorio/ROS2_braccio/build/braccio_bringup' returned '0': AMENT_PREFIX_PATH=/home/ivan/Escritorio/ROS2_braccio/install/braccio_hardware:/home/ivan/Escritorio/ROS2_braccio/install/braccio_description:${AMENT_PREFIX_PATH} CMAKE_PREFIX_PATH=/home/ivan/Escritorio/ROS2_braccio/install/braccio_hardware:/home/ivan/Escritorio/ROS2_braccio/install/braccio_description:/opt/ros/humble LD_LIBRARY_PATH=/home/ivan/Escritorio/ROS2_braccio/install/braccio_hardware/lib:${LD_LIBRARY_PATH} PYTHONPATH=/home/ivan/Escritorio/ROS2_braccio/install/braccio_hardware/local/lib/python3.10/dist-packages:/home/ivan/Escritorio/ROS2_braccio/install/braccio_description/local/lib/python3.10/dist-packages:${PYTHONPATH} /usr/bin/cmake /home/ivan/Escritorio/ROS2_braccio/braccio_bringup -DCMAKE_INSTALL_PREFIX=/home/ivan/Escritorio/ROS2_braccio/install/braccio_bringup
[9.958s] DEBUG:colcon.colcon_core.event_handler.log_command:Invoking command in '/home/ivan/Escritorio/ROS2_braccio/build/braccio_bringup': AMENT_PREFIX_PATH=/home/ivan/Escritorio/ROS2_braccio/install/braccio_hardware:/home/ivan/Escritorio/ROS2_braccio/install/braccio_description:${AMENT_PREFIX_PATH} CMAKE_PREFIX_PATH=/home/ivan/Escritorio/ROS2_braccio/install/braccio_hardware:/home/ivan/Escritorio/ROS2_braccio/install/braccio_description:/opt/ros/humble LD_LIBRARY_PATH=/home/ivan/Escritorio/ROS2_braccio/install/braccio_hardware/lib:${LD_LIBRARY_PATH} PYTHONPATH=/home/ivan/Escritorio/ROS2_braccio/install/braccio_hardware/local/lib/python3.10/dist-packages:/home/ivan/Escritorio/ROS2_braccio/install/braccio_description/local/lib/python3.10/dist-packages:${PYTHONPATH} /usr/bin/cmake --build /home/ivan/Escritorio/ROS2_braccio/build/braccio_bringup -- -j16 -l16
[10.410s] DEBUG:colcon.colcon_core.event_handler.log_command:Invoked command in '/home/ivan/Escritorio/ROS2_braccio/build/braccio_bringup' returned '0': AMENT_PREFIX_PATH=/home/ivan/Escritorio/ROS2_braccio/install/braccio_hardware:/home/ivan/Escritorio/ROS2_braccio/install/braccio_description:${AMENT_PREFIX_PATH} CMAKE_PREFIX_PATH=/home/ivan/Escritorio/ROS2_braccio/install/braccio_hardware:/home/ivan/Escritorio/ROS2_braccio/install/braccio_description:/opt/ros/humble LD_LIBRARY_PATH=/home/ivan/Escritorio/ROS2_braccio/install/braccio_hardware/lib:${LD_LIBRARY_PATH} PYTHONPATH=/home/ivan/Escritorio/ROS2_braccio/install/braccio_hardware/local/lib/python3.10/dist-packages:/home/ivan/Escritorio/ROS2_braccio/install/braccio_description/local/lib/python3.10/dist-packages:${PYTHONPATH} /usr/bin/cmake --build /home/ivan/Escritorio/ROS2_braccio/build/braccio_bringup -- -j16 -l16
[10.413s] DEBUG:colcon.colcon_core.event_handler.log_command:Invoking command in '/home/ivan/Escritorio/ROS2_braccio/build/braccio_bringup': AMENT_PREFIX_PATH=/home/ivan/Escritorio/ROS2_braccio/install/braccio_hardware:/home/ivan/Escritorio/ROS2_braccio/install/braccio_description:${AMENT_PREFIX_PATH} CMAKE_PREFIX_PATH=/home/ivan/Escritorio/ROS2_braccio/install/braccio_hardware:/home/ivan/Escritorio/ROS2_braccio/install/braccio_description:/opt/ros/humble LD_LIBRARY_PATH=/home/ivan/Escritorio/ROS2_braccio/install/braccio_hardware/lib:${LD_LIBRARY_PATH} PYTHONPATH=/home/ivan/Escritorio/ROS2_braccio/install/braccio_hardware/local/lib/python3.10/dist-packages:/home/ivan/Escritorio/ROS2_braccio/install/braccio_description/local/lib/python3.10/dist-packages:${PYTHONPATH} /usr/bin/cmake --install /home/ivan/Escritorio/ROS2_braccio/build/braccio_bringup
[10.506s] Level 1:colcon.colcon_core.environment:create_environment_scripts_only(braccio_bringup)
[10.506s] DEBUG:colcon.colcon_core.event_handler.log_command:Invoked command in '/home/ivan/Escritorio/ROS2_braccio/build/braccio_bringup' returned '0': AMENT_PREFIX_PATH=/home/ivan/Escritorio/ROS2_braccio/install/braccio_hardware:/home/ivan/Escritorio/ROS2_braccio/install/braccio_description:${AMENT_PREFIX_PATH} CMAKE_PREFIX_PATH=/home/ivan/Escritorio/ROS2_braccio/install/braccio_hardware:/home/ivan/Escritorio/ROS2_braccio/install/braccio_description:/opt/ros/humble LD_LIBRARY_PATH=/home/ivan/Escritorio/ROS2_braccio/install/braccio_hardware/lib:${LD_LIBRARY_PATH} PYTHONPATH=/home/ivan/Escritorio/ROS2_braccio/install/braccio_hardware/local/lib/python3.10/dist-packages:/home/ivan/Escritorio/ROS2_braccio/install/braccio_description/local/lib/python3.10/dist-packages:${PYTHONPATH} /usr/bin/cmake --install /home/ivan/Escritorio/ROS2_braccio/build/braccio_bringup
[10.507s] Level 1:colcon.colcon_core.environment:checking '/home/ivan/Escritorio/ROS2_braccio/install/braccio_bringup' for CMake module files
[10.507s] Level 1:colcon.colcon_core.environment:checking '/home/ivan/Escritorio/ROS2_braccio/install/braccio_bringup' for CMake config files
[10.508s] Level 1:colcon.colcon_core.shell:create_environment_hook('braccio_bringup', 'cmake_prefix_path')
[10.508s] INFO:colcon.colcon_core.shell:Creating environment hook '/home/ivan/Escritorio/ROS2_braccio/install/braccio_bringup/share/braccio_bringup/hook/cmake_prefix_path.ps1'
[10.508s] INFO:colcon.colcon_core.shell:Creating environment descriptor '/home/ivan/Escritorio/ROS2_braccio/install/braccio_bringup/share/braccio_bringup/hook/cmake_prefix_path.dsv'
[10.509s] INFO:colcon.colcon_core.shell:Creating environment hook '/home/ivan/Escritorio/ROS2_braccio/install/braccio_bringup/share/braccio_bringup/hook/cmake_prefix_path.sh'
[10.509s] Level 1:colcon.colcon_core.environment:checking '/home/ivan/Escritorio/ROS2_braccio/install/braccio_bringup/bin'
[10.509s] Level 1:colcon.colcon_core.environment:checking '/home/ivan/Escritorio/ROS2_braccio/install/braccio_bringup/lib/pkgconfig/braccio_bringup.pc'
[10.510s] Level 1:colcon.colcon_core.environment:checking '/home/ivan/Escritorio/ROS2_braccio/install/braccio_bringup/lib/python3.10/site-packages'
[10.510s] Level 1:colcon.colcon_core.environment:checking '/home/ivan/Escritorio/ROS2_braccio/install/braccio_bringup/bin'
[10.510s] INFO:colcon.colcon_core.shell:Creating package script '/home/ivan/Escritorio/ROS2_braccio/install/braccio_bringup/share/braccio_bringup/package.ps1'
[10.510s] INFO:colcon.colcon_core.shell:Creating package descriptor '/home/ivan/Escritorio/ROS2_braccio/install/braccio_bringup/share/braccio_bringup/package.dsv'
[10.511s] INFO:colcon.colcon_core.shell:Creating package script '/home/ivan/Escritorio/ROS2_braccio/install/braccio_bringup/share/braccio_bringup/package.sh'
[10.511s] INFO:colcon.colcon_core.shell:Creating package script '/home/ivan/Escritorio/ROS2_braccio/install/braccio_bringup/share/braccio_bringup/package.bash'
[10.511s] INFO:colcon.colcon_core.shell:Creating package script '/home/ivan/Escritorio/ROS2_braccio/install/braccio_bringup/share/braccio_bringup/package.zsh'
[10.512s] Level 1:colcon.colcon_core.environment:create_file_with_runtime_dependencies(/home/ivan/Escritorio/ROS2_braccio/install/braccio_bringup/share/colcon-core/packages/braccio_bringup)
[10.512s] Level 1:colcon.colcon_core.environment:create_environment_scripts_only(braccio_bringup)
[10.513s] Level 1:colcon.colcon_core.environment:checking '/home/ivan/Escritorio/ROS2_braccio/install/braccio_bringup' for CMake module files
[10.513s] Level 1:colcon.colcon_core.environment:checking '/home/ivan/Escritorio/ROS2_braccio/install/braccio_bringup' for CMake config files
[10.514s] Level 1:colcon.colcon_core.shell:create_environment_hook('braccio_bringup', 'cmake_prefix_path')
[10.514s] INFO:colcon.colcon_core.shell:Creating environment hook '/home/ivan/Escritorio/ROS2_braccio/install/braccio_bringup/share/braccio_bringup/hook/cmake_prefix_path.ps1'
[10.514s] INFO:colcon.colcon_core.shell:Creating environment descriptor '/home/ivan/Escritorio/ROS2_braccio/install/braccio_bringup/share/braccio_bringup/hook/cmake_prefix_path.dsv'
[10.514s] INFO:colcon.colcon_core.shell:Creating environment hook '/home/ivan/Escritorio/ROS2_braccio/install/braccio_bringup/share/braccio_bringup/hook/cmake_prefix_path.sh'
[10.515s] Level 1:colcon.colcon_core.environment:checking '/home/ivan/Escritorio/ROS2_braccio/install/braccio_bringup/bin'
[10.515s] Level 1:colcon.colcon_core.environment:checking '/home/ivan/Escritorio/ROS2_braccio/install/braccio_bringup/lib/pkgconfig/braccio_bringup.pc'
[10.515s] Level 1:colcon.colcon_core.environment:checking '/home/ivan/Escritorio/ROS2_braccio/install/braccio_bringup/lib/python3.10/site-packages'
[10.515s] Level 1:colcon.colcon_core.environment:checking '/home/ivan/Escritorio/ROS2_braccio/install/braccio_bringup/bin'
[10.516s] INFO:colcon.colcon_core.shell:Creating package script '/home/ivan/Escritorio/ROS2_braccio/install/braccio_bringup/share/braccio_bringup/package.ps1'
[10.516s] INFO:colcon.colcon_core.shell:Creating package descriptor '/home/ivan/Escritorio/ROS2_braccio/install/braccio_bringup/share/braccio_bringup/package.dsv'
[10.518s] INFO:colcon.colcon_core.shell:Creating package script '/home/ivan/Escritorio/ROS2_braccio/install/braccio_bringup/share/braccio_bringup/package.sh'
[10.519s] INFO:colcon.colcon_core.shell:Creating package script '/home/ivan/Escritorio/ROS2_braccio/install/braccio_bringup/share/braccio_bringup/package.bash'
[10.519s] INFO:colcon.colcon_core.shell:Creating package script '/home/ivan/Escritorio/ROS2_braccio/install/braccio_bringup/share/braccio_bringup/package.zsh'
[10.520s] Level 1:colcon.colcon_core.environment:create_file_with_runtime_dependencies(/home/ivan/Escritorio/ROS2_braccio/install/braccio_bringup/share/colcon-core/packages/braccio_bringup)
[10.520s] DEBUG:colcon.colcon_parallel_executor.executor.parallel:closing loop
[10.520s] DEBUG:colcon.colcon_parallel_executor.executor.parallel:loop closed
[10.520s] DEBUG:colcon.colcon_parallel_executor.executor.parallel:run_until_complete finished with '0'
[10.520s] DEBUG:colcon.colcon_core.event_reactor:joining thread
[10.530s] INFO:colcon.colcon_core.plugin_system:Skipping extension 'colcon_notification.desktop_notification.terminal_notifier': Not used on non-Darwin systems
[10.530s] INFO:colcon.colcon_core.plugin_system:Skipping extension 'colcon_notification.desktop_notification.win32': Not used on non-Windows systems
[10.530s] INFO:colcon.colcon_notification.desktop_notification:Sending desktop notification using 'notify2'
[10.555s] DEBUG:colcon.colcon_core.event_reactor:joined thread
[10.555s] INFO:colcon.colcon_core.shell:Creating prefix script '/home/ivan/Escritorio/ROS2_braccio/install/local_setup.ps1'
[10.557s] INFO:colcon.colcon_core.shell:Creating prefix util module '/home/ivan/Escritorio/ROS2_braccio/install/_local_setup_util_ps1.py'
[10.559s] INFO:colcon.colcon_core.shell:Creating prefix chain script '/home/ivan/Escritorio/ROS2_braccio/install/setup.ps1'
[10.560s] INFO:colcon.colcon_core.shell:Creating prefix script '/home/ivan/Escritorio/ROS2_braccio/install/local_setup.sh'
[10.561s] INFO:colcon.colcon_core.shell:Creating prefix util module '/home/ivan/Escritorio/ROS2_braccio/install/_local_setup_util_sh.py'
[10.561s] INFO:colcon.colcon_core.shell:Creating prefix chain script '/home/ivan/Escritorio/ROS2_braccio/install/setup.sh'
[10.562s] INFO:colcon.colcon_core.shell:Creating prefix script '/home/ivan/Escritorio/ROS2_braccio/install/local_setup.bash'
[10.563s] INFO:colcon.colcon_core.shell:Creating prefix chain script '/home/ivan/Escritorio/ROS2_braccio/install/setup.bash'
[10.564s] INFO:colcon.colcon_core.shell:Creating prefix script '/home/ivan/Escritorio/ROS2_braccio/install/local_setup.zsh'
[10.564s] INFO:colcon.colcon_core.shell:Creating prefix chain script '/home/ivan/Escritorio/ROS2_braccio/install/setup.zsh'
