[0.076s] DEBUG:colcon:Command line arguments: ['/usr/bin/colcon', 'build']
[0.076s] DEBUG:colcon:Parsed command line arguments: Namespace(log_base=None, log_level=None, verb_name='build', build_base='build', install_base='install', merge_install=False, symlink_install=False, test_result_base=None, continue_on_error=False, executor='parallel', parallel_workers=16, event_handlers=None, ignore_user_meta=False, metas=['./colcon.meta'], base_paths=['.'], packages_ignore=None, packages_ignore_regex=None, paths=None, packages_up_to=None, packages_up_to_regex=None, packages_above=None, packages_above_and_dependencies=None, packages_above_depth=None, packages_select_by_dep=None, packages_skip_by_dep=None, packages_skip_up_to=None, packages_select_build_failed=False, packages_skip_build_finished=False, packages_select_test_failures=False, packages_skip_test_passed=False, packages_select=None, packages_skip=None, packages_select_regex=None, packages_skip_regex=None, packages_start=None, packages_end=None, allow_overriding=[], cmake_args=None, cmake_target=None, cmake_target_skip_unavailable=False, cmake_clean_cache=False, cmake_clean_first=False, cmake_force_configure=False, ament_cmake_args=None, catkin_cmake_args=None, catkin_skip_building_tests=False, mixin_files=None, mixin=None, verb_parser=<colcon_mixin.mixin.mixin_argument.MixinArgumentDecorator object at 0x764f15aefcd0>, verb_extension=<colcon_core.verb.build.BuildVerb object at 0x764f15c98c10>, main=<bound method BuildVerb.main of <colcon_core.verb.build.BuildVerb object at 0x764f15c98c10>>, mixin_verb=('build',))
[0.178s] Level 1:colcon.colcon_core.package_discovery:discover_packages(colcon_meta) check parameters
[0.178s] Level 1:colcon.colcon_core.package_discovery:discover_packages(recursive) check parameters
[0.178s] Level 1:colcon.colcon_core.package_discovery:discover_packages(ignore) check parameters
[0.178s] Level 1:colcon.colcon_core.package_discovery:discover_packages(path) check parameters
[0.178s] Level 1:colcon.colcon_core.package_discovery:discover_packages(colcon_meta) discover
[0.178s] Level 1:colcon.colcon_core.package_discovery:discover_packages(recursive) discover
[0.178s] INFO:colcon.colcon_core.package_discovery:Crawling recursively for packages in '/home/ivan/Escritorio/Braccio-Tinkerkit-Arduino'
[0.178s] Level 1:colcon.colcon_core.package_identification:_identify(.) by extensions ['ignore', 'ignore_ament_install']
[0.178s] Level 1:colcon.colcon_core.package_identification:_identify(.) by extension 'ignore'
[0.178s] Level 1:colcon.colcon_core.package_identification:_identify(.) by extension 'ignore_ament_install'
[0.178s] Level 1:colcon.colcon_core.package_identification:_identify(.) by extensions ['colcon_pkg']
[0.178s] Level 1:colcon.colcon_core.package_identification:_identify(.) by extension 'colcon_pkg'
[0.178s] Level 1:colcon.colcon_core.package_identification:_identify(.) by extensions ['colcon_meta']
[0.179s] Level 1:colcon.colcon_core.package_identification:_identify(.) by extension 'colcon_meta'
[0.179s] Level 1:colcon.colcon_core.package_identification:_identify(.) by extensions ['ros']
[0.179s] Level 1:colcon.colcon_core.package_identification:_identify(.) by extension 'ros'
[0.185s] Level 1:colcon.colcon_core.package_identification:_identify(.) by extensions ['cmake', 'python']
[0.185s] Level 1:colcon.colcon_core.package_identification:_identify(.) by extension 'cmake'
[0.185s] Level 1:colcon.colcon_core.package_identification:_identify(.) by extension 'python'
[0.185s] Level 1:colcon.colcon_core.package_identification:_identify(.) by extensions ['python_setup_py']
[0.185s] Level 1:colcon.colcon_core.package_identification:_identify(.) by extension 'python_setup_py'
[0.185s] Level 1:colcon.colcon_core.package_identification:_identify(braccio_ROS_Arduino) by extensions ['ignore', 'ignore_ament_install']
[0.185s] Level 1:colcon.colcon_core.package_identification:_identify(braccio_ROS_Arduino) by extension 'ignore'
[0.185s] Level 1:colcon.colcon_core.package_identification:_identify(braccio_ROS_Arduino) by extension 'ignore_ament_install'
[0.185s] Level 1:colcon.colcon_core.package_identification:_identify(braccio_ROS_Arduino) by extensions ['colcon_pkg']
[0.185s] Level 1:colcon.colcon_core.package_identification:_identify(braccio_ROS_Arduino) by extension 'colcon_pkg'
[0.185s] Level 1:colcon.colcon_core.package_identification:_identify(braccio_ROS_Arduino) by extensions ['colcon_meta']
[0.185s] Level 1:colcon.colcon_core.package_identification:_identify(braccio_ROS_Arduino) by extension 'colcon_meta'
[0.185s] Level 1:colcon.colcon_core.package_identification:_identify(braccio_ROS_Arduino) by extensions ['ros']
[0.185s] Level 1:colcon.colcon_core.package_identification:_identify(braccio_ROS_Arduino) by extension 'ros'
[0.185s] Level 1:colcon.colcon_core.package_identification:_identify(braccio_ROS_Arduino) by extensions ['cmake', 'python']
[0.185s] Level 1:colcon.colcon_core.package_identification:_identify(braccio_ROS_Arduino) by extension 'cmake'
[0.185s] Level 1:colcon.colcon_core.package_identification:_identify(braccio_ROS_Arduino) by extension 'python'
[0.185s] Level 1:colcon.colcon_core.package_identification:_identify(braccio_ROS_Arduino) by extensions ['python_setup_py']
[0.185s] Level 1:colcon.colcon_core.package_identification:_identify(braccio_ROS_Arduino) by extension 'python_setup_py'
[0.185s] Level 1:colcon.colcon_core.package_identification:_identify(braccio_bringup) by extensions ['ignore', 'ignore_ament_install']
[0.185s] Level 1:colcon.colcon_core.package_identification:_identify(braccio_bringup) by extension 'ignore'
[0.185s] Level 1:colcon.colcon_core.package_identification:_identify(braccio_bringup) by extension 'ignore_ament_install'
[0.185s] Level 1:colcon.colcon_core.package_identification:_identify(braccio_bringup) by extensions ['colcon_pkg']
[0.185s] Level 1:colcon.colcon_core.package_identification:_identify(braccio_bringup) by extension 'colcon_pkg'
[0.185s] Level 1:colcon.colcon_core.package_identification:_identify(braccio_bringup) by extensions ['colcon_meta']
[0.185s] Level 1:colcon.colcon_core.package_identification:_identify(braccio_bringup) by extension 'colcon_meta'
[0.185s] Level 1:colcon.colcon_core.package_identification:_identify(braccio_bringup) by extensions ['ros']
[0.185s] Level 1:colcon.colcon_core.package_identification:_identify(braccio_bringup) by extension 'ros'
[0.187s] DEBUG:colcon.colcon_core.package_identification:Package 'braccio_bringup' with type 'ros.ament_cmake' and name 'braccio_bringup'
[0.187s] Level 1:colcon.colcon_core.package_identification:_identify(braccio_description) by extensions ['ignore', 'ignore_ament_install']
[0.187s] Level 1:colcon.colcon_core.package_identification:_identify(braccio_description) by extension 'ignore'
[0.187s] Level 1:colcon.colcon_core.package_identification:_identify(braccio_description) by extension 'ignore_ament_install'
[0.187s] Level 1:colcon.colcon_core.package_identification:_identify(braccio_description) by extensions ['colcon_pkg']
[0.187s] Level 1:colcon.colcon_core.package_identification:_identify(braccio_description) by extension 'colcon_pkg'
[0.187s] Level 1:colcon.colcon_core.package_identification:_identify(braccio_description) by extensions ['colcon_meta']
[0.187s] Level 1:colcon.colcon_core.package_identification:_identify(braccio_description) by extension 'colcon_meta'
[0.187s] Level 1:colcon.colcon_core.package_identification:_identify(braccio_description) by extensions ['ros']
[0.187s] Level 1:colcon.colcon_core.package_identification:_identify(braccio_description) by extension 'ros'
[0.187s] DEBUG:colcon.colcon_core.package_identification:Package 'braccio_description' with type 'ros.ament_cmake' and name 'braccio_description'
[0.188s] Level 1:colcon.colcon_core.package_identification:_identify(braccio_hardware) by extensions ['ignore', 'ignore_ament_install']
[0.188s] Level 1:colcon.colcon_core.package_identification:_identify(braccio_hardware) by extension 'ignore'
[0.188s] Level 1:colcon.colcon_core.package_identification:_identify(braccio_hardware) by extension 'ignore_ament_install'
[0.188s] Level 1:colcon.colcon_core.package_identification:_identify(braccio_hardware) by extensions ['colcon_pkg']
[0.188s] Level 1:colcon.colcon_core.package_identification:_identify(braccio_hardware) by extension 'colcon_pkg'
[0.188s] Level 1:colcon.colcon_core.package_identification:_identify(braccio_hardware) by extensions ['colcon_meta']
[0.188s] Level 1:colcon.colcon_core.package_identification:_identify(braccio_hardware) by extension 'colcon_meta'
[0.188s] Level 1:colcon.colcon_core.package_identification:_identify(braccio_hardware) by extensions ['ros']
[0.188s] Level 1:colcon.colcon_core.package_identification:_identify(braccio_hardware) by extension 'ros'
[0.188s] DEBUG:colcon.colcon_core.package_identification:Package 'braccio_hardware' with type 'ros.ament_cmake' and name 'braccio_hardware'
[0.188s] Level 1:colcon.colcon_core.package_identification:_identify(braccio_moveit_config) by extensions ['ignore', 'ignore_ament_install']
[0.188s] Level 1:colcon.colcon_core.package_identification:_identify(braccio_moveit_config) by extension 'ignore'
[0.188s] Level 1:colcon.colcon_core.package_identification:_identify(braccio_moveit_config) by extension 'ignore_ament_install'
[0.188s] Level 1:colcon.colcon_core.package_identification:_identify(braccio_moveit_config) by extensions ['colcon_pkg']
[0.188s] Level 1:colcon.colcon_core.package_identification:_identify(braccio_moveit_config) by extension 'colcon_pkg'
[0.188s] Level 1:colcon.colcon_core.package_identification:_identify(braccio_moveit_config) by extensions ['colcon_meta']
[0.188s] Level 1:colcon.colcon_core.package_identification:_identify(braccio_moveit_config) by extension 'colcon_meta'
[0.188s] Level 1:colcon.colcon_core.package_identification:_identify(braccio_moveit_config) by extensions ['ros']
[0.188s] Level 1:colcon.colcon_core.package_identification:_identify(braccio_moveit_config) by extension 'ros'
[0.189s] DEBUG:colcon.colcon_core.package_identification:Package 'braccio_moveit_config' with type 'ros.ament_cmake' and name 'braccio_moveit_config'
[0.189s] Level 1:colcon.colcon_core.package_identification:_identify(braccio_vision) by extensions ['ignore', 'ignore_ament_install']
[0.189s] Level 1:colcon.colcon_core.package_identification:_identify(braccio_vision) by extension 'ignore'
[0.189s] Level 1:colcon.colcon_core.package_identification:_identify(braccio_vision) by extension 'ignore_ament_install'
[0.189s] Level 1:colcon.colcon_core.package_identification:_identify(braccio_vision) by extensions ['colcon_pkg']
[0.189s] Level 1:colcon.colcon_core.package_identification:_identify(braccio_vision) by extension 'colcon_pkg'
[0.189s] Level 1:colcon.colcon_core.package_identification:_identify(braccio_vision) by extensions ['colcon_meta']
[0.189s] Level 1:colcon.colcon_core.package_identification:_identify(braccio_vision) by extension 'colcon_meta'
[0.189s] Level 1:colcon.colcon_core.package_identification:_identify(braccio_vision) by extensions ['ros']
[0.189s] Level 1:colcon.colcon_core.package_identification:_identify(braccio_vision) by extension 'ros'
[0.191s] DEBUG:colcon.colcon_core.package_identification:Package 'braccio_vision' with type 'ros.ament_cmake' and name 'braccio_vision'
[0.191s] Level 1:colcon.colcon_core.package_identification:_identify(build) by extensions ['ignore', 'ignore_ament_install']
[0.191s] Level 1:colcon.colcon_core.package_identification:_identify(build) by extension 'ignore'
[0.191s] Level 1:colcon.colcon_core.package_identification:_identify(build) ignored
[0.191s] Level 1:colcon.colcon_core.package_identification:_identify(install) by extensions ['ignore', 'ignore_ament_install']
[0.191s] Level 1:colcon.colcon_core.package_identification:_identify(install) by extension 'ignore'
[0.191s] Level 1:colcon.colcon_core.package_identification:_identify(install) ignored
[0.191s] Level 1:colcon.colcon_core.package_identification:_identify(log) by extensions ['ignore', 'ignore_ament_install']
[0.191s] Level 1:colcon.colcon_core.package_identification:_identify(log) by extension 'ignore'
[0.191s] Level 1:colcon.colcon_core.package_identification:_identify(log) ignored
[0.191s] Level 1:colcon.colcon_core.package_discovery:discover_packages(recursive) using defaults
[0.191s] Level 1:colcon.colcon_core.package_discovery:discover_packages(ignore) discover
[0.191s] Level 1:colcon.colcon_core.package_discovery:discover_packages(ignore) using defaults
[0.191s] Level 1:colcon.colcon_core.package_discovery:discover_packages(path) discover
[0.191s] Level 1:colcon.colcon_core.package_discovery:discover_packages(path) using defaults
[0.213s] Level 1:colcon.colcon_core.package_discovery:discover_packages(prefix_path) check parameters
[0.213s] Level 1:colcon.colcon_core.package_discovery:discover_packages(prefix_path) discover
[0.214s] DEBUG:colcon.colcon_installed_package_information.package_discovery:Found 5 installed packages in /home/ivan/Escritorio/Braccio-Tinkerkit-Arduino/install
[0.216s] DEBUG:colcon.colcon_installed_package_information.package_discovery:Found 452 installed packages in /opt/ros/humble
[0.217s] Level 1:colcon.colcon_core.package_discovery:discover_packages(prefix_path) using defaults
[0.248s] Level 5:colcon.colcon_core.verb:set package 'braccio_description' build argument 'cmake_args' from command line to 'None'
[0.249s] Level 5:colcon.colcon_core.verb:set package 'braccio_description' build argument 'cmake_target' from command line to 'None'
[0.249s] Level 5:colcon.colcon_core.verb:set package 'braccio_description' build argument 'cmake_target_skip_unavailable' from command line to 'False'
[0.249s] Level 5:colcon.colcon_core.verb:set package 'braccio_description' build argument 'cmake_clean_cache' from command line to 'False'
[0.249s] Level 5:colcon.colcon_core.verb:set package 'braccio_description' build argument 'cmake_clean_first' from command line to 'False'
[0.249s] Level 5:colcon.colcon_core.verb:set package 'braccio_description' build argument 'cmake_force_configure' from command line to 'False'
[0.249s] Level 5:colcon.colcon_core.verb:set package 'braccio_description' build argument 'ament_cmake_args' from command line to 'None'
[0.249s] Level 5:colcon.colcon_core.verb:set package 'braccio_description' build argument 'catkin_cmake_args' from command line to 'None'
[0.249s] Level 5:colcon.colcon_core.verb:set package 'braccio_description' build argument 'catkin_skip_building_tests' from command line to 'False'
[0.249s] DEBUG:colcon.colcon_core.verb:Building package 'braccio_description' with the following arguments: {'ament_cmake_args': None, 'build_base': '/home/ivan/Escritorio/Braccio-Tinkerkit-Arduino/build/braccio_description', 'catkin_cmake_args': None, 'catkin_skip_building_tests': False, 'cmake_args': None, 'cmake_clean_cache': False, 'cmake_clean_first': False, 'cmake_force_configure': False, 'cmake_target': None, 'cmake_target_skip_unavailable': False, 'install_base': '/home/ivan/Escritorio/Braccio-Tinkerkit-Arduino/install/braccio_description', 'merge_install': False, 'path': '/home/ivan/Escritorio/Braccio-Tinkerkit-Arduino/braccio_description', 'symlink_install': False, 'test_result_base': None}
[0.249s] Level 5:colcon.colcon_core.verb:set package 'braccio_hardware' build argument 'cmake_args' from command line to 'None'
[0.249s] Level 5:colcon.colcon_core.verb:set package 'braccio_hardware' build argument 'cmake_target' from command line to 'None'
[0.249s] Level 5:colcon.colcon_core.verb:set package 'braccio_hardware' build argument 'cmake_target_skip_unavailable' from command line to 'False'
[0.249s] Level 5:colcon.colcon_core.verb:set package 'braccio_hardware' build argument 'cmake_clean_cache' from command line to 'False'
[0.249s] Level 5:colcon.colcon_core.verb:set package 'braccio_hardware' build argument 'cmake_clean_first' from command line to 'False'
[0.249s] Level 5:colcon.colcon_core.verb:set package 'braccio_hardware' build argument 'cmake_force_configure' from command line to 'False'
[0.249s] Level 5:colcon.colcon_core.verb:set package 'braccio_hardware' build argument 'ament_cmake_args' from command line to 'None'
[0.249s] Level 5:colcon.colcon_core.verb:set package 'braccio_hardware' build argument 'catkin_cmake_args' from command line to 'None'
[0.249s] Level 5:colcon.colcon_core.verb:set package 'braccio_hardware' build argument 'catkin_skip_building_tests' from command line to 'False'
[0.249s] DEBUG:colcon.colcon_core.verb:Building package 'braccio_hardware' with the following arguments: {'ament_cmake_args': None, 'build_base': '/home/ivan/Escritorio/Braccio-Tinkerkit-Arduino/build/braccio_hardware', 'catkin_cmake_args': None, 'catkin_skip_building_tests': False, 'cmake_args': None, 'cmake_clean_cache': False, 'cmake_clean_first': False, 'cmake_force_configure': False, 'cmake_target': None, 'cmake_target_skip_unavailable': False, 'install_base': '/home/ivan/Escritorio/Braccio-Tinkerkit-Arduino/install/braccio_hardware', 'merge_install': False, 'path': '/home/ivan/Escritorio/Braccio-Tinkerkit-Arduino/braccio_hardware', 'symlink_install': False, 'test_result_base': None}
[0.249s] Level 5:colcon.colcon_core.verb:set package 'braccio_vision' build argument 'cmake_args' from command line to 'None'
[0.249s] Level 5:colcon.colcon_core.verb:set package 'braccio_vision' build argument 'cmake_target' from command line to 'None'
[0.249s] Level 5:colcon.colcon_core.verb:set package 'braccio_vision' build argument 'cmake_target_skip_unavailable' from command line to 'False'
[0.249s] Level 5:colcon.colcon_core.verb:set package 'braccio_vision' build argument 'cmake_clean_cache' from command line to 'False'
[0.249s] Level 5:colcon.colcon_core.verb:set package 'braccio_vision' build argument 'cmake_clean_first' from command line to 'False'
[0.249s] Level 5:colcon.colcon_core.verb:set package 'braccio_vision' build argument 'cmake_force_configure' from command line to 'False'
[0.249s] Level 5:colcon.colcon_core.verb:set package 'braccio_vision' build argument 'ament_cmake_args' from command line to 'None'
[0.249s] Level 5:colcon.colcon_core.verb:set package 'braccio_vision' build argument 'catkin_cmake_args' from command line to 'None'
[0.249s] Level 5:colcon.colcon_core.verb:set package 'braccio_vision' build argument 'catkin_skip_building_tests' from command line to 'False'
[0.249s] DEBUG:colcon.colcon_core.verb:Building package 'braccio_vision' with the following arguments: {'ament_cmake_args': None, 'build_base': '/home/ivan/Escritorio/Braccio-Tinkerkit-Arduino/build/braccio_vision', 'catkin_cmake_args': None, 'catkin_skip_building_tests': False, 'cmake_args': None, 'cmake_clean_cache': False, 'cmake_clean_first': False, 'cmake_force_configure': False, 'cmake_target': None, 'cmake_target_skip_unavailable': False, 'install_base': '/home/ivan/Escritorio/Braccio-Tinkerkit-Arduino/install/braccio_vision', 'merge_install': False, 'path': '/home/ivan/Escritorio/Braccio-Tinkerkit-Arduino/braccio_vision', 'symlink_install': False, 'test_result_base': None}
[0.249s] Level 5:colcon.colcon_core.verb:set package 'braccio_bringup' build argument 'cmake_args' from command line to 'None'
[0.249s] Level 5:colcon.colcon_core.verb:set package 'braccio_bringup' build argument 'cmake_target' from command line to 'None'
[0.249s] Level 5:colcon.colcon_core.verb:set package 'braccio_bringup' build argument 'cmake_target_skip_unavailable' from command line to 'False'
[0.249s] Level 5:colcon.colcon_core.verb:set package 'braccio_bringup' build argument 'cmake_clean_cache' from command line to 'False'
[0.249s] Level 5:colcon.colcon_core.verb:set package 'braccio_bringup' build argument 'cmake_clean_first' from command line to 'False'
[0.249s] Level 5:colcon.colcon_core.verb:set package 'braccio_bringup' build argument 'cmake_force_configure' from command line to 'False'
[0.249s] Level 5:colcon.colcon_core.verb:set package 'braccio_bringup' build argument 'ament_cmake_args' from command line to 'None'
[0.249s] Level 5:colcon.colcon_core.verb:set package 'braccio_bringup' build argument 'catkin_cmake_args' from command line to 'None'
[0.249s] Level 5:colcon.colcon_core.verb:set package 'braccio_bringup' build argument 'catkin_skip_building_tests' from command line to 'False'
[0.249s] DEBUG:colcon.colcon_core.verb:Building package 'braccio_bringup' with the following arguments: {'ament_cmake_args': None, 'build_base': '/home/ivan/Escritorio/Braccio-Tinkerkit-Arduino/build/braccio_bringup', 'catkin_cmake_args': None, 'catkin_skip_building_tests': False, 'cmake_args': None, 'cmake_clean_cache': False, 'cmake_clean_first': False, 'cmake_force_configure': False, 'cmake_target': None, 'cmake_target_skip_unavailable': False, 'install_base': '/home/ivan/Escritorio/Braccio-Tinkerkit-Arduino/install/braccio_bringup', 'merge_install': False, 'path': '/home/ivan/Escritorio/Braccio-Tinkerkit-Arduino/braccio_bringup', 'symlink_install': False, 'test_result_base': None}
[0.250s] Level 5:colcon.colcon_core.verb:set package 'braccio_moveit_config' build argument 'cmake_args' from command line to 'None'
[0.250s] Level 5:colcon.colcon_core.verb:set package 'braccio_moveit_config' build argument 'cmake_target' from command line to 'None'
[0.250s] Level 5:colcon.colcon_core.verb:set package 'braccio_moveit_config' build argument 'cmake_target_skip_unavailable' from command line to 'False'
[0.250s] Level 5:colcon.colcon_core.verb:set package 'braccio_moveit_config' build argument 'cmake_clean_cache' from command line to 'False'
[0.250s] Level 5:colcon.colcon_core.verb:set package 'braccio_moveit_config' build argument 'cmake_clean_first' from command line to 'False'
[0.250s] Level 5:colcon.colcon_core.verb:set package 'braccio_moveit_config' build argument 'cmake_force_configure' from command line to 'False'
[0.250s] Level 5:colcon.colcon_core.verb:set package 'braccio_moveit_config' build argument 'ament_cmake_args' from command line to 'None'
[0.250s] Level 5:colcon.colcon_core.verb:set package 'braccio_moveit_config' build argument 'catkin_cmake_args' from command line to 'None'
[0.250s] Level 5:colcon.colcon_core.verb:set package 'braccio_moveit_config' build argument 'catkin_skip_building_tests' from command line to 'False'
[0.250s] DEBUG:colcon.colcon_core.verb:Building package 'braccio_moveit_config' with the following arguments: {'ament_cmake_args': None, 'build_base': '/home/ivan/Escritorio/Braccio-Tinkerkit-Arduino/build/braccio_moveit_config', 'catkin_cmake_args': None, 'catkin_skip_building_tests': False, 'cmake_args': None, 'cmake_clean_cache': False, 'cmake_clean_first': False, 'cmake_force_configure': False, 'cmake_target': None, 'cmake_target_skip_unavailable': False, 'install_base': '/home/ivan/Escritorio/Braccio-Tinkerkit-Arduino/install/braccio_moveit_config', 'merge_install': False, 'path': '/home/ivan/Escritorio/Braccio-Tinkerkit-Arduino/braccio_moveit_config', 'symlink_install': False, 'test_result_base': None}
[0.250s] INFO:colcon.colcon_core.executor:Executing jobs using 'parallel' executor
[0.251s] DEBUG:colcon.colcon_parallel_executor.executor.parallel:run_until_complete
[0.251s] INFO:colcon.colcon_ros.task.ament_cmake.build:Building ROS package in '/home/ivan/Escritorio/Braccio-Tinkerkit-Arduino/braccio_description' with build type 'ament_cmake'
[0.251s] INFO:colcon.colcon_cmake.task.cmake.build:Building CMake package in '/home/ivan/Escritorio/Braccio-Tinkerkit-Arduino/braccio_description'
[0.253s] INFO:colcon.colcon_core.plugin_system:Skipping extension 'colcon_core.shell.bat': Not used on non-Windows systems
[0.253s] INFO:colcon.colcon_core.shell:Skip shell extension 'powershell' for command environment: Not usable outside of PowerShell
[0.253s] DEBUG:colcon.colcon_core.shell:Skip shell extension 'dsv' for command environment
[0.256s] INFO:colcon.colcon_ros.task.ament_cmake.build:Building ROS package in '/home/ivan/Escritorio/Braccio-Tinkerkit-Arduino/braccio_hardware' with build type 'ament_cmake'
[0.256s] INFO:colcon.colcon_cmake.task.cmake.build:Building CMake package in '/home/ivan/Escritorio/Braccio-Tinkerkit-Arduino/braccio_hardware'
[0.256s] INFO:colcon.colcon_core.shell:Skip shell extension 'powershell' for command environment: Not usable outside of PowerShell
[0.256s] DEBUG:colcon.colcon_core.shell:Skip shell extension 'dsv' for command environment
[0.259s] INFO:colcon.colcon_ros.task.ament_cmake.build:Building ROS package in '/home/ivan/Escritorio/Braccio-Tinkerkit-Arduino/braccio_vision' with build type 'ament_cmake'
[0.259s] INFO:colcon.colcon_cmake.task.cmake.build:Building CMake package in '/home/ivan/Escritorio/Braccio-Tinkerkit-Arduino/braccio_vision'
[0.259s] INFO:colcon.colcon_core.shell:Skip shell extension 'powershell' for command environment: Not usable outside of PowerShell
[0.259s] DEBUG:colcon.colcon_core.shell:Skip shell extension 'dsv' for command environment
[0.267s] DEBUG:colcon.colcon_core.event_handler.log_command:Invoking command in '/home/ivan/Escritorio/Braccio-Tinkerkit-Arduino/build/braccio_description': CMAKE_PREFIX_PATH=${CMAKE_PREFIX_PATH}:/opt/ros/humble /usr/bin/cmake --build /home/ivan/Escritorio/Braccio-Tinkerkit-Arduino/build/braccio_description -- -j16 -l16
[0.272s] DEBUG:colcon.colcon_core.event_handler.log_command:Invoking command in '/home/ivan/Escritorio/Braccio-Tinkerkit-Arduino/build/braccio_hardware': CMAKE_PREFIX_PATH=${CMAKE_PREFIX_PATH}:/opt/ros/humble /usr/bin/cmake --build /home/ivan/Escritorio/Braccio-Tinkerkit-Arduino/build/braccio_hardware -- -j16 -l16
[0.274s] DEBUG:colcon.colcon_core.event_handler.log_command:Invoking command in '/home/ivan/Escritorio/Braccio-Tinkerkit-Arduino/build/braccio_vision': CMAKE_PREFIX_PATH=${CMAKE_PREFIX_PATH}:/opt/ros/humble /usr/bin/cmake --build /home/ivan/Escritorio/Braccio-Tinkerkit-Arduino/build/braccio_vision -- -j16 -l16
[0.512s] DEBUG:colcon.colcon_core.event_handler.log_command:Invoked command in '/home/ivan/Escritorio/Braccio-Tinkerkit-Arduino/build/braccio_vision' returned '0': CMAKE_PREFIX_PATH=${CMAKE_PREFIX_PATH}:/opt/ros/humble /usr/bin/cmake --build /home/ivan/Escritorio/Braccio-Tinkerkit-Arduino/build/braccio_vision -- -j16 -l16
[0.519s] DEBUG:colcon.colcon_core.event_handler.log_command:Invoking command in '/home/ivan/Escritorio/Braccio-Tinkerkit-Arduino/build/braccio_vision': CMAKE_PREFIX_PATH=${CMAKE_PREFIX_PATH}:/opt/ros/humble /usr/bin/cmake --install /home/ivan/Escritorio/Braccio-Tinkerkit-Arduino/build/braccio_vision
[0.520s] DEBUG:colcon.colcon_core.event_handler.log_command:Invoked command in '/home/ivan/Escritorio/Braccio-Tinkerkit-Arduino/build/braccio_hardware' returned '0': CMAKE_PREFIX_PATH=${CMAKE_PREFIX_PATH}:/opt/ros/humble /usr/bin/cmake --build /home/ivan/Escritorio/Braccio-Tinkerkit-Arduino/build/braccio_hardware -- -j16 -l16
[0.521s] DEBUG:colcon.colcon_core.event_handler.log_command:Invoking command in '/home/ivan/Escritorio/Braccio-Tinkerkit-Arduino/build/braccio_hardware': CMAKE_PREFIX_PATH=${CMAKE_PREFIX_PATH}:/opt/ros/humble /usr/bin/cmake --install /home/ivan/Escritorio/Braccio-Tinkerkit-Arduino/build/braccio_hardware
[0.522s] DEBUG:colcon.colcon_core.event_handler.log_command:Invoked command in '/home/ivan/Escritorio/Braccio-Tinkerkit-Arduino/build/braccio_description' returned '0': CMAKE_PREFIX_PATH=${CMAKE_PREFIX_PATH}:/opt/ros/humble /usr/bin/cmake --build /home/ivan/Escritorio/Braccio-Tinkerkit-Arduino/build/braccio_description -- -j16 -l16
[0.523s] DEBUG:colcon.colcon_core.event_handler.log_command:Invoking command in '/home/ivan/Escritorio/Braccio-Tinkerkit-Arduino/build/braccio_description': CMAKE_PREFIX_PATH=${CMAKE_PREFIX_PATH}:/opt/ros/humble /usr/bin/cmake --install /home/ivan/Escritorio/Braccio-Tinkerkit-Arduino/build/braccio_description
[0.555s] Level 1:colcon.colcon_core.environment:create_environment_scripts_only(braccio_vision)
[0.556s] DEBUG:colcon.colcon_core.event_handler.log_command:Invoked command in '/home/ivan/Escritorio/Braccio-Tinkerkit-Arduino/build/braccio_vision' returned '0': CMAKE_PREFIX_PATH=${CMAKE_PREFIX_PATH}:/opt/ros/humble /usr/bin/cmake --install /home/ivan/Escritorio/Braccio-Tinkerkit-Arduino/build/braccio_vision
[0.557s] Level 1:colcon.colcon_core.environment:checking '/home/ivan/Escritorio/Braccio-Tinkerkit-Arduino/install/braccio_vision' for CMake module files
[0.557s] Level 1:colcon.colcon_core.environment:checking '/home/ivan/Escritorio/Braccio-Tinkerkit-Arduino/install/braccio_vision' for CMake config files
[0.558s] Level 1:colcon.colcon_core.shell:create_environment_hook('braccio_vision', 'cmake_prefix_path')
[0.558s] INFO:colcon.colcon_core.shell:Creating environment hook '/home/ivan/Escritorio/Braccio-Tinkerkit-Arduino/install/braccio_vision/share/braccio_vision/hook/cmake_prefix_path.ps1'
[0.558s] INFO:colcon.colcon_core.shell:Creating environment descriptor '/home/ivan/Escritorio/Braccio-Tinkerkit-Arduino/install/braccio_vision/share/braccio_vision/hook/cmake_prefix_path.dsv'
[0.558s] INFO:colcon.colcon_core.shell:Creating environment hook '/home/ivan/Escritorio/Braccio-Tinkerkit-Arduino/install/braccio_vision/share/braccio_vision/hook/cmake_prefix_path.sh'
[0.559s] Level 1:colcon.colcon_core.environment:checking '/home/ivan/Escritorio/Braccio-Tinkerkit-Arduino/install/braccio_vision/lib'
[0.559s] Level 1:colcon.colcon_core.environment:checking '/home/ivan/Escritorio/Braccio-Tinkerkit-Arduino/install/braccio_vision/bin'
[0.559s] Level 1:colcon.colcon_core.environment:checking '/home/ivan/Escritorio/Braccio-Tinkerkit-Arduino/install/braccio_vision/lib/pkgconfig/braccio_vision.pc'
[0.559s] Level 1:colcon.colcon_core.environment:checking '/home/ivan/Escritorio/Braccio-Tinkerkit-Arduino/install/braccio_vision/lib/python3.10/site-packages'
[0.559s] Level 1:colcon.colcon_core.environment:checking '/home/ivan/Escritorio/Braccio-Tinkerkit-Arduino/install/braccio_vision/bin'
[0.560s] INFO:colcon.colcon_core.shell:Creating package script '/home/ivan/Escritorio/Braccio-Tinkerkit-Arduino/install/braccio_vision/share/braccio_vision/package.ps1'
[0.560s] INFO:colcon.colcon_core.shell:Creating package descriptor '/home/ivan/Escritorio/Braccio-Tinkerkit-Arduino/install/braccio_vision/share/braccio_vision/package.dsv'
[0.560s] INFO:colcon.colcon_core.shell:Creating package script '/home/ivan/Escritorio/Braccio-Tinkerkit-Arduino/install/braccio_vision/share/braccio_vision/package.sh'
[0.561s] INFO:colcon.colcon_core.shell:Creating package script '/home/ivan/Escritorio/Braccio-Tinkerkit-Arduino/install/braccio_vision/share/braccio_vision/package.bash'
[0.561s] INFO:colcon.colcon_core.shell:Creating package script '/home/ivan/Escritorio/Braccio-Tinkerkit-Arduino/install/braccio_vision/share/braccio_vision/package.zsh'
[0.562s] Level 1:colcon.colcon_core.environment:create_file_with_runtime_dependencies(/home/ivan/Escritorio/Braccio-Tinkerkit-Arduino/install/braccio_vision/share/colcon-core/packages/braccio_vision)
[0.562s] Level 1:colcon.colcon_core.environment:create_environment_scripts_only(braccio_vision)
[0.563s] Level 1:colcon.colcon_core.environment:checking '/home/ivan/Escritorio/Braccio-Tinkerkit-Arduino/install/braccio_vision' for CMake module files
[0.563s] Level 1:colcon.colcon_core.environment:checking '/home/ivan/Escritorio/Braccio-Tinkerkit-Arduino/install/braccio_vision' for CMake config files
[0.564s] Level 1:colcon.colcon_core.shell:create_environment_hook('braccio_vision', 'cmake_prefix_path')
[0.564s] INFO:colcon.colcon_core.shell:Creating environment hook '/home/ivan/Escritorio/Braccio-Tinkerkit-Arduino/install/braccio_vision/share/braccio_vision/hook/cmake_prefix_path.ps1'
[0.564s] INFO:colcon.colcon_core.shell:Creating environment descriptor '/home/ivan/Escritorio/Braccio-Tinkerkit-Arduino/install/braccio_vision/share/braccio_vision/hook/cmake_prefix_path.dsv'
[0.564s] INFO:colcon.colcon_core.shell:Creating environment hook '/home/ivan/Escritorio/Braccio-Tinkerkit-Arduino/install/braccio_vision/share/braccio_vision/hook/cmake_prefix_path.sh'
[0.565s] Level 1:colcon.colcon_core.environment:checking '/home/ivan/Escritorio/Braccio-Tinkerkit-Arduino/install/braccio_vision/lib'
[0.565s] Level 1:colcon.colcon_core.environment:checking '/home/ivan/Escritorio/Braccio-Tinkerkit-Arduino/install/braccio_vision/bin'
[0.565s] Level 1:colcon.colcon_core.environment:checking '/home/ivan/Escritorio/Braccio-Tinkerkit-Arduino/install/braccio_vision/lib/pkgconfig/braccio_vision.pc'
[0.565s] Level 1:colcon.colcon_core.environment:checking '/home/ivan/Escritorio/Braccio-Tinkerkit-Arduino/install/braccio_vision/lib/python3.10/site-packages'
[0.565s] Level 1:colcon.colcon_core.environment:checking '/home/ivan/Escritorio/Braccio-Tinkerkit-Arduino/install/braccio_vision/bin'
[0.565s] INFO:colcon.colcon_core.shell:Creating package script '/home/ivan/Escritorio/Braccio-Tinkerkit-Arduino/install/braccio_vision/share/braccio_vision/package.ps1'
[0.566s] INFO:colcon.colcon_core.shell:Creating package descriptor '/home/ivan/Escritorio/Braccio-Tinkerkit-Arduino/install/braccio_vision/share/braccio_vision/package.dsv'
[0.566s] INFO:colcon.colcon_core.shell:Creating package script '/home/ivan/Escritorio/Braccio-Tinkerkit-Arduino/install/braccio_vision/share/braccio_vision/package.sh'
[0.566s] INFO:colcon.colcon_core.shell:Creating package script '/home/ivan/Escritorio/Braccio-Tinkerkit-Arduino/install/braccio_vision/share/braccio_vision/package.bash'
[0.567s] INFO:colcon.colcon_core.shell:Creating package script '/home/ivan/Escritorio/Braccio-Tinkerkit-Arduino/install/braccio_vision/share/braccio_vision/package.zsh'
[0.567s] Level 1:colcon.colcon_core.environment:create_file_with_runtime_dependencies(/home/ivan/Escritorio/Braccio-Tinkerkit-Arduino/install/braccio_vision/share/colcon-core/packages/braccio_vision)
[0.567s] Level 1:colcon.colcon_core.environment:create_environment_scripts_only(braccio_hardware)
[0.568s] Level 1:colcon.colcon_core.environment:checking '/home/ivan/Escritorio/Braccio-Tinkerkit-Arduino/install/braccio_hardware' for CMake module files
[0.568s] DEBUG:colcon.colcon_core.event_handler.log_command:Invoked command in '/home/ivan/Escritorio/Braccio-Tinkerkit-Arduino/build/braccio_hardware' returned '0': CMAKE_PREFIX_PATH=${CMAKE_PREFIX_PATH}:/opt/ros/humble /usr/bin/cmake --install /home/ivan/Escritorio/Braccio-Tinkerkit-Arduino/build/braccio_hardware
[0.569s] Level 1:colcon.colcon_core.environment:checking '/home/ivan/Escritorio/Braccio-Tinkerkit-Arduino/install/braccio_hardware' for CMake config files
[0.569s] Level 1:colcon.colcon_core.shell:create_environment_hook('braccio_hardware', 'cmake_prefix_path')
[0.570s] INFO:colcon.colcon_core.shell:Creating environment hook '/home/ivan/Escritorio/Braccio-Tinkerkit-Arduino/install/braccio_hardware/share/braccio_hardware/hook/cmake_prefix_path.ps1'
[0.570s] INFO:colcon.colcon_core.shell:Creating environment descriptor '/home/ivan/Escritorio/Braccio-Tinkerkit-Arduino/install/braccio_hardware/share/braccio_hardware/hook/cmake_prefix_path.dsv'
[0.570s] INFO:colcon.colcon_core.shell:Creating environment hook '/home/ivan/Escritorio/Braccio-Tinkerkit-Arduino/install/braccio_hardware/share/braccio_hardware/hook/cmake_prefix_path.sh'
[0.570s] Level 1:colcon.colcon_core.environment:checking '/home/ivan/Escritorio/Braccio-Tinkerkit-Arduino/install/braccio_hardware/lib'
[0.570s] Level 1:colcon.colcon_core.shell:create_environment_hook('braccio_hardware', 'ld_library_path_lib')
[0.571s] INFO:colcon.colcon_core.shell:Creating environment hook '/home/ivan/Escritorio/Braccio-Tinkerkit-Arduino/install/braccio_hardware/share/braccio_hardware/hook/ld_library_path_lib.ps1'
[0.571s] INFO:colcon.colcon_core.shell:Creating environment descriptor '/home/ivan/Escritorio/Braccio-Tinkerkit-Arduino/install/braccio_hardware/share/braccio_hardware/hook/ld_library_path_lib.dsv'
[0.571s] INFO:colcon.colcon_core.shell:Creating environment hook '/home/ivan/Escritorio/Braccio-Tinkerkit-Arduino/install/braccio_hardware/share/braccio_hardware/hook/ld_library_path_lib.sh'
[0.571s] Level 1:colcon.colcon_core.environment:checking '/home/ivan/Escritorio/Braccio-Tinkerkit-Arduino/install/braccio_hardware/bin'
[0.571s] Level 1:colcon.colcon_core.environment:checking '/home/ivan/Escritorio/Braccio-Tinkerkit-Arduino/install/braccio_hardware/lib/pkgconfig/braccio_hardware.pc'
[0.571s] Level 1:colcon.colcon_core.environment:checking '/home/ivan/Escritorio/Braccio-Tinkerkit-Arduino/install/braccio_hardware/lib/python3.10/site-packages'
[0.571s] Level 1:colcon.colcon_core.environment:checking '/home/ivan/Escritorio/Braccio-Tinkerkit-Arduino/install/braccio_hardware/bin'
[0.572s] INFO:colcon.colcon_core.shell:Creating package script '/home/ivan/Escritorio/Braccio-Tinkerkit-Arduino/install/braccio_hardware/share/braccio_hardware/package.ps1'
[0.572s] INFO:colcon.colcon_core.shell:Creating package descriptor '/home/ivan/Escritorio/Braccio-Tinkerkit-Arduino/install/braccio_hardware/share/braccio_hardware/package.dsv'
[0.572s] INFO:colcon.colcon_core.shell:Creating package script '/home/ivan/Escritorio/Braccio-Tinkerkit-Arduino/install/braccio_hardware/share/braccio_hardware/package.sh'
[0.572s] INFO:colcon.colcon_core.shell:Creating package script '/home/ivan/Escritorio/Braccio-Tinkerkit-Arduino/install/braccio_hardware/share/braccio_hardware/package.bash'
[0.573s] INFO:colcon.colcon_core.shell:Creating package script '/home/ivan/Escritorio/Braccio-Tinkerkit-Arduino/install/braccio_hardware/share/braccio_hardware/package.zsh'
[0.573s] Level 1:colcon.colcon_core.environment:create_file_with_runtime_dependencies(/home/ivan/Escritorio/Braccio-Tinkerkit-Arduino/install/braccio_hardware/share/colcon-core/packages/braccio_hardware)
[0.573s] Level 1:colcon.colcon_core.environment:create_environment_scripts_only(braccio_hardware)
[0.573s] Level 1:colcon.colcon_core.environment:checking '/home/ivan/Escritorio/Braccio-Tinkerkit-Arduino/install/braccio_hardware' for CMake module files
[0.573s] Level 1:colcon.colcon_core.environment:checking '/home/ivan/Escritorio/Braccio-Tinkerkit-Arduino/install/braccio_hardware' for CMake config files
[0.574s] Level 1:colcon.colcon_core.shell:create_environment_hook('braccio_hardware', 'cmake_prefix_path')
[0.574s] INFO:colcon.colcon_core.shell:Creating environment hook '/home/ivan/Escritorio/Braccio-Tinkerkit-Arduino/install/braccio_hardware/share/braccio_hardware/hook/cmake_prefix_path.ps1'
[0.574s] INFO:colcon.colcon_core.shell:Creating environment descriptor '/home/ivan/Escritorio/Braccio-Tinkerkit-Arduino/install/braccio_hardware/share/braccio_hardware/hook/cmake_prefix_path.dsv'
[0.574s] INFO:colcon.colcon_core.shell:Creating environment hook '/home/ivan/Escritorio/Braccio-Tinkerkit-Arduino/install/braccio_hardware/share/braccio_hardware/hook/cmake_prefix_path.sh'
[0.575s] Level 1:colcon.colcon_core.environment:checking '/home/ivan/Escritorio/Braccio-Tinkerkit-Arduino/install/braccio_hardware/lib'
[0.575s] Level 1:colcon.colcon_core.shell:create_environment_hook('braccio_hardware', 'ld_library_path_lib')
[0.575s] INFO:colcon.colcon_core.shell:Creating environment hook '/home/ivan/Escritorio/Braccio-Tinkerkit-Arduino/install/braccio_hardware/share/braccio_hardware/hook/ld_library_path_lib.ps1'
[0.575s] INFO:colcon.colcon_core.shell:Creating environment descriptor '/home/ivan/Escritorio/Braccio-Tinkerkit-Arduino/install/braccio_hardware/share/braccio_hardware/hook/ld_library_path_lib.dsv'
[0.575s] INFO:colcon.colcon_core.shell:Creating environment hook '/home/ivan/Escritorio/Braccio-Tinkerkit-Arduino/install/braccio_hardware/share/braccio_hardware/hook/ld_library_path_lib.sh'
[0.575s] Level 1:colcon.colcon_core.environment:checking '/home/ivan/Escritorio/Braccio-Tinkerkit-Arduino/install/braccio_hardware/bin'
[0.575s] Level 1:colcon.colcon_core.environment:checking '/home/ivan/Escritorio/Braccio-Tinkerkit-Arduino/install/braccio_hardware/lib/pkgconfig/braccio_hardware.pc'
[0.576s] Level 1:colcon.colcon_core.environment:checking '/home/ivan/Escritorio/Braccio-Tinkerkit-Arduino/install/braccio_hardware/lib/python3.10/site-packages'
[0.576s] Level 1:colcon.colcon_core.environment:checking '/home/ivan/Escritorio/Braccio-Tinkerkit-Arduino/install/braccio_hardware/bin'
[0.576s] INFO:colcon.colcon_core.shell:Creating package script '/home/ivan/Escritorio/Braccio-Tinkerkit-Arduino/install/braccio_hardware/share/braccio_hardware/package.ps1'
[0.576s] INFO:colcon.colcon_core.shell:Creating package descriptor '/home/ivan/Escritorio/Braccio-Tinkerkit-Arduino/install/braccio_hardware/share/braccio_hardware/package.dsv'
[0.576s] INFO:colcon.colcon_core.shell:Creating package script '/home/ivan/Escritorio/Braccio-Tinkerkit-Arduino/install/braccio_hardware/share/braccio_hardware/package.sh'
[0.577s] INFO:colcon.colcon_core.shell:Creating package script '/home/ivan/Escritorio/Braccio-Tinkerkit-Arduino/install/braccio_hardware/share/braccio_hardware/package.bash'
[0.577s] INFO:colcon.colcon_core.shell:Creating package script '/home/ivan/Escritorio/Braccio-Tinkerkit-Arduino/install/braccio_hardware/share/braccio_hardware/package.zsh'
[0.577s] Level 1:colcon.colcon_core.environment:create_file_with_runtime_dependencies(/home/ivan/Escritorio/Braccio-Tinkerkit-Arduino/install/braccio_hardware/share/colcon-core/packages/braccio_hardware)
[0.578s] Level 1:colcon.colcon_core.environment:create_environment_scripts_only(braccio_description)
[0.578s] Level 1:colcon.colcon_core.environment:checking '/home/ivan/Escritorio/Braccio-Tinkerkit-Arduino/install/braccio_description' for CMake module files
[0.578s] DEBUG:colcon.colcon_core.event_handler.log_command:Invoked command in '/home/ivan/Escritorio/Braccio-Tinkerkit-Arduino/build/braccio_description' returned '0': CMAKE_PREFIX_PATH=${CMAKE_PREFIX_PATH}:/opt/ros/humble /usr/bin/cmake --install /home/ivan/Escritorio/Braccio-Tinkerkit-Arduino/build/braccio_description
[0.578s] Level 1:colcon.colcon_core.environment:checking '/home/ivan/Escritorio/Braccio-Tinkerkit-Arduino/install/braccio_description' for CMake config files
[0.579s] Level 1:colcon.colcon_core.shell:create_environment_hook('braccio_description', 'cmake_prefix_path')
[0.579s] INFO:colcon.colcon_core.shell:Creating environment hook '/home/ivan/Escritorio/Braccio-Tinkerkit-Arduino/install/braccio_description/share/braccio_description/hook/cmake_prefix_path.ps1'
[0.579s] INFO:colcon.colcon_core.shell:Creating environment descriptor '/home/ivan/Escritorio/Braccio-Tinkerkit-Arduino/install/braccio_description/share/braccio_description/hook/cmake_prefix_path.dsv'
[0.579s] INFO:colcon.colcon_core.shell:Creating environment hook '/home/ivan/Escritorio/Braccio-Tinkerkit-Arduino/install/braccio_description/share/braccio_description/hook/cmake_prefix_path.sh'
[0.580s] Level 1:colcon.colcon_core.environment:checking '/home/ivan/Escritorio/Braccio-Tinkerkit-Arduino/install/braccio_description/bin'
[0.580s] Level 1:colcon.colcon_core.environment:checking '/home/ivan/Escritorio/Braccio-Tinkerkit-Arduino/install/braccio_description/lib/pkgconfig/braccio_description.pc'
[0.580s] Level 1:colcon.colcon_core.environment:checking '/home/ivan/Escritorio/Braccio-Tinkerkit-Arduino/install/braccio_description/lib/python3.10/site-packages'
[0.580s] Level 1:colcon.colcon_core.environment:checking '/home/ivan/Escritorio/Braccio-Tinkerkit-Arduino/install/braccio_description/bin'
[0.580s] INFO:colcon.colcon_core.shell:Creating package script '/home/ivan/Escritorio/Braccio-Tinkerkit-Arduino/install/braccio_description/share/braccio_description/package.ps1'
[0.580s] INFO:colcon.colcon_core.shell:Creating package descriptor '/home/ivan/Escritorio/Braccio-Tinkerkit-Arduino/install/braccio_description/share/braccio_description/package.dsv'
[0.581s] INFO:colcon.colcon_core.shell:Creating package script '/home/ivan/Escritorio/Braccio-Tinkerkit-Arduino/install/braccio_description/share/braccio_description/package.sh'
[0.581s] INFO:colcon.colcon_core.shell:Creating package script '/home/ivan/Escritorio/Braccio-Tinkerkit-Arduino/install/braccio_description/share/braccio_description/package.bash'
[0.581s] INFO:colcon.colcon_core.shell:Creating package script '/home/ivan/Escritorio/Braccio-Tinkerkit-Arduino/install/braccio_description/share/braccio_description/package.zsh'
[0.581s] Level 1:colcon.colcon_core.environment:create_file_with_runtime_dependencies(/home/ivan/Escritorio/Braccio-Tinkerkit-Arduino/install/braccio_description/share/colcon-core/packages/braccio_description)
[0.582s] Level 1:colcon.colcon_core.environment:create_environment_scripts_only(braccio_description)
[0.582s] Level 1:colcon.colcon_core.environment:checking '/home/ivan/Escritorio/Braccio-Tinkerkit-Arduino/install/braccio_description' for CMake module files
[0.582s] Level 1:colcon.colcon_core.environment:checking '/home/ivan/Escritorio/Braccio-Tinkerkit-Arduino/install/braccio_description' for CMake config files
[0.582s] Level 1:colcon.colcon_core.shell:create_environment_hook('braccio_description', 'cmake_prefix_path')
[0.582s] INFO:colcon.colcon_core.shell:Creating environment hook '/home/ivan/Escritorio/Braccio-Tinkerkit-Arduino/install/braccio_description/share/braccio_description/hook/cmake_prefix_path.ps1'
[0.583s] INFO:colcon.colcon_core.shell:Creating environment descriptor '/home/ivan/Escritorio/Braccio-Tinkerkit-Arduino/install/braccio_description/share/braccio_description/hook/cmake_prefix_path.dsv'
[0.583s] INFO:colcon.colcon_core.shell:Creating environment hook '/home/ivan/Escritorio/Braccio-Tinkerkit-Arduino/install/braccio_description/share/braccio_description/hook/cmake_prefix_path.sh'
[0.583s] Level 1:colcon.colcon_core.environment:checking '/home/ivan/Escritorio/Braccio-Tinkerkit-Arduino/install/braccio_description/bin'
[0.583s] Level 1:colcon.colcon_core.environment:checking '/home/ivan/Escritorio/Braccio-Tinkerkit-Arduino/install/braccio_description/lib/pkgconfig/braccio_description.pc'
[0.583s] Level 1:colcon.colcon_core.environment:checking '/home/ivan/Escritorio/Braccio-Tinkerkit-Arduino/install/braccio_description/lib/python3.10/site-packages'
[0.584s] Level 1:colcon.colcon_core.environment:checking '/home/ivan/Escritorio/Braccio-Tinkerkit-Arduino/install/braccio_description/bin'
[0.584s] INFO:colcon.colcon_core.shell:Creating package script '/home/ivan/Escritorio/Braccio-Tinkerkit-Arduino/install/braccio_description/share/braccio_description/package.ps1'
[0.584s] INFO:colcon.colcon_core.shell:Creating package descriptor '/home/ivan/Escritorio/Braccio-Tinkerkit-Arduino/install/braccio_description/share/braccio_description/package.dsv'
[0.585s] INFO:colcon.colcon_core.shell:Creating package script '/home/ivan/Escritorio/Braccio-Tinkerkit-Arduino/install/braccio_description/share/braccio_description/package.sh'
[0.585s] INFO:colcon.colcon_core.shell:Creating package script '/home/ivan/Escritorio/Braccio-Tinkerkit-Arduino/install/braccio_description/share/braccio_description/package.bash'
[0.585s] INFO:colcon.colcon_core.shell:Creating package script '/home/ivan/Escritorio/Braccio-Tinkerkit-Arduino/install/braccio_description/share/braccio_description/package.zsh'
[0.586s] Level 1:colcon.colcon_core.environment:create_file_with_runtime_dependencies(/home/ivan/Escritorio/Braccio-Tinkerkit-Arduino/install/braccio_description/share/colcon-core/packages/braccio_description)
[0.586s] INFO:colcon.colcon_ros.task.ament_cmake.build:Building ROS package in '/home/ivan/Escritorio/Braccio-Tinkerkit-Arduino/braccio_bringup' with build type 'ament_cmake'
[0.586s] INFO:colcon.colcon_cmake.task.cmake.build:Building CMake package in '/home/ivan/Escritorio/Braccio-Tinkerkit-Arduino/braccio_bringup'
[0.586s] INFO:colcon.colcon_core.shell:Skip shell extension 'powershell' for command environment: Not usable outside of PowerShell
[0.586s] DEBUG:colcon.colcon_core.shell:Skip shell extension 'dsv' for command environment
[0.590s] INFO:colcon.colcon_ros.task.ament_cmake.build:Building ROS package in '/home/ivan/Escritorio/Braccio-Tinkerkit-Arduino/braccio_moveit_config' with build type 'ament_cmake'
[0.591s] INFO:colcon.colcon_cmake.task.cmake.build:Building CMake package in '/home/ivan/Escritorio/Braccio-Tinkerkit-Arduino/braccio_moveit_config'
[0.591s] INFO:colcon.colcon_core.shell:Skip shell extension 'powershell' for command environment: Not usable outside of PowerShell
[0.591s] DEBUG:colcon.colcon_core.shell:Skip shell extension 'dsv' for command environment
[0.597s] DEBUG:colcon.colcon_core.event_handler.log_command:Invoking command in '/home/ivan/Escritorio/Braccio-Tinkerkit-Arduino/build/braccio_bringup': CMAKE_PREFIX_PATH=/home/ivan/Escritorio/Braccio-Tinkerkit-Arduino/install/braccio_hardware:/home/ivan/Escritorio/Braccio-Tinkerkit-Arduino/install/braccio_description:/home/ivan/Escritorio/Braccio-Tinkerkit-Arduino/install/braccio_vision:/home/ivan/Escritorio/Braccio-Tinkerkit-Arduino/install/braccio_moveit_config:/home/ivan/Escritorio/Braccio-Tinkerkit-Arduino/install/braccio_bringup:/opt/ros/humble /usr/bin/cmake --build /home/ivan/Escritorio/Braccio-Tinkerkit-Arduino/build/braccio_bringup -- -j16 -l16
[0.599s] DEBUG:colcon.colcon_core.event_handler.log_command:Invoking command in '/home/ivan/Escritorio/Braccio-Tinkerkit-Arduino/build/braccio_moveit_config': CMAKE_PREFIX_PATH=/home/ivan/Escritorio/Braccio-Tinkerkit-Arduino/install/braccio_description:/home/ivan/Escritorio/Braccio-Tinkerkit-Arduino/install/braccio_vision:/home/ivan/Escritorio/Braccio-Tinkerkit-Arduino/install/braccio_moveit_config:/home/ivan/Escritorio/Braccio-Tinkerkit-Arduino/install/braccio_bringup:/home/ivan/Escritorio/Braccio-Tinkerkit-Arduino/install/braccio_hardware:/opt/ros/humble /usr/bin/cmake --build /home/ivan/Escritorio/Braccio-Tinkerkit-Arduino/build/braccio_moveit_config -- -j16 -l16
[0.631s] DEBUG:colcon.colcon_core.event_handler.log_command:Invoked command in '/home/ivan/Escritorio/Braccio-Tinkerkit-Arduino/build/braccio_moveit_config' returned '0': CMAKE_PREFIX_PATH=/home/ivan/Escritorio/Braccio-Tinkerkit-Arduino/install/braccio_description:/home/ivan/Escritorio/Braccio-Tinkerkit-Arduino/install/braccio_vision:/home/ivan/Escritorio/Braccio-Tinkerkit-Arduino/install/braccio_moveit_config:/home/ivan/Escritorio/Braccio-Tinkerkit-Arduino/install/braccio_bringup:/home/ivan/Escritorio/Braccio-Tinkerkit-Arduino/install/braccio_hardware:/opt/ros/humble /usr/bin/cmake --build /home/ivan/Escritorio/Braccio-Tinkerkit-Arduino/build/braccio_moveit_config -- -j16 -l16
[0.632s] DEBUG:colcon.colcon_core.event_handler.log_command:Invoking command in '/home/ivan/Escritorio/Braccio-Tinkerkit-Arduino/build/braccio_moveit_config': CMAKE_PREFIX_PATH=/home/ivan/Escritorio/Braccio-Tinkerkit-Arduino/install/braccio_description:/home/ivan/Escritorio/Braccio-Tinkerkit-Arduino/install/braccio_vision:/home/ivan/Escritorio/Braccio-Tinkerkit-Arduino/install/braccio_moveit_config:/home/ivan/Escritorio/Braccio-Tinkerkit-Arduino/install/braccio_bringup:/home/ivan/Escritorio/Braccio-Tinkerkit-Arduino/install/braccio_hardware:/opt/ros/humble /usr/bin/cmake --install /home/ivan/Escritorio/Braccio-Tinkerkit-Arduino/build/braccio_moveit_config
[0.640s] Level 1:colcon.colcon_core.environment:create_environment_scripts_only(braccio_moveit_config)
[0.640s] Level 1:colcon.colcon_core.environment:checking '/home/ivan/Escritorio/Braccio-Tinkerkit-Arduino/install/braccio_moveit_config' for CMake module files
[0.640s] DEBUG:colcon.colcon_core.event_handler.log_command:Invoked command in '/home/ivan/Escritorio/Braccio-Tinkerkit-Arduino/build/braccio_moveit_config' returned '0': CMAKE_PREFIX_PATH=/home/ivan/Escritorio/Braccio-Tinkerkit-Arduino/install/braccio_description:/home/ivan/Escritorio/Braccio-Tinkerkit-Arduino/install/braccio_vision:/home/ivan/Escritorio/Braccio-Tinkerkit-Arduino/install/braccio_moveit_config:/home/ivan/Escritorio/Braccio-Tinkerkit-Arduino/install/braccio_bringup:/home/ivan/Escritorio/Braccio-Tinkerkit-Arduino/install/braccio_hardware:/opt/ros/humble /usr/bin/cmake --install /home/ivan/Escritorio/Braccio-Tinkerkit-Arduino/build/braccio_moveit_config
[0.640s] Level 1:colcon.colcon_core.environment:checking '/home/ivan/Escritorio/Braccio-Tinkerkit-Arduino/install/braccio_moveit_config' for CMake config files
[0.641s] Level 1:colcon.colcon_core.shell:create_environment_hook('braccio_moveit_config', 'cmake_prefix_path')
[0.641s] INFO:colcon.colcon_core.shell:Creating environment hook '/home/ivan/Escritorio/Braccio-Tinkerkit-Arduino/install/braccio_moveit_config/share/braccio_moveit_config/hook/cmake_prefix_path.ps1'
[0.641s] INFO:colcon.colcon_core.shell:Creating environment descriptor '/home/ivan/Escritorio/Braccio-Tinkerkit-Arduino/install/braccio_moveit_config/share/braccio_moveit_config/hook/cmake_prefix_path.dsv'
[0.641s] INFO:colcon.colcon_core.shell:Creating environment hook '/home/ivan/Escritorio/Braccio-Tinkerkit-Arduino/install/braccio_moveit_config/share/braccio_moveit_config/hook/cmake_prefix_path.sh'
[0.642s] Level 1:colcon.colcon_core.environment:checking '/home/ivan/Escritorio/Braccio-Tinkerkit-Arduino/install/braccio_moveit_config/lib'
[0.642s] Level 1:colcon.colcon_core.environment:checking '/home/ivan/Escritorio/Braccio-Tinkerkit-Arduino/install/braccio_moveit_config/bin'
[0.642s] Level 1:colcon.colcon_core.environment:checking '/home/ivan/Escritorio/Braccio-Tinkerkit-Arduino/install/braccio_moveit_config/lib/pkgconfig/braccio_moveit_config.pc'
[0.642s] Level 1:colcon.colcon_core.environment:checking '/home/ivan/Escritorio/Braccio-Tinkerkit-Arduino/install/braccio_moveit_config/lib/python3.10/site-packages'
[0.642s] Level 1:colcon.colcon_core.environment:checking '/home/ivan/Escritorio/Braccio-Tinkerkit-Arduino/install/braccio_moveit_config/bin'
[0.642s] INFO:colcon.colcon_core.shell:Creating package script '/home/ivan/Escritorio/Braccio-Tinkerkit-Arduino/install/braccio_moveit_config/share/braccio_moveit_config/package.ps1'
[0.642s] INFO:colcon.colcon_core.shell:Creating package descriptor '/home/ivan/Escritorio/Braccio-Tinkerkit-Arduino/install/braccio_moveit_config/share/braccio_moveit_config/package.dsv'
[0.643s] INFO:colcon.colcon_core.shell:Creating package script '/home/ivan/Escritorio/Braccio-Tinkerkit-Arduino/install/braccio_moveit_config/share/braccio_moveit_config/package.sh'
[0.643s] INFO:colcon.colcon_core.shell:Creating package script '/home/ivan/Escritorio/Braccio-Tinkerkit-Arduino/install/braccio_moveit_config/share/braccio_moveit_config/package.bash'
[0.643s] INFO:colcon.colcon_core.shell:Creating package script '/home/ivan/Escritorio/Braccio-Tinkerkit-Arduino/install/braccio_moveit_config/share/braccio_moveit_config/package.zsh'
[0.643s] Level 1:colcon.colcon_core.environment:create_file_with_runtime_dependencies(/home/ivan/Escritorio/Braccio-Tinkerkit-Arduino/install/braccio_moveit_config/share/colcon-core/packages/braccio_moveit_config)
[0.644s] Level 1:colcon.colcon_core.environment:create_environment_scripts_only(braccio_moveit_config)
[0.644s] Level 1:colcon.colcon_core.environment:checking '/home/ivan/Escritorio/Braccio-Tinkerkit-Arduino/install/braccio_moveit_config' for CMake module files
[0.644s] Level 1:colcon.colcon_core.environment:checking '/home/ivan/Escritorio/Braccio-Tinkerkit-Arduino/install/braccio_moveit_config' for CMake config files
[0.644s] Level 1:colcon.colcon_core.shell:create_environment_hook('braccio_moveit_config', 'cmake_prefix_path')
[0.644s] INFO:colcon.colcon_core.shell:Creating environment hook '/home/ivan/Escritorio/Braccio-Tinkerkit-Arduino/install/braccio_moveit_config/share/braccio_moveit_config/hook/cmake_prefix_path.ps1'
[0.645s] INFO:colcon.colcon_core.shell:Creating environment descriptor '/home/ivan/Escritorio/Braccio-Tinkerkit-Arduino/install/braccio_moveit_config/share/braccio_moveit_config/hook/cmake_prefix_path.dsv'
[0.645s] INFO:colcon.colcon_core.shell:Creating environment hook '/home/ivan/Escritorio/Braccio-Tinkerkit-Arduino/install/braccio_moveit_config/share/braccio_moveit_config/hook/cmake_prefix_path.sh'
[0.645s] Level 1:colcon.colcon_core.environment:checking '/home/ivan/Escritorio/Braccio-Tinkerkit-Arduino/install/braccio_moveit_config/lib'
[0.645s] Level 1:colcon.colcon_core.environment:checking '/home/ivan/Escritorio/Braccio-Tinkerkit-Arduino/install/braccio_moveit_config/bin'
[0.645s] Level 1:colcon.colcon_core.environment:checking '/home/ivan/Escritorio/Braccio-Tinkerkit-Arduino/install/braccio_moveit_config/lib/pkgconfig/braccio_moveit_config.pc'
[0.645s] Level 1:colcon.colcon_core.environment:checking '/home/ivan/Escritorio/Braccio-Tinkerkit-Arduino/install/braccio_moveit_config/lib/python3.10/site-packages'
[0.645s] Level 1:colcon.colcon_core.environment:checking '/home/ivan/Escritorio/Braccio-Tinkerkit-Arduino/install/braccio_moveit_config/bin'
[0.646s] INFO:colcon.colcon_core.shell:Creating package script '/home/ivan/Escritorio/Braccio-Tinkerkit-Arduino/install/braccio_moveit_config/share/braccio_moveit_config/package.ps1'
[0.646s] INFO:colcon.colcon_core.shell:Creating package descriptor '/home/ivan/Escritorio/Braccio-Tinkerkit-Arduino/install/braccio_moveit_config/share/braccio_moveit_config/package.dsv'
[0.646s] INFO:colcon.colcon_core.shell:Creating package script '/home/ivan/Escritorio/Braccio-Tinkerkit-Arduino/install/braccio_moveit_config/share/braccio_moveit_config/package.sh'
[0.646s] INFO:colcon.colcon_core.shell:Creating package script '/home/ivan/Escritorio/Braccio-Tinkerkit-Arduino/install/braccio_moveit_config/share/braccio_moveit_config/package.bash'
[0.647s] INFO:colcon.colcon_core.shell:Creating package script '/home/ivan/Escritorio/Braccio-Tinkerkit-Arduino/install/braccio_moveit_config/share/braccio_moveit_config/package.zsh'
[0.647s] Level 1:colcon.colcon_core.environment:create_file_with_runtime_dependencies(/home/ivan/Escritorio/Braccio-Tinkerkit-Arduino/install/braccio_moveit_config/share/colcon-core/packages/braccio_moveit_config)
[0.836s] DEBUG:colcon.colcon_core.event_handler.log_command:Invoked command in '/home/ivan/Escritorio/Braccio-Tinkerkit-Arduino/build/braccio_bringup' returned '0': CMAKE_PREFIX_PATH=/home/ivan/Escritorio/Braccio-Tinkerkit-Arduino/install/braccio_hardware:/home/ivan/Escritorio/Braccio-Tinkerkit-Arduino/install/braccio_description:/home/ivan/Escritorio/Braccio-Tinkerkit-Arduino/install/braccio_vision:/home/ivan/Escritorio/Braccio-Tinkerkit-Arduino/install/braccio_moveit_config:/home/ivan/Escritorio/Braccio-Tinkerkit-Arduino/install/braccio_bringup:/opt/ros/humble /usr/bin/cmake --build /home/ivan/Escritorio/Braccio-Tinkerkit-Arduino/build/braccio_bringup -- -j16 -l16
[0.837s] DEBUG:colcon.colcon_core.event_handler.log_command:Invoking command in '/home/ivan/Escritorio/Braccio-Tinkerkit-Arduino/build/braccio_bringup': CMAKE_PREFIX_PATH=/home/ivan/Escritorio/Braccio-Tinkerkit-Arduino/install/braccio_hardware:/home/ivan/Escritorio/Braccio-Tinkerkit-Arduino/install/braccio_description:/home/ivan/Escritorio/Braccio-Tinkerkit-Arduino/install/braccio_vision:/home/ivan/Escritorio/Braccio-Tinkerkit-Arduino/install/braccio_moveit_config:/home/ivan/Escritorio/Braccio-Tinkerkit-Arduino/install/braccio_bringup:/opt/ros/humble /usr/bin/cmake --install /home/ivan/Escritorio/Braccio-Tinkerkit-Arduino/build/braccio_bringup
[0.871s] Level 1:colcon.colcon_core.environment:create_environment_scripts_only(braccio_bringup)
[0.871s] Level 1:colcon.colcon_core.environment:checking '/home/ivan/Escritorio/Braccio-Tinkerkit-Arduino/install/braccio_bringup' for CMake module files
[0.872s] DEBUG:colcon.colcon_core.event_handler.log_command:Invoked command in '/home/ivan/Escritorio/Braccio-Tinkerkit-Arduino/build/braccio_bringup' returned '0': CMAKE_PREFIX_PATH=/home/ivan/Escritorio/Braccio-Tinkerkit-Arduino/install/braccio_hardware:/home/ivan/Escritorio/Braccio-Tinkerkit-Arduino/install/braccio_description:/home/ivan/Escritorio/Braccio-Tinkerkit-Arduino/install/braccio_vision:/home/ivan/Escritorio/Braccio-Tinkerkit-Arduino/install/braccio_moveit_config:/home/ivan/Escritorio/Braccio-Tinkerkit-Arduino/install/braccio_bringup:/opt/ros/humble /usr/bin/cmake --install /home/ivan/Escritorio/Braccio-Tinkerkit-Arduino/build/braccio_bringup
[0.872s] Level 1:colcon.colcon_core.environment:checking '/home/ivan/Escritorio/Braccio-Tinkerkit-Arduino/install/braccio_bringup' for CMake config files
[0.873s] Level 1:colcon.colcon_core.shell:create_environment_hook('braccio_bringup', 'cmake_prefix_path')
[0.873s] INFO:colcon.colcon_core.shell:Creating environment hook '/home/ivan/Escritorio/Braccio-Tinkerkit-Arduino/install/braccio_bringup/share/braccio_bringup/hook/cmake_prefix_path.ps1'
[0.873s] INFO:colcon.colcon_core.shell:Creating environment descriptor '/home/ivan/Escritorio/Braccio-Tinkerkit-Arduino/install/braccio_bringup/share/braccio_bringup/hook/cmake_prefix_path.dsv'
[0.873s] INFO:colcon.colcon_core.shell:Creating environment hook '/home/ivan/Escritorio/Braccio-Tinkerkit-Arduino/install/braccio_bringup/share/braccio_bringup/hook/cmake_prefix_path.sh'
[0.874s] Level 1:colcon.colcon_core.environment:checking '/home/ivan/Escritorio/Braccio-Tinkerkit-Arduino/install/braccio_bringup/bin'
[0.874s] Level 1:colcon.colcon_core.environment:checking '/home/ivan/Escritorio/Braccio-Tinkerkit-Arduino/install/braccio_bringup/lib/pkgconfig/braccio_bringup.pc'
[0.874s] Level 1:colcon.colcon_core.environment:checking '/home/ivan/Escritorio/Braccio-Tinkerkit-Arduino/install/braccio_bringup/lib/python3.10/site-packages'
[0.874s] Level 1:colcon.colcon_core.environment:checking '/home/ivan/Escritorio/Braccio-Tinkerkit-Arduino/install/braccio_bringup/bin'
[0.874s] INFO:colcon.colcon_core.shell:Creating package script '/home/ivan/Escritorio/Braccio-Tinkerkit-Arduino/install/braccio_bringup/share/braccio_bringup/package.ps1'
[0.874s] INFO:colcon.colcon_core.shell:Creating package descriptor '/home/ivan/Escritorio/Braccio-Tinkerkit-Arduino/install/braccio_bringup/share/braccio_bringup/package.dsv'
[0.875s] INFO:colcon.colcon_core.shell:Creating package script '/home/ivan/Escritorio/Braccio-Tinkerkit-Arduino/install/braccio_bringup/share/braccio_bringup/package.sh'
[0.875s] INFO:colcon.colcon_core.shell:Creating package script '/home/ivan/Escritorio/Braccio-Tinkerkit-Arduino/install/braccio_bringup/share/braccio_bringup/package.bash'
[0.875s] INFO:colcon.colcon_core.shell:Creating package script '/home/ivan/Escritorio/Braccio-Tinkerkit-Arduino/install/braccio_bringup/share/braccio_bringup/package.zsh'
[0.875s] Level 1:colcon.colcon_core.environment:create_file_with_runtime_dependencies(/home/ivan/Escritorio/Braccio-Tinkerkit-Arduino/install/braccio_bringup/share/colcon-core/packages/braccio_bringup)
[0.876s] Level 1:colcon.colcon_core.environment:create_environment_scripts_only(braccio_bringup)
[0.876s] Level 1:colcon.colcon_core.environment:checking '/home/ivan/Escritorio/Braccio-Tinkerkit-Arduino/install/braccio_bringup' for CMake module files
[0.876s] Level 1:colcon.colcon_core.environment:checking '/home/ivan/Escritorio/Braccio-Tinkerkit-Arduino/install/braccio_bringup' for CMake config files
[0.876s] Level 1:colcon.colcon_core.shell:create_environment_hook('braccio_bringup', 'cmake_prefix_path')
[0.876s] INFO:colcon.colcon_core.shell:Creating environment hook '/home/ivan/Escritorio/Braccio-Tinkerkit-Arduino/install/braccio_bringup/share/braccio_bringup/hook/cmake_prefix_path.ps1'
[0.877s] INFO:colcon.colcon_core.shell:Creating environment descriptor '/home/ivan/Escritorio/Braccio-Tinkerkit-Arduino/install/braccio_bringup/share/braccio_bringup/hook/cmake_prefix_path.dsv'
[0.877s] INFO:colcon.colcon_core.shell:Creating environment hook '/home/ivan/Escritorio/Braccio-Tinkerkit-Arduino/install/braccio_bringup/share/braccio_bringup/hook/cmake_prefix_path.sh'
[0.877s] Level 1:colcon.colcon_core.environment:checking '/home/ivan/Escritorio/Braccio-Tinkerkit-Arduino/install/braccio_bringup/bin'
[0.877s] Level 1:colcon.colcon_core.environment:checking '/home/ivan/Escritorio/Braccio-Tinkerkit-Arduino/install/braccio_bringup/lib/pkgconfig/braccio_bringup.pc'
[0.877s] Level 1:colcon.colcon_core.environment:checking '/home/ivan/Escritorio/Braccio-Tinkerkit-Arduino/install/braccio_bringup/lib/python3.10/site-packages'
[0.877s] Level 1:colcon.colcon_core.environment:checking '/home/ivan/Escritorio/Braccio-Tinkerkit-Arduino/install/braccio_bringup/bin'
[0.878s] INFO:colcon.colcon_core.shell:Creating package script '/home/ivan/Escritorio/Braccio-Tinkerkit-Arduino/install/braccio_bringup/share/braccio_bringup/package.ps1'
[0.878s] INFO:colcon.colcon_core.shell:Creating package descriptor '/home/ivan/Escritorio/Braccio-Tinkerkit-Arduino/install/braccio_bringup/share/braccio_bringup/package.dsv'
[0.878s] INFO:colcon.colcon_core.shell:Creating package script '/home/ivan/Escritorio/Braccio-Tinkerkit-Arduino/install/braccio_bringup/share/braccio_bringup/package.sh'
[0.878s] INFO:colcon.colcon_core.shell:Creating package script '/home/ivan/Escritorio/Braccio-Tinkerkit-Arduino/install/braccio_bringup/share/braccio_bringup/package.bash'
[0.879s] INFO:colcon.colcon_core.shell:Creating package script '/home/ivan/Escritorio/Braccio-Tinkerkit-Arduino/install/braccio_bringup/share/braccio_bringup/package.zsh'
[0.879s] Level 1:colcon.colcon_core.environment:create_file_with_runtime_dependencies(/home/ivan/Escritorio/Braccio-Tinkerkit-Arduino/install/braccio_bringup/share/colcon-core/packages/braccio_bringup)
[0.879s] DEBUG:colcon.colcon_parallel_executor.executor.parallel:closing loop
[0.879s] DEBUG:colcon.colcon_parallel_executor.executor.parallel:loop closed
[0.880s] DEBUG:colcon.colcon_parallel_executor.executor.parallel:run_until_complete finished with '0'
[0.880s] DEBUG:colcon.colcon_core.event_reactor:joining thread
[0.884s] INFO:colcon.colcon_core.plugin_system:Skipping extension 'colcon_notification.desktop_notification.terminal_notifier': Not used on non-Darwin systems
[0.884s] INFO:colcon.colcon_core.plugin_system:Skipping extension 'colcon_notification.desktop_notification.win32': Not used on non-Windows systems
[0.884s] INFO:colcon.colcon_notification.desktop_notification:Sending desktop notification using 'notify2'
[0.892s] DEBUG:colcon.colcon_core.event_reactor:joined thread
[0.892s] INFO:colcon.colcon_core.shell:Creating prefix script '/home/ivan/Escritorio/Braccio-Tinkerkit-Arduino/install/local_setup.ps1'
[0.894s] INFO:colcon.colcon_core.shell:Creating prefix util module '/home/ivan/Escritorio/Braccio-Tinkerkit-Arduino/install/_local_setup_util_ps1.py'
[0.895s] INFO:colcon.colcon_core.shell:Creating prefix chain script '/home/ivan/Escritorio/Braccio-Tinkerkit-Arduino/install/setup.ps1'
[0.896s] INFO:colcon.colcon_core.shell:Creating prefix script '/home/ivan/Escritorio/Braccio-Tinkerkit-Arduino/install/local_setup.sh'
[0.896s] INFO:colcon.colcon_core.shell:Creating prefix util module '/home/ivan/Escritorio/Braccio-Tinkerkit-Arduino/install/_local_setup_util_sh.py'
[0.897s] INFO:colcon.colcon_core.shell:Creating prefix chain script '/home/ivan/Escritorio/Braccio-Tinkerkit-Arduino/install/setup.sh'
[0.897s] INFO:colcon.colcon_core.shell:Creating prefix script '/home/ivan/Escritorio/Braccio-Tinkerkit-Arduino/install/local_setup.bash'
[0.898s] INFO:colcon.colcon_core.shell:Creating prefix chain script '/home/ivan/Escritorio/Braccio-Tinkerkit-Arduino/install/setup.bash'
[0.899s] INFO:colcon.colcon_core.shell:Creating prefix script '/home/ivan/Escritorio/Braccio-Tinkerkit-Arduino/install/local_setup.zsh'
[0.899s] INFO:colcon.colcon_core.shell:Creating prefix chain script '/home/ivan/Escritorio/Braccio-Tinkerkit-Arduino/install/setup.zsh'
