[0.055s] DEBUG:colcon:Command line arguments: ['/usr/bin/colcon', 'build']
[0.055s] DEBUG:colcon:Parsed command line arguments: Namespace(log_base=None, log_level=None, verb_name='build', build_base='build', install_base='install', merge_install=False, symlink_install=False, test_result_base=None, continue_on_error=False, executor='parallel', parallel_workers=16, event_handlers=None, ignore_user_meta=False, metas=['./colcon.meta'], base_paths=['.'], packages_ignore=None, packages_ignore_regex=None, paths=None, packages_up_to=None, packages_up_to_regex=None, packages_above=None, packages_above_and_dependencies=None, packages_above_depth=None, packages_select_by_dep=None, packages_skip_by_dep=None, packages_skip_up_to=None, packages_select_build_failed=False, packages_skip_build_finished=False, packages_select_test_failures=False, packages_skip_test_passed=False, packages_select=None, packages_skip=None, packages_select_regex=None, packages_skip_regex=None, packages_start=None, packages_end=None, allow_overriding=[], cmake_args=None, cmake_target=None, cmake_target_skip_unavailable=False, cmake_clean_cache=False, cmake_clean_first=False, cmake_force_configure=False, ament_cmake_args=None, catkin_cmake_args=None, catkin_skip_building_tests=False, mixin_files=None, mixin=None, verb_parser=<colcon_mixin.mixin.mixin_argument.MixinArgumentDecorator object at 0x73f6e6e56980>, verb_extension=<colcon_core.verb.build.BuildVerb object at 0x73f6e6f47910>, main=<bound method BuildVerb.main of <colcon_core.verb.build.BuildVerb object at 0x73f6e6f47910>>, mixin_verb=('build',))
[0.140s] Level 1:colcon.colcon_core.package_discovery:discover_packages(colcon_meta) check parameters
[0.140s] Level 1:colcon.colcon_core.package_discovery:discover_packages(recursive) check parameters
[0.140s] Level 1:colcon.colcon_core.package_discovery:discover_packages(ignore) check parameters
[0.140s] Level 1:colcon.colcon_core.package_discovery:discover_packages(path) check parameters
[0.140s] Level 1:colcon.colcon_core.package_discovery:discover_packages(colcon_meta) discover
[0.140s] Level 1:colcon.colcon_core.package_discovery:discover_packages(recursive) discover
[0.140s] INFO:colcon.colcon_core.package_discovery:Crawling recursively for packages in '/home/ivan/Escritorio/Braccio-Tinkerkit-Arduino'
[0.140s] Level 1:colcon.colcon_core.package_identification:_identify(.) by extensions ['ignore', 'ignore_ament_install']
[0.140s] Level 1:colcon.colcon_core.package_identification:_identify(.) by extension 'ignore'
[0.140s] Level 1:colcon.colcon_core.package_identification:_identify(.) by extension 'ignore_ament_install'
[0.140s] Level 1:colcon.colcon_core.package_identification:_identify(.) by extensions ['colcon_pkg']
[0.140s] Level 1:colcon.colcon_core.package_identification:_identify(.) by extension 'colcon_pkg'
[0.140s] Level 1:colcon.colcon_core.package_identification:_identify(.) by extensions ['colcon_meta']
[0.140s] Level 1:colcon.colcon_core.package_identification:_identify(.) by extension 'colcon_meta'
[0.140s] Level 1:colcon.colcon_core.package_identification:_identify(.) by extensions ['ros']
[0.140s] Level 1:colcon.colcon_core.package_identification:_identify(.) by extension 'ros'
[0.146s] Level 1:colcon.colcon_core.package_identification:_identify(.) by extensions ['cmake', 'python']
[0.146s] Level 1:colcon.colcon_core.package_identification:_identify(.) by extension 'cmake'
[0.146s] Level 1:colcon.colcon_core.package_identification:_identify(.) by extension 'python'
[0.146s] Level 1:colcon.colcon_core.package_identification:_identify(.) by extensions ['python_setup_py']
[0.146s] Level 1:colcon.colcon_core.package_identification:_identify(.) by extension 'python_setup_py'
[0.146s] Level 1:colcon.colcon_core.package_identification:_identify(braccio_ROS_Arduino) by extensions ['ignore', 'ignore_ament_install']
[0.146s] Level 1:colcon.colcon_core.package_identification:_identify(braccio_ROS_Arduino) by extension 'ignore'
[0.146s] Level 1:colcon.colcon_core.package_identification:_identify(braccio_ROS_Arduino) by extension 'ignore_ament_install'
[0.146s] Level 1:colcon.colcon_core.package_identification:_identify(braccio_ROS_Arduino) by extensions ['colcon_pkg']
[0.146s] Level 1:colcon.colcon_core.package_identification:_identify(braccio_ROS_Arduino) by extension 'colcon_pkg'
[0.146s] Level 1:colcon.colcon_core.package_identification:_identify(braccio_ROS_Arduino) by extensions ['colcon_meta']
[0.146s] Level 1:colcon.colcon_core.package_identification:_identify(braccio_ROS_Arduino) by extension 'colcon_meta'
[0.146s] Level 1:colcon.colcon_core.package_identification:_identify(braccio_ROS_Arduino) by extensions ['ros']
[0.146s] Level 1:colcon.colcon_core.package_identification:_identify(braccio_ROS_Arduino) by extension 'ros'
[0.146s] Level 1:colcon.colcon_core.package_identification:_identify(braccio_ROS_Arduino) by extensions ['cmake', 'python']
[0.146s] Level 1:colcon.colcon_core.package_identification:_identify(braccio_ROS_Arduino) by extension 'cmake'
[0.146s] Level 1:colcon.colcon_core.package_identification:_identify(braccio_ROS_Arduino) by extension 'python'
[0.146s] Level 1:colcon.colcon_core.package_identification:_identify(braccio_ROS_Arduino) by extensions ['python_setup_py']
[0.146s] Level 1:colcon.colcon_core.package_identification:_identify(braccio_ROS_Arduino) by extension 'python_setup_py'
[0.146s] Level 1:colcon.colcon_core.package_identification:_identify(braccio_bringup) by extensions ['ignore', 'ignore_ament_install']
[0.146s] Level 1:colcon.colcon_core.package_identification:_identify(braccio_bringup) by extension 'ignore'
[0.146s] Level 1:colcon.colcon_core.package_identification:_identify(braccio_bringup) by extension 'ignore_ament_install'
[0.146s] Level 1:colcon.colcon_core.package_identification:_identify(braccio_bringup) by extensions ['colcon_pkg']
[0.146s] Level 1:colcon.colcon_core.package_identification:_identify(braccio_bringup) by extension 'colcon_pkg'
[0.146s] Level 1:colcon.colcon_core.package_identification:_identify(braccio_bringup) by extensions ['colcon_meta']
[0.146s] Level 1:colcon.colcon_core.package_identification:_identify(braccio_bringup) by extension 'colcon_meta'
[0.146s] Level 1:colcon.colcon_core.package_identification:_identify(braccio_bringup) by extensions ['ros']
[0.146s] Level 1:colcon.colcon_core.package_identification:_identify(braccio_bringup) by extension 'ros'
[0.147s] DEBUG:colcon.colcon_core.package_identification:Package 'braccio_bringup' with type 'ros.ament_cmake' and name 'braccio_bringup'
[0.147s] Level 1:colcon.colcon_core.package_identification:_identify(braccio_description) by extensions ['ignore', 'ignore_ament_install']
[0.147s] Level 1:colcon.colcon_core.package_identification:_identify(braccio_description) by extension 'ignore'
[0.147s] Level 1:colcon.colcon_core.package_identification:_identify(braccio_description) by extension 'ignore_ament_install'
[0.147s] Level 1:colcon.colcon_core.package_identification:_identify(braccio_description) by extensions ['colcon_pkg']
[0.147s] Level 1:colcon.colcon_core.package_identification:_identify(braccio_description) by extension 'colcon_pkg'
[0.147s] Level 1:colcon.colcon_core.package_identification:_identify(braccio_description) by extensions ['colcon_meta']
[0.147s] Level 1:colcon.colcon_core.package_identification:_identify(braccio_description) by extension 'colcon_meta'
[0.148s] Level 1:colcon.colcon_core.package_identification:_identify(braccio_description) by extensions ['ros']
[0.148s] Level 1:colcon.colcon_core.package_identification:_identify(braccio_description) by extension 'ros'
[0.148s] DEBUG:colcon.colcon_core.package_identification:Package 'braccio_description' with type 'ros.ament_cmake' and name 'braccio_description'
[0.148s] Level 1:colcon.colcon_core.package_identification:_identify(braccio_hardware) by extensions ['ignore', 'ignore_ament_install']
[0.148s] Level 1:colcon.colcon_core.package_identification:_identify(braccio_hardware) by extension 'ignore'
[0.148s] Level 1:colcon.colcon_core.package_identification:_identify(braccio_hardware) by extension 'ignore_ament_install'
[0.148s] Level 1:colcon.colcon_core.package_identification:_identify(braccio_hardware) by extensions ['colcon_pkg']
[0.148s] Level 1:colcon.colcon_core.package_identification:_identify(braccio_hardware) by extension 'colcon_pkg'
[0.148s] Level 1:colcon.colcon_core.package_identification:_identify(braccio_hardware) by extensions ['colcon_meta']
[0.148s] Level 1:colcon.colcon_core.package_identification:_identify(braccio_hardware) by extension 'colcon_meta'
[0.148s] Level 1:colcon.colcon_core.package_identification:_identify(braccio_hardware) by extensions ['ros']
[0.148s] Level 1:colcon.colcon_core.package_identification:_identify(braccio_hardware) by extension 'ros'
[0.148s] DEBUG:colcon.colcon_core.package_identification:Package 'braccio_hardware' with type 'ros.ament_cmake' and name 'braccio_hardware'
[0.149s] Level 1:colcon.colcon_core.package_identification:_identify(braccio_moveit_config) by extensions ['ignore', 'ignore_ament_install']
[0.149s] Level 1:colcon.colcon_core.package_identification:_identify(braccio_moveit_config) by extension 'ignore'
[0.149s] Level 1:colcon.colcon_core.package_identification:_identify(braccio_moveit_config) by extension 'ignore_ament_install'
[0.149s] Level 1:colcon.colcon_core.package_identification:_identify(braccio_moveit_config) by extensions ['colcon_pkg']
[0.149s] Level 1:colcon.colcon_core.package_identification:_identify(braccio_moveit_config) by extension 'colcon_pkg'
[0.149s] Level 1:colcon.colcon_core.package_identification:_identify(braccio_moveit_config) by extensions ['colcon_meta']
[0.149s] Level 1:colcon.colcon_core.package_identification:_identify(braccio_moveit_config) by extension 'colcon_meta'
[0.149s] Level 1:colcon.colcon_core.package_identification:_identify(braccio_moveit_config) by extensions ['ros']
[0.149s] Level 1:colcon.colcon_core.package_identification:_identify(braccio_moveit_config) by extension 'ros'
[0.149s] DEBUG:colcon.colcon_core.package_identification:Package 'braccio_moveit_config' with type 'ros.ament_cmake' and name 'braccio_moveit_config'
[0.149s] Level 1:colcon.colcon_core.package_identification:_identify(build) by extensions ['ignore', 'ignore_ament_install']
[0.149s] Level 1:colcon.colcon_core.package_identification:_identify(build) by extension 'ignore'
[0.149s] Level 1:colcon.colcon_core.package_identification:_identify(build) ignored
[0.149s] Level 1:colcon.colcon_core.package_identification:_identify(install) by extensions ['ignore', 'ignore_ament_install']
[0.149s] Level 1:colcon.colcon_core.package_identification:_identify(install) by extension 'ignore'
[0.149s] Level 1:colcon.colcon_core.package_identification:_identify(install) ignored
[0.149s] Level 1:colcon.colcon_core.package_identification:_identify(log) by extensions ['ignore', 'ignore_ament_install']
[0.149s] Level 1:colcon.colcon_core.package_identification:_identify(log) by extension 'ignore'
[0.149s] Level 1:colcon.colcon_core.package_identification:_identify(log) ignored
[0.149s] Level 1:colcon.colcon_core.package_discovery:discover_packages(recursive) using defaults
[0.149s] Level 1:colcon.colcon_core.package_discovery:discover_packages(ignore) discover
[0.149s] Level 1:colcon.colcon_core.package_discovery:discover_packages(ignore) using defaults
[0.149s] Level 1:colcon.colcon_core.package_discovery:discover_packages(path) discover
[0.150s] Level 1:colcon.colcon_core.package_discovery:discover_packages(path) using defaults
[0.168s] Level 1:colcon.colcon_core.package_discovery:discover_packages(prefix_path) check parameters
[0.168s] Level 1:colcon.colcon_core.package_discovery:discover_packages(prefix_path) discover
[0.170s] DEBUG:colcon.colcon_installed_package_information.package_discovery:Found 452 installed packages in /opt/ros/humble
[0.171s] Level 1:colcon.colcon_core.package_discovery:discover_packages(prefix_path) using defaults
[0.196s] Level 5:colcon.colcon_core.verb:set package 'braccio_description' build argument 'cmake_args' from command line to 'None'
[0.196s] Level 5:colcon.colcon_core.verb:set package 'braccio_description' build argument 'cmake_target' from command line to 'None'
[0.196s] Level 5:colcon.colcon_core.verb:set package 'braccio_description' build argument 'cmake_target_skip_unavailable' from command line to 'False'
[0.196s] Level 5:colcon.colcon_core.verb:set package 'braccio_description' build argument 'cmake_clean_cache' from command line to 'False'
[0.196s] Level 5:colcon.colcon_core.verb:set package 'braccio_description' build argument 'cmake_clean_first' from command line to 'False'
[0.196s] Level 5:colcon.colcon_core.verb:set package 'braccio_description' build argument 'cmake_force_configure' from command line to 'False'
[0.196s] Level 5:colcon.colcon_core.verb:set package 'braccio_description' build argument 'ament_cmake_args' from command line to 'None'
[0.196s] Level 5:colcon.colcon_core.verb:set package 'braccio_description' build argument 'catkin_cmake_args' from command line to 'None'
[0.196s] Level 5:colcon.colcon_core.verb:set package 'braccio_description' build argument 'catkin_skip_building_tests' from command line to 'False'
[0.196s] DEBUG:colcon.colcon_core.verb:Building package 'braccio_description' with the following arguments: {'ament_cmake_args': None, 'build_base': '/home/ivan/Escritorio/Braccio-Tinkerkit-Arduino/build/braccio_description', 'catkin_cmake_args': None, 'catkin_skip_building_tests': False, 'cmake_args': None, 'cmake_clean_cache': False, 'cmake_clean_first': False, 'cmake_force_configure': False, 'cmake_target': None, 'cmake_target_skip_unavailable': False, 'install_base': '/home/ivan/Escritorio/Braccio-Tinkerkit-Arduino/install/braccio_description', 'merge_install': False, 'path': '/home/ivan/Escritorio/Braccio-Tinkerkit-Arduino/braccio_description', 'symlink_install': False, 'test_result_base': None}
[0.196s] Level 5:colcon.colcon_core.verb:set package 'braccio_hardware' build argument 'cmake_args' from command line to 'None'
[0.196s] Level 5:colcon.colcon_core.verb:set package 'braccio_hardware' build argument 'cmake_target' from command line to 'None'
[0.196s] Level 5:colcon.colcon_core.verb:set package 'braccio_hardware' build argument 'cmake_target_skip_unavailable' from command line to 'False'
[0.196s] Level 5:colcon.colcon_core.verb:set package 'braccio_hardware' build argument 'cmake_clean_cache' from command line to 'False'
[0.196s] Level 5:colcon.colcon_core.verb:set package 'braccio_hardware' build argument 'cmake_clean_first' from command line to 'False'
[0.196s] Level 5:colcon.colcon_core.verb:set package 'braccio_hardware' build argument 'cmake_force_configure' from command line to 'False'
[0.196s] Level 5:colcon.colcon_core.verb:set package 'braccio_hardware' build argument 'ament_cmake_args' from command line to 'None'
[0.196s] Level 5:colcon.colcon_core.verb:set package 'braccio_hardware' build argument 'catkin_cmake_args' from command line to 'None'
[0.196s] Level 5:colcon.colcon_core.verb:set package 'braccio_hardware' build argument 'catkin_skip_building_tests' from command line to 'False'
[0.196s] DEBUG:colcon.colcon_core.verb:Building package 'braccio_hardware' with the following arguments: {'ament_cmake_args': None, 'build_base': '/home/ivan/Escritorio/Braccio-Tinkerkit-Arduino/build/braccio_hardware', 'catkin_cmake_args': None, 'catkin_skip_building_tests': False, 'cmake_args': None, 'cmake_clean_cache': False, 'cmake_clean_first': False, 'cmake_force_configure': False, 'cmake_target': None, 'cmake_target_skip_unavailable': False, 'install_base': '/home/ivan/Escritorio/Braccio-Tinkerkit-Arduino/install/braccio_hardware', 'merge_install': False, 'path': '/home/ivan/Escritorio/Braccio-Tinkerkit-Arduino/braccio_hardware', 'symlink_install': False, 'test_result_base': None}
[0.197s] Level 5:colcon.colcon_core.verb:set package 'braccio_bringup' build argument 'cmake_args' from command line to 'None'
[0.197s] Level 5:colcon.colcon_core.verb:set package 'braccio_bringup' build argument 'cmake_target' from command line to 'None'
[0.197s] Level 5:colcon.colcon_core.verb:set package 'braccio_bringup' build argument 'cmake_target_skip_unavailable' from command line to 'False'
[0.197s] Level 5:colcon.colcon_core.verb:set package 'braccio_bringup' build argument 'cmake_clean_cache' from command line to 'False'
[0.197s] Level 5:colcon.colcon_core.verb:set package 'braccio_bringup' build argument 'cmake_clean_first' from command line to 'False'
[0.197s] Level 5:colcon.colcon_core.verb:set package 'braccio_bringup' build argument 'cmake_force_configure' from command line to 'False'
[0.197s] Level 5:colcon.colcon_core.verb:set package 'braccio_bringup' build argument 'ament_cmake_args' from command line to 'None'
[0.197s] Level 5:colcon.colcon_core.verb:set package 'braccio_bringup' build argument 'catkin_cmake_args' from command line to 'None'
[0.197s] Level 5:colcon.colcon_core.verb:set package 'braccio_bringup' build argument 'catkin_skip_building_tests' from command line to 'False'
[0.197s] DEBUG:colcon.colcon_core.verb:Building package 'braccio_bringup' with the following arguments: {'ament_cmake_args': None, 'build_base': '/home/ivan/Escritorio/Braccio-Tinkerkit-Arduino/build/braccio_bringup', 'catkin_cmake_args': None, 'catkin_skip_building_tests': False, 'cmake_args': None, 'cmake_clean_cache': False, 'cmake_clean_first': False, 'cmake_force_configure': False, 'cmake_target': None, 'cmake_target_skip_unavailable': False, 'install_base': '/home/ivan/Escritorio/Braccio-Tinkerkit-Arduino/install/braccio_bringup', 'merge_install': False, 'path': '/home/ivan/Escritorio/Braccio-Tinkerkit-Arduino/braccio_bringup', 'symlink_install': False, 'test_result_base': None}
[0.197s] Level 5:colcon.colcon_core.verb:set package 'braccio_moveit_config' build argument 'cmake_args' from command line to 'None'
[0.197s] Level 5:colcon.colcon_core.verb:set package 'braccio_moveit_config' build argument 'cmake_target' from command line to 'None'
[0.197s] Level 5:colcon.colcon_core.verb:set package 'braccio_moveit_config' build argument 'cmake_target_skip_unavailable' from command line to 'False'
[0.197s] Level 5:colcon.colcon_core.verb:set package 'braccio_moveit_config' build argument 'cmake_clean_cache' from command line to 'False'
[0.197s] Level 5:colcon.colcon_core.verb:set package 'braccio_moveit_config' build argument 'cmake_clean_first' from command line to 'False'
[0.197s] Level 5:colcon.colcon_core.verb:set package 'braccio_moveit_config' build argument 'cmake_force_configure' from command line to 'False'
[0.197s] Level 5:colcon.colcon_core.verb:set package 'braccio_moveit_config' build argument 'ament_cmake_args' from command line to 'None'
[0.197s] Level 5:colcon.colcon_core.verb:set package 'braccio_moveit_config' build argument 'catkin_cmake_args' from command line to 'None'
[0.197s] Level 5:colcon.colcon_core.verb:set package 'braccio_moveit_config' build argument 'catkin_skip_building_tests' from command line to 'False'
[0.197s] DEBUG:colcon.colcon_core.verb:Building package 'braccio_moveit_config' with the following arguments: {'ament_cmake_args': None, 'build_base': '/home/ivan/Escritorio/Braccio-Tinkerkit-Arduino/build/braccio_moveit_config', 'catkin_cmake_args': None, 'catkin_skip_building_tests': False, 'cmake_args': None, 'cmake_clean_cache': False, 'cmake_clean_first': False, 'cmake_force_configure': False, 'cmake_target': None, 'cmake_target_skip_unavailable': False, 'install_base': '/home/ivan/Escritorio/Braccio-Tinkerkit-Arduino/install/braccio_moveit_config', 'merge_install': False, 'path': '/home/ivan/Escritorio/Braccio-Tinkerkit-Arduino/braccio_moveit_config', 'symlink_install': False, 'test_result_base': None}
[0.197s] INFO:colcon.colcon_core.executor:Executing jobs using 'parallel' executor
[0.198s] DEBUG:colcon.colcon_parallel_executor.executor.parallel:run_until_complete
[0.198s] INFO:colcon.colcon_ros.task.ament_cmake.build:Building ROS package in '/home/ivan/Escritorio/Braccio-Tinkerkit-Arduino/braccio_description' with build type 'ament_cmake'
[0.198s] INFO:colcon.colcon_cmake.task.cmake.build:Building CMake package in '/home/ivan/Escritorio/Braccio-Tinkerkit-Arduino/braccio_description'
[0.199s] INFO:colcon.colcon_core.plugin_system:Skipping extension 'colcon_core.shell.bat': Not used on non-Windows systems
[0.199s] INFO:colcon.colcon_core.shell:Skip shell extension 'powershell' for command environment: Not usable outside of PowerShell
[0.199s] DEBUG:colcon.colcon_core.shell:Skip shell extension 'dsv' for command environment
[0.202s] INFO:colcon.colcon_ros.task.ament_cmake.build:Building ROS package in '/home/ivan/Escritorio/Braccio-Tinkerkit-Arduino/braccio_hardware' with build type 'ament_cmake'
[0.202s] INFO:colcon.colcon_cmake.task.cmake.build:Building CMake package in '/home/ivan/Escritorio/Braccio-Tinkerkit-Arduino/braccio_hardware'
[0.202s] INFO:colcon.colcon_core.shell:Skip shell extension 'powershell' for command environment: Not usable outside of PowerShell
[0.202s] DEBUG:colcon.colcon_core.shell:Skip shell extension 'dsv' for command environment
[0.207s] DEBUG:colcon.colcon_core.event_handler.log_command:Invoking command in '/home/ivan/Escritorio/Braccio-Tinkerkit-Arduino/build/braccio_description': CMAKE_PREFIX_PATH=/opt/ros/humble /usr/bin/cmake --build /home/ivan/Escritorio/Braccio-Tinkerkit-Arduino/build/braccio_description -- -j16 -l16
[0.210s] DEBUG:colcon.colcon_core.event_handler.log_command:Invoking command in '/home/ivan/Escritorio/Braccio-Tinkerkit-Arduino/build/braccio_hardware': CMAKE_PREFIX_PATH=/opt/ros/humble /usr/bin/cmake --build /home/ivan/Escritorio/Braccio-Tinkerkit-Arduino/build/braccio_hardware -- -j16 -l16
[0.409s] DEBUG:colcon.colcon_core.event_handler.log_command:Invoked command in '/home/ivan/Escritorio/Braccio-Tinkerkit-Arduino/build/braccio_hardware' returned '0': CMAKE_PREFIX_PATH=/opt/ros/humble /usr/bin/cmake --build /home/ivan/Escritorio/Braccio-Tinkerkit-Arduino/build/braccio_hardware -- -j16 -l16
[0.416s] DEBUG:colcon.colcon_core.event_handler.log_command:Invoking command in '/home/ivan/Escritorio/Braccio-Tinkerkit-Arduino/build/braccio_hardware': CMAKE_PREFIX_PATH=/opt/ros/humble /usr/bin/cmake --install /home/ivan/Escritorio/Braccio-Tinkerkit-Arduino/build/braccio_hardware
[0.416s] DEBUG:colcon.colcon_core.event_handler.log_command:Invoked command in '/home/ivan/Escritorio/Braccio-Tinkerkit-Arduino/build/braccio_description' returned '0': CMAKE_PREFIX_PATH=/opt/ros/humble /usr/bin/cmake --build /home/ivan/Escritorio/Braccio-Tinkerkit-Arduino/build/braccio_description -- -j16 -l16
[0.417s] DEBUG:colcon.colcon_core.event_handler.log_command:Invoking command in '/home/ivan/Escritorio/Braccio-Tinkerkit-Arduino/build/braccio_description': CMAKE_PREFIX_PATH=/opt/ros/humble /usr/bin/cmake --install /home/ivan/Escritorio/Braccio-Tinkerkit-Arduino/build/braccio_description
[0.446s] Level 1:colcon.colcon_core.environment:create_environment_scripts_only(braccio_hardware)
[0.447s] DEBUG:colcon.colcon_core.event_handler.log_command:Invoked command in '/home/ivan/Escritorio/Braccio-Tinkerkit-Arduino/build/braccio_hardware' returned '0': CMAKE_PREFIX_PATH=/opt/ros/humble /usr/bin/cmake --install /home/ivan/Escritorio/Braccio-Tinkerkit-Arduino/build/braccio_hardware
[0.448s] Level 1:colcon.colcon_core.environment:checking '/home/ivan/Escritorio/Braccio-Tinkerkit-Arduino/install/braccio_hardware' for CMake module files
[0.449s] Level 1:colcon.colcon_core.environment:checking '/home/ivan/Escritorio/Braccio-Tinkerkit-Arduino/install/braccio_hardware' for CMake config files
[0.449s] Level 1:colcon.colcon_core.shell:create_environment_hook('braccio_hardware', 'cmake_prefix_path')
[0.449s] INFO:colcon.colcon_core.shell:Creating environment hook '/home/ivan/Escritorio/Braccio-Tinkerkit-Arduino/install/braccio_hardware/share/braccio_hardware/hook/cmake_prefix_path.ps1'
[0.449s] INFO:colcon.colcon_core.shell:Creating environment descriptor '/home/ivan/Escritorio/Braccio-Tinkerkit-Arduino/install/braccio_hardware/share/braccio_hardware/hook/cmake_prefix_path.dsv'
[0.450s] INFO:colcon.colcon_core.shell:Creating environment hook '/home/ivan/Escritorio/Braccio-Tinkerkit-Arduino/install/braccio_hardware/share/braccio_hardware/hook/cmake_prefix_path.sh'
[0.450s] Level 1:colcon.colcon_core.environment:checking '/home/ivan/Escritorio/Braccio-Tinkerkit-Arduino/install/braccio_hardware/lib'
[0.450s] Level 1:colcon.colcon_core.shell:create_environment_hook('braccio_hardware', 'ld_library_path_lib')
[0.451s] INFO:colcon.colcon_core.shell:Creating environment hook '/home/ivan/Escritorio/Braccio-Tinkerkit-Arduino/install/braccio_hardware/share/braccio_hardware/hook/ld_library_path_lib.ps1'
[0.451s] INFO:colcon.colcon_core.shell:Creating environment descriptor '/home/ivan/Escritorio/Braccio-Tinkerkit-Arduino/install/braccio_hardware/share/braccio_hardware/hook/ld_library_path_lib.dsv'
[0.451s] INFO:colcon.colcon_core.shell:Creating environment hook '/home/ivan/Escritorio/Braccio-Tinkerkit-Arduino/install/braccio_hardware/share/braccio_hardware/hook/ld_library_path_lib.sh'
[0.451s] Level 1:colcon.colcon_core.environment:checking '/home/ivan/Escritorio/Braccio-Tinkerkit-Arduino/install/braccio_hardware/bin'
[0.451s] Level 1:colcon.colcon_core.environment:checking '/home/ivan/Escritorio/Braccio-Tinkerkit-Arduino/install/braccio_hardware/lib/pkgconfig/braccio_hardware.pc'
[0.452s] Level 1:colcon.colcon_core.environment:checking '/home/ivan/Escritorio/Braccio-Tinkerkit-Arduino/install/braccio_hardware/lib/python3.10/site-packages'
[0.452s] Level 1:colcon.colcon_core.environment:checking '/home/ivan/Escritorio/Braccio-Tinkerkit-Arduino/install/braccio_hardware/bin'
[0.452s] INFO:colcon.colcon_core.shell:Creating package script '/home/ivan/Escritorio/Braccio-Tinkerkit-Arduino/install/braccio_hardware/share/braccio_hardware/package.ps1'
[0.452s] INFO:colcon.colcon_core.shell:Creating package descriptor '/home/ivan/Escritorio/Braccio-Tinkerkit-Arduino/install/braccio_hardware/share/braccio_hardware/package.dsv'
[0.453s] INFO:colcon.colcon_core.shell:Creating package script '/home/ivan/Escritorio/Braccio-Tinkerkit-Arduino/install/braccio_hardware/share/braccio_hardware/package.sh'
[0.453s] INFO:colcon.colcon_core.shell:Creating package script '/home/ivan/Escritorio/Braccio-Tinkerkit-Arduino/install/braccio_hardware/share/braccio_hardware/package.bash'
[0.453s] INFO:colcon.colcon_core.shell:Creating package script '/home/ivan/Escritorio/Braccio-Tinkerkit-Arduino/install/braccio_hardware/share/braccio_hardware/package.zsh'
[0.454s] Level 1:colcon.colcon_core.environment:create_file_with_runtime_dependencies(/home/ivan/Escritorio/Braccio-Tinkerkit-Arduino/install/braccio_hardware/share/colcon-core/packages/braccio_hardware)
[0.454s] Level 1:colcon.colcon_core.environment:create_environment_scripts_only(braccio_hardware)
[0.454s] Level 1:colcon.colcon_core.environment:checking '/home/ivan/Escritorio/Braccio-Tinkerkit-Arduino/install/braccio_hardware' for CMake module files
[0.455s] Level 1:colcon.colcon_core.environment:checking '/home/ivan/Escritorio/Braccio-Tinkerkit-Arduino/install/braccio_hardware' for CMake config files
[0.455s] Level 1:colcon.colcon_core.shell:create_environment_hook('braccio_hardware', 'cmake_prefix_path')
[0.455s] INFO:colcon.colcon_core.shell:Creating environment hook '/home/ivan/Escritorio/Braccio-Tinkerkit-Arduino/install/braccio_hardware/share/braccio_hardware/hook/cmake_prefix_path.ps1'
[0.455s] INFO:colcon.colcon_core.shell:Creating environment descriptor '/home/ivan/Escritorio/Braccio-Tinkerkit-Arduino/install/braccio_hardware/share/braccio_hardware/hook/cmake_prefix_path.dsv'
[0.455s] INFO:colcon.colcon_core.shell:Creating environment hook '/home/ivan/Escritorio/Braccio-Tinkerkit-Arduino/install/braccio_hardware/share/braccio_hardware/hook/cmake_prefix_path.sh'
[0.456s] Level 1:colcon.colcon_core.environment:checking '/home/ivan/Escritorio/Braccio-Tinkerkit-Arduino/install/braccio_hardware/lib'
[0.456s] Level 1:colcon.colcon_core.shell:create_environment_hook('braccio_hardware', 'ld_library_path_lib')
[0.456s] INFO:colcon.colcon_core.shell:Creating environment hook '/home/ivan/Escritorio/Braccio-Tinkerkit-Arduino/install/braccio_hardware/share/braccio_hardware/hook/ld_library_path_lib.ps1'
[0.456s] INFO:colcon.colcon_core.shell:Creating environment descriptor '/home/ivan/Escritorio/Braccio-Tinkerkit-Arduino/install/braccio_hardware/share/braccio_hardware/hook/ld_library_path_lib.dsv'
[0.456s] INFO:colcon.colcon_core.shell:Creating environment hook '/home/ivan/Escritorio/Braccio-Tinkerkit-Arduino/install/braccio_hardware/share/braccio_hardware/hook/ld_library_path_lib.sh'
[0.456s] Level 1:colcon.colcon_core.environment:checking '/home/ivan/Escritorio/Braccio-Tinkerkit-Arduino/install/braccio_hardware/bin'
[0.456s] Level 1:colcon.colcon_core.environment:checking '/home/ivan/Escritorio/Braccio-Tinkerkit-Arduino/install/braccio_hardware/lib/pkgconfig/braccio_hardware.pc'
[0.457s] Level 1:colcon.colcon_core.environment:checking '/home/ivan/Escritorio/Braccio-Tinkerkit-Arduino/install/braccio_hardware/lib/python3.10/site-packages'
[0.457s] Level 1:colcon.colcon_core.environment:checking '/home/ivan/Escritorio/Braccio-Tinkerkit-Arduino/install/braccio_hardware/bin'
[0.457s] INFO:colcon.colcon_core.shell:Creating package script '/home/ivan/Escritorio/Braccio-Tinkerkit-Arduino/install/braccio_hardware/share/braccio_hardware/package.ps1'
[0.457s] INFO:colcon.colcon_core.shell:Creating package descriptor '/home/ivan/Escritorio/Braccio-Tinkerkit-Arduino/install/braccio_hardware/share/braccio_hardware/package.dsv'
[0.457s] INFO:colcon.colcon_core.shell:Creating package script '/home/ivan/Escritorio/Braccio-Tinkerkit-Arduino/install/braccio_hardware/share/braccio_hardware/package.sh'
[0.458s] INFO:colcon.colcon_core.shell:Creating package script '/home/ivan/Escritorio/Braccio-Tinkerkit-Arduino/install/braccio_hardware/share/braccio_hardware/package.bash'
[0.458s] INFO:colcon.colcon_core.shell:Creating package script '/home/ivan/Escritorio/Braccio-Tinkerkit-Arduino/install/braccio_hardware/share/braccio_hardware/package.zsh'
[0.458s] Level 1:colcon.colcon_core.environment:create_file_with_runtime_dependencies(/home/ivan/Escritorio/Braccio-Tinkerkit-Arduino/install/braccio_hardware/share/colcon-core/packages/braccio_hardware)
[0.459s] Level 1:colcon.colcon_core.environment:create_environment_scripts_only(braccio_description)
[0.459s] Level 1:colcon.colcon_core.environment:checking '/home/ivan/Escritorio/Braccio-Tinkerkit-Arduino/install/braccio_description' for CMake module files
[0.459s] DEBUG:colcon.colcon_core.event_handler.log_command:Invoked command in '/home/ivan/Escritorio/Braccio-Tinkerkit-Arduino/build/braccio_description' returned '0': CMAKE_PREFIX_PATH=/opt/ros/humble /usr/bin/cmake --install /home/ivan/Escritorio/Braccio-Tinkerkit-Arduino/build/braccio_description
[0.459s] Level 1:colcon.colcon_core.environment:checking '/home/ivan/Escritorio/Braccio-Tinkerkit-Arduino/install/braccio_description' for CMake config files
[0.460s] Level 1:colcon.colcon_core.shell:create_environment_hook('braccio_description', 'cmake_prefix_path')
[0.460s] INFO:colcon.colcon_core.shell:Creating environment hook '/home/ivan/Escritorio/Braccio-Tinkerkit-Arduino/install/braccio_description/share/braccio_description/hook/cmake_prefix_path.ps1'
[0.460s] INFO:colcon.colcon_core.shell:Creating environment descriptor '/home/ivan/Escritorio/Braccio-Tinkerkit-Arduino/install/braccio_description/share/braccio_description/hook/cmake_prefix_path.dsv'
[0.460s] INFO:colcon.colcon_core.shell:Creating environment hook '/home/ivan/Escritorio/Braccio-Tinkerkit-Arduino/install/braccio_description/share/braccio_description/hook/cmake_prefix_path.sh'
[0.460s] Level 1:colcon.colcon_core.environment:checking '/home/ivan/Escritorio/Braccio-Tinkerkit-Arduino/install/braccio_description/bin'
[0.460s] Level 1:colcon.colcon_core.environment:checking '/home/ivan/Escritorio/Braccio-Tinkerkit-Arduino/install/braccio_description/lib/pkgconfig/braccio_description.pc'
[0.461s] Level 1:colcon.colcon_core.environment:checking '/home/ivan/Escritorio/Braccio-Tinkerkit-Arduino/install/braccio_description/lib/python3.10/site-packages'
[0.461s] Level 1:colcon.colcon_core.environment:checking '/home/ivan/Escritorio/Braccio-Tinkerkit-Arduino/install/braccio_description/bin'
[0.461s] INFO:colcon.colcon_core.shell:Creating package script '/home/ivan/Escritorio/Braccio-Tinkerkit-Arduino/install/braccio_description/share/braccio_description/package.ps1'
[0.461s] INFO:colcon.colcon_core.shell:Creating package descriptor '/home/ivan/Escritorio/Braccio-Tinkerkit-Arduino/install/braccio_description/share/braccio_description/package.dsv'
[0.461s] INFO:colcon.colcon_core.shell:Creating package script '/home/ivan/Escritorio/Braccio-Tinkerkit-Arduino/install/braccio_description/share/braccio_description/package.sh'
[0.461s] INFO:colcon.colcon_core.shell:Creating package script '/home/ivan/Escritorio/Braccio-Tinkerkit-Arduino/install/braccio_description/share/braccio_description/package.bash'
[0.462s] INFO:colcon.colcon_core.shell:Creating package script '/home/ivan/Escritorio/Braccio-Tinkerkit-Arduino/install/braccio_description/share/braccio_description/package.zsh'
[0.462s] Level 1:colcon.colcon_core.environment:create_file_with_runtime_dependencies(/home/ivan/Escritorio/Braccio-Tinkerkit-Arduino/install/braccio_description/share/colcon-core/packages/braccio_description)
[0.462s] Level 1:colcon.colcon_core.environment:create_environment_scripts_only(braccio_description)
[0.462s] Level 1:colcon.colcon_core.environment:checking '/home/ivan/Escritorio/Braccio-Tinkerkit-Arduino/install/braccio_description' for CMake module files
[0.462s] Level 1:colcon.colcon_core.environment:checking '/home/ivan/Escritorio/Braccio-Tinkerkit-Arduino/install/braccio_description' for CMake config files
[0.463s] Level 1:colcon.colcon_core.shell:create_environment_hook('braccio_description', 'cmake_prefix_path')
[0.463s] INFO:colcon.colcon_core.shell:Creating environment hook '/home/ivan/Escritorio/Braccio-Tinkerkit-Arduino/install/braccio_description/share/braccio_description/hook/cmake_prefix_path.ps1'
[0.463s] INFO:colcon.colcon_core.shell:Creating environment descriptor '/home/ivan/Escritorio/Braccio-Tinkerkit-Arduino/install/braccio_description/share/braccio_description/hook/cmake_prefix_path.dsv'
[0.463s] INFO:colcon.colcon_core.shell:Creating environment hook '/home/ivan/Escritorio/Braccio-Tinkerkit-Arduino/install/braccio_description/share/braccio_description/hook/cmake_prefix_path.sh'
[0.463s] Level 1:colcon.colcon_core.environment:checking '/home/ivan/Escritorio/Braccio-Tinkerkit-Arduino/install/braccio_description/bin'
[0.463s] Level 1:colcon.colcon_core.environment:checking '/home/ivan/Escritorio/Braccio-Tinkerkit-Arduino/install/braccio_description/lib/pkgconfig/braccio_description.pc'
[0.463s] Level 1:colcon.colcon_core.environment:checking '/home/ivan/Escritorio/Braccio-Tinkerkit-Arduino/install/braccio_description/lib/python3.10/site-packages'
[0.464s] Level 1:colcon.colcon_core.environment:checking '/home/ivan/Escritorio/Braccio-Tinkerkit-Arduino/install/braccio_description/bin'
[0.464s] INFO:colcon.colcon_core.shell:Creating package script '/home/ivan/Escritorio/Braccio-Tinkerkit-Arduino/install/braccio_description/share/braccio_description/package.ps1'
[0.464s] INFO:colcon.colcon_core.shell:Creating package descriptor '/home/ivan/Escritorio/Braccio-Tinkerkit-Arduino/install/braccio_description/share/braccio_description/package.dsv'
[0.464s] INFO:colcon.colcon_core.shell:Creating package script '/home/ivan/Escritorio/Braccio-Tinkerkit-Arduino/install/braccio_description/share/braccio_description/package.sh'
[0.464s] INFO:colcon.colcon_core.shell:Creating package script '/home/ivan/Escritorio/Braccio-Tinkerkit-Arduino/install/braccio_description/share/braccio_description/package.bash'
[0.465s] INFO:colcon.colcon_core.shell:Creating package script '/home/ivan/Escritorio/Braccio-Tinkerkit-Arduino/install/braccio_description/share/braccio_description/package.zsh'
[0.465s] Level 1:colcon.colcon_core.environment:create_file_with_runtime_dependencies(/home/ivan/Escritorio/Braccio-Tinkerkit-Arduino/install/braccio_description/share/colcon-core/packages/braccio_description)
[0.465s] INFO:colcon.colcon_ros.task.ament_cmake.build:Building ROS package in '/home/ivan/Escritorio/Braccio-Tinkerkit-Arduino/braccio_bringup' with build type 'ament_cmake'
[0.465s] INFO:colcon.colcon_cmake.task.cmake.build:Building CMake package in '/home/ivan/Escritorio/Braccio-Tinkerkit-Arduino/braccio_bringup'
[0.465s] INFO:colcon.colcon_core.shell:Skip shell extension 'powershell' for command environment: Not usable outside of PowerShell
[0.465s] DEBUG:colcon.colcon_core.shell:Skip shell extension 'dsv' for command environment
[0.467s] INFO:colcon.colcon_ros.task.ament_cmake.build:Building ROS package in '/home/ivan/Escritorio/Braccio-Tinkerkit-Arduino/braccio_moveit_config' with build type 'ament_cmake'
[0.467s] INFO:colcon.colcon_cmake.task.cmake.build:Building CMake package in '/home/ivan/Escritorio/Braccio-Tinkerkit-Arduino/braccio_moveit_config'
[0.468s] INFO:colcon.colcon_core.shell:Skip shell extension 'powershell' for command environment: Not usable outside of PowerShell
[0.468s] DEBUG:colcon.colcon_core.shell:Skip shell extension 'dsv' for command environment
[0.474s] DEBUG:colcon.colcon_core.event_handler.log_command:Invoking command in '/home/ivan/Escritorio/Braccio-Tinkerkit-Arduino/build/braccio_bringup': AMENT_PREFIX_PATH=/home/ivan/Escritorio/Braccio-Tinkerkit-Arduino/install/braccio_hardware:/home/ivan/Escritorio/Braccio-Tinkerkit-Arduino/install/braccio_description:${AMENT_PREFIX_PATH} CMAKE_PREFIX_PATH=/home/ivan/Escritorio/Braccio-Tinkerkit-Arduino/install/braccio_hardware:/home/ivan/Escritorio/Braccio-Tinkerkit-Arduino/install/braccio_description:/opt/ros/humble LD_LIBRARY_PATH=/home/ivan/Escritorio/Braccio-Tinkerkit-Arduino/install/braccio_hardware/lib:${LD_LIBRARY_PATH} PYTHONPATH=/home/ivan/Escritorio/Braccio-Tinkerkit-Arduino/install/braccio_hardware/local/lib/python3.10/dist-packages:/home/ivan/Escritorio/Braccio-Tinkerkit-Arduino/install/braccio_description/local/lib/python3.10/dist-packages:${PYTHONPATH} /usr/bin/cmake --build /home/ivan/Escritorio/Braccio-Tinkerkit-Arduino/build/braccio_bringup -- -j16 -l16
[0.475s] DEBUG:colcon.colcon_core.event_handler.log_command:Invoking command in '/home/ivan/Escritorio/Braccio-Tinkerkit-Arduino/build/braccio_moveit_config': AMENT_PREFIX_PATH=/home/ivan/Escritorio/Braccio-Tinkerkit-Arduino/install/braccio_description:${AMENT_PREFIX_PATH} CMAKE_PREFIX_PATH=/home/ivan/Escritorio/Braccio-Tinkerkit-Arduino/install/braccio_description:/opt/ros/humble PYTHONPATH=/home/ivan/Escritorio/Braccio-Tinkerkit-Arduino/install/braccio_description/local/lib/python3.10/dist-packages:${PYTHONPATH} /usr/bin/cmake --build /home/ivan/Escritorio/Braccio-Tinkerkit-Arduino/build/braccio_moveit_config -- -j16 -l16
[0.502s] DEBUG:colcon.colcon_core.event_handler.log_command:Invoked command in '/home/ivan/Escritorio/Braccio-Tinkerkit-Arduino/build/braccio_moveit_config' returned '0': AMENT_PREFIX_PATH=/home/ivan/Escritorio/Braccio-Tinkerkit-Arduino/install/braccio_description:${AMENT_PREFIX_PATH} CMAKE_PREFIX_PATH=/home/ivan/Escritorio/Braccio-Tinkerkit-Arduino/install/braccio_description:/opt/ros/humble PYTHONPATH=/home/ivan/Escritorio/Braccio-Tinkerkit-Arduino/install/braccio_description/local/lib/python3.10/dist-packages:${PYTHONPATH} /usr/bin/cmake --build /home/ivan/Escritorio/Braccio-Tinkerkit-Arduino/build/braccio_moveit_config -- -j16 -l16
[0.504s] DEBUG:colcon.colcon_core.event_handler.log_command:Invoking command in '/home/ivan/Escritorio/Braccio-Tinkerkit-Arduino/build/braccio_moveit_config': AMENT_PREFIX_PATH=/home/ivan/Escritorio/Braccio-Tinkerkit-Arduino/install/braccio_description:${AMENT_PREFIX_PATH} CMAKE_PREFIX_PATH=/home/ivan/Escritorio/Braccio-Tinkerkit-Arduino/install/braccio_description:/opt/ros/humble PYTHONPATH=/home/ivan/Escritorio/Braccio-Tinkerkit-Arduino/install/braccio_description/local/lib/python3.10/dist-packages:${PYTHONPATH} /usr/bin/cmake --install /home/ivan/Escritorio/Braccio-Tinkerkit-Arduino/build/braccio_moveit_config
[0.510s] Level 1:colcon.colcon_core.environment:create_environment_scripts_only(braccio_moveit_config)
[0.511s] Level 1:colcon.colcon_core.environment:checking '/home/ivan/Escritorio/Braccio-Tinkerkit-Arduino/install/braccio_moveit_config' for CMake module files
[0.511s] DEBUG:colcon.colcon_core.event_handler.log_command:Invoked command in '/home/ivan/Escritorio/Braccio-Tinkerkit-Arduino/build/braccio_moveit_config' returned '0': AMENT_PREFIX_PATH=/home/ivan/Escritorio/Braccio-Tinkerkit-Arduino/install/braccio_description:${AMENT_PREFIX_PATH} CMAKE_PREFIX_PATH=/home/ivan/Escritorio/Braccio-Tinkerkit-Arduino/install/braccio_description:/opt/ros/humble PYTHONPATH=/home/ivan/Escritorio/Braccio-Tinkerkit-Arduino/install/braccio_description/local/lib/python3.10/dist-packages:${PYTHONPATH} /usr/bin/cmake --install /home/ivan/Escritorio/Braccio-Tinkerkit-Arduino/build/braccio_moveit_config
[0.511s] Level 1:colcon.colcon_core.environment:checking '/home/ivan/Escritorio/Braccio-Tinkerkit-Arduino/install/braccio_moveit_config' for CMake config files
[0.511s] Level 1:colcon.colcon_core.shell:create_environment_hook('braccio_moveit_config', 'cmake_prefix_path')
[0.511s] INFO:colcon.colcon_core.shell:Creating environment hook '/home/ivan/Escritorio/Braccio-Tinkerkit-Arduino/install/braccio_moveit_config/share/braccio_moveit_config/hook/cmake_prefix_path.ps1'
[0.512s] INFO:colcon.colcon_core.shell:Creating environment descriptor '/home/ivan/Escritorio/Braccio-Tinkerkit-Arduino/install/braccio_moveit_config/share/braccio_moveit_config/hook/cmake_prefix_path.dsv'
[0.512s] INFO:colcon.colcon_core.shell:Creating environment hook '/home/ivan/Escritorio/Braccio-Tinkerkit-Arduino/install/braccio_moveit_config/share/braccio_moveit_config/hook/cmake_prefix_path.sh'
[0.512s] Level 1:colcon.colcon_core.environment:checking '/home/ivan/Escritorio/Braccio-Tinkerkit-Arduino/install/braccio_moveit_config/lib'
[0.512s] Level 1:colcon.colcon_core.environment:checking '/home/ivan/Escritorio/Braccio-Tinkerkit-Arduino/install/braccio_moveit_config/bin'
[0.512s] Level 1:colcon.colcon_core.environment:checking '/home/ivan/Escritorio/Braccio-Tinkerkit-Arduino/install/braccio_moveit_config/lib/pkgconfig/braccio_moveit_config.pc'
[0.512s] Level 1:colcon.colcon_core.environment:checking '/home/ivan/Escritorio/Braccio-Tinkerkit-Arduino/install/braccio_moveit_config/lib/python3.10/site-packages'
[0.512s] Level 1:colcon.colcon_core.environment:checking '/home/ivan/Escritorio/Braccio-Tinkerkit-Arduino/install/braccio_moveit_config/bin'
[0.513s] INFO:colcon.colcon_core.shell:Creating package script '/home/ivan/Escritorio/Braccio-Tinkerkit-Arduino/install/braccio_moveit_config/share/braccio_moveit_config/package.ps1'
[0.513s] INFO:colcon.colcon_core.shell:Creating package descriptor '/home/ivan/Escritorio/Braccio-Tinkerkit-Arduino/install/braccio_moveit_config/share/braccio_moveit_config/package.dsv'
[0.513s] INFO:colcon.colcon_core.shell:Creating package script '/home/ivan/Escritorio/Braccio-Tinkerkit-Arduino/install/braccio_moveit_config/share/braccio_moveit_config/package.sh'
[0.514s] INFO:colcon.colcon_core.shell:Creating package script '/home/ivan/Escritorio/Braccio-Tinkerkit-Arduino/install/braccio_moveit_config/share/braccio_moveit_config/package.bash'
[0.514s] INFO:colcon.colcon_core.shell:Creating package script '/home/ivan/Escritorio/Braccio-Tinkerkit-Arduino/install/braccio_moveit_config/share/braccio_moveit_config/package.zsh'
[0.514s] Level 1:colcon.colcon_core.environment:create_file_with_runtime_dependencies(/home/ivan/Escritorio/Braccio-Tinkerkit-Arduino/install/braccio_moveit_config/share/colcon-core/packages/braccio_moveit_config)
[0.515s] Level 1:colcon.colcon_core.environment:create_environment_scripts_only(braccio_moveit_config)
[0.515s] Level 1:colcon.colcon_core.environment:checking '/home/ivan/Escritorio/Braccio-Tinkerkit-Arduino/install/braccio_moveit_config' for CMake module files
[0.515s] Level 1:colcon.colcon_core.environment:checking '/home/ivan/Escritorio/Braccio-Tinkerkit-Arduino/install/braccio_moveit_config' for CMake config files
[0.515s] Level 1:colcon.colcon_core.shell:create_environment_hook('braccio_moveit_config', 'cmake_prefix_path')
[0.515s] INFO:colcon.colcon_core.shell:Creating environment hook '/home/ivan/Escritorio/Braccio-Tinkerkit-Arduino/install/braccio_moveit_config/share/braccio_moveit_config/hook/cmake_prefix_path.ps1'
[0.515s] INFO:colcon.colcon_core.shell:Creating environment descriptor '/home/ivan/Escritorio/Braccio-Tinkerkit-Arduino/install/braccio_moveit_config/share/braccio_moveit_config/hook/cmake_prefix_path.dsv'
[0.516s] INFO:colcon.colcon_core.shell:Creating environment hook '/home/ivan/Escritorio/Braccio-Tinkerkit-Arduino/install/braccio_moveit_config/share/braccio_moveit_config/hook/cmake_prefix_path.sh'
[0.516s] Level 1:colcon.colcon_core.environment:checking '/home/ivan/Escritorio/Braccio-Tinkerkit-Arduino/install/braccio_moveit_config/lib'
[0.516s] Level 1:colcon.colcon_core.environment:checking '/home/ivan/Escritorio/Braccio-Tinkerkit-Arduino/install/braccio_moveit_config/bin'
[0.516s] Level 1:colcon.colcon_core.environment:checking '/home/ivan/Escritorio/Braccio-Tinkerkit-Arduino/install/braccio_moveit_config/lib/pkgconfig/braccio_moveit_config.pc'
[0.516s] Level 1:colcon.colcon_core.environment:checking '/home/ivan/Escritorio/Braccio-Tinkerkit-Arduino/install/braccio_moveit_config/lib/python3.10/site-packages'
[0.516s] Level 1:colcon.colcon_core.environment:checking '/home/ivan/Escritorio/Braccio-Tinkerkit-Arduino/install/braccio_moveit_config/bin'
[0.516s] INFO:colcon.colcon_core.shell:Creating package script '/home/ivan/Escritorio/Braccio-Tinkerkit-Arduino/install/braccio_moveit_config/share/braccio_moveit_config/package.ps1'
[0.517s] INFO:colcon.colcon_core.shell:Creating package descriptor '/home/ivan/Escritorio/Braccio-Tinkerkit-Arduino/install/braccio_moveit_config/share/braccio_moveit_config/package.dsv'
[0.517s] INFO:colcon.colcon_core.shell:Creating package script '/home/ivan/Escritorio/Braccio-Tinkerkit-Arduino/install/braccio_moveit_config/share/braccio_moveit_config/package.sh'
[0.517s] INFO:colcon.colcon_core.shell:Creating package script '/home/ivan/Escritorio/Braccio-Tinkerkit-Arduino/install/braccio_moveit_config/share/braccio_moveit_config/package.bash'
[0.517s] INFO:colcon.colcon_core.shell:Creating package script '/home/ivan/Escritorio/Braccio-Tinkerkit-Arduino/install/braccio_moveit_config/share/braccio_moveit_config/package.zsh'
[0.518s] Level 1:colcon.colcon_core.environment:create_file_with_runtime_dependencies(/home/ivan/Escritorio/Braccio-Tinkerkit-Arduino/install/braccio_moveit_config/share/colcon-core/packages/braccio_moveit_config)
[0.683s] DEBUG:colcon.colcon_core.event_handler.log_command:Invoked command in '/home/ivan/Escritorio/Braccio-Tinkerkit-Arduino/build/braccio_bringup' returned '0': AMENT_PREFIX_PATH=/home/ivan/Escritorio/Braccio-Tinkerkit-Arduino/install/braccio_hardware:/home/ivan/Escritorio/Braccio-Tinkerkit-Arduino/install/braccio_description:${AMENT_PREFIX_PATH} CMAKE_PREFIX_PATH=/home/ivan/Escritorio/Braccio-Tinkerkit-Arduino/install/braccio_hardware:/home/ivan/Escritorio/Braccio-Tinkerkit-Arduino/install/braccio_description:/opt/ros/humble LD_LIBRARY_PATH=/home/ivan/Escritorio/Braccio-Tinkerkit-Arduino/install/braccio_hardware/lib:${LD_LIBRARY_PATH} PYTHONPATH=/home/ivan/Escritorio/Braccio-Tinkerkit-Arduino/install/braccio_hardware/local/lib/python3.10/dist-packages:/home/ivan/Escritorio/Braccio-Tinkerkit-Arduino/install/braccio_description/local/lib/python3.10/dist-packages:${PYTHONPATH} /usr/bin/cmake --build /home/ivan/Escritorio/Braccio-Tinkerkit-Arduino/build/braccio_bringup -- -j16 -l16
[0.684s] DEBUG:colcon.colcon_core.event_handler.log_command:Invoking command in '/home/ivan/Escritorio/Braccio-Tinkerkit-Arduino/build/braccio_bringup': AMENT_PREFIX_PATH=/home/ivan/Escritorio/Braccio-Tinkerkit-Arduino/install/braccio_hardware:/home/ivan/Escritorio/Braccio-Tinkerkit-Arduino/install/braccio_description:${AMENT_PREFIX_PATH} CMAKE_PREFIX_PATH=/home/ivan/Escritorio/Braccio-Tinkerkit-Arduino/install/braccio_hardware:/home/ivan/Escritorio/Braccio-Tinkerkit-Arduino/install/braccio_description:/opt/ros/humble LD_LIBRARY_PATH=/home/ivan/Escritorio/Braccio-Tinkerkit-Arduino/install/braccio_hardware/lib:${LD_LIBRARY_PATH} PYTHONPATH=/home/ivan/Escritorio/Braccio-Tinkerkit-Arduino/install/braccio_hardware/local/lib/python3.10/dist-packages:/home/ivan/Escritorio/Braccio-Tinkerkit-Arduino/install/braccio_description/local/lib/python3.10/dist-packages:${PYTHONPATH} /usr/bin/cmake --install /home/ivan/Escritorio/Braccio-Tinkerkit-Arduino/build/braccio_bringup
[0.713s] Level 1:colcon.colcon_core.environment:create_environment_scripts_only(braccio_bringup)
[0.713s] Level 1:colcon.colcon_core.environment:checking '/home/ivan/Escritorio/Braccio-Tinkerkit-Arduino/install/braccio_bringup' for CMake module files
[0.713s] DEBUG:colcon.colcon_core.event_handler.log_command:Invoked command in '/home/ivan/Escritorio/Braccio-Tinkerkit-Arduino/build/braccio_bringup' returned '0': AMENT_PREFIX_PATH=/home/ivan/Escritorio/Braccio-Tinkerkit-Arduino/install/braccio_hardware:/home/ivan/Escritorio/Braccio-Tinkerkit-Arduino/install/braccio_description:${AMENT_PREFIX_PATH} CMAKE_PREFIX_PATH=/home/ivan/Escritorio/Braccio-Tinkerkit-Arduino/install/braccio_hardware:/home/ivan/Escritorio/Braccio-Tinkerkit-Arduino/install/braccio_description:/opt/ros/humble LD_LIBRARY_PATH=/home/ivan/Escritorio/Braccio-Tinkerkit-Arduino/install/braccio_hardware/lib:${LD_LIBRARY_PATH} PYTHONPATH=/home/ivan/Escritorio/Braccio-Tinkerkit-Arduino/install/braccio_hardware/local/lib/python3.10/dist-packages:/home/ivan/Escritorio/Braccio-Tinkerkit-Arduino/install/braccio_description/local/lib/python3.10/dist-packages:${PYTHONPATH} /usr/bin/cmake --install /home/ivan/Escritorio/Braccio-Tinkerkit-Arduino/build/braccio_bringup
[0.713s] Level 1:colcon.colcon_core.environment:checking '/home/ivan/Escritorio/Braccio-Tinkerkit-Arduino/install/braccio_bringup' for CMake config files
[0.714s] Level 1:colcon.colcon_core.shell:create_environment_hook('braccio_bringup', 'cmake_prefix_path')
[0.714s] INFO:colcon.colcon_core.shell:Creating environment hook '/home/ivan/Escritorio/Braccio-Tinkerkit-Arduino/install/braccio_bringup/share/braccio_bringup/hook/cmake_prefix_path.ps1'
[0.714s] INFO:colcon.colcon_core.shell:Creating environment descriptor '/home/ivan/Escritorio/Braccio-Tinkerkit-Arduino/install/braccio_bringup/share/braccio_bringup/hook/cmake_prefix_path.dsv'
[0.714s] INFO:colcon.colcon_core.shell:Creating environment hook '/home/ivan/Escritorio/Braccio-Tinkerkit-Arduino/install/braccio_bringup/share/braccio_bringup/hook/cmake_prefix_path.sh'
[0.714s] Level 1:colcon.colcon_core.environment:checking '/home/ivan/Escritorio/Braccio-Tinkerkit-Arduino/install/braccio_bringup/bin'
[0.714s] Level 1:colcon.colcon_core.environment:checking '/home/ivan/Escritorio/Braccio-Tinkerkit-Arduino/install/braccio_bringup/lib/pkgconfig/braccio_bringup.pc'
[0.715s] Level 1:colcon.colcon_core.environment:checking '/home/ivan/Escritorio/Braccio-Tinkerkit-Arduino/install/braccio_bringup/lib/python3.10/site-packages'
[0.715s] Level 1:colcon.colcon_core.environment:checking '/home/ivan/Escritorio/Braccio-Tinkerkit-Arduino/install/braccio_bringup/bin'
[0.715s] INFO:colcon.colcon_core.shell:Creating package script '/home/ivan/Escritorio/Braccio-Tinkerkit-Arduino/install/braccio_bringup/share/braccio_bringup/package.ps1'
[0.715s] INFO:colcon.colcon_core.shell:Creating package descriptor '/home/ivan/Escritorio/Braccio-Tinkerkit-Arduino/install/braccio_bringup/share/braccio_bringup/package.dsv'
[0.715s] INFO:colcon.colcon_core.shell:Creating package script '/home/ivan/Escritorio/Braccio-Tinkerkit-Arduino/install/braccio_bringup/share/braccio_bringup/package.sh'
[0.715s] INFO:colcon.colcon_core.shell:Creating package script '/home/ivan/Escritorio/Braccio-Tinkerkit-Arduino/install/braccio_bringup/share/braccio_bringup/package.bash'
[0.716s] INFO:colcon.colcon_core.shell:Creating package script '/home/ivan/Escritorio/Braccio-Tinkerkit-Arduino/install/braccio_bringup/share/braccio_bringup/package.zsh'
[0.716s] Level 1:colcon.colcon_core.environment:create_file_with_runtime_dependencies(/home/ivan/Escritorio/Braccio-Tinkerkit-Arduino/install/braccio_bringup/share/colcon-core/packages/braccio_bringup)
[0.716s] Level 1:colcon.colcon_core.environment:create_environment_scripts_only(braccio_bringup)
[0.716s] Level 1:colcon.colcon_core.environment:checking '/home/ivan/Escritorio/Braccio-Tinkerkit-Arduino/install/braccio_bringup' for CMake module files
[0.716s] Level 1:colcon.colcon_core.environment:checking '/home/ivan/Escritorio/Braccio-Tinkerkit-Arduino/install/braccio_bringup' for CMake config files
[0.717s] Level 1:colcon.colcon_core.shell:create_environment_hook('braccio_bringup', 'cmake_prefix_path')
[0.717s] INFO:colcon.colcon_core.shell:Creating environment hook '/home/ivan/Escritorio/Braccio-Tinkerkit-Arduino/install/braccio_bringup/share/braccio_bringup/hook/cmake_prefix_path.ps1'
[0.717s] INFO:colcon.colcon_core.shell:Creating environment descriptor '/home/ivan/Escritorio/Braccio-Tinkerkit-Arduino/install/braccio_bringup/share/braccio_bringup/hook/cmake_prefix_path.dsv'
[0.717s] INFO:colcon.colcon_core.shell:Creating environment hook '/home/ivan/Escritorio/Braccio-Tinkerkit-Arduino/install/braccio_bringup/share/braccio_bringup/hook/cmake_prefix_path.sh'
[0.717s] Level 1:colcon.colcon_core.environment:checking '/home/ivan/Escritorio/Braccio-Tinkerkit-Arduino/install/braccio_bringup/bin'
[0.718s] Level 1:colcon.colcon_core.environment:checking '/home/ivan/Escritorio/Braccio-Tinkerkit-Arduino/install/braccio_bringup/lib/pkgconfig/braccio_bringup.pc'
[0.718s] Level 1:colcon.colcon_core.environment:checking '/home/ivan/Escritorio/Braccio-Tinkerkit-Arduino/install/braccio_bringup/lib/python3.10/site-packages'
[0.718s] Level 1:colcon.colcon_core.environment:checking '/home/ivan/Escritorio/Braccio-Tinkerkit-Arduino/install/braccio_bringup/bin'
[0.718s] INFO:colcon.colcon_core.shell:Creating package script '/home/ivan/Escritorio/Braccio-Tinkerkit-Arduino/install/braccio_bringup/share/braccio_bringup/package.ps1'
[0.718s] INFO:colcon.colcon_core.shell:Creating package descriptor '/home/ivan/Escritorio/Braccio-Tinkerkit-Arduino/install/braccio_bringup/share/braccio_bringup/package.dsv'
[0.718s] INFO:colcon.colcon_core.shell:Creating package script '/home/ivan/Escritorio/Braccio-Tinkerkit-Arduino/install/braccio_bringup/share/braccio_bringup/package.sh'
[0.719s] INFO:colcon.colcon_core.shell:Creating package script '/home/ivan/Escritorio/Braccio-Tinkerkit-Arduino/install/braccio_bringup/share/braccio_bringup/package.bash'
[0.719s] INFO:colcon.colcon_core.shell:Creating package script '/home/ivan/Escritorio/Braccio-Tinkerkit-Arduino/install/braccio_bringup/share/braccio_bringup/package.zsh'
[0.719s] Level 1:colcon.colcon_core.environment:create_file_with_runtime_dependencies(/home/ivan/Escritorio/Braccio-Tinkerkit-Arduino/install/braccio_bringup/share/colcon-core/packages/braccio_bringup)
[0.719s] DEBUG:colcon.colcon_parallel_executor.executor.parallel:closing loop
[0.719s] DEBUG:colcon.colcon_parallel_executor.executor.parallel:loop closed
[0.719s] DEBUG:colcon.colcon_parallel_executor.executor.parallel:run_until_complete finished with '0'
[0.719s] DEBUG:colcon.colcon_core.event_reactor:joining thread
[0.723s] INFO:colcon.colcon_core.plugin_system:Skipping extension 'colcon_notification.desktop_notification.terminal_notifier': Not used on non-Darwin systems
[0.723s] INFO:colcon.colcon_core.plugin_system:Skipping extension 'colcon_notification.desktop_notification.win32': Not used on non-Windows systems
[0.723s] INFO:colcon.colcon_notification.desktop_notification:Sending desktop notification using 'notify2'
[0.732s] DEBUG:colcon.colcon_core.event_reactor:joined thread
[0.733s] INFO:colcon.colcon_core.shell:Creating prefix script '/home/ivan/Escritorio/Braccio-Tinkerkit-Arduino/install/local_setup.ps1'
[0.734s] INFO:colcon.colcon_core.shell:Creating prefix util module '/home/ivan/Escritorio/Braccio-Tinkerkit-Arduino/install/_local_setup_util_ps1.py'
[0.735s] INFO:colcon.colcon_core.shell:Creating prefix chain script '/home/ivan/Escritorio/Braccio-Tinkerkit-Arduino/install/setup.ps1'
[0.736s] INFO:colcon.colcon_core.shell:Creating prefix script '/home/ivan/Escritorio/Braccio-Tinkerkit-Arduino/install/local_setup.sh'
[0.736s] INFO:colcon.colcon_core.shell:Creating prefix util module '/home/ivan/Escritorio/Braccio-Tinkerkit-Arduino/install/_local_setup_util_sh.py'
[0.736s] INFO:colcon.colcon_core.shell:Creating prefix chain script '/home/ivan/Escritorio/Braccio-Tinkerkit-Arduino/install/setup.sh'
[0.737s] INFO:colcon.colcon_core.shell:Creating prefix script '/home/ivan/Escritorio/Braccio-Tinkerkit-Arduino/install/local_setup.bash'
[0.737s] INFO:colcon.colcon_core.shell:Creating prefix chain script '/home/ivan/Escritorio/Braccio-Tinkerkit-Arduino/install/setup.bash'
[0.737s] INFO:colcon.colcon_core.shell:Creating prefix script '/home/ivan/Escritorio/Braccio-Tinkerkit-Arduino/install/local_setup.zsh'
[0.738s] INFO:colcon.colcon_core.shell:Creating prefix chain script '/home/ivan/Escritorio/Braccio-Tinkerkit-Arduino/install/setup.zsh'
