-- The C compiler identification is GNU 11.4.0
-- The CXX compiler identification is GNU 11.4.0
-- Detecting C compiler ABI info
-- Detecting C compiler ABI info - done
-- Check for working C compiler: /usr/bin/cc - skipped
-- Detecting C compile features
-- Detecting C compile features - done
-- Detecting CXX compiler ABI info
-- Detecting CXX compiler ABI info - done
-- Check for working CXX compiler: /usr/bin/c++ - skipped
-- Detecting CXX compile features
-- Detecting CXX compile features - done
-- Found ament_cmake: 1.3.11 (/opt/ros/humble/share/ament_cmake/cmake)
-- Found Python3: /usr/bin/python3 (found version "3.10.12") found components: Interpreter 
-- Found ament_lint_auto: 0.12.12 (/opt/ros/humble/share/ament_lint_auto/cmake)
-- Added test 'flake8' to check Python code syntax and style conventions
-- Added test 'lint_cmake' to check CMake code style
-- Added test 'pep257' to check Python code against some of the docstring style conventions in PEP 257
-- Added test 'xmllint' to check XML markup files
-- Configuring done
-- Generating done
-- Build files have been written to: /home/ivan/Escritorio/Braccio-Tinkerkit-Arduino/build/braccio_bringup
Built target ament_cmake_python_copy_braccio_bringup
running egg_info
creating braccio_bringup.egg-info
writing braccio_bringup.egg-info/PKG-INFO
writing dependency_links to braccio_bringup.egg-info/dependency_links.txt
writing top-level names to braccio_bringup.egg-info/top_level.txt
writing manifest file 'braccio_bringup.egg-info/SOURCES.txt'
reading manifest file 'braccio_bringup.egg-info/SOURCES.txt'
writing manifest file 'braccio_bringup.egg-info/SOURCES.txt'
Built target ament_cmake_python_build_braccio_bringup_egg
-- Install configuration: ""
-- Installing: /home/ivan/Escritorio/Braccio-Tinkerkit-Arduino/install/braccio_bringup/share/braccio_bringup/config
-- Installing: /home/ivan/Escritorio/Braccio-Tinkerkit-Arduino/install/braccio_bringup/share/braccio_bringup/config/config.rviz
-- Installing: /home/ivan/Escritorio/Braccio-Tinkerkit-Arduino/install/braccio_bringup/share/braccio_bringup/launch
-- Installing: /home/ivan/Escritorio/Braccio-Tinkerkit-Arduino/install/braccio_bringup/share/braccio_bringup/launch/move_group.launch.py
-- Installing: /home/ivan/Escritorio/Braccio-Tinkerkit-Arduino/install/braccio_bringup/share/braccio_bringup/launch/real.launch.py
-- Installing: /home/ivan/Escritorio/Braccio-Tinkerkit-Arduino/install/braccio_bringup/share/braccio_bringup/launch/sim.launch.py
-- Installing: /home/ivan/Escritorio/Braccio-Tinkerkit-Arduino/install/braccio_bringup/share/braccio_bringup/launch/gazebo_sim.launch.py
-- Installing: /home/ivan/Escritorio/Braccio-Tinkerkit-Arduino/install/braccio_bringup/share/braccio_bringup/launch/bringup.launch.py
-- Installing: /home/ivan/Escritorio/Braccio-Tinkerkit-Arduino/install/braccio_bringup/share/braccio_bringup/environment/pythonpath.sh
-- Installing: /home/ivan/Escritorio/Braccio-Tinkerkit-Arduino/install/braccio_bringup/share/braccio_bringup/environment/pythonpath.dsv
-- Installing: /home/ivan/Escritorio/Braccio-Tinkerkit-Arduino/install/braccio_bringup/local/lib/python3.10/dist-packages/braccio_bringup-0.0.0-py3.10.egg-info
-- Installing: /home/ivan/Escritorio/Braccio-Tinkerkit-Arduino/install/braccio_bringup/local/lib/python3.10/dist-packages/braccio_bringup-0.0.0-py3.10.egg-info/top_level.txt
-- Installing: /home/ivan/Escritorio/Braccio-Tinkerkit-Arduino/install/braccio_bringup/local/lib/python3.10/dist-packages/braccio_bringup-0.0.0-py3.10.egg-info/PKG-INFO
-- Installing: /home/ivan/Escritorio/Braccio-Tinkerkit-Arduino/install/braccio_bringup/local/lib/python3.10/dist-packages/braccio_bringup-0.0.0-py3.10.egg-info/dependency_links.txt
-- Installing: /home/ivan/Escritorio/Braccio-Tinkerkit-Arduino/install/braccio_bringup/local/lib/python3.10/dist-packages/braccio_bringup-0.0.0-py3.10.egg-info/SOURCES.txt
-- Installing: /home/ivan/Escritorio/Braccio-Tinkerkit-Arduino/install/braccio_bringup/local/lib/python3.10/dist-packages/braccio_bringup
-- Installing: /home/ivan/Escritorio/Braccio-Tinkerkit-Arduino/install/braccio_bringup/local/lib/python3.10/dist-packages/braccio_bringup/__init__.py
-- Installing: /home/ivan/Escritorio/Braccio-Tinkerkit-Arduino/install/braccio_bringup/local/lib/python3.10/dist-packages/braccio_bringup/launch_mixin.py
Listing '/home/ivan/Escritorio/Braccio-Tinkerkit-Arduino/install/braccio_bringup/local/lib/python3.10/dist-packages/braccio_bringup'...
Compiling '/home/ivan/Escritorio/Braccio-Tinkerkit-Arduino/install/braccio_bringup/local/lib/python3.10/dist-packages/braccio_bringup/__init__.py'...
Compiling '/home/ivan/Escritorio/Braccio-Tinkerkit-Arduino/install/braccio_bringup/local/lib/python3.10/dist-packages/braccio_bringup/launch_mixin.py'...
-- Installing: /home/ivan/Escritorio/Braccio-Tinkerkit-Arduino/install/braccio_bringup/share/ament_index/resource_index/package_run_dependencies/braccio_bringup
-- Installing: /home/ivan/Escritorio/Braccio-Tinkerkit-Arduino/install/braccio_bringup/share/ament_index/resource_index/parent_prefix_path/braccio_bringup
-- Installing: /home/ivan/Escritorio/Braccio-Tinkerkit-Arduino/install/braccio_bringup/share/braccio_bringup/environment/ament_prefix_path.sh
-- Installing: /home/ivan/Escritorio/Braccio-Tinkerkit-Arduino/install/braccio_bringup/share/braccio_bringup/environment/ament_prefix_path.dsv
-- Installing: /home/ivan/Escritorio/Braccio-Tinkerkit-Arduino/install/braccio_bringup/share/braccio_bringup/environment/path.sh
-- Installing: /home/ivan/Escritorio/Braccio-Tinkerkit-Arduino/install/braccio_bringup/share/braccio_bringup/environment/path.dsv
-- Installing: /home/ivan/Escritorio/Braccio-Tinkerkit-Arduino/install/braccio_bringup/share/braccio_bringup/local_setup.bash
-- Installing: /home/ivan/Escritorio/Braccio-Tinkerkit-Arduino/install/braccio_bringup/share/braccio_bringup/local_setup.sh
-- Installing: /home/ivan/Escritorio/Braccio-Tinkerkit-Arduino/install/braccio_bringup/share/braccio_bringup/local_setup.zsh
-- Installing: /home/ivan/Escritorio/Braccio-Tinkerkit-Arduino/install/braccio_bringup/share/braccio_bringup/local_setup.dsv
-- Installing: /home/ivan/Escritorio/Braccio-Tinkerkit-Arduino/install/braccio_bringup/share/braccio_bringup/package.dsv
-- Installing: /home/ivan/Escritorio/Braccio-Tinkerkit-Arduino/install/braccio_bringup/share/ament_index/resource_index/packages/braccio_bringup
-- Installing: /home/ivan/Escritorio/Braccio-Tinkerkit-Arduino/install/braccio_bringup/share/braccio_bringup/cmake/braccio_bringupConfig.cmake
-- Installing: /home/ivan/Escritorio/Braccio-Tinkerkit-Arduino/install/braccio_bringup/share/braccio_bringup/cmake/braccio_bringupConfig-version.cmake
-- Installing: /home/ivan/Escritorio/Braccio-Tinkerkit-Arduino/install/braccio_bringup/share/braccio_bringup/package.xml
