[0.010s] Invoking command in '/home/ivan/Escritorio/ROS2_braccio/build/braccio_bringup': AMENT_PREFIX_PATH=/home/ivan/Escritorio/ROS2_braccio/install/braccio_hardware:/home/ivan/Escritorio/ROS2_braccio/install/braccio_description:${AMENT_PREFIX_PATH} CMAKE_PREFIX_PATH=/home/ivan/Escritorio/ROS2_braccio/install/braccio_hardware:/home/ivan/Escritorio/ROS2_braccio/install/braccio_description:/opt/ros/humble LD_LIBRARY_PATH=/home/ivan/Escritorio/ROS2_braccio/install/braccio_hardware/lib:${LD_LIBRARY_PATH} PYTHONPATH=/home/ivan/Escritorio/ROS2_braccio/install/braccio_hardware/local/lib/python3.10/dist-packages:/home/ivan/Escritorio/ROS2_braccio/install/braccio_description/local/lib/python3.10/dist-packages:${PYTHONPATH} /usr/bin/cmake --build /home/ivan/Escritorio/ROS2_braccio/build/braccio_bringup -- -j16 -l16
[0.070s] Built target ament_cmake_python_copy_braccio_bringup
[0.216s] running egg_info
[0.217s] writing braccio_bringup.egg-info/PKG-INFO
[0.217s] writing dependency_links to braccio_bringup.egg-info/dependency_links.txt
[0.217s] writing top-level names to braccio_bringup.egg-info/top_level.txt
[0.218s] reading manifest file 'braccio_bringup.egg-info/SOURCES.txt'
[0.219s] writing manifest file 'braccio_bringup.egg-info/SOURCES.txt'
[0.239s] Built target ament_cmake_python_build_braccio_bringup_egg
[0.249s] Invoked command in '/home/ivan/Escritorio/ROS2_braccio/build/braccio_bringup' returned '0': AMENT_PREFIX_PATH=/home/ivan/Escritorio/ROS2_braccio/install/braccio_hardware:/home/ivan/Escritorio/ROS2_braccio/install/braccio_description:${AMENT_PREFIX_PATH} CMAKE_PREFIX_PATH=/home/ivan/Escritorio/ROS2_braccio/install/braccio_hardware:/home/ivan/Escritorio/ROS2_braccio/install/braccio_description:/opt/ros/humble LD_LIBRARY_PATH=/home/ivan/Escritorio/ROS2_braccio/install/braccio_hardware/lib:${LD_LIBRARY_PATH} PYTHONPATH=/home/ivan/Escritorio/ROS2_braccio/install/braccio_hardware/local/lib/python3.10/dist-packages:/home/ivan/Escritorio/ROS2_braccio/install/braccio_description/local/lib/python3.10/dist-packages:${PYTHONPATH} /usr/bin/cmake --build /home/ivan/Escritorio/ROS2_braccio/build/braccio_bringup -- -j16 -l16
[0.251s] Invoking command in '/home/ivan/Escritorio/ROS2_braccio/build/braccio_bringup': AMENT_PREFIX_PATH=/home/ivan/Escritorio/ROS2_braccio/install/braccio_hardware:/home/ivan/Escritorio/ROS2_braccio/install/braccio_description:${AMENT_PREFIX_PATH} CMAKE_PREFIX_PATH=/home/ivan/Escritorio/ROS2_braccio/install/braccio_hardware:/home/ivan/Escritorio/ROS2_braccio/install/braccio_description:/opt/ros/humble LD_LIBRARY_PATH=/home/ivan/Escritorio/ROS2_braccio/install/braccio_hardware/lib:${LD_LIBRARY_PATH} PYTHONPATH=/home/ivan/Escritorio/ROS2_braccio/install/braccio_hardware/local/lib/python3.10/dist-packages:/home/ivan/Escritorio/ROS2_braccio/install/braccio_description/local/lib/python3.10/dist-packages:${PYTHONPATH} /usr/bin/cmake --install /home/ivan/Escritorio/ROS2_braccio/build/braccio_bringup
[0.258s] -- Install configuration: ""
[0.258s] -- Up-to-date: /home/ivan/Escritorio/ROS2_braccio/install/braccio_bringup/share/braccio_bringup/config
[0.258s] -- Up-to-date: /home/ivan/Escritorio/ROS2_braccio/install/braccio_bringup/share/braccio_bringup/config/config.rviz
[0.258s] -- Up-to-date: /home/ivan/Escritorio/ROS2_braccio/install/braccio_bringup/share/braccio_bringup/launch
[0.258s] -- Up-to-date: /home/ivan/Escritorio/ROS2_braccio/install/braccio_bringup/share/braccio_bringup/launch/move_group.launch.py
[0.258s] -- Up-to-date: /home/ivan/Escritorio/ROS2_braccio/install/braccio_bringup/share/braccio_bringup/launch/real.launch.py
[0.258s] -- Up-to-date: /home/ivan/Escritorio/ROS2_braccio/install/braccio_bringup/share/braccio_bringup/launch/sim.launch.py
[0.258s] -- Up-to-date: /home/ivan/Escritorio/ROS2_braccio/install/braccio_bringup/share/braccio_bringup/launch/gazebo_sim.launch.py
[0.258s] -- Up-to-date: /home/ivan/Escritorio/ROS2_braccio/install/braccio_bringup/share/braccio_bringup/launch/bringup.launch.py
[0.258s] -- Up-to-date: /home/ivan/Escritorio/ROS2_braccio/install/braccio_bringup/share/braccio_bringup/environment/pythonpath.sh
[0.258s] -- Up-to-date: /home/ivan/Escritorio/ROS2_braccio/install/braccio_bringup/share/braccio_bringup/environment/pythonpath.dsv
[0.258s] -- Up-to-date: /home/ivan/Escritorio/ROS2_braccio/install/braccio_bringup/local/lib/python3.10/dist-packages/braccio_bringup-0.0.0-py3.10.egg-info
[0.258s] -- Installing: /home/ivan/Escritorio/ROS2_braccio/install/braccio_bringup/local/lib/python3.10/dist-packages/braccio_bringup-0.0.0-py3.10.egg-info/top_level.txt
[0.258s] -- Installing: /home/ivan/Escritorio/ROS2_braccio/install/braccio_bringup/local/lib/python3.10/dist-packages/braccio_bringup-0.0.0-py3.10.egg-info/PKG-INFO
[0.259s] -- Installing: /home/ivan/Escritorio/ROS2_braccio/install/braccio_bringup/local/lib/python3.10/dist-packages/braccio_bringup-0.0.0-py3.10.egg-info/dependency_links.txt
[0.259s] -- Installing: /home/ivan/Escritorio/ROS2_braccio/install/braccio_bringup/local/lib/python3.10/dist-packages/braccio_bringup-0.0.0-py3.10.egg-info/SOURCES.txt
[0.259s] -- Up-to-date: /home/ivan/Escritorio/ROS2_braccio/install/braccio_bringup/local/lib/python3.10/dist-packages/braccio_bringup
[0.259s] -- Up-to-date: /home/ivan/Escritorio/ROS2_braccio/install/braccio_bringup/local/lib/python3.10/dist-packages/braccio_bringup/__init__.py
[0.259s] -- Up-to-date: /home/ivan/Escritorio/ROS2_braccio/install/braccio_bringup/local/lib/python3.10/dist-packages/braccio_bringup/launch_mixin.py
[0.281s] Listing '/home/ivan/Escritorio/ROS2_braccio/install/braccio_bringup/local/lib/python3.10/dist-packages/braccio_bringup'...
[0.284s] -- Up-to-date: /home/ivan/Escritorio/ROS2_braccio/install/braccio_bringup/share/ament_index/resource_index/package_run_dependencies/braccio_bringup
[0.284s] -- Up-to-date: /home/ivan/Escritorio/ROS2_braccio/install/braccio_bringup/share/ament_index/resource_index/parent_prefix_path/braccio_bringup
[0.284s] -- Up-to-date: /home/ivan/Escritorio/ROS2_braccio/install/braccio_bringup/share/braccio_bringup/environment/ament_prefix_path.sh
[0.284s] -- Up-to-date: /home/ivan/Escritorio/ROS2_braccio/install/braccio_bringup/share/braccio_bringup/environment/ament_prefix_path.dsv
[0.284s] -- Up-to-date: /home/ivan/Escritorio/ROS2_braccio/install/braccio_bringup/share/braccio_bringup/environment/path.sh
[0.284s] -- Up-to-date: /home/ivan/Escritorio/ROS2_braccio/install/braccio_bringup/share/braccio_bringup/environment/path.dsv
[0.284s] -- Up-to-date: /home/ivan/Escritorio/ROS2_braccio/install/braccio_bringup/share/braccio_bringup/local_setup.bash
[0.284s] -- Up-to-date: /home/ivan/Escritorio/ROS2_braccio/install/braccio_bringup/share/braccio_bringup/local_setup.sh
[0.284s] -- Up-to-date: /home/ivan/Escritorio/ROS2_braccio/install/braccio_bringup/share/braccio_bringup/local_setup.zsh
[0.284s] -- Up-to-date: /home/ivan/Escritorio/ROS2_braccio/install/braccio_bringup/share/braccio_bringup/local_setup.dsv
[0.285s] -- Installing: /home/ivan/Escritorio/ROS2_braccio/install/braccio_bringup/share/braccio_bringup/package.dsv
[0.285s] -- Up-to-date: /home/ivan/Escritorio/ROS2_braccio/install/braccio_bringup/share/ament_index/resource_index/packages/braccio_bringup
[0.285s] -- Up-to-date: /home/ivan/Escritorio/ROS2_braccio/install/braccio_bringup/share/braccio_bringup/cmake/braccio_bringupConfig.cmake
[0.285s] -- Up-to-date: /home/ivan/Escritorio/ROS2_braccio/install/braccio_bringup/share/braccio_bringup/cmake/braccio_bringupConfig-version.cmake
[0.285s] -- Up-to-date: /home/ivan/Escritorio/ROS2_braccio/install/braccio_bringup/share/braccio_bringup/package.xml
[0.286s] Invoked command in '/home/ivan/Escritorio/ROS2_braccio/build/braccio_bringup' returned '0': AMENT_PREFIX_PATH=/home/ivan/Escritorio/ROS2_braccio/install/braccio_hardware:/home/ivan/Escritorio/ROS2_braccio/install/braccio_description:${AMENT_PREFIX_PATH} CMAKE_PREFIX_PATH=/home/ivan/Escritorio/ROS2_braccio/install/braccio_hardware:/home/ivan/Escritorio/ROS2_braccio/install/braccio_description:/opt/ros/humble LD_LIBRARY_PATH=/home/ivan/Escritorio/ROS2_braccio/install/braccio_hardware/lib:${LD_LIBRARY_PATH} PYTHONPATH=/home/ivan/Escritorio/ROS2_braccio/install/braccio_hardware/local/lib/python3.10/dist-packages:/home/ivan/Escritorio/ROS2_braccio/install/braccio_description/local/lib/python3.10/dist-packages:${PYTHONPATH} /usr/bin/cmake --install /home/ivan/Escritorio/ROS2_braccio/build/braccio_bringup
