[0.011s] Invoking command in '/home/ivan/Escritorio/Braccio-Tinkerkit-Arduino/build/braccio_vision': CMAKE_PREFIX_PATH=/opt/ros/humble /usr/bin/cmake --build /home/ivan/Escritorio/Braccio-Tinkerkit-Arduino/build/braccio_vision -- -j16 -l16
[0.029s] -- Found ament_cmake: 1.3.11 (/opt/ros/humble/share/ament_cmake/cmake)
[0.117s] -- Found rclpy: 3.3.16 (/opt/ros/humble/share/rclpy/cmake)
[0.156s] -- Found ament_lint_auto: 0.12.12 (/opt/ros/humble/share/ament_lint_auto/cmake)
[0.200s] -- Added test 'copyright' to check source files copyright and LICENSE
[0.203s] -- Added test 'flake8' to check Python code syntax and style conventions
[0.204s] -- Added test 'lint_cmake' to check CMake code style
[0.204s] -- Added test 'pep257' to check Python code against some of the docstring style conventions in PEP 257
[0.205s] -- Added test 'xmllint' to check XML markup files
[0.206s] -- Configuring done
[0.209s] -- Generating done
[0.211s] -- Build files have been written to: /home/ivan/Escritorio/Braccio-Tinkerkit-Arduino/build/braccio_vision
[0.248s] Built target ament_cmake_python_copy_braccio_vision
[0.394s] running egg_info
[0.395s] writing braccio_vision.egg-info/PKG-INFO
[0.395s] writing dependency_links to braccio_vision.egg-info/dependency_links.txt
[0.395s] writing top-level names to braccio_vision.egg-info/top_level.txt
[0.396s] reading manifest file 'braccio_vision.egg-info/SOURCES.txt'
[0.396s] writing manifest file 'braccio_vision.egg-info/SOURCES.txt'
[0.421s] Built target ament_cmake_python_build_braccio_vision_egg
[0.431s] Invoked command in '/home/ivan/Escritorio/Braccio-Tinkerkit-Arduino/build/braccio_vision' returned '0': CMAKE_PREFIX_PATH=/opt/ros/humble /usr/bin/cmake --build /home/ivan/Escritorio/Braccio-Tinkerkit-Arduino/build/braccio_vision -- -j16 -l16
[0.440s] Invoking command in '/home/ivan/Escritorio/Braccio-Tinkerkit-Arduino/build/braccio_vision': CMAKE_PREFIX_PATH=/opt/ros/humble /usr/bin/cmake --install /home/ivan/Escritorio/Braccio-Tinkerkit-Arduino/build/braccio_vision
[0.445s] -- Install configuration: ""
[0.445s] -- Up-to-date: /home/ivan/Escritorio/Braccio-Tinkerkit-Arduino/install/braccio_vision/share/braccio_vision/environment/pythonpath.sh
[0.445s] -- Installing: /home/ivan/Escritorio/Braccio-Tinkerkit-Arduino/install/braccio_vision/share/braccio_vision/environment/pythonpath.dsv
[0.445s] -- Up-to-date: /home/ivan/Escritorio/Braccio-Tinkerkit-Arduino/install/braccio_vision/local/lib/python3.10/dist-packages/braccio_vision-1.0.0-py3.10.egg-info
[0.445s] -- Installing: /home/ivan/Escritorio/Braccio-Tinkerkit-Arduino/install/braccio_vision/local/lib/python3.10/dist-packages/braccio_vision-1.0.0-py3.10.egg-info/top_level.txt
[0.445s] -- Installing: /home/ivan/Escritorio/Braccio-Tinkerkit-Arduino/install/braccio_vision/local/lib/python3.10/dist-packages/braccio_vision-1.0.0-py3.10.egg-info/PKG-INFO
[0.445s] -- Installing: /home/ivan/Escritorio/Braccio-Tinkerkit-Arduino/install/braccio_vision/local/lib/python3.10/dist-packages/braccio_vision-1.0.0-py3.10.egg-info/dependency_links.txt
[0.446s] -- Installing: /home/ivan/Escritorio/Braccio-Tinkerkit-Arduino/install/braccio_vision/local/lib/python3.10/dist-packages/braccio_vision-1.0.0-py3.10.egg-info/SOURCES.txt
[0.446s] -- Up-to-date: /home/ivan/Escritorio/Braccio-Tinkerkit-Arduino/install/braccio_vision/local/lib/python3.10/dist-packages/braccio_vision
[0.446s] -- Up-to-date: /home/ivan/Escritorio/Braccio-Tinkerkit-Arduino/install/braccio_vision/local/lib/python3.10/dist-packages/braccio_vision/vision_pick_and_place.py
[0.446s] -- Up-to-date: /home/ivan/Escritorio/Braccio-Tinkerkit-Arduino/install/braccio_vision/local/lib/python3.10/dist-packages/braccio_vision/__init__.py
[0.446s] -- Up-to-date: /home/ivan/Escritorio/Braccio-Tinkerkit-Arduino/install/braccio_vision/local/lib/python3.10/dist-packages/braccio_vision/vision_demo.py
[0.446s] -- Up-to-date: /home/ivan/Escritorio/Braccio-Tinkerkit-Arduino/install/braccio_vision/local/lib/python3.10/dist-packages/braccio_vision/object_spawner.py
[0.466s] Listing '/home/ivan/Escritorio/Braccio-Tinkerkit-Arduino/install/braccio_vision/local/lib/python3.10/dist-packages/braccio_vision'...
[0.469s] -- Up-to-date: /home/ivan/Escritorio/Braccio-Tinkerkit-Arduino/install/braccio_vision/lib/braccio_vision/object_detector.py
[0.469s] -- Up-to-date: /home/ivan/Escritorio/Braccio-Tinkerkit-Arduino/install/braccio_vision/lib/braccio_vision/camera_calibrator.py
[0.469s] -- Up-to-date: /home/ivan/Escritorio/Braccio-Tinkerkit-Arduino/install/braccio_vision/lib/braccio_vision/vision_pick_and_place.py
[0.469s] -- Up-to-date: /home/ivan/Escritorio/Braccio-Tinkerkit-Arduino/install/braccio_vision/lib/braccio_vision/camera_viewer.py
[0.469s] -- Installing: /home/ivan/Escritorio/Braccio-Tinkerkit-Arduino/install/braccio_vision/lib/braccio_vision/object_spawner.py
[0.469s] -- Installing: /home/ivan/Escritorio/Braccio-Tinkerkit-Arduino/install/braccio_vision/lib/braccio_vision/vision_demo.py
[0.470s] -- Up-to-date: /home/ivan/Escritorio/Braccio-Tinkerkit-Arduino/install/braccio_vision/share/braccio_vision/launch
[0.470s] -- Up-to-date: /home/ivan/Escritorio/Braccio-Tinkerkit-Arduino/install/braccio_vision/share/braccio_vision/launch/complete_vision_test.launch.py
[0.470s] -- Up-to-date: /home/ivan/Escritorio/Braccio-Tinkerkit-Arduino/install/braccio_vision/share/braccio_vision/launch/vision_simulation.launch.py
[0.470s] -- Up-to-date: /home/ivan/Escritorio/Braccio-Tinkerkit-Arduino/install/braccio_vision/share/braccio_vision/launch/vision_system.launch.py
[0.470s] -- Installing: /home/ivan/Escritorio/Braccio-Tinkerkit-Arduino/install/braccio_vision/share/braccio_vision/launch/simple_vision_test.launch.py
[0.470s] -- Up-to-date: /home/ivan/Escritorio/Braccio-Tinkerkit-Arduino/install/braccio_vision/share/braccio_vision/config
[0.470s] -- Up-to-date: /home/ivan/Escritorio/Braccio-Tinkerkit-Arduino/install/braccio_vision/share/braccio_vision/config/vision_config.yaml
[0.470s] -- Up-to-date: /home/ivan/Escritorio/Braccio-Tinkerkit-Arduino/install/braccio_vision/share/braccio_vision/urdf
[0.470s] -- Up-to-date: /home/ivan/Escritorio/Braccio-Tinkerkit-Arduino/install/braccio_vision/share/braccio_vision/urdf/overhead_camera.urdf.xacro
[0.470s] -- Up-to-date: /home/ivan/Escritorio/Braccio-Tinkerkit-Arduino/install/braccio_vision/share/braccio_vision/urdf/braccio_with_vision.urdf.xacro
[0.470s] -- Up-to-date: /home/ivan/Escritorio/Braccio-Tinkerkit-Arduino/install/braccio_vision/share/ament_index/resource_index/package_run_dependencies/braccio_vision
[0.470s] -- Up-to-date: /home/ivan/Escritorio/Braccio-Tinkerkit-Arduino/install/braccio_vision/share/ament_index/resource_index/parent_prefix_path/braccio_vision
[0.470s] -- Up-to-date: /home/ivan/Escritorio/Braccio-Tinkerkit-Arduino/install/braccio_vision/share/braccio_vision/environment/ament_prefix_path.sh
[0.470s] -- Installing: /home/ivan/Escritorio/Braccio-Tinkerkit-Arduino/install/braccio_vision/share/braccio_vision/environment/ament_prefix_path.dsv
[0.470s] -- Up-to-date: /home/ivan/Escritorio/Braccio-Tinkerkit-Arduino/install/braccio_vision/share/braccio_vision/environment/path.sh
[0.470s] -- Installing: /home/ivan/Escritorio/Braccio-Tinkerkit-Arduino/install/braccio_vision/share/braccio_vision/environment/path.dsv
[0.471s] -- Up-to-date: /home/ivan/Escritorio/Braccio-Tinkerkit-Arduino/install/braccio_vision/share/braccio_vision/local_setup.bash
[0.471s] -- Up-to-date: /home/ivan/Escritorio/Braccio-Tinkerkit-Arduino/install/braccio_vision/share/braccio_vision/local_setup.sh
[0.471s] -- Up-to-date: /home/ivan/Escritorio/Braccio-Tinkerkit-Arduino/install/braccio_vision/share/braccio_vision/local_setup.zsh
[0.471s] -- Installing: /home/ivan/Escritorio/Braccio-Tinkerkit-Arduino/install/braccio_vision/share/braccio_vision/local_setup.dsv
[0.471s] -- Installing: /home/ivan/Escritorio/Braccio-Tinkerkit-Arduino/install/braccio_vision/share/braccio_vision/package.dsv
[0.471s] -- Up-to-date: /home/ivan/Escritorio/Braccio-Tinkerkit-Arduino/install/braccio_vision/share/ament_index/resource_index/packages/braccio_vision
[0.471s] -- Up-to-date: /home/ivan/Escritorio/Braccio-Tinkerkit-Arduino/install/braccio_vision/share/braccio_vision/cmake/braccio_visionConfig.cmake
[0.471s] -- Up-to-date: /home/ivan/Escritorio/Braccio-Tinkerkit-Arduino/install/braccio_vision/share/braccio_vision/cmake/braccio_visionConfig-version.cmake
[0.471s] -- Up-to-date: /home/ivan/Escritorio/Braccio-Tinkerkit-Arduino/install/braccio_vision/share/braccio_vision/package.xml
[0.473s] Invoked command in '/home/ivan/Escritorio/Braccio-Tinkerkit-Arduino/build/braccio_vision' returned '0': CMAKE_PREFIX_PATH=/opt/ros/humble /usr/bin/cmake --install /home/ivan/Escritorio/Braccio-Tinkerkit-Arduino/build/braccio_vision
