-- Found ament_cmake: 1.3.11 (/opt/ros/humble/share/ament_cmake/cmake)
-- Found rclpy: 3.3.16 (/opt/ros/humble/share/rclpy/cmake)
-- Found ament_lint_auto: 0.12.12 (/opt/ros/humble/share/ament_lint_auto/cmake)
-- Added test 'copyright' to check source files copyright and LICENSE
-- Added test 'flake8' to check Python code syntax and style conventions
-- Added test 'lint_cmake' to check CMake code style
-- Added test 'pep257' to check Python code against some of the docstring style conventions in PEP 257
-- Added test 'xmllint' to check XML markup files
-- Configuring done
-- Generating done
-- Build files have been written to: /home/ivan/Escritorio/Braccio-Tinkerkit-Arduino/build/braccio_vision
Built target ament_cmake_python_copy_braccio_vision
running egg_info
writing braccio_vision.egg-info/PKG-INFO
writing dependency_links to braccio_vision.egg-info/dependency_links.txt
writing top-level names to braccio_vision.egg-info/top_level.txt
reading manifest file 'braccio_vision.egg-info/SOURCES.txt'
writing manifest file 'braccio_vision.egg-info/SOURCES.txt'
Built target ament_cmake_python_build_braccio_vision_egg
-- Install configuration: ""
-- Up-to-date: /home/ivan/Escritorio/Braccio-Tinkerkit-Arduino/install/braccio_vision/share/braccio_vision/environment/pythonpath.sh
-- Installing: /home/ivan/Escritorio/Braccio-Tinkerkit-Arduino/install/braccio_vision/share/braccio_vision/environment/pythonpath.dsv
-- Up-to-date: /home/ivan/Escritorio/Braccio-Tinkerkit-Arduino/install/braccio_vision/local/lib/python3.10/dist-packages/braccio_vision-1.0.0-py3.10.egg-info
-- Installing: /home/ivan/Escritorio/Braccio-Tinkerkit-Arduino/install/braccio_vision/local/lib/python3.10/dist-packages/braccio_vision-1.0.0-py3.10.egg-info/top_level.txt
-- Installing: /home/ivan/Escritorio/Braccio-Tinkerkit-Arduino/install/braccio_vision/local/lib/python3.10/dist-packages/braccio_vision-1.0.0-py3.10.egg-info/PKG-INFO
-- Installing: /home/ivan/Escritorio/Braccio-Tinkerkit-Arduino/install/braccio_vision/local/lib/python3.10/dist-packages/braccio_vision-1.0.0-py3.10.egg-info/dependency_links.txt
-- Installing: /home/ivan/Escritorio/Braccio-Tinkerkit-Arduino/install/braccio_vision/local/lib/python3.10/dist-packages/braccio_vision-1.0.0-py3.10.egg-info/SOURCES.txt
-- Up-to-date: /home/ivan/Escritorio/Braccio-Tinkerkit-Arduino/install/braccio_vision/local/lib/python3.10/dist-packages/braccio_vision
-- Up-to-date: /home/ivan/Escritorio/Braccio-Tinkerkit-Arduino/install/braccio_vision/local/lib/python3.10/dist-packages/braccio_vision/vision_pick_and_place.py
-- Up-to-date: /home/ivan/Escritorio/Braccio-Tinkerkit-Arduino/install/braccio_vision/local/lib/python3.10/dist-packages/braccio_vision/camera_viewer.py
-- Up-to-date: /home/ivan/Escritorio/Braccio-Tinkerkit-Arduino/install/braccio_vision/local/lib/python3.10/dist-packages/braccio_vision/__init__.py
-- Up-to-date: /home/ivan/Escritorio/Braccio-Tinkerkit-Arduino/install/braccio_vision/local/lib/python3.10/dist-packages/braccio_vision/camera_spawner.py
-- Up-to-date: /home/ivan/Escritorio/Braccio-Tinkerkit-Arduino/install/braccio_vision/local/lib/python3.10/dist-packages/braccio_vision/vision_demo.py
-- Installing: /home/ivan/Escritorio/Braccio-Tinkerkit-Arduino/install/braccio_vision/local/lib/python3.10/dist-packages/braccio_vision/object_detector.py
-- Up-to-date: /home/ivan/Escritorio/Braccio-Tinkerkit-Arduino/install/braccio_vision/local/lib/python3.10/dist-packages/braccio_vision/object_spawner.py
Listing '/home/ivan/Escritorio/Braccio-Tinkerkit-Arduino/install/braccio_vision/local/lib/python3.10/dist-packages/braccio_vision'...
Compiling '/home/ivan/Escritorio/Braccio-Tinkerkit-Arduino/install/braccio_vision/local/lib/python3.10/dist-packages/braccio_vision/object_detector.py'...
-- Up-to-date: /home/ivan/Escritorio/Braccio-Tinkerkit-Arduino/install/braccio_vision/share/braccio_vision/launch
-- Up-to-date: /home/ivan/Escritorio/Braccio-Tinkerkit-Arduino/install/braccio_vision/share/braccio_vision/launch/vision_simulation.launch.py
-- Up-to-date: /home/ivan/Escritorio/Braccio-Tinkerkit-Arduino/install/braccio_vision/share/braccio_vision/launch/vision_system.launch.py
-- Up-to-date: /home/ivan/Escritorio/Braccio-Tinkerkit-Arduino/install/braccio_vision/share/braccio_vision/config
-- Up-to-date: /home/ivan/Escritorio/Braccio-Tinkerkit-Arduino/install/braccio_vision/share/braccio_vision/config/vision_config.yaml
-- Up-to-date: /home/ivan/Escritorio/Braccio-Tinkerkit-Arduino/install/braccio_vision/share/braccio_vision/urdf
-- Up-to-date: /home/ivan/Escritorio/Braccio-Tinkerkit-Arduino/install/braccio_vision/share/braccio_vision/urdf/overhead_camera.urdf.xacro
-- Up-to-date: /home/ivan/Escritorio/Braccio-Tinkerkit-Arduino/install/braccio_vision/share/braccio_vision/urdf/braccio_with_vision.urdf.xacro
-- Up-to-date: /home/ivan/Escritorio/Braccio-Tinkerkit-Arduino/install/braccio_vision/share/braccio_vision/urdf/vision_world.sdf
-- Up-to-date: /home/ivan/Escritorio/Braccio-Tinkerkit-Arduino/install/braccio_vision/share/ament_index/resource_index/package_run_dependencies/braccio_vision
-- Up-to-date: /home/ivan/Escritorio/Braccio-Tinkerkit-Arduino/install/braccio_vision/share/ament_index/resource_index/parent_prefix_path/braccio_vision
-- Up-to-date: /home/ivan/Escritorio/Braccio-Tinkerkit-Arduino/install/braccio_vision/share/braccio_vision/environment/ament_prefix_path.sh
-- Installing: /home/ivan/Escritorio/Braccio-Tinkerkit-Arduino/install/braccio_vision/share/braccio_vision/environment/ament_prefix_path.dsv
-- Up-to-date: /home/ivan/Escritorio/Braccio-Tinkerkit-Arduino/install/braccio_vision/share/braccio_vision/environment/path.sh
-- Installing: /home/ivan/Escritorio/Braccio-Tinkerkit-Arduino/install/braccio_vision/share/braccio_vision/environment/path.dsv
-- Up-to-date: /home/ivan/Escritorio/Braccio-Tinkerkit-Arduino/install/braccio_vision/share/braccio_vision/local_setup.bash
-- Up-to-date: /home/ivan/Escritorio/Braccio-Tinkerkit-Arduino/install/braccio_vision/share/braccio_vision/local_setup.sh
-- Up-to-date: /home/ivan/Escritorio/Braccio-Tinkerkit-Arduino/install/braccio_vision/share/braccio_vision/local_setup.zsh
-- Installing: /home/ivan/Escritorio/Braccio-Tinkerkit-Arduino/install/braccio_vision/share/braccio_vision/local_setup.dsv
-- Installing: /home/ivan/Escritorio/Braccio-Tinkerkit-Arduino/install/braccio_vision/share/braccio_vision/package.dsv
-- Up-to-date: /home/ivan/Escritorio/Braccio-Tinkerkit-Arduino/install/braccio_vision/share/ament_index/resource_index/packages/braccio_vision
-- Up-to-date: /home/ivan/Escritorio/Braccio-Tinkerkit-Arduino/install/braccio_vision/share/braccio_vision/cmake/braccio_visionConfig.cmake
-- Up-to-date: /home/ivan/Escritorio/Braccio-Tinkerkit-Arduino/install/braccio_vision/share/braccio_vision/cmake/braccio_visionConfig-version.cmake
-- Up-to-date: /home/ivan/Escritorio/Braccio-Tinkerkit-Arduino/install/braccio_vision/share/braccio_vision/package.xml
