[0.014s] Invoking command in '/home/ivan/Escritorio/Braccio-Tinkerkit-Arduino/build/braccio_description': CMAKE_PREFIX_PATH=${CMAKE_PREFIX_PATH}:/opt/ros/humble /usr/bin/cmake /home/ivan/Escritorio/Braccio-Tinkerkit-Arduino/braccio_description -DCMAKE_INSTALL_PREFIX=/home/ivan/Escritorio/Braccio-Tinkerkit-Arduino/install/braccio_description
[0.135s] -- The C compiler identification is GNU 11.4.0
[0.237s] -- The CXX compiler identification is GNU 11.4.0
[0.247s] -- Detecting C compiler ABI info
[0.318s] -- Detecting C compiler ABI info - done
[0.325s] -- Check for working C compiler: /usr/bin/cc - skipped
[0.325s] -- Detecting C compile features
[0.325s] -- Detecting C compile features - done
[0.330s] -- Detecting CXX compiler ABI info
[0.409s] -- Detecting CXX compiler ABI info - done
[0.415s] -- Check for working CXX compiler: /usr/bin/c++ - skipped
[0.415s] -- Detecting CXX compile features
[0.415s] -- Detecting CXX compile features - done
[0.426s] -- Found ament_cmake: 1.3.11 (/opt/ros/humble/share/ament_cmake/cmake)
[0.575s] -- Found Python3: /usr/bin/python3 (found version "3.10.12") found components: Interpreter 
[0.682s] -- Found rclcpp: 16.0.12 (/opt/ros/humble/share/rclcpp/cmake)
[0.739s] -- Found rosidl_generator_c: 3.1.6 (/opt/ros/humble/share/rosidl_generator_c/cmake)
[0.746s] -- Found rosidl_adapter: 3.1.6 (/opt/ros/humble/share/rosidl_adapter/cmake)
[0.757s] -- Found rosidl_generator_cpp: 3.1.6 (/opt/ros/humble/share/rosidl_generator_cpp/cmake)
[0.774s] -- Using all available rosidl_typesupport_c: rosidl_typesupport_fastrtps_c;rosidl_typesupport_introspection_c
[0.793s] -- Using all available rosidl_typesupport_cpp: rosidl_typesupport_fastrtps_cpp;rosidl_typesupport_introspection_cpp
[0.840s] -- Found rmw_implementation_cmake: 6.1.2 (/opt/ros/humble/share/rmw_implementation_cmake/cmake)
[0.844s] -- Found rmw_fastrtps_cpp: 6.2.7 (/opt/ros/humble/share/rmw_fastrtps_cpp/cmake)
[0.933s] -- Found OpenSSL: /usr/lib/x86_64-linux-gnu/libcrypto.so (found version "3.0.2")  
[0.957s] -- Found FastRTPS: /opt/ros/humble/include  
[0.988s] -- Using RMW implementation 'rmw_fastrtps_cpp' as default
[0.998s] -- Looking for pthread.h
[1.066s] -- Looking for pthread.h - found
[1.066s] -- Performing Test CMAKE_HAVE_LIBC_PTHREAD
[1.121s] -- Performing Test CMAKE_HAVE_LIBC_PTHREAD - Success
[1.121s] -- Found Threads: TRUE  
[1.218s] -- Found ament_lint_auto: 0.12.12 (/opt/ros/humble/share/ament_lint_auto/cmake)
[1.279s] -- Added test 'flake8' to check Python code syntax and style conventions
[1.280s] -- Added test 'lint_cmake' to check CMake code style
[1.280s] -- Added test 'pep257' to check Python code against some of the docstring style conventions in PEP 257
[1.282s] -- Added test 'xmllint' to check XML markup files
[1.283s] -- Configuring done
[1.287s] -- Generating done
[1.289s] -- Build files have been written to: /home/ivan/Escritorio/Braccio-Tinkerkit-Arduino/build/braccio_description
[1.297s] Invoked command in '/home/ivan/Escritorio/Braccio-Tinkerkit-Arduino/build/braccio_description' returned '0': CMAKE_PREFIX_PATH=${CMAKE_PREFIX_PATH}:/opt/ros/humble /usr/bin/cmake /home/ivan/Escritorio/Braccio-Tinkerkit-Arduino/braccio_description -DCMAKE_INSTALL_PREFIX=/home/ivan/Escritorio/Braccio-Tinkerkit-Arduino/install/braccio_description
[1.299s] Invoking command in '/home/ivan/Escritorio/Braccio-Tinkerkit-Arduino/build/braccio_description': CMAKE_PREFIX_PATH=${CMAKE_PREFIX_PATH}:/opt/ros/humble /usr/bin/cmake --build /home/ivan/Escritorio/Braccio-Tinkerkit-Arduino/build/braccio_description -- -j16 -l16
[1.348s] Built target ament_cmake_python_copy_braccio_description
[1.495s] running egg_info
[1.495s] creating braccio_description.egg-info
[1.496s] writing braccio_description.egg-info/PKG-INFO
[1.496s] writing dependency_links to braccio_description.egg-info/dependency_links.txt
[1.496s] writing top-level names to braccio_description.egg-info/top_level.txt
[1.496s] writing manifest file 'braccio_description.egg-info/SOURCES.txt'
[1.497s] reading manifest file 'braccio_description.egg-info/SOURCES.txt'
[1.497s] writing manifest file 'braccio_description.egg-info/SOURCES.txt'
[1.518s] Built target ament_cmake_python_build_braccio_description_egg
[1.525s] Invoked command in '/home/ivan/Escritorio/Braccio-Tinkerkit-Arduino/build/braccio_description' returned '0': CMAKE_PREFIX_PATH=${CMAKE_PREFIX_PATH}:/opt/ros/humble /usr/bin/cmake --build /home/ivan/Escritorio/Braccio-Tinkerkit-Arduino/build/braccio_description -- -j16 -l16
[1.536s] Invoking command in '/home/ivan/Escritorio/Braccio-Tinkerkit-Arduino/build/braccio_description': CMAKE_PREFIX_PATH=${CMAKE_PREFIX_PATH}:/opt/ros/humble /usr/bin/cmake --install /home/ivan/Escritorio/Braccio-Tinkerkit-Arduino/build/braccio_description
[1.544s] -- Install configuration: ""
[1.544s] -- Installing: /home/ivan/Escritorio/Braccio-Tinkerkit-Arduino/install/braccio_description/share/braccio_description/config
[1.544s] -- Installing: /home/ivan/Escritorio/Braccio-Tinkerkit-Arduino/install/braccio_description/share/braccio_description/config/config.rviz
[1.544s] -- Installing: /home/ivan/Escritorio/Braccio-Tinkerkit-Arduino/install/braccio_description/share/braccio_description/gazebo
[1.544s] -- Installing: /home/ivan/Escritorio/Braccio-Tinkerkit-Arduino/install/braccio_description/share/braccio_description/gazebo/braccio.gazebo.xacro
[1.544s] -- Installing: /home/ivan/Escritorio/Braccio-Tinkerkit-Arduino/install/braccio_description/share/braccio_description/launch
[1.544s] -- Installing: /home/ivan/Escritorio/Braccio-Tinkerkit-Arduino/install/braccio_description/share/braccio_description/launch/view_robot.launch.py
[1.544s] -- Installing: /home/ivan/Escritorio/Braccio-Tinkerkit-Arduino/install/braccio_description/share/braccio_description/meshes
[1.544s] -- Installing: /home/ivan/Escritorio/Braccio-Tinkerkit-Arduino/install/braccio_description/share/braccio_description/meshes/visual
[1.544s] -- Installing: /home/ivan/Escritorio/Braccio-Tinkerkit-Arduino/install/braccio_description/share/braccio_description/meshes/visual/link_3.stl
[1.545s] -- Installing: /home/ivan/Escritorio/Braccio-Tinkerkit-Arduino/install/braccio_description/share/braccio_description/meshes/visual/link_5.stl
[1.546s] -- Installing: /home/ivan/Escritorio/Braccio-Tinkerkit-Arduino/install/braccio_description/share/braccio_description/meshes/visual/link_4.stl
[1.546s] -- Installing: /home/ivan/Escritorio/Braccio-Tinkerkit-Arduino/install/braccio_description/share/braccio_description/meshes/visual/finger_aux.stl
[1.546s] -- Installing: /home/ivan/Escritorio/Braccio-Tinkerkit-Arduino/install/braccio_description/share/braccio_description/meshes/visual/link_1.stl
[1.548s] -- Installing: /home/ivan/Escritorio/Braccio-Tinkerkit-Arduino/install/braccio_description/share/braccio_description/meshes/visual/link_2.stl
[1.549s] -- Installing: /home/ivan/Escritorio/Braccio-Tinkerkit-Arduino/install/braccio_description/share/braccio_description/meshes/visual/base_link.stl
[1.549s] -- Installing: /home/ivan/Escritorio/Braccio-Tinkerkit-Arduino/install/braccio_description/share/braccio_description/meshes/visual/finger.stl
[1.550s] -- Installing: /home/ivan/Escritorio/Braccio-Tinkerkit-Arduino/install/braccio_description/share/braccio_description/meshes/collision
[1.550s] -- Installing: /home/ivan/Escritorio/Braccio-Tinkerkit-Arduino/install/braccio_description/share/braccio_description/meshes/collision/link_3.stl
[1.551s] -- Installing: /home/ivan/Escritorio/Braccio-Tinkerkit-Arduino/install/braccio_description/share/braccio_description/meshes/collision/link_5.stl
[1.551s] -- Installing: /home/ivan/Escritorio/Braccio-Tinkerkit-Arduino/install/braccio_description/share/braccio_description/meshes/collision/link_4.stl
[1.552s] -- Installing: /home/ivan/Escritorio/Braccio-Tinkerkit-Arduino/install/braccio_description/share/braccio_description/meshes/collision/finger_aux.stl
[1.552s] -- Installing: /home/ivan/Escritorio/Braccio-Tinkerkit-Arduino/install/braccio_description/share/braccio_description/meshes/collision/finger_collision.stl
[1.552s] -- Installing: /home/ivan/Escritorio/Braccio-Tinkerkit-Arduino/install/braccio_description/share/braccio_description/meshes/collision/link_1.stl
[1.554s] -- Installing: /home/ivan/Escritorio/Braccio-Tinkerkit-Arduino/install/braccio_description/share/braccio_description/meshes/collision/link_2.stl
[1.555s] -- Installing: /home/ivan/Escritorio/Braccio-Tinkerkit-Arduino/install/braccio_description/share/braccio_description/meshes/collision/base_link.stl
[1.555s] -- Installing: /home/ivan/Escritorio/Braccio-Tinkerkit-Arduino/install/braccio_description/share/braccio_description/ros2_control
[1.555s] -- Installing: /home/ivan/Escritorio/Braccio-Tinkerkit-Arduino/install/braccio_description/share/braccio_description/ros2_control/braccio.ros2_control.xacro
[1.555s] -- Installing: /home/ivan/Escritorio/Braccio-Tinkerkit-Arduino/install/braccio_description/share/braccio_description/urdf
[1.555s] -- Installing: /home/ivan/Escritorio/Braccio-Tinkerkit-Arduino/install/braccio_description/share/braccio_description/urdf/braccio.urdf.xacro
[1.555s] -- Installing: /home/ivan/Escritorio/Braccio-Tinkerkit-Arduino/install/braccio_description/share/braccio_description/urdf/materials.urdf.xacro
[1.555s] -- Installing: /home/ivan/Escritorio/Braccio-Tinkerkit-Arduino/install/braccio_description/share/braccio_description/urdf/braccio_description.urdf.xacro
[1.556s] -- Installing: /home/ivan/Escritorio/Braccio-Tinkerkit-Arduino/install/braccio_description/share/braccio_description/environment/braccio_description.dsv
[1.556s] -- Installing: /home/ivan/Escritorio/Braccio-Tinkerkit-Arduino/install/braccio_description/share/braccio_description/environment/pythonpath.sh
[1.556s] -- Installing: /home/ivan/Escritorio/Braccio-Tinkerkit-Arduino/install/braccio_description/share/braccio_description/environment/pythonpath.dsv
[1.556s] -- Installing: /home/ivan/Escritorio/Braccio-Tinkerkit-Arduino/install/braccio_description/local/lib/python3.10/dist-packages/braccio_description-0.0.0-py3.10.egg-info
[1.556s] -- Installing: /home/ivan/Escritorio/Braccio-Tinkerkit-Arduino/install/braccio_description/local/lib/python3.10/dist-packages/braccio_description-0.0.0-py3.10.egg-info/top_level.txt
[1.556s] -- Installing: /home/ivan/Escritorio/Braccio-Tinkerkit-Arduino/install/braccio_description/local/lib/python3.10/dist-packages/braccio_description-0.0.0-py3.10.egg-info/PKG-INFO
[1.556s] -- Installing: /home/ivan/Escritorio/Braccio-Tinkerkit-Arduino/install/braccio_description/local/lib/python3.10/dist-packages/braccio_description-0.0.0-py3.10.egg-info/dependency_links.txt
[1.556s] -- Installing: /home/ivan/Escritorio/Braccio-Tinkerkit-Arduino/install/braccio_description/local/lib/python3.10/dist-packages/braccio_description-0.0.0-py3.10.egg-info/SOURCES.txt
[1.556s] -- Installing: /home/ivan/Escritorio/Braccio-Tinkerkit-Arduino/install/braccio_description/local/lib/python3.10/dist-packages/braccio_description
[1.556s] -- Installing: /home/ivan/Escritorio/Braccio-Tinkerkit-Arduino/install/braccio_description/local/lib/python3.10/dist-packages/braccio_description/__init__.py
[1.557s] -- Installing: /home/ivan/Escritorio/Braccio-Tinkerkit-Arduino/install/braccio_description/local/lib/python3.10/dist-packages/braccio_description/launch_mixin.py
[1.581s] Listing '/home/ivan/Escritorio/Braccio-Tinkerkit-Arduino/install/braccio_description/local/lib/python3.10/dist-packages/braccio_description'...
[1.581s] Compiling '/home/ivan/Escritorio/Braccio-Tinkerkit-Arduino/install/braccio_description/local/lib/python3.10/dist-packages/braccio_description/__init__.py'...
[1.581s] Compiling '/home/ivan/Escritorio/Braccio-Tinkerkit-Arduino/install/braccio_description/local/lib/python3.10/dist-packages/braccio_description/launch_mixin.py'...
[1.584s] -- Installing: /home/ivan/Escritorio/Braccio-Tinkerkit-Arduino/install/braccio_description/share/ament_index/resource_index/package_run_dependencies/braccio_description
[1.585s] -- Installing: /home/ivan/Escritorio/Braccio-Tinkerkit-Arduino/install/braccio_description/share/ament_index/resource_index/parent_prefix_path/braccio_description
[1.585s] -- Installing: /home/ivan/Escritorio/Braccio-Tinkerkit-Arduino/install/braccio_description/share/braccio_description/environment/ament_prefix_path.sh
[1.585s] -- Installing: /home/ivan/Escritorio/Braccio-Tinkerkit-Arduino/install/braccio_description/share/braccio_description/environment/ament_prefix_path.dsv
[1.585s] -- Installing: /home/ivan/Escritorio/Braccio-Tinkerkit-Arduino/install/braccio_description/share/braccio_description/environment/path.sh
[1.585s] -- Installing: /home/ivan/Escritorio/Braccio-Tinkerkit-Arduino/install/braccio_description/share/braccio_description/environment/path.dsv
[1.585s] -- Installing: /home/ivan/Escritorio/Braccio-Tinkerkit-Arduino/install/braccio_description/share/braccio_description/local_setup.bash
[1.586s] -- Installing: /home/ivan/Escritorio/Braccio-Tinkerkit-Arduino/install/braccio_description/share/braccio_description/local_setup.sh
[1.586s] -- Installing: /home/ivan/Escritorio/Braccio-Tinkerkit-Arduino/install/braccio_description/share/braccio_description/local_setup.zsh
[1.586s] -- Installing: /home/ivan/Escritorio/Braccio-Tinkerkit-Arduino/install/braccio_description/share/braccio_description/local_setup.dsv
[1.586s] -- Installing: /home/ivan/Escritorio/Braccio-Tinkerkit-Arduino/install/braccio_description/share/braccio_description/package.dsv
[1.586s] -- Installing: /home/ivan/Escritorio/Braccio-Tinkerkit-Arduino/install/braccio_description/share/ament_index/resource_index/packages/braccio_description
[1.586s] -- Installing: /home/ivan/Escritorio/Braccio-Tinkerkit-Arduino/install/braccio_description/share/braccio_description/cmake/braccio_descriptionConfig.cmake
[1.586s] -- Installing: /home/ivan/Escritorio/Braccio-Tinkerkit-Arduino/install/braccio_description/share/braccio_description/cmake/braccio_descriptionConfig-version.cmake
[1.586s] -- Installing: /home/ivan/Escritorio/Braccio-Tinkerkit-Arduino/install/braccio_description/share/braccio_description/package.xml
[1.588s] Invoked command in '/home/ivan/Escritorio/Braccio-Tinkerkit-Arduino/build/braccio_description' returned '0': CMAKE_PREFIX_PATH=${CMAKE_PREFIX_PATH}:/opt/ros/humble /usr/bin/cmake --install /home/ivan/Escritorio/Braccio-Tinkerkit-Arduino/build/braccio_description
