[0.190s] DEBUG:colcon:Command line arguments: ['/usr/bin/colcon', 'build']
[0.190s] DEBUG:colcon:Parsed command line arguments: Namespace(log_base=None, log_level=None, verb_name='build', build_base='build', install_base='install', merge_install=False, symlink_install=False, test_result_base=None, continue_on_error=False, executor='parallel', parallel_workers=16, event_handlers=None, ignore_user_meta=False, metas=['./colcon.meta'], base_paths=['.'], packages_ignore=None, packages_ignore_regex=None, paths=None, packages_up_to=None, packages_up_to_regex=None, packages_above=None, packages_above_and_dependencies=None, packages_above_depth=None, packages_select_by_dep=None, packages_skip_by_dep=None, packages_skip_up_to=None, packages_select_build_failed=False, packages_skip_build_finished=False, packages_select_test_failures=False, packages_skip_test_passed=False, packages_select=None, packages_skip=None, packages_select_regex=None, packages_skip_regex=None, packages_start=None, packages_end=None, allow_overriding=[], cmake_args=None, cmake_target=None, cmake_target_skip_unavailable=False, cmake_clean_cache=False, cmake_clean_first=False, cmake_force_configure=False, ament_cmake_args=None, catkin_cmake_args=None, catkin_skip_building_tests=False, mixin_files=None, mixin=None, verb_parser=<colcon_mixin.mixin.mixin_argument.MixinArgumentDecorator object at 0x7ec060656980>, verb_extension=<colcon_core.verb.build.BuildVerb object at 0x7ec060747910>, main=<bound method BuildVerb.main of <colcon_core.verb.build.BuildVerb object at 0x7ec060747910>>, mixin_verb=('build',))
[0.386s] Level 1:colcon.colcon_core.package_discovery:discover_packages(colcon_meta) check parameters
[0.386s] Level 1:colcon.colcon_core.package_discovery:discover_packages(recursive) check parameters
[0.386s] Level 1:colcon.colcon_core.package_discovery:discover_packages(ignore) check parameters
[0.386s] Level 1:colcon.colcon_core.package_discovery:discover_packages(path) check parameters
[0.386s] Level 1:colcon.colcon_core.package_discovery:discover_packages(colcon_meta) discover
[0.386s] Level 1:colcon.colcon_core.package_discovery:discover_packages(recursive) discover
[0.386s] INFO:colcon.colcon_core.package_discovery:Crawling recursively for packages in '/home/ivan/Escritorio/ROS2_braccio'
[0.386s] Level 1:colcon.colcon_core.package_identification:_identify(.) by extensions ['ignore', 'ignore_ament_install']
[0.386s] Level 1:colcon.colcon_core.package_identification:_identify(.) by extension 'ignore'
[0.386s] Level 1:colcon.colcon_core.package_identification:_identify(.) by extension 'ignore_ament_install'
[0.386s] Level 1:colcon.colcon_core.package_identification:_identify(.) by extensions ['colcon_pkg']
[0.386s] Level 1:colcon.colcon_core.package_identification:_identify(.) by extension 'colcon_pkg'
[0.387s] Level 1:colcon.colcon_core.package_identification:_identify(.) by extensions ['colcon_meta']
[0.387s] Level 1:colcon.colcon_core.package_identification:_identify(.) by extension 'colcon_meta'
[0.387s] Level 1:colcon.colcon_core.package_identification:_identify(.) by extensions ['ros']
[0.387s] Level 1:colcon.colcon_core.package_identification:_identify(.) by extension 'ros'
[0.396s] Level 1:colcon.colcon_core.package_identification:_identify(.) by extensions ['cmake', 'python']
[0.396s] Level 1:colcon.colcon_core.package_identification:_identify(.) by extension 'cmake'
[0.396s] Level 1:colcon.colcon_core.package_identification:_identify(.) by extension 'python'
[0.396s] Level 1:colcon.colcon_core.package_identification:_identify(.) by extensions ['python_setup_py']
[0.396s] Level 1:colcon.colcon_core.package_identification:_identify(.) by extension 'python_setup_py'
[0.396s] Level 1:colcon.colcon_core.package_identification:_identify(braccio_ROS_Arduino) by extensions ['ignore', 'ignore_ament_install']
[0.396s] Level 1:colcon.colcon_core.package_identification:_identify(braccio_ROS_Arduino) by extension 'ignore'
[0.396s] Level 1:colcon.colcon_core.package_identification:_identify(braccio_ROS_Arduino) by extension 'ignore_ament_install'
[0.397s] Level 1:colcon.colcon_core.package_identification:_identify(braccio_ROS_Arduino) by extensions ['colcon_pkg']
[0.397s] Level 1:colcon.colcon_core.package_identification:_identify(braccio_ROS_Arduino) by extension 'colcon_pkg'
[0.397s] Level 1:colcon.colcon_core.package_identification:_identify(braccio_ROS_Arduino) by extensions ['colcon_meta']
[0.397s] Level 1:colcon.colcon_core.package_identification:_identify(braccio_ROS_Arduino) by extension 'colcon_meta'
[0.397s] Level 1:colcon.colcon_core.package_identification:_identify(braccio_ROS_Arduino) by extensions ['ros']
[0.397s] Level 1:colcon.colcon_core.package_identification:_identify(braccio_ROS_Arduino) by extension 'ros'
[0.397s] Level 1:colcon.colcon_core.package_identification:_identify(braccio_ROS_Arduino) by extensions ['cmake', 'python']
[0.397s] Level 1:colcon.colcon_core.package_identification:_identify(braccio_ROS_Arduino) by extension 'cmake'
[0.397s] Level 1:colcon.colcon_core.package_identification:_identify(braccio_ROS_Arduino) by extension 'python'
[0.397s] Level 1:colcon.colcon_core.package_identification:_identify(braccio_ROS_Arduino) by extensions ['python_setup_py']
[0.397s] Level 1:colcon.colcon_core.package_identification:_identify(braccio_ROS_Arduino) by extension 'python_setup_py'
[0.397s] Level 1:colcon.colcon_core.package_identification:_identify(braccio_bringup) by extensions ['ignore', 'ignore_ament_install']
[0.397s] Level 1:colcon.colcon_core.package_identification:_identify(braccio_bringup) by extension 'ignore'
[0.397s] Level 1:colcon.colcon_core.package_identification:_identify(braccio_bringup) by extension 'ignore_ament_install'
[0.397s] Level 1:colcon.colcon_core.package_identification:_identify(braccio_bringup) by extensions ['colcon_pkg']
[0.397s] Level 1:colcon.colcon_core.package_identification:_identify(braccio_bringup) by extension 'colcon_pkg'
[0.397s] Level 1:colcon.colcon_core.package_identification:_identify(braccio_bringup) by extensions ['colcon_meta']
[0.397s] Level 1:colcon.colcon_core.package_identification:_identify(braccio_bringup) by extension 'colcon_meta'
[0.397s] Level 1:colcon.colcon_core.package_identification:_identify(braccio_bringup) by extensions ['ros']
[0.397s] Level 1:colcon.colcon_core.package_identification:_identify(braccio_bringup) by extension 'ros'
[0.400s] DEBUG:colcon.colcon_core.package_identification:Package 'braccio_bringup' with type 'ros.ament_cmake' and name 'braccio_bringup'
[0.400s] Level 1:colcon.colcon_core.package_identification:_identify(braccio_description) by extensions ['ignore', 'ignore_ament_install']
[0.400s] Level 1:colcon.colcon_core.package_identification:_identify(braccio_description) by extension 'ignore'
[0.400s] Level 1:colcon.colcon_core.package_identification:_identify(braccio_description) by extension 'ignore_ament_install'
[0.400s] Level 1:colcon.colcon_core.package_identification:_identify(braccio_description) by extensions ['colcon_pkg']
[0.400s] Level 1:colcon.colcon_core.package_identification:_identify(braccio_description) by extension 'colcon_pkg'
[0.400s] Level 1:colcon.colcon_core.package_identification:_identify(braccio_description) by extensions ['colcon_meta']
[0.400s] Level 1:colcon.colcon_core.package_identification:_identify(braccio_description) by extension 'colcon_meta'
[0.400s] Level 1:colcon.colcon_core.package_identification:_identify(braccio_description) by extensions ['ros']
[0.400s] Level 1:colcon.colcon_core.package_identification:_identify(braccio_description) by extension 'ros'
[0.401s] DEBUG:colcon.colcon_core.package_identification:Package 'braccio_description' with type 'ros.ament_cmake' and name 'braccio_description'
[0.401s] Level 1:colcon.colcon_core.package_identification:_identify(braccio_hardware) by extensions ['ignore', 'ignore_ament_install']
[0.401s] Level 1:colcon.colcon_core.package_identification:_identify(braccio_hardware) by extension 'ignore'
[0.401s] Level 1:colcon.colcon_core.package_identification:_identify(braccio_hardware) by extension 'ignore_ament_install'
[0.401s] Level 1:colcon.colcon_core.package_identification:_identify(braccio_hardware) by extensions ['colcon_pkg']
[0.401s] Level 1:colcon.colcon_core.package_identification:_identify(braccio_hardware) by extension 'colcon_pkg'
[0.401s] Level 1:colcon.colcon_core.package_identification:_identify(braccio_hardware) by extensions ['colcon_meta']
[0.401s] Level 1:colcon.colcon_core.package_identification:_identify(braccio_hardware) by extension 'colcon_meta'
[0.401s] Level 1:colcon.colcon_core.package_identification:_identify(braccio_hardware) by extensions ['ros']
[0.401s] Level 1:colcon.colcon_core.package_identification:_identify(braccio_hardware) by extension 'ros'
[0.402s] DEBUG:colcon.colcon_core.package_identification:Package 'braccio_hardware' with type 'ros.ament_cmake' and name 'braccio_hardware'
[0.402s] Level 1:colcon.colcon_core.package_identification:_identify(braccio_moveit_config) by extensions ['ignore', 'ignore_ament_install']
[0.402s] Level 1:colcon.colcon_core.package_identification:_identify(braccio_moveit_config) by extension 'ignore'
[0.402s] Level 1:colcon.colcon_core.package_identification:_identify(braccio_moveit_config) by extension 'ignore_ament_install'
[0.402s] Level 1:colcon.colcon_core.package_identification:_identify(braccio_moveit_config) by extensions ['colcon_pkg']
[0.402s] Level 1:colcon.colcon_core.package_identification:_identify(braccio_moveit_config) by extension 'colcon_pkg'
[0.402s] Level 1:colcon.colcon_core.package_identification:_identify(braccio_moveit_config) by extensions ['colcon_meta']
[0.402s] Level 1:colcon.colcon_core.package_identification:_identify(braccio_moveit_config) by extension 'colcon_meta'
[0.402s] Level 1:colcon.colcon_core.package_identification:_identify(braccio_moveit_config) by extensions ['ros']
[0.402s] Level 1:colcon.colcon_core.package_identification:_identify(braccio_moveit_config) by extension 'ros'
[0.403s] DEBUG:colcon.colcon_core.package_identification:Package 'braccio_moveit_config' with type 'ros.ament_cmake' and name 'braccio_moveit_config'
[0.403s] Level 1:colcon.colcon_core.package_identification:_identify(build) by extensions ['ignore', 'ignore_ament_install']
[0.403s] Level 1:colcon.colcon_core.package_identification:_identify(build) by extension 'ignore'
[0.403s] Level 1:colcon.colcon_core.package_identification:_identify(build) ignored
[0.403s] Level 1:colcon.colcon_core.package_identification:_identify(install) by extensions ['ignore', 'ignore_ament_install']
[0.403s] Level 1:colcon.colcon_core.package_identification:_identify(install) by extension 'ignore'
[0.403s] Level 1:colcon.colcon_core.package_identification:_identify(install) ignored
[0.403s] Level 1:colcon.colcon_core.package_identification:_identify(log) by extensions ['ignore', 'ignore_ament_install']
[0.403s] Level 1:colcon.colcon_core.package_identification:_identify(log) by extension 'ignore'
[0.403s] Level 1:colcon.colcon_core.package_identification:_identify(log) ignored
[0.403s] Level 1:colcon.colcon_core.package_discovery:discover_packages(recursive) using defaults
[0.403s] Level 1:colcon.colcon_core.package_discovery:discover_packages(ignore) discover
[0.403s] Level 1:colcon.colcon_core.package_discovery:discover_packages(ignore) using defaults
[0.403s] Level 1:colcon.colcon_core.package_discovery:discover_packages(path) discover
[0.403s] Level 1:colcon.colcon_core.package_discovery:discover_packages(path) using defaults
[0.433s] Level 1:colcon.colcon_core.package_discovery:discover_packages(prefix_path) check parameters
[0.434s] Level 1:colcon.colcon_core.package_discovery:discover_packages(prefix_path) discover
[0.437s] DEBUG:colcon.colcon_installed_package_information.package_discovery:Found 445 installed packages in /opt/ros/humble
[0.439s] Level 1:colcon.colcon_core.package_discovery:discover_packages(prefix_path) using defaults
[0.480s] Level 5:colcon.colcon_core.verb:set package 'braccio_description' build argument 'cmake_args' from command line to 'None'
[0.480s] Level 5:colcon.colcon_core.verb:set package 'braccio_description' build argument 'cmake_target' from command line to 'None'
[0.480s] Level 5:colcon.colcon_core.verb:set package 'braccio_description' build argument 'cmake_target_skip_unavailable' from command line to 'False'
[0.480s] Level 5:colcon.colcon_core.verb:set package 'braccio_description' build argument 'cmake_clean_cache' from command line to 'False'
[0.480s] Level 5:colcon.colcon_core.verb:set package 'braccio_description' build argument 'cmake_clean_first' from command line to 'False'
[0.480s] Level 5:colcon.colcon_core.verb:set package 'braccio_description' build argument 'cmake_force_configure' from command line to 'False'
[0.480s] Level 5:colcon.colcon_core.verb:set package 'braccio_description' build argument 'ament_cmake_args' from command line to 'None'
[0.480s] Level 5:colcon.colcon_core.verb:set package 'braccio_description' build argument 'catkin_cmake_args' from command line to 'None'
[0.480s] Level 5:colcon.colcon_core.verb:set package 'braccio_description' build argument 'catkin_skip_building_tests' from command line to 'False'
[0.480s] DEBUG:colcon.colcon_core.verb:Building package 'braccio_description' with the following arguments: {'ament_cmake_args': None, 'build_base': '/home/ivan/Escritorio/ROS2_braccio/build/braccio_description', 'catkin_cmake_args': None, 'catkin_skip_building_tests': False, 'cmake_args': None, 'cmake_clean_cache': False, 'cmake_clean_first': False, 'cmake_force_configure': False, 'cmake_target': None, 'cmake_target_skip_unavailable': False, 'install_base': '/home/ivan/Escritorio/ROS2_braccio/install/braccio_description', 'merge_install': False, 'path': '/home/ivan/Escritorio/ROS2_braccio/braccio_description', 'symlink_install': False, 'test_result_base': None}
[0.480s] Level 5:colcon.colcon_core.verb:set package 'braccio_hardware' build argument 'cmake_args' from command line to 'None'
[0.481s] Level 5:colcon.colcon_core.verb:set package 'braccio_hardware' build argument 'cmake_target' from command line to 'None'
[0.481s] Level 5:colcon.colcon_core.verb:set package 'braccio_hardware' build argument 'cmake_target_skip_unavailable' from command line to 'False'
[0.481s] Level 5:colcon.colcon_core.verb:set package 'braccio_hardware' build argument 'cmake_clean_cache' from command line to 'False'
[0.481s] Level 5:colcon.colcon_core.verb:set package 'braccio_hardware' build argument 'cmake_clean_first' from command line to 'False'
[0.481s] Level 5:colcon.colcon_core.verb:set package 'braccio_hardware' build argument 'cmake_force_configure' from command line to 'False'
[0.481s] Level 5:colcon.colcon_core.verb:set package 'braccio_hardware' build argument 'ament_cmake_args' from command line to 'None'
[0.481s] Level 5:colcon.colcon_core.verb:set package 'braccio_hardware' build argument 'catkin_cmake_args' from command line to 'None'
[0.481s] Level 5:colcon.colcon_core.verb:set package 'braccio_hardware' build argument 'catkin_skip_building_tests' from command line to 'False'
[0.481s] DEBUG:colcon.colcon_core.verb:Building package 'braccio_hardware' with the following arguments: {'ament_cmake_args': None, 'build_base': '/home/ivan/Escritorio/ROS2_braccio/build/braccio_hardware', 'catkin_cmake_args': None, 'catkin_skip_building_tests': False, 'cmake_args': None, 'cmake_clean_cache': False, 'cmake_clean_first': False, 'cmake_force_configure': False, 'cmake_target': None, 'cmake_target_skip_unavailable': False, 'install_base': '/home/ivan/Escritorio/ROS2_braccio/install/braccio_hardware', 'merge_install': False, 'path': '/home/ivan/Escritorio/ROS2_braccio/braccio_hardware', 'symlink_install': False, 'test_result_base': None}
[0.481s] Level 5:colcon.colcon_core.verb:set package 'braccio_bringup' build argument 'cmake_args' from command line to 'None'
[0.481s] Level 5:colcon.colcon_core.verb:set package 'braccio_bringup' build argument 'cmake_target' from command line to 'None'
[0.481s] Level 5:colcon.colcon_core.verb:set package 'braccio_bringup' build argument 'cmake_target_skip_unavailable' from command line to 'False'
[0.481s] Level 5:colcon.colcon_core.verb:set package 'braccio_bringup' build argument 'cmake_clean_cache' from command line to 'False'
[0.481s] Level 5:colcon.colcon_core.verb:set package 'braccio_bringup' build argument 'cmake_clean_first' from command line to 'False'
[0.481s] Level 5:colcon.colcon_core.verb:set package 'braccio_bringup' build argument 'cmake_force_configure' from command line to 'False'
[0.481s] Level 5:colcon.colcon_core.verb:set package 'braccio_bringup' build argument 'ament_cmake_args' from command line to 'None'
[0.481s] Level 5:colcon.colcon_core.verb:set package 'braccio_bringup' build argument 'catkin_cmake_args' from command line to 'None'
[0.481s] Level 5:colcon.colcon_core.verb:set package 'braccio_bringup' build argument 'catkin_skip_building_tests' from command line to 'False'
[0.481s] DEBUG:colcon.colcon_core.verb:Building package 'braccio_bringup' with the following arguments: {'ament_cmake_args': None, 'build_base': '/home/ivan/Escritorio/ROS2_braccio/build/braccio_bringup', 'catkin_cmake_args': None, 'catkin_skip_building_tests': False, 'cmake_args': None, 'cmake_clean_cache': False, 'cmake_clean_first': False, 'cmake_force_configure': False, 'cmake_target': None, 'cmake_target_skip_unavailable': False, 'install_base': '/home/ivan/Escritorio/ROS2_braccio/install/braccio_bringup', 'merge_install': False, 'path': '/home/ivan/Escritorio/ROS2_braccio/braccio_bringup', 'symlink_install': False, 'test_result_base': None}
[0.481s] Level 5:colcon.colcon_core.verb:set package 'braccio_moveit_config' build argument 'cmake_args' from command line to 'None'
[0.481s] Level 5:colcon.colcon_core.verb:set package 'braccio_moveit_config' build argument 'cmake_target' from command line to 'None'
[0.481s] Level 5:colcon.colcon_core.verb:set package 'braccio_moveit_config' build argument 'cmake_target_skip_unavailable' from command line to 'False'
[0.481s] Level 5:colcon.colcon_core.verb:set package 'braccio_moveit_config' build argument 'cmake_clean_cache' from command line to 'False'
[0.481s] Level 5:colcon.colcon_core.verb:set package 'braccio_moveit_config' build argument 'cmake_clean_first' from command line to 'False'
[0.481s] Level 5:colcon.colcon_core.verb:set package 'braccio_moveit_config' build argument 'cmake_force_configure' from command line to 'False'
[0.481s] Level 5:colcon.colcon_core.verb:set package 'braccio_moveit_config' build argument 'ament_cmake_args' from command line to 'None'
[0.481s] Level 5:colcon.colcon_core.verb:set package 'braccio_moveit_config' build argument 'catkin_cmake_args' from command line to 'None'
[0.481s] Level 5:colcon.colcon_core.verb:set package 'braccio_moveit_config' build argument 'catkin_skip_building_tests' from command line to 'False'
[0.481s] DEBUG:colcon.colcon_core.verb:Building package 'braccio_moveit_config' with the following arguments: {'ament_cmake_args': None, 'build_base': '/home/ivan/Escritorio/ROS2_braccio/build/braccio_moveit_config', 'catkin_cmake_args': None, 'catkin_skip_building_tests': False, 'cmake_args': None, 'cmake_clean_cache': False, 'cmake_clean_first': False, 'cmake_force_configure': False, 'cmake_target': None, 'cmake_target_skip_unavailable': False, 'install_base': '/home/ivan/Escritorio/ROS2_braccio/install/braccio_moveit_config', 'merge_install': False, 'path': '/home/ivan/Escritorio/ROS2_braccio/braccio_moveit_config', 'symlink_install': False, 'test_result_base': None}
[0.482s] INFO:colcon.colcon_core.executor:Executing jobs using 'parallel' executor
[0.482s] DEBUG:colcon.colcon_parallel_executor.executor.parallel:run_until_complete
[0.483s] INFO:colcon.colcon_ros.task.ament_cmake.build:Building ROS package in '/home/ivan/Escritorio/ROS2_braccio/braccio_description' with build type 'ament_cmake'
[0.483s] INFO:colcon.colcon_cmake.task.cmake.build:Building CMake package in '/home/ivan/Escritorio/ROS2_braccio/braccio_description'
[0.486s] INFO:colcon.colcon_core.plugin_system:Skipping extension 'colcon_core.shell.bat': Not used on non-Windows systems
[0.486s] INFO:colcon.colcon_core.shell:Skip shell extension 'powershell' for command environment: Not usable outside of PowerShell
[0.486s] DEBUG:colcon.colcon_core.shell:Skip shell extension 'dsv' for command environment
[0.490s] INFO:colcon.colcon_ros.task.ament_cmake.build:Building ROS package in '/home/ivan/Escritorio/ROS2_braccio/braccio_hardware' with build type 'ament_cmake'
[0.490s] INFO:colcon.colcon_cmake.task.cmake.build:Building CMake package in '/home/ivan/Escritorio/ROS2_braccio/braccio_hardware'
[0.490s] INFO:colcon.colcon_core.shell:Skip shell extension 'powershell' for command environment: Not usable outside of PowerShell
[0.490s] DEBUG:colcon.colcon_core.shell:Skip shell extension 'dsv' for command environment
[0.499s] DEBUG:colcon.colcon_core.event_handler.log_command:Invoking command in '/home/ivan/Escritorio/ROS2_braccio/build/braccio_description': CMAKE_PREFIX_PATH=/opt/ros/humble /usr/bin/cmake --build /home/ivan/Escritorio/ROS2_braccio/build/braccio_description -- -j16 -l16
[0.503s] DEBUG:colcon.colcon_core.event_handler.log_command:Invoking command in '/home/ivan/Escritorio/ROS2_braccio/build/braccio_hardware': CMAKE_PREFIX_PATH=/opt/ros/humble /usr/bin/cmake --build /home/ivan/Escritorio/ROS2_braccio/build/braccio_hardware -- -j16 -l16
[0.836s] DEBUG:colcon.colcon_core.event_handler.log_command:Invoked command in '/home/ivan/Escritorio/ROS2_braccio/build/braccio_hardware' returned '0': CMAKE_PREFIX_PATH=/opt/ros/humble /usr/bin/cmake --build /home/ivan/Escritorio/ROS2_braccio/build/braccio_hardware -- -j16 -l16
[0.846s] DEBUG:colcon.colcon_core.event_handler.log_command:Invoking command in '/home/ivan/Escritorio/ROS2_braccio/build/braccio_hardware': CMAKE_PREFIX_PATH=/opt/ros/humble /usr/bin/cmake --install /home/ivan/Escritorio/ROS2_braccio/build/braccio_hardware
[0.847s] DEBUG:colcon.colcon_core.event_handler.log_command:Invoked command in '/home/ivan/Escritorio/ROS2_braccio/build/braccio_description' returned '0': CMAKE_PREFIX_PATH=/opt/ros/humble /usr/bin/cmake --build /home/ivan/Escritorio/ROS2_braccio/build/braccio_description -- -j16 -l16
[0.849s] DEBUG:colcon.colcon_core.event_handler.log_command:Invoking command in '/home/ivan/Escritorio/ROS2_braccio/build/braccio_description': CMAKE_PREFIX_PATH=/opt/ros/humble /usr/bin/cmake --install /home/ivan/Escritorio/ROS2_braccio/build/braccio_description
[0.890s] Level 1:colcon.colcon_core.environment:create_environment_scripts_only(braccio_hardware)
[0.890s] DEBUG:colcon.colcon_core.event_handler.log_command:Invoked command in '/home/ivan/Escritorio/ROS2_braccio/build/braccio_hardware' returned '0': CMAKE_PREFIX_PATH=/opt/ros/humble /usr/bin/cmake --install /home/ivan/Escritorio/ROS2_braccio/build/braccio_hardware
[0.894s] Level 1:colcon.colcon_core.environment:checking '/home/ivan/Escritorio/ROS2_braccio/install/braccio_hardware' for CMake module files
[0.895s] Level 1:colcon.colcon_core.environment:checking '/home/ivan/Escritorio/ROS2_braccio/install/braccio_hardware' for CMake config files
[0.895s] Level 1:colcon.colcon_core.shell:create_environment_hook('braccio_hardware', 'cmake_prefix_path')
[0.895s] INFO:colcon.colcon_core.shell:Creating environment hook '/home/ivan/Escritorio/ROS2_braccio/install/braccio_hardware/share/braccio_hardware/hook/cmake_prefix_path.ps1'
[0.896s] INFO:colcon.colcon_core.shell:Creating environment descriptor '/home/ivan/Escritorio/ROS2_braccio/install/braccio_hardware/share/braccio_hardware/hook/cmake_prefix_path.dsv'
[0.896s] INFO:colcon.colcon_core.shell:Creating environment hook '/home/ivan/Escritorio/ROS2_braccio/install/braccio_hardware/share/braccio_hardware/hook/cmake_prefix_path.sh'
[0.897s] Level 1:colcon.colcon_core.environment:checking '/home/ivan/Escritorio/ROS2_braccio/install/braccio_hardware/lib'
[0.897s] Level 1:colcon.colcon_core.shell:create_environment_hook('braccio_hardware', 'ld_library_path_lib')
[0.897s] INFO:colcon.colcon_core.shell:Creating environment hook '/home/ivan/Escritorio/ROS2_braccio/install/braccio_hardware/share/braccio_hardware/hook/ld_library_path_lib.ps1'
[0.898s] INFO:colcon.colcon_core.shell:Creating environment descriptor '/home/ivan/Escritorio/ROS2_braccio/install/braccio_hardware/share/braccio_hardware/hook/ld_library_path_lib.dsv'
[0.898s] INFO:colcon.colcon_core.shell:Creating environment hook '/home/ivan/Escritorio/ROS2_braccio/install/braccio_hardware/share/braccio_hardware/hook/ld_library_path_lib.sh'
[0.898s] Level 1:colcon.colcon_core.environment:checking '/home/ivan/Escritorio/ROS2_braccio/install/braccio_hardware/bin'
[0.898s] Level 1:colcon.colcon_core.environment:checking '/home/ivan/Escritorio/ROS2_braccio/install/braccio_hardware/lib/pkgconfig/braccio_hardware.pc'
[0.899s] Level 1:colcon.colcon_core.environment:checking '/home/ivan/Escritorio/ROS2_braccio/install/braccio_hardware/lib/python3.10/site-packages'
[0.899s] Level 1:colcon.colcon_core.environment:checking '/home/ivan/Escritorio/ROS2_braccio/install/braccio_hardware/bin'
[0.899s] INFO:colcon.colcon_core.shell:Creating package script '/home/ivan/Escritorio/ROS2_braccio/install/braccio_hardware/share/braccio_hardware/package.ps1'
[0.900s] INFO:colcon.colcon_core.shell:Creating package descriptor '/home/ivan/Escritorio/ROS2_braccio/install/braccio_hardware/share/braccio_hardware/package.dsv'
[0.900s] INFO:colcon.colcon_core.shell:Creating package script '/home/ivan/Escritorio/ROS2_braccio/install/braccio_hardware/share/braccio_hardware/package.sh'
[0.901s] INFO:colcon.colcon_core.shell:Creating package script '/home/ivan/Escritorio/ROS2_braccio/install/braccio_hardware/share/braccio_hardware/package.bash'
[0.902s] INFO:colcon.colcon_core.shell:Creating package script '/home/ivan/Escritorio/ROS2_braccio/install/braccio_hardware/share/braccio_hardware/package.zsh'
[0.903s] Level 1:colcon.colcon_core.environment:create_file_with_runtime_dependencies(/home/ivan/Escritorio/ROS2_braccio/install/braccio_hardware/share/colcon-core/packages/braccio_hardware)
[0.903s] Level 1:colcon.colcon_core.environment:create_environment_scripts_only(braccio_hardware)
[0.903s] Level 1:colcon.colcon_core.environment:checking '/home/ivan/Escritorio/ROS2_braccio/install/braccio_hardware' for CMake module files
[0.904s] Level 1:colcon.colcon_core.environment:checking '/home/ivan/Escritorio/ROS2_braccio/install/braccio_hardware' for CMake config files
[0.904s] Level 1:colcon.colcon_core.shell:create_environment_hook('braccio_hardware', 'cmake_prefix_path')
[0.904s] INFO:colcon.colcon_core.shell:Creating environment hook '/home/ivan/Escritorio/ROS2_braccio/install/braccio_hardware/share/braccio_hardware/hook/cmake_prefix_path.ps1'
[0.905s] INFO:colcon.colcon_core.shell:Creating environment descriptor '/home/ivan/Escritorio/ROS2_braccio/install/braccio_hardware/share/braccio_hardware/hook/cmake_prefix_path.dsv'
[0.905s] INFO:colcon.colcon_core.shell:Creating environment hook '/home/ivan/Escritorio/ROS2_braccio/install/braccio_hardware/share/braccio_hardware/hook/cmake_prefix_path.sh'
[0.905s] Level 1:colcon.colcon_core.environment:checking '/home/ivan/Escritorio/ROS2_braccio/install/braccio_hardware/lib'
[0.905s] Level 1:colcon.colcon_core.shell:create_environment_hook('braccio_hardware', 'ld_library_path_lib')
[0.906s] INFO:colcon.colcon_core.shell:Creating environment hook '/home/ivan/Escritorio/ROS2_braccio/install/braccio_hardware/share/braccio_hardware/hook/ld_library_path_lib.ps1'
[0.906s] INFO:colcon.colcon_core.shell:Creating environment descriptor '/home/ivan/Escritorio/ROS2_braccio/install/braccio_hardware/share/braccio_hardware/hook/ld_library_path_lib.dsv'
[0.906s] INFO:colcon.colcon_core.shell:Creating environment hook '/home/ivan/Escritorio/ROS2_braccio/install/braccio_hardware/share/braccio_hardware/hook/ld_library_path_lib.sh'
[0.906s] Level 1:colcon.colcon_core.environment:checking '/home/ivan/Escritorio/ROS2_braccio/install/braccio_hardware/bin'
[0.906s] Level 1:colcon.colcon_core.environment:checking '/home/ivan/Escritorio/ROS2_braccio/install/braccio_hardware/lib/pkgconfig/braccio_hardware.pc'
[0.907s] Level 1:colcon.colcon_core.environment:checking '/home/ivan/Escritorio/ROS2_braccio/install/braccio_hardware/lib/python3.10/site-packages'
[0.907s] Level 1:colcon.colcon_core.environment:checking '/home/ivan/Escritorio/ROS2_braccio/install/braccio_hardware/bin'
[0.907s] INFO:colcon.colcon_core.shell:Creating package script '/home/ivan/Escritorio/ROS2_braccio/install/braccio_hardware/share/braccio_hardware/package.ps1'
[0.907s] INFO:colcon.colcon_core.shell:Creating package descriptor '/home/ivan/Escritorio/ROS2_braccio/install/braccio_hardware/share/braccio_hardware/package.dsv'
[0.908s] INFO:colcon.colcon_core.shell:Creating package script '/home/ivan/Escritorio/ROS2_braccio/install/braccio_hardware/share/braccio_hardware/package.sh'
[0.908s] INFO:colcon.colcon_core.shell:Creating package script '/home/ivan/Escritorio/ROS2_braccio/install/braccio_hardware/share/braccio_hardware/package.bash'
[0.909s] INFO:colcon.colcon_core.shell:Creating package script '/home/ivan/Escritorio/ROS2_braccio/install/braccio_hardware/share/braccio_hardware/package.zsh'
[0.909s] Level 1:colcon.colcon_core.environment:create_file_with_runtime_dependencies(/home/ivan/Escritorio/ROS2_braccio/install/braccio_hardware/share/colcon-core/packages/braccio_hardware)
[0.910s] Level 1:colcon.colcon_core.environment:create_environment_scripts_only(braccio_description)
[0.910s] Level 1:colcon.colcon_core.environment:checking '/home/ivan/Escritorio/ROS2_braccio/install/braccio_description' for CMake module files
[0.911s] DEBUG:colcon.colcon_core.event_handler.log_command:Invoked command in '/home/ivan/Escritorio/ROS2_braccio/build/braccio_description' returned '0': CMAKE_PREFIX_PATH=/opt/ros/humble /usr/bin/cmake --install /home/ivan/Escritorio/ROS2_braccio/build/braccio_description
[0.911s] Level 1:colcon.colcon_core.environment:checking '/home/ivan/Escritorio/ROS2_braccio/install/braccio_description' for CMake config files
[0.912s] Level 1:colcon.colcon_core.shell:create_environment_hook('braccio_description', 'cmake_prefix_path')
[0.912s] INFO:colcon.colcon_core.shell:Creating environment hook '/home/ivan/Escritorio/ROS2_braccio/install/braccio_description/share/braccio_description/hook/cmake_prefix_path.ps1'
[0.913s] INFO:colcon.colcon_core.shell:Creating environment descriptor '/home/ivan/Escritorio/ROS2_braccio/install/braccio_description/share/braccio_description/hook/cmake_prefix_path.dsv'
[0.913s] INFO:colcon.colcon_core.shell:Creating environment hook '/home/ivan/Escritorio/ROS2_braccio/install/braccio_description/share/braccio_description/hook/cmake_prefix_path.sh'
[0.914s] Level 1:colcon.colcon_core.environment:checking '/home/ivan/Escritorio/ROS2_braccio/install/braccio_description/bin'
[0.914s] Level 1:colcon.colcon_core.environment:checking '/home/ivan/Escritorio/ROS2_braccio/install/braccio_description/lib/pkgconfig/braccio_description.pc'
[0.914s] Level 1:colcon.colcon_core.environment:checking '/home/ivan/Escritorio/ROS2_braccio/install/braccio_description/lib/python3.10/site-packages'
[0.915s] Level 1:colcon.colcon_core.environment:checking '/home/ivan/Escritorio/ROS2_braccio/install/braccio_description/bin'
[0.915s] INFO:colcon.colcon_core.shell:Creating package script '/home/ivan/Escritorio/ROS2_braccio/install/braccio_description/share/braccio_description/package.ps1'
[0.915s] INFO:colcon.colcon_core.shell:Creating package descriptor '/home/ivan/Escritorio/ROS2_braccio/install/braccio_description/share/braccio_description/package.dsv'
[0.916s] INFO:colcon.colcon_core.shell:Creating package script '/home/ivan/Escritorio/ROS2_braccio/install/braccio_description/share/braccio_description/package.sh'
[0.916s] INFO:colcon.colcon_core.shell:Creating package script '/home/ivan/Escritorio/ROS2_braccio/install/braccio_description/share/braccio_description/package.bash'
[0.916s] INFO:colcon.colcon_core.shell:Creating package script '/home/ivan/Escritorio/ROS2_braccio/install/braccio_description/share/braccio_description/package.zsh'
[0.917s] Level 1:colcon.colcon_core.environment:create_file_with_runtime_dependencies(/home/ivan/Escritorio/ROS2_braccio/install/braccio_description/share/colcon-core/packages/braccio_description)
[0.917s] Level 1:colcon.colcon_core.environment:create_environment_scripts_only(braccio_description)
[0.917s] Level 1:colcon.colcon_core.environment:checking '/home/ivan/Escritorio/ROS2_braccio/install/braccio_description' for CMake module files
[0.918s] Level 1:colcon.colcon_core.environment:checking '/home/ivan/Escritorio/ROS2_braccio/install/braccio_description' for CMake config files
[0.918s] Level 1:colcon.colcon_core.shell:create_environment_hook('braccio_description', 'cmake_prefix_path')
[0.918s] INFO:colcon.colcon_core.shell:Creating environment hook '/home/ivan/Escritorio/ROS2_braccio/install/braccio_description/share/braccio_description/hook/cmake_prefix_path.ps1'
[0.918s] INFO:colcon.colcon_core.shell:Creating environment descriptor '/home/ivan/Escritorio/ROS2_braccio/install/braccio_description/share/braccio_description/hook/cmake_prefix_path.dsv'
[0.919s] INFO:colcon.colcon_core.shell:Creating environment hook '/home/ivan/Escritorio/ROS2_braccio/install/braccio_description/share/braccio_description/hook/cmake_prefix_path.sh'
[0.919s] Level 1:colcon.colcon_core.environment:checking '/home/ivan/Escritorio/ROS2_braccio/install/braccio_description/bin'
[0.919s] Level 1:colcon.colcon_core.environment:checking '/home/ivan/Escritorio/ROS2_braccio/install/braccio_description/lib/pkgconfig/braccio_description.pc'
[0.920s] Level 1:colcon.colcon_core.environment:checking '/home/ivan/Escritorio/ROS2_braccio/install/braccio_description/lib/python3.10/site-packages'
[0.920s] Level 1:colcon.colcon_core.environment:checking '/home/ivan/Escritorio/ROS2_braccio/install/braccio_description/bin'
[0.920s] INFO:colcon.colcon_core.shell:Creating package script '/home/ivan/Escritorio/ROS2_braccio/install/braccio_description/share/braccio_description/package.ps1'
[0.920s] INFO:colcon.colcon_core.shell:Creating package descriptor '/home/ivan/Escritorio/ROS2_braccio/install/braccio_description/share/braccio_description/package.dsv'
[0.921s] INFO:colcon.colcon_core.shell:Creating package script '/home/ivan/Escritorio/ROS2_braccio/install/braccio_description/share/braccio_description/package.sh'
[0.921s] INFO:colcon.colcon_core.shell:Creating package script '/home/ivan/Escritorio/ROS2_braccio/install/braccio_description/share/braccio_description/package.bash'
[0.921s] INFO:colcon.colcon_core.shell:Creating package script '/home/ivan/Escritorio/ROS2_braccio/install/braccio_description/share/braccio_description/package.zsh'
[0.922s] Level 1:colcon.colcon_core.environment:create_file_with_runtime_dependencies(/home/ivan/Escritorio/ROS2_braccio/install/braccio_description/share/colcon-core/packages/braccio_description)
[0.922s] INFO:colcon.colcon_ros.task.ament_cmake.build:Building ROS package in '/home/ivan/Escritorio/ROS2_braccio/braccio_bringup' with build type 'ament_cmake'
[0.922s] INFO:colcon.colcon_cmake.task.cmake.build:Building CMake package in '/home/ivan/Escritorio/ROS2_braccio/braccio_bringup'
[0.922s] INFO:colcon.colcon_core.shell:Skip shell extension 'powershell' for command environment: Not usable outside of PowerShell
[0.922s] DEBUG:colcon.colcon_core.shell:Skip shell extension 'dsv' for command environment
[0.926s] INFO:colcon.colcon_ros.task.ament_cmake.build:Building ROS package in '/home/ivan/Escritorio/ROS2_braccio/braccio_moveit_config' with build type 'ament_cmake'
[0.926s] INFO:colcon.colcon_cmake.task.cmake.build:Building CMake package in '/home/ivan/Escritorio/ROS2_braccio/braccio_moveit_config'
[0.926s] INFO:colcon.colcon_core.shell:Skip shell extension 'powershell' for command environment: Not usable outside of PowerShell
[0.926s] DEBUG:colcon.colcon_core.shell:Skip shell extension 'dsv' for command environment
[0.934s] DEBUG:colcon.colcon_core.event_handler.log_command:Invoking command in '/home/ivan/Escritorio/ROS2_braccio/build/braccio_bringup': AMENT_PREFIX_PATH=/home/ivan/Escritorio/ROS2_braccio/install/braccio_hardware:/home/ivan/Escritorio/ROS2_braccio/install/braccio_description:${AMENT_PREFIX_PATH} CMAKE_PREFIX_PATH=/home/ivan/Escritorio/ROS2_braccio/install/braccio_hardware:/home/ivan/Escritorio/ROS2_braccio/install/braccio_description:/opt/ros/humble LD_LIBRARY_PATH=/home/ivan/Escritorio/ROS2_braccio/install/braccio_hardware/lib:${LD_LIBRARY_PATH} PYTHONPATH=/home/ivan/Escritorio/ROS2_braccio/install/braccio_hardware/local/lib/python3.10/dist-packages:/home/ivan/Escritorio/ROS2_braccio/install/braccio_description/local/lib/python3.10/dist-packages:${PYTHONPATH} /usr/bin/cmake --build /home/ivan/Escritorio/ROS2_braccio/build/braccio_bringup -- -j16 -l16
[0.935s] DEBUG:colcon.colcon_core.event_handler.log_command:Invoking command in '/home/ivan/Escritorio/ROS2_braccio/build/braccio_moveit_config': AMENT_PREFIX_PATH=/home/ivan/Escritorio/ROS2_braccio/install/braccio_description:${AMENT_PREFIX_PATH} CMAKE_PREFIX_PATH=/home/ivan/Escritorio/ROS2_braccio/install/braccio_description:/opt/ros/humble PYTHONPATH=/home/ivan/Escritorio/ROS2_braccio/install/braccio_description/local/lib/python3.10/dist-packages:${PYTHONPATH} /usr/bin/cmake --build /home/ivan/Escritorio/ROS2_braccio/build/braccio_moveit_config -- -j16 -l16
[0.971s] DEBUG:colcon.colcon_core.event_handler.log_command:Invoked command in '/home/ivan/Escritorio/ROS2_braccio/build/braccio_moveit_config' returned '0': AMENT_PREFIX_PATH=/home/ivan/Escritorio/ROS2_braccio/install/braccio_description:${AMENT_PREFIX_PATH} CMAKE_PREFIX_PATH=/home/ivan/Escritorio/ROS2_braccio/install/braccio_description:/opt/ros/humble PYTHONPATH=/home/ivan/Escritorio/ROS2_braccio/install/braccio_description/local/lib/python3.10/dist-packages:${PYTHONPATH} /usr/bin/cmake --build /home/ivan/Escritorio/ROS2_braccio/build/braccio_moveit_config -- -j16 -l16
[0.973s] DEBUG:colcon.colcon_core.event_handler.log_command:Invoking command in '/home/ivan/Escritorio/ROS2_braccio/build/braccio_moveit_config': AMENT_PREFIX_PATH=/home/ivan/Escritorio/ROS2_braccio/install/braccio_description:${AMENT_PREFIX_PATH} CMAKE_PREFIX_PATH=/home/ivan/Escritorio/ROS2_braccio/install/braccio_description:/opt/ros/humble PYTHONPATH=/home/ivan/Escritorio/ROS2_braccio/install/braccio_description/local/lib/python3.10/dist-packages:${PYTHONPATH} /usr/bin/cmake --install /home/ivan/Escritorio/ROS2_braccio/build/braccio_moveit_config
[0.982s] Level 1:colcon.colcon_core.environment:create_environment_scripts_only(braccio_moveit_config)
[0.983s] Level 1:colcon.colcon_core.environment:checking '/home/ivan/Escritorio/ROS2_braccio/install/braccio_moveit_config' for CMake module files
[0.983s] DEBUG:colcon.colcon_core.event_handler.log_command:Invoked command in '/home/ivan/Escritorio/ROS2_braccio/build/braccio_moveit_config' returned '0': AMENT_PREFIX_PATH=/home/ivan/Escritorio/ROS2_braccio/install/braccio_description:${AMENT_PREFIX_PATH} CMAKE_PREFIX_PATH=/home/ivan/Escritorio/ROS2_braccio/install/braccio_description:/opt/ros/humble PYTHONPATH=/home/ivan/Escritorio/ROS2_braccio/install/braccio_description/local/lib/python3.10/dist-packages:${PYTHONPATH} /usr/bin/cmake --install /home/ivan/Escritorio/ROS2_braccio/build/braccio_moveit_config
[0.984s] Level 1:colcon.colcon_core.environment:checking '/home/ivan/Escritorio/ROS2_braccio/install/braccio_moveit_config' for CMake config files
[0.984s] Level 1:colcon.colcon_core.shell:create_environment_hook('braccio_moveit_config', 'cmake_prefix_path')
[0.984s] INFO:colcon.colcon_core.shell:Creating environment hook '/home/ivan/Escritorio/ROS2_braccio/install/braccio_moveit_config/share/braccio_moveit_config/hook/cmake_prefix_path.ps1'
[0.985s] INFO:colcon.colcon_core.shell:Creating environment descriptor '/home/ivan/Escritorio/ROS2_braccio/install/braccio_moveit_config/share/braccio_moveit_config/hook/cmake_prefix_path.dsv'
[0.985s] INFO:colcon.colcon_core.shell:Creating environment hook '/home/ivan/Escritorio/ROS2_braccio/install/braccio_moveit_config/share/braccio_moveit_config/hook/cmake_prefix_path.sh'
[0.986s] Level 1:colcon.colcon_core.environment:checking '/home/ivan/Escritorio/ROS2_braccio/install/braccio_moveit_config/bin'
[0.986s] Level 1:colcon.colcon_core.environment:checking '/home/ivan/Escritorio/ROS2_braccio/install/braccio_moveit_config/lib/pkgconfig/braccio_moveit_config.pc'
[0.986s] Level 1:colcon.colcon_core.environment:checking '/home/ivan/Escritorio/ROS2_braccio/install/braccio_moveit_config/lib/python3.10/site-packages'
[0.986s] Level 1:colcon.colcon_core.environment:checking '/home/ivan/Escritorio/ROS2_braccio/install/braccio_moveit_config/bin'
[0.987s] INFO:colcon.colcon_core.shell:Creating package script '/home/ivan/Escritorio/ROS2_braccio/install/braccio_moveit_config/share/braccio_moveit_config/package.ps1'
[0.987s] INFO:colcon.colcon_core.shell:Creating package descriptor '/home/ivan/Escritorio/ROS2_braccio/install/braccio_moveit_config/share/braccio_moveit_config/package.dsv'
[0.987s] INFO:colcon.colcon_core.shell:Creating package script '/home/ivan/Escritorio/ROS2_braccio/install/braccio_moveit_config/share/braccio_moveit_config/package.sh'
[0.988s] INFO:colcon.colcon_core.shell:Creating package script '/home/ivan/Escritorio/ROS2_braccio/install/braccio_moveit_config/share/braccio_moveit_config/package.bash'
[0.988s] INFO:colcon.colcon_core.shell:Creating package script '/home/ivan/Escritorio/ROS2_braccio/install/braccio_moveit_config/share/braccio_moveit_config/package.zsh'
[0.989s] Level 1:colcon.colcon_core.environment:create_file_with_runtime_dependencies(/home/ivan/Escritorio/ROS2_braccio/install/braccio_moveit_config/share/colcon-core/packages/braccio_moveit_config)
[0.989s] Level 1:colcon.colcon_core.environment:create_environment_scripts_only(braccio_moveit_config)
[0.989s] Level 1:colcon.colcon_core.environment:checking '/home/ivan/Escritorio/ROS2_braccio/install/braccio_moveit_config' for CMake module files
[0.990s] Level 1:colcon.colcon_core.environment:checking '/home/ivan/Escritorio/ROS2_braccio/install/braccio_moveit_config' for CMake config files
[0.990s] Level 1:colcon.colcon_core.shell:create_environment_hook('braccio_moveit_config', 'cmake_prefix_path')
[0.990s] INFO:colcon.colcon_core.shell:Creating environment hook '/home/ivan/Escritorio/ROS2_braccio/install/braccio_moveit_config/share/braccio_moveit_config/hook/cmake_prefix_path.ps1'
[0.990s] INFO:colcon.colcon_core.shell:Creating environment descriptor '/home/ivan/Escritorio/ROS2_braccio/install/braccio_moveit_config/share/braccio_moveit_config/hook/cmake_prefix_path.dsv'
[0.991s] INFO:colcon.colcon_core.shell:Creating environment hook '/home/ivan/Escritorio/ROS2_braccio/install/braccio_moveit_config/share/braccio_moveit_config/hook/cmake_prefix_path.sh'
[0.991s] Level 1:colcon.colcon_core.environment:checking '/home/ivan/Escritorio/ROS2_braccio/install/braccio_moveit_config/bin'
[0.991s] Level 1:colcon.colcon_core.environment:checking '/home/ivan/Escritorio/ROS2_braccio/install/braccio_moveit_config/lib/pkgconfig/braccio_moveit_config.pc'
[0.991s] Level 1:colcon.colcon_core.environment:checking '/home/ivan/Escritorio/ROS2_braccio/install/braccio_moveit_config/lib/python3.10/site-packages'
[0.991s] Level 1:colcon.colcon_core.environment:checking '/home/ivan/Escritorio/ROS2_braccio/install/braccio_moveit_config/bin'
[0.992s] INFO:colcon.colcon_core.shell:Creating package script '/home/ivan/Escritorio/ROS2_braccio/install/braccio_moveit_config/share/braccio_moveit_config/package.ps1'
[0.992s] INFO:colcon.colcon_core.shell:Creating package descriptor '/home/ivan/Escritorio/ROS2_braccio/install/braccio_moveit_config/share/braccio_moveit_config/package.dsv'
[0.992s] INFO:colcon.colcon_core.shell:Creating package script '/home/ivan/Escritorio/ROS2_braccio/install/braccio_moveit_config/share/braccio_moveit_config/package.sh'
[0.993s] INFO:colcon.colcon_core.shell:Creating package script '/home/ivan/Escritorio/ROS2_braccio/install/braccio_moveit_config/share/braccio_moveit_config/package.bash'
[0.993s] INFO:colcon.colcon_core.shell:Creating package script '/home/ivan/Escritorio/ROS2_braccio/install/braccio_moveit_config/share/braccio_moveit_config/package.zsh'
[0.993s] Level 1:colcon.colcon_core.environment:create_file_with_runtime_dependencies(/home/ivan/Escritorio/ROS2_braccio/install/braccio_moveit_config/share/colcon-core/packages/braccio_moveit_config)
[1.236s] DEBUG:colcon.colcon_core.event_handler.log_command:Invoked command in '/home/ivan/Escritorio/ROS2_braccio/build/braccio_bringup' returned '0': AMENT_PREFIX_PATH=/home/ivan/Escritorio/ROS2_braccio/install/braccio_hardware:/home/ivan/Escritorio/ROS2_braccio/install/braccio_description:${AMENT_PREFIX_PATH} CMAKE_PREFIX_PATH=/home/ivan/Escritorio/ROS2_braccio/install/braccio_hardware:/home/ivan/Escritorio/ROS2_braccio/install/braccio_description:/opt/ros/humble LD_LIBRARY_PATH=/home/ivan/Escritorio/ROS2_braccio/install/braccio_hardware/lib:${LD_LIBRARY_PATH} PYTHONPATH=/home/ivan/Escritorio/ROS2_braccio/install/braccio_hardware/local/lib/python3.10/dist-packages:/home/ivan/Escritorio/ROS2_braccio/install/braccio_description/local/lib/python3.10/dist-packages:${PYTHONPATH} /usr/bin/cmake --build /home/ivan/Escritorio/ROS2_braccio/build/braccio_bringup -- -j16 -l16
[1.238s] DEBUG:colcon.colcon_core.event_handler.log_command:Invoking command in '/home/ivan/Escritorio/ROS2_braccio/build/braccio_bringup': AMENT_PREFIX_PATH=/home/ivan/Escritorio/ROS2_braccio/install/braccio_hardware:/home/ivan/Escritorio/ROS2_braccio/install/braccio_description:${AMENT_PREFIX_PATH} CMAKE_PREFIX_PATH=/home/ivan/Escritorio/ROS2_braccio/install/braccio_hardware:/home/ivan/Escritorio/ROS2_braccio/install/braccio_description:/opt/ros/humble LD_LIBRARY_PATH=/home/ivan/Escritorio/ROS2_braccio/install/braccio_hardware/lib:${LD_LIBRARY_PATH} PYTHONPATH=/home/ivan/Escritorio/ROS2_braccio/install/braccio_hardware/local/lib/python3.10/dist-packages:/home/ivan/Escritorio/ROS2_braccio/install/braccio_description/local/lib/python3.10/dist-packages:${PYTHONPATH} /usr/bin/cmake --install /home/ivan/Escritorio/ROS2_braccio/build/braccio_bringup
[1.271s] Level 1:colcon.colcon_core.environment:create_environment_scripts_only(braccio_bringup)
[1.271s] Level 1:colcon.colcon_core.environment:checking '/home/ivan/Escritorio/ROS2_braccio/install/braccio_bringup' for CMake module files
[1.272s] DEBUG:colcon.colcon_core.event_handler.log_command:Invoked command in '/home/ivan/Escritorio/ROS2_braccio/build/braccio_bringup' returned '0': AMENT_PREFIX_PATH=/home/ivan/Escritorio/ROS2_braccio/install/braccio_hardware:/home/ivan/Escritorio/ROS2_braccio/install/braccio_description:${AMENT_PREFIX_PATH} CMAKE_PREFIX_PATH=/home/ivan/Escritorio/ROS2_braccio/install/braccio_hardware:/home/ivan/Escritorio/ROS2_braccio/install/braccio_description:/opt/ros/humble LD_LIBRARY_PATH=/home/ivan/Escritorio/ROS2_braccio/install/braccio_hardware/lib:${LD_LIBRARY_PATH} PYTHONPATH=/home/ivan/Escritorio/ROS2_braccio/install/braccio_hardware/local/lib/python3.10/dist-packages:/home/ivan/Escritorio/ROS2_braccio/install/braccio_description/local/lib/python3.10/dist-packages:${PYTHONPATH} /usr/bin/cmake --install /home/ivan/Escritorio/ROS2_braccio/build/braccio_bringup
[1.272s] Level 1:colcon.colcon_core.environment:checking '/home/ivan/Escritorio/ROS2_braccio/install/braccio_bringup' for CMake config files
[1.273s] Level 1:colcon.colcon_core.shell:create_environment_hook('braccio_bringup', 'cmake_prefix_path')
[1.273s] INFO:colcon.colcon_core.shell:Creating environment hook '/home/ivan/Escritorio/ROS2_braccio/install/braccio_bringup/share/braccio_bringup/hook/cmake_prefix_path.ps1'
[1.273s] INFO:colcon.colcon_core.shell:Creating environment descriptor '/home/ivan/Escritorio/ROS2_braccio/install/braccio_bringup/share/braccio_bringup/hook/cmake_prefix_path.dsv'
[1.273s] INFO:colcon.colcon_core.shell:Creating environment hook '/home/ivan/Escritorio/ROS2_braccio/install/braccio_bringup/share/braccio_bringup/hook/cmake_prefix_path.sh'
[1.274s] Level 1:colcon.colcon_core.environment:checking '/home/ivan/Escritorio/ROS2_braccio/install/braccio_bringup/bin'
[1.274s] Level 1:colcon.colcon_core.environment:checking '/home/ivan/Escritorio/ROS2_braccio/install/braccio_bringup/lib/pkgconfig/braccio_bringup.pc'
[1.274s] Level 1:colcon.colcon_core.environment:checking '/home/ivan/Escritorio/ROS2_braccio/install/braccio_bringup/lib/python3.10/site-packages'
[1.274s] Level 1:colcon.colcon_core.environment:checking '/home/ivan/Escritorio/ROS2_braccio/install/braccio_bringup/bin'
[1.274s] INFO:colcon.colcon_core.shell:Creating package script '/home/ivan/Escritorio/ROS2_braccio/install/braccio_bringup/share/braccio_bringup/package.ps1'
[1.274s] INFO:colcon.colcon_core.shell:Creating package descriptor '/home/ivan/Escritorio/ROS2_braccio/install/braccio_bringup/share/braccio_bringup/package.dsv'
[1.274s] INFO:colcon.colcon_core.shell:Creating package script '/home/ivan/Escritorio/ROS2_braccio/install/braccio_bringup/share/braccio_bringup/package.sh'
[1.275s] INFO:colcon.colcon_core.shell:Creating package script '/home/ivan/Escritorio/ROS2_braccio/install/braccio_bringup/share/braccio_bringup/package.bash'
[1.275s] INFO:colcon.colcon_core.shell:Creating package script '/home/ivan/Escritorio/ROS2_braccio/install/braccio_bringup/share/braccio_bringup/package.zsh'
[1.275s] Level 1:colcon.colcon_core.environment:create_file_with_runtime_dependencies(/home/ivan/Escritorio/ROS2_braccio/install/braccio_bringup/share/colcon-core/packages/braccio_bringup)
[1.275s] Level 1:colcon.colcon_core.environment:create_environment_scripts_only(braccio_bringup)
[1.275s] Level 1:colcon.colcon_core.environment:checking '/home/ivan/Escritorio/ROS2_braccio/install/braccio_bringup' for CMake module files
[1.276s] Level 1:colcon.colcon_core.environment:checking '/home/ivan/Escritorio/ROS2_braccio/install/braccio_bringup' for CMake config files
[1.276s] Level 1:colcon.colcon_core.shell:create_environment_hook('braccio_bringup', 'cmake_prefix_path')
[1.276s] INFO:colcon.colcon_core.shell:Creating environment hook '/home/ivan/Escritorio/ROS2_braccio/install/braccio_bringup/share/braccio_bringup/hook/cmake_prefix_path.ps1'
[1.276s] INFO:colcon.colcon_core.shell:Creating environment descriptor '/home/ivan/Escritorio/ROS2_braccio/install/braccio_bringup/share/braccio_bringup/hook/cmake_prefix_path.dsv'
[1.276s] INFO:colcon.colcon_core.shell:Creating environment hook '/home/ivan/Escritorio/ROS2_braccio/install/braccio_bringup/share/braccio_bringup/hook/cmake_prefix_path.sh'
[1.277s] Level 1:colcon.colcon_core.environment:checking '/home/ivan/Escritorio/ROS2_braccio/install/braccio_bringup/bin'
[1.277s] Level 1:colcon.colcon_core.environment:checking '/home/ivan/Escritorio/ROS2_braccio/install/braccio_bringup/lib/pkgconfig/braccio_bringup.pc'
[1.277s] Level 1:colcon.colcon_core.environment:checking '/home/ivan/Escritorio/ROS2_braccio/install/braccio_bringup/lib/python3.10/site-packages'
[1.277s] Level 1:colcon.colcon_core.environment:checking '/home/ivan/Escritorio/ROS2_braccio/install/braccio_bringup/bin'
[1.277s] INFO:colcon.colcon_core.shell:Creating package script '/home/ivan/Escritorio/ROS2_braccio/install/braccio_bringup/share/braccio_bringup/package.ps1'
[1.277s] INFO:colcon.colcon_core.shell:Creating package descriptor '/home/ivan/Escritorio/ROS2_braccio/install/braccio_bringup/share/braccio_bringup/package.dsv'
[1.277s] INFO:colcon.colcon_core.shell:Creating package script '/home/ivan/Escritorio/ROS2_braccio/install/braccio_bringup/share/braccio_bringup/package.sh'
[1.278s] INFO:colcon.colcon_core.shell:Creating package script '/home/ivan/Escritorio/ROS2_braccio/install/braccio_bringup/share/braccio_bringup/package.bash'
[1.278s] INFO:colcon.colcon_core.shell:Creating package script '/home/ivan/Escritorio/ROS2_braccio/install/braccio_bringup/share/braccio_bringup/package.zsh'
[1.278s] Level 1:colcon.colcon_core.environment:create_file_with_runtime_dependencies(/home/ivan/Escritorio/ROS2_braccio/install/braccio_bringup/share/colcon-core/packages/braccio_bringup)
[1.278s] DEBUG:colcon.colcon_parallel_executor.executor.parallel:closing loop
[1.278s] DEBUG:colcon.colcon_parallel_executor.executor.parallel:loop closed
[1.278s] DEBUG:colcon.colcon_parallel_executor.executor.parallel:run_until_complete finished with '0'
[1.278s] DEBUG:colcon.colcon_core.event_reactor:joining thread
[1.283s] INFO:colcon.colcon_core.plugin_system:Skipping extension 'colcon_notification.desktop_notification.terminal_notifier': Not used on non-Darwin systems
[1.283s] INFO:colcon.colcon_core.plugin_system:Skipping extension 'colcon_notification.desktop_notification.win32': Not used on non-Windows systems
[1.283s] INFO:colcon.colcon_notification.desktop_notification:Sending desktop notification using 'notify2'
[1.292s] DEBUG:colcon.colcon_core.event_reactor:joined thread
[1.292s] INFO:colcon.colcon_core.shell:Creating prefix script '/home/ivan/Escritorio/ROS2_braccio/install/local_setup.ps1'
[1.293s] INFO:colcon.colcon_core.shell:Creating prefix util module '/home/ivan/Escritorio/ROS2_braccio/install/_local_setup_util_ps1.py'
[1.294s] INFO:colcon.colcon_core.shell:Creating prefix chain script '/home/ivan/Escritorio/ROS2_braccio/install/setup.ps1'
[1.295s] INFO:colcon.colcon_core.shell:Creating prefix script '/home/ivan/Escritorio/ROS2_braccio/install/local_setup.sh'
[1.295s] INFO:colcon.colcon_core.shell:Creating prefix util module '/home/ivan/Escritorio/ROS2_braccio/install/_local_setup_util_sh.py'
[1.296s] INFO:colcon.colcon_core.shell:Creating prefix chain script '/home/ivan/Escritorio/ROS2_braccio/install/setup.sh'
[1.296s] INFO:colcon.colcon_core.shell:Creating prefix script '/home/ivan/Escritorio/ROS2_braccio/install/local_setup.bash'
[1.297s] INFO:colcon.colcon_core.shell:Creating prefix chain script '/home/ivan/Escritorio/ROS2_braccio/install/setup.bash'
[1.298s] INFO:colcon.colcon_core.shell:Creating prefix script '/home/ivan/Escritorio/ROS2_braccio/install/local_setup.zsh'
[1.298s] INFO:colcon.colcon_core.shell:Creating prefix chain script '/home/ivan/Escritorio/ROS2_braccio/install/setup.zsh'
