[0.018s] Invoking command in '/home/ivan/Escritorio/ROS2_braccio/build/braccio_description': CMAKE_PREFIX_PATH=/opt/ros/humble /usr/bin/cmake /home/ivan/Escritorio/ROS2_braccio/braccio_description -DCMAKE_INSTALL_PREFIX=/home/ivan/Escritorio/ROS2_braccio/install/braccio_description
[0.153s] -- The C compiler identification is GNU 11.4.0
[0.282s] -- The CXX compiler identification is GNU 11.4.0
[0.297s] -- Detecting C compiler ABI info
[0.434s] -- Detecting C compiler ABI info - done
[0.448s] -- Check for working C compiler: /usr/bin/cc - skipped
[0.449s] -- Detecting C compile features
[0.450s] -- Detecting C compile features - done
[0.456s] -- Detecting CXX compiler ABI info
[0.586s] -- Detecting CXX compiler ABI info - done
[0.601s] -- Check for working CXX compiler: /usr/bin/c++ - skipped
[0.601s] -- Detecting CXX compile features
[0.602s] -- Detecting CXX compile features - done
[0.605s] -- Found ament_cmake: 1.3.11 (/opt/ros/humble/share/ament_cmake/cmake)
[0.836s] -- Found Python3: /usr/bin/python3 (found version "3.10.12") found components: Interpreter 
[1.023s] -- Found rclcpp: 16.0.12 (/opt/ros/humble/share/rclcpp/cmake)
[1.081s] -- Found rosidl_generator_c: 3.1.6 (/opt/ros/humble/share/rosidl_generator_c/cmake)
[1.087s] -- Found rosidl_adapter: 3.1.6 (/opt/ros/humble/share/rosidl_adapter/cmake)
[1.098s] -- Found rosidl_generator_cpp: 3.1.6 (/opt/ros/humble/share/rosidl_generator_cpp/cmake)
[1.112s] -- Using all available rosidl_typesupport_c: rosidl_typesupport_fastrtps_c;rosidl_typesupport_introspection_c
[1.132s] -- Using all available rosidl_typesupport_cpp: rosidl_typesupport_fastrtps_cpp;rosidl_typesupport_introspection_cpp
[1.194s] -- Found rmw_implementation_cmake: 6.1.2 (/opt/ros/humble/share/rmw_implementation_cmake/cmake)
[1.198s] -- Found rmw_fastrtps_cpp: 6.2.7 (/opt/ros/humble/share/rmw_fastrtps_cpp/cmake)
[1.360s] -- Found OpenSSL: /usr/lib/x86_64-linux-gnu/libcrypto.so (found version "3.0.2")  
[1.425s] -- Found FastRTPS: /opt/ros/humble/include  
[1.505s] -- Using RMW implementation 'rmw_fastrtps_cpp' as default
[1.520s] -- Looking for pthread.h
[1.659s] -- Looking for pthread.h - found
[1.659s] -- Performing Test CMAKE_HAVE_LIBC_PTHREAD
[1.794s] -- Performing Test CMAKE_HAVE_LIBC_PTHREAD - Success
[1.796s] -- Found Threads: TRUE  
[1.986s] -- Found ament_lint_auto: 0.12.12 (/opt/ros/humble/share/ament_lint_auto/cmake)
[2.097s] -- Added test 'flake8' to check Python code syntax and style conventions
[2.098s] -- Added test 'lint_cmake' to check CMake code style
[2.099s] -- Added test 'pep257' to check Python code against some of the docstring style conventions in PEP 257
[2.102s] -- Added test 'xmllint' to check XML markup files
[2.104s] -- Configuring done
[2.111s] -- Generating done
[2.114s] -- Build files have been written to: /home/ivan/Escritorio/ROS2_braccio/build/braccio_description
[2.129s] Invoked command in '/home/ivan/Escritorio/ROS2_braccio/build/braccio_description' returned '0': CMAKE_PREFIX_PATH=/opt/ros/humble /usr/bin/cmake /home/ivan/Escritorio/ROS2_braccio/braccio_description -DCMAKE_INSTALL_PREFIX=/home/ivan/Escritorio/ROS2_braccio/install/braccio_description
[2.130s] Invoking command in '/home/ivan/Escritorio/ROS2_braccio/build/braccio_description': CMAKE_PREFIX_PATH=/opt/ros/humble /usr/bin/cmake --build /home/ivan/Escritorio/ROS2_braccio/build/braccio_description -- -j16 -l16
[2.243s] Built target ament_cmake_python_copy_braccio_description
[2.532s] running egg_info
[2.533s] creating braccio_description.egg-info
[2.533s] writing braccio_description.egg-info/PKG-INFO
[2.533s] writing dependency_links to braccio_description.egg-info/dependency_links.txt
[2.534s] writing top-level names to braccio_description.egg-info/top_level.txt
[2.534s] writing manifest file 'braccio_description.egg-info/SOURCES.txt'
[2.539s] reading manifest file 'braccio_description.egg-info/SOURCES.txt'
[2.540s] writing manifest file 'braccio_description.egg-info/SOURCES.txt'
[2.578s] Built target ament_cmake_python_build_braccio_description_egg
[2.594s] Invoked command in '/home/ivan/Escritorio/ROS2_braccio/build/braccio_description' returned '0': CMAKE_PREFIX_PATH=/opt/ros/humble /usr/bin/cmake --build /home/ivan/Escritorio/ROS2_braccio/build/braccio_description -- -j16 -l16
[2.605s] Invoking command in '/home/ivan/Escritorio/ROS2_braccio/build/braccio_description': CMAKE_PREFIX_PATH=/opt/ros/humble /usr/bin/cmake --install /home/ivan/Escritorio/ROS2_braccio/build/braccio_description
[2.613s] -- Install configuration: ""
[2.614s] -- Installing: /home/ivan/Escritorio/ROS2_braccio/install/braccio_description/share/braccio_description/config
[2.614s] -- Installing: /home/ivan/Escritorio/ROS2_braccio/install/braccio_description/share/braccio_description/config/config.rviz
[2.614s] -- Installing: /home/ivan/Escritorio/ROS2_braccio/install/braccio_description/share/braccio_description/gazebo
[2.614s] -- Installing: /home/ivan/Escritorio/ROS2_braccio/install/braccio_description/share/braccio_description/gazebo/braccio.gazebo.xacro
[2.614s] -- Installing: /home/ivan/Escritorio/ROS2_braccio/install/braccio_description/share/braccio_description/launch
[2.614s] -- Installing: /home/ivan/Escritorio/ROS2_braccio/install/braccio_description/share/braccio_description/launch/view_robot.launch.py
[2.614s] -- Installing: /home/ivan/Escritorio/ROS2_braccio/install/braccio_description/share/braccio_description/meshes
[2.614s] -- Installing: /home/ivan/Escritorio/ROS2_braccio/install/braccio_description/share/braccio_description/meshes/visual
[2.615s] -- Installing: /home/ivan/Escritorio/ROS2_braccio/install/braccio_description/share/braccio_description/meshes/visual/link_3.stl
[2.617s] -- Installing: /home/ivan/Escritorio/ROS2_braccio/install/braccio_description/share/braccio_description/meshes/visual/link_5.stl
[2.617s] -- Installing: /home/ivan/Escritorio/ROS2_braccio/install/braccio_description/share/braccio_description/meshes/visual/link_4.stl
[2.619s] -- Installing: /home/ivan/Escritorio/ROS2_braccio/install/braccio_description/share/braccio_description/meshes/visual/finger_aux.stl
[2.619s] -- Installing: /home/ivan/Escritorio/ROS2_braccio/install/braccio_description/share/braccio_description/meshes/visual/link_1.stl
[2.623s] -- Installing: /home/ivan/Escritorio/ROS2_braccio/install/braccio_description/share/braccio_description/meshes/visual/link_2.stl
[2.624s] -- Installing: /home/ivan/Escritorio/ROS2_braccio/install/braccio_description/share/braccio_description/meshes/visual/base_link.stl
[2.625s] -- Installing: /home/ivan/Escritorio/ROS2_braccio/install/braccio_description/share/braccio_description/meshes/visual/finger.stl
[2.626s] -- Installing: /home/ivan/Escritorio/ROS2_braccio/install/braccio_description/share/braccio_description/meshes/collision
[2.626s] -- Installing: /home/ivan/Escritorio/ROS2_braccio/install/braccio_description/share/braccio_description/meshes/collision/link_3.stl
[2.627s] -- Installing: /home/ivan/Escritorio/ROS2_braccio/install/braccio_description/share/braccio_description/meshes/collision/link_5.stl
[2.628s] -- Installing: /home/ivan/Escritorio/ROS2_braccio/install/braccio_description/share/braccio_description/meshes/collision/link_4.stl
[2.628s] -- Installing: /home/ivan/Escritorio/ROS2_braccio/install/braccio_description/share/braccio_description/meshes/collision/finger_aux.stl
[2.628s] -- Installing: /home/ivan/Escritorio/ROS2_braccio/install/braccio_description/share/braccio_description/meshes/collision/finger_collision.stl
[2.630s] -- Installing: /home/ivan/Escritorio/ROS2_braccio/install/braccio_description/share/braccio_description/meshes/collision/link_1.stl
[2.632s] -- Installing: /home/ivan/Escritorio/ROS2_braccio/install/braccio_description/share/braccio_description/meshes/collision/link_2.stl
[2.634s] -- Installing: /home/ivan/Escritorio/ROS2_braccio/install/braccio_description/share/braccio_description/meshes/collision/base_link.stl
[2.634s] -- Installing: /home/ivan/Escritorio/ROS2_braccio/install/braccio_description/share/braccio_description/ros2_control
[2.635s] -- Installing: /home/ivan/Escritorio/ROS2_braccio/install/braccio_description/share/braccio_description/ros2_control/braccio.ros2_control.xacro
[2.635s] -- Installing: /home/ivan/Escritorio/ROS2_braccio/install/braccio_description/share/braccio_description/urdf
[2.635s] -- Installing: /home/ivan/Escritorio/ROS2_braccio/install/braccio_description/share/braccio_description/urdf/braccio.urdf.xacro
[2.635s] -- Installing: /home/ivan/Escritorio/ROS2_braccio/install/braccio_description/share/braccio_description/urdf/materials.urdf.xacro
[2.635s] -- Installing: /home/ivan/Escritorio/ROS2_braccio/install/braccio_description/share/braccio_description/urdf/braccio_description.urdf.xacro
[2.636s] -- Installing: /home/ivan/Escritorio/ROS2_braccio/install/braccio_description/share/braccio_description/environment/braccio_description.dsv
[2.636s] -- Installing: /home/ivan/Escritorio/ROS2_braccio/install/braccio_description/share/braccio_description/environment/pythonpath.sh
[2.636s] -- Installing: /home/ivan/Escritorio/ROS2_braccio/install/braccio_description/share/braccio_description/environment/pythonpath.dsv
[2.636s] -- Installing: /home/ivan/Escritorio/ROS2_braccio/install/braccio_description/local/lib/python3.10/dist-packages/braccio_description-0.0.0-py3.10.egg-info
[2.636s] -- Installing: /home/ivan/Escritorio/ROS2_braccio/install/braccio_description/local/lib/python3.10/dist-packages/braccio_description-0.0.0-py3.10.egg-info/top_level.txt
[2.636s] -- Installing: /home/ivan/Escritorio/ROS2_braccio/install/braccio_description/local/lib/python3.10/dist-packages/braccio_description-0.0.0-py3.10.egg-info/PKG-INFO
[2.637s] -- Installing: /home/ivan/Escritorio/ROS2_braccio/install/braccio_description/local/lib/python3.10/dist-packages/braccio_description-0.0.0-py3.10.egg-info/dependency_links.txt
[2.637s] -- Installing: /home/ivan/Escritorio/ROS2_braccio/install/braccio_description/local/lib/python3.10/dist-packages/braccio_description-0.0.0-py3.10.egg-info/SOURCES.txt
[2.637s] -- Installing: /home/ivan/Escritorio/ROS2_braccio/install/braccio_description/local/lib/python3.10/dist-packages/braccio_description
[2.637s] -- Installing: /home/ivan/Escritorio/ROS2_braccio/install/braccio_description/local/lib/python3.10/dist-packages/braccio_description/__init__.py
[2.637s] -- Installing: /home/ivan/Escritorio/ROS2_braccio/install/braccio_description/local/lib/python3.10/dist-packages/braccio_description/launch_mixin.py
[2.691s] Listing '/home/ivan/Escritorio/ROS2_braccio/install/braccio_description/local/lib/python3.10/dist-packages/braccio_description'...
[2.691s] Compiling '/home/ivan/Escritorio/ROS2_braccio/install/braccio_description/local/lib/python3.10/dist-packages/braccio_description/__init__.py'...
[2.691s] Compiling '/home/ivan/Escritorio/ROS2_braccio/install/braccio_description/local/lib/python3.10/dist-packages/braccio_description/launch_mixin.py'...
[2.700s] -- Installing: /home/ivan/Escritorio/ROS2_braccio/install/braccio_description/share/ament_index/resource_index/package_run_dependencies/braccio_description
[2.700s] -- Installing: /home/ivan/Escritorio/ROS2_braccio/install/braccio_description/share/ament_index/resource_index/parent_prefix_path/braccio_description
[2.701s] -- Installing: /home/ivan/Escritorio/ROS2_braccio/install/braccio_description/share/braccio_description/environment/ament_prefix_path.sh
[2.701s] -- Installing: /home/ivan/Escritorio/ROS2_braccio/install/braccio_description/share/braccio_description/environment/ament_prefix_path.dsv
[2.701s] -- Installing: /home/ivan/Escritorio/ROS2_braccio/install/braccio_description/share/braccio_description/environment/path.sh
[2.702s] -- Installing: /home/ivan/Escritorio/ROS2_braccio/install/braccio_description/share/braccio_description/environment/path.dsv
[2.702s] -- Installing: /home/ivan/Escritorio/ROS2_braccio/install/braccio_description/share/braccio_description/local_setup.bash
[2.702s] -- Installing: /home/ivan/Escritorio/ROS2_braccio/install/braccio_description/share/braccio_description/local_setup.sh
[2.703s] -- Installing: /home/ivan/Escritorio/ROS2_braccio/install/braccio_description/share/braccio_description/local_setup.zsh
[2.703s] -- Installing: /home/ivan/Escritorio/ROS2_braccio/install/braccio_description/share/braccio_description/local_setup.dsv
[2.703s] -- Installing: /home/ivan/Escritorio/ROS2_braccio/install/braccio_description/share/braccio_description/package.dsv
[2.704s] -- Installing: /home/ivan/Escritorio/ROS2_braccio/install/braccio_description/share/ament_index/resource_index/packages/braccio_description
[2.704s] -- Installing: /home/ivan/Escritorio/ROS2_braccio/install/braccio_description/share/braccio_description/cmake/braccio_descriptionConfig.cmake
[2.704s] -- Installing: /home/ivan/Escritorio/ROS2_braccio/install/braccio_description/share/braccio_description/cmake/braccio_descriptionConfig-version.cmake
[2.705s] -- Installing: /home/ivan/Escritorio/ROS2_braccio/install/braccio_description/share/braccio_description/package.xml
[2.709s] Invoked command in '/home/ivan/Escritorio/ROS2_braccio/build/braccio_description' returned '0': CMAKE_PREFIX_PATH=/opt/ros/humble /usr/bin/cmake --install /home/ivan/Escritorio/ROS2_braccio/build/braccio_description
