[0.007s] Invoking command in '/home/ivan/Escritorio/Braccio-Tinkerkit-Arduino/build/braccio_moveit_config': CMAKE_PREFIX_PATH=/home/ivan/Escritorio/Braccio-Tinkerkit-Arduino/install/braccio_description:/home/ivan/Escritorio/Braccio-Tinkerkit-Arduino/install/braccio_moveit_config:/home/ivan/Escritorio/Braccio-Tinkerkit-Arduino/install/braccio_bringup:/home/ivan/Escritorio/Braccio-Tinkerkit-Arduino/install/braccio_hardware:/opt/ros/humble /usr/bin/cmake --build /home/ivan/Escritorio/Braccio-Tinkerkit-Arduino/build/braccio_moveit_config -- -j16 -l16
[0.025s] -- Found ament_cmake: 1.3.11 (/opt/ros/humble/share/ament_cmake/cmake)
[0.149s] -- Configuring done
[0.151s] -- Generating done
[0.152s] -- Build files have been written to: /home/ivan/Escritorio/Braccio-Tinkerkit-Arduino/build/braccio_moveit_config
[0.174s] Invoked command in '/home/ivan/Escritorio/Braccio-Tinkerkit-Arduino/build/braccio_moveit_config' returned '0': CMAKE_PREFIX_PATH=/home/ivan/Escritorio/Braccio-Tinkerkit-Arduino/install/braccio_description:/home/ivan/Escritorio/Braccio-Tinkerkit-Arduino/install/braccio_moveit_config:/home/ivan/Escritorio/Braccio-Tinkerkit-Arduino/install/braccio_bringup:/home/ivan/Escritorio/Braccio-Tinkerkit-Arduino/install/braccio_hardware:/opt/ros/humble /usr/bin/cmake --build /home/ivan/Escritorio/Braccio-Tinkerkit-Arduino/build/braccio_moveit_config -- -j16 -l16
[0.176s] Invoking command in '/home/ivan/Escritorio/Braccio-Tinkerkit-Arduino/build/braccio_moveit_config': CMAKE_PREFIX_PATH=/home/ivan/Escritorio/Braccio-Tinkerkit-Arduino/install/braccio_description:/home/ivan/Escritorio/Braccio-Tinkerkit-Arduino/install/braccio_moveit_config:/home/ivan/Escritorio/Braccio-Tinkerkit-Arduino/install/braccio_bringup:/home/ivan/Escritorio/Braccio-Tinkerkit-Arduino/install/braccio_hardware:/opt/ros/humble /usr/bin/cmake --install /home/ivan/Escritorio/Braccio-Tinkerkit-Arduino/build/braccio_moveit_config
[0.183s] -- Install configuration: ""
[0.183s] -- Up-to-date: /home/ivan/Escritorio/Braccio-Tinkerkit-Arduino/install/braccio_moveit_config/share/ament_index/resource_index/package_run_dependencies/braccio_moveit_config
[0.183s] -- Up-to-date: /home/ivan/Escritorio/Braccio-Tinkerkit-Arduino/install/braccio_moveit_config/share/ament_index/resource_index/parent_prefix_path/braccio_moveit_config
[0.183s] -- Up-to-date: /home/ivan/Escritorio/Braccio-Tinkerkit-Arduino/install/braccio_moveit_config/share/braccio_moveit_config/environment/ament_prefix_path.sh
[0.183s] -- Installing: /home/ivan/Escritorio/Braccio-Tinkerkit-Arduino/install/braccio_moveit_config/share/braccio_moveit_config/environment/ament_prefix_path.dsv
[0.183s] -- Up-to-date: /home/ivan/Escritorio/Braccio-Tinkerkit-Arduino/install/braccio_moveit_config/share/braccio_moveit_config/environment/path.sh
[0.183s] -- Installing: /home/ivan/Escritorio/Braccio-Tinkerkit-Arduino/install/braccio_moveit_config/share/braccio_moveit_config/environment/path.dsv
[0.183s] -- Up-to-date: /home/ivan/Escritorio/Braccio-Tinkerkit-Arduino/install/braccio_moveit_config/share/braccio_moveit_config/local_setup.bash
[0.183s] -- Up-to-date: /home/ivan/Escritorio/Braccio-Tinkerkit-Arduino/install/braccio_moveit_config/share/braccio_moveit_config/local_setup.sh
[0.183s] -- Up-to-date: /home/ivan/Escritorio/Braccio-Tinkerkit-Arduino/install/braccio_moveit_config/share/braccio_moveit_config/local_setup.zsh
[0.183s] -- Installing: /home/ivan/Escritorio/Braccio-Tinkerkit-Arduino/install/braccio_moveit_config/share/braccio_moveit_config/local_setup.dsv
[0.183s] -- Installing: /home/ivan/Escritorio/Braccio-Tinkerkit-Arduino/install/braccio_moveit_config/share/braccio_moveit_config/package.dsv
[0.183s] -- Up-to-date: /home/ivan/Escritorio/Braccio-Tinkerkit-Arduino/install/braccio_moveit_config/share/ament_index/resource_index/packages/braccio_moveit_config
[0.184s] -- Up-to-date: /home/ivan/Escritorio/Braccio-Tinkerkit-Arduino/install/braccio_moveit_config/share/braccio_moveit_config/cmake/braccio_moveit_configConfig.cmake
[0.184s] -- Up-to-date: /home/ivan/Escritorio/Braccio-Tinkerkit-Arduino/install/braccio_moveit_config/share/braccio_moveit_config/cmake/braccio_moveit_configConfig-version.cmake
[0.184s] -- Up-to-date: /home/ivan/Escritorio/Braccio-Tinkerkit-Arduino/install/braccio_moveit_config/share/braccio_moveit_config/package.xml
[0.184s] -- Up-to-date: /home/ivan/Escritorio/Braccio-Tinkerkit-Arduino/install/braccio_moveit_config/share/braccio_moveit_config/launch
[0.184s] -- Up-to-date: /home/ivan/Escritorio/Braccio-Tinkerkit-Arduino/install/braccio_moveit_config/share/braccio_moveit_config/launch/move_group.launch.py
[0.184s] -- Up-to-date: /home/ivan/Escritorio/Braccio-Tinkerkit-Arduino/install/braccio_moveit_config/share/braccio_moveit_config/launch/spawn_controllers.launch.py
[0.184s] -- Up-to-date: /home/ivan/Escritorio/Braccio-Tinkerkit-Arduino/install/braccio_moveit_config/share/braccio_moveit_config/launch/warehouse_db.launch.py
[0.184s] -- Up-to-date: /home/ivan/Escritorio/Braccio-Tinkerkit-Arduino/install/braccio_moveit_config/share/braccio_moveit_config/launch/moveit_rviz.launch.py
[0.184s] -- Up-to-date: /home/ivan/Escritorio/Braccio-Tinkerkit-Arduino/install/braccio_moveit_config/share/braccio_moveit_config/launch/rsp.launch.py
[0.184s] -- Up-to-date: /home/ivan/Escritorio/Braccio-Tinkerkit-Arduino/install/braccio_moveit_config/share/braccio_moveit_config/launch/setup_assistant.launch.py
[0.184s] -- Up-to-date: /home/ivan/Escritorio/Braccio-Tinkerkit-Arduino/install/braccio_moveit_config/share/braccio_moveit_config/launch/demo.launch.py
[0.184s] -- Up-to-date: /home/ivan/Escritorio/Braccio-Tinkerkit-Arduino/install/braccio_moveit_config/share/braccio_moveit_config/launch/static_virtual_joint_tfs.launch.py
[0.184s] -- Up-to-date: /home/ivan/Escritorio/Braccio-Tinkerkit-Arduino/install/braccio_moveit_config/share/braccio_moveit_config/config
[0.184s] -- Up-to-date: /home/ivan/Escritorio/Braccio-Tinkerkit-Arduino/install/braccio_moveit_config/share/braccio_moveit_config/config/kinematics.yaml
[0.184s] -- Up-to-date: /home/ivan/Escritorio/Braccio-Tinkerkit-Arduino/install/braccio_moveit_config/share/braccio_moveit_config/config/sensors_3d.yaml
[0.184s] -- Up-to-date: /home/ivan/Escritorio/Braccio-Tinkerkit-Arduino/install/braccio_moveit_config/share/braccio_moveit_config/config/joint_limits.yaml
[0.184s] -- Up-to-date: /home/ivan/Escritorio/Braccio-Tinkerkit-Arduino/install/braccio_moveit_config/share/braccio_moveit_config/config/initial_positions.yaml
[0.184s] -- Up-to-date: /home/ivan/Escritorio/Braccio-Tinkerkit-Arduino/install/braccio_moveit_config/share/braccio_moveit_config/config/moveit.rviz
[0.184s] -- Up-to-date: /home/ivan/Escritorio/Braccio-Tinkerkit-Arduino/install/braccio_moveit_config/share/braccio_moveit_config/config/braccio.urdf.xacro
[0.184s] -- Up-to-date: /home/ivan/Escritorio/Braccio-Tinkerkit-Arduino/install/braccio_moveit_config/share/braccio_moveit_config/config/pilz_cartesian_limits.yaml
[0.184s] -- Up-to-date: /home/ivan/Escritorio/Braccio-Tinkerkit-Arduino/install/braccio_moveit_config/share/braccio_moveit_config/config/moveit_controllers.yaml
[0.184s] -- Up-to-date: /home/ivan/Escritorio/Braccio-Tinkerkit-Arduino/install/braccio_moveit_config/share/braccio_moveit_config/config/braccio.srdf
[0.184s] -- Up-to-date: /home/ivan/Escritorio/Braccio-Tinkerkit-Arduino/install/braccio_moveit_config/share/braccio_moveit_config/.setup_assistant
[0.184s] -- Installing: /home/ivan/Escritorio/Braccio-Tinkerkit-Arduino/install/braccio_moveit_config/lib/braccio_moveit_config/pick_and_place.py
[0.186s] Invoked command in '/home/ivan/Escritorio/Braccio-Tinkerkit-Arduino/build/braccio_moveit_config' returned '0': CMAKE_PREFIX_PATH=/home/ivan/Escritorio/Braccio-Tinkerkit-Arduino/install/braccio_description:/home/ivan/Escritorio/Braccio-Tinkerkit-Arduino/install/braccio_moveit_config:/home/ivan/Escritorio/Braccio-Tinkerkit-Arduino/install/braccio_bringup:/home/ivan/Escritorio/Braccio-Tinkerkit-Arduino/install/braccio_hardware:/opt/ros/humble /usr/bin/cmake --install /home/ivan/Escritorio/Braccio-Tinkerkit-Arduino/build/braccio_moveit_config
