[0.013s] Invoking command in '/home/ivan/Escritorio/Braccio-Tinkerkit-Arduino/build/braccio_vision': CMAKE_PREFIX_PATH=${CMAKE_PREFIX_PATH}:/opt/ros/humble /usr/bin/cmake --build /home/ivan/Escritorio/Braccio-Tinkerkit-Arduino/build/braccio_vision -- -j16 -l16
[0.053s] Built target ament_cmake_python_copy_braccio_vision
[0.203s] running egg_info
[0.203s] writing braccio_vision.egg-info/PKG-INFO
[0.203s] writing dependency_links to braccio_vision.egg-info/dependency_links.txt
[0.204s] writing top-level names to braccio_vision.egg-info/top_level.txt
[0.205s] reading manifest file 'braccio_vision.egg-info/SOURCES.txt'
[0.205s] writing manifest file 'braccio_vision.egg-info/SOURCES.txt'
[0.228s] Built target ament_cmake_python_build_braccio_vision_egg
[0.236s] Invoked command in '/home/ivan/Escritorio/Braccio-Tinkerkit-Arduino/build/braccio_vision' returned '0': CMAKE_PREFIX_PATH=${CMAKE_PREFIX_PATH}:/opt/ros/humble /usr/bin/cmake --build /home/ivan/Escritorio/Braccio-Tinkerkit-Arduino/build/braccio_vision -- -j16 -l16
[0.238s] Invoking command in '/home/ivan/Escritorio/Braccio-Tinkerkit-Arduino/build/braccio_vision': CMAKE_PREFIX_PATH=${CMAKE_PREFIX_PATH}:/opt/ros/humble /usr/bin/cmake --install /home/ivan/Escritorio/Braccio-Tinkerkit-Arduino/build/braccio_vision
[0.243s] -- Install configuration: ""
[0.243s] -- Up-to-date: /home/ivan/Escritorio/Braccio-Tinkerkit-Arduino/install/braccio_vision/share/braccio_vision/environment/pythonpath.sh
[0.243s] -- Up-to-date: /home/ivan/Escritorio/Braccio-Tinkerkit-Arduino/install/braccio_vision/share/braccio_vision/environment/pythonpath.dsv
[0.243s] -- Up-to-date: /home/ivan/Escritorio/Braccio-Tinkerkit-Arduino/install/braccio_vision/local/lib/python3.10/dist-packages/braccio_vision-1.0.0-py3.10.egg-info
[0.244s] -- Installing: /home/ivan/Escritorio/Braccio-Tinkerkit-Arduino/install/braccio_vision/local/lib/python3.10/dist-packages/braccio_vision-1.0.0-py3.10.egg-info/top_level.txt
[0.244s] -- Installing: /home/ivan/Escritorio/Braccio-Tinkerkit-Arduino/install/braccio_vision/local/lib/python3.10/dist-packages/braccio_vision-1.0.0-py3.10.egg-info/PKG-INFO
[0.244s] -- Installing: /home/ivan/Escritorio/Braccio-Tinkerkit-Arduino/install/braccio_vision/local/lib/python3.10/dist-packages/braccio_vision-1.0.0-py3.10.egg-info/dependency_links.txt
[0.244s] -- Installing: /home/ivan/Escritorio/Braccio-Tinkerkit-Arduino/install/braccio_vision/local/lib/python3.10/dist-packages/braccio_vision-1.0.0-py3.10.egg-info/SOURCES.txt
[0.244s] -- Up-to-date: /home/ivan/Escritorio/Braccio-Tinkerkit-Arduino/install/braccio_vision/local/lib/python3.10/dist-packages/braccio_vision
[0.244s] -- Up-to-date: /home/ivan/Escritorio/Braccio-Tinkerkit-Arduino/install/braccio_vision/local/lib/python3.10/dist-packages/braccio_vision/vision_pick_and_place.py
[0.244s] -- Up-to-date: /home/ivan/Escritorio/Braccio-Tinkerkit-Arduino/install/braccio_vision/local/lib/python3.10/dist-packages/braccio_vision/camera_viewer.py
[0.244s] -- Up-to-date: /home/ivan/Escritorio/Braccio-Tinkerkit-Arduino/install/braccio_vision/local/lib/python3.10/dist-packages/braccio_vision/__init__.py
[0.244s] -- Up-to-date: /home/ivan/Escritorio/Braccio-Tinkerkit-Arduino/install/braccio_vision/local/lib/python3.10/dist-packages/braccio_vision/camera_spawner.py
[0.244s] -- Up-to-date: /home/ivan/Escritorio/Braccio-Tinkerkit-Arduino/install/braccio_vision/local/lib/python3.10/dist-packages/braccio_vision/vision_demo.py
[0.244s] -- Up-to-date: /home/ivan/Escritorio/Braccio-Tinkerkit-Arduino/install/braccio_vision/local/lib/python3.10/dist-packages/braccio_vision/object_spawner.py
[0.266s] Listing '/home/ivan/Escritorio/Braccio-Tinkerkit-Arduino/install/braccio_vision/local/lib/python3.10/dist-packages/braccio_vision'...
[0.270s] -- Up-to-date: /home/ivan/Escritorio/Braccio-Tinkerkit-Arduino/install/braccio_vision/lib/braccio_vision/object_detector.py
[0.271s] -- Up-to-date: /home/ivan/Escritorio/Braccio-Tinkerkit-Arduino/install/braccio_vision/lib/braccio_vision/camera_calibrator.py
[0.271s] -- Up-to-date: /home/ivan/Escritorio/Braccio-Tinkerkit-Arduino/install/braccio_vision/lib/braccio_vision/vision_pick_and_place.py
[0.271s] -- Up-to-date: /home/ivan/Escritorio/Braccio-Tinkerkit-Arduino/install/braccio_vision/lib/braccio_vision/camera_viewer.py
[0.271s] -- Up-to-date: /home/ivan/Escritorio/Braccio-Tinkerkit-Arduino/install/braccio_vision/lib/braccio_vision/object_spawner.py
[0.271s] -- Up-to-date: /home/ivan/Escritorio/Braccio-Tinkerkit-Arduino/install/braccio_vision/lib/braccio_vision/vision_demo.py
[0.271s] -- Up-to-date: /home/ivan/Escritorio/Braccio-Tinkerkit-Arduino/install/braccio_vision/lib/braccio_vision/camera_spawner.py
[0.271s] -- Up-to-date: /home/ivan/Escritorio/Braccio-Tinkerkit-Arduino/install/braccio_vision/share/braccio_vision/launch
[0.271s] -- Up-to-date: /home/ivan/Escritorio/Braccio-Tinkerkit-Arduino/install/braccio_vision/share/braccio_vision/launch/vision_with_camera.launch.py
[0.271s] -- Up-to-date: /home/ivan/Escritorio/Braccio-Tinkerkit-Arduino/install/braccio_vision/share/braccio_vision/launch/complete_vision_test.launch.py
[0.272s] -- Up-to-date: /home/ivan/Escritorio/Braccio-Tinkerkit-Arduino/install/braccio_vision/share/braccio_vision/launch/vision_simulation.launch.py
[0.272s] -- Up-to-date: /home/ivan/Escritorio/Braccio-Tinkerkit-Arduino/install/braccio_vision/share/braccio_vision/launch/vision_system.launch.py
[0.272s] -- Up-to-date: /home/ivan/Escritorio/Braccio-Tinkerkit-Arduino/install/braccio_vision/share/braccio_vision/launch/simple_vision_test.launch.py
[0.272s] -- Up-to-date: /home/ivan/Escritorio/Braccio-Tinkerkit-Arduino/install/braccio_vision/share/braccio_vision/config
[0.272s] -- Up-to-date: /home/ivan/Escritorio/Braccio-Tinkerkit-Arduino/install/braccio_vision/share/braccio_vision/config/vision_config.yaml
[0.272s] -- Up-to-date: /home/ivan/Escritorio/Braccio-Tinkerkit-Arduino/install/braccio_vision/share/braccio_vision/urdf
[0.272s] -- Up-to-date: /home/ivan/Escritorio/Braccio-Tinkerkit-Arduino/install/braccio_vision/share/braccio_vision/urdf/overhead_camera.urdf.xacro
[0.272s] -- Up-to-date: /home/ivan/Escritorio/Braccio-Tinkerkit-Arduino/install/braccio_vision/share/braccio_vision/urdf/braccio_with_vision.urdf.xacro
[0.272s] -- Up-to-date: /home/ivan/Escritorio/Braccio-Tinkerkit-Arduino/install/braccio_vision/share/braccio_vision/urdf/vision_world.sdf
[0.272s] -- Up-to-date: /home/ivan/Escritorio/Braccio-Tinkerkit-Arduino/install/braccio_vision/share/ament_index/resource_index/package_run_dependencies/braccio_vision
[0.272s] -- Up-to-date: /home/ivan/Escritorio/Braccio-Tinkerkit-Arduino/install/braccio_vision/share/ament_index/resource_index/parent_prefix_path/braccio_vision
[0.272s] -- Up-to-date: /home/ivan/Escritorio/Braccio-Tinkerkit-Arduino/install/braccio_vision/share/braccio_vision/environment/ament_prefix_path.sh
[0.272s] -- Up-to-date: /home/ivan/Escritorio/Braccio-Tinkerkit-Arduino/install/braccio_vision/share/braccio_vision/environment/ament_prefix_path.dsv
[0.272s] -- Up-to-date: /home/ivan/Escritorio/Braccio-Tinkerkit-Arduino/install/braccio_vision/share/braccio_vision/environment/path.sh
[0.272s] -- Up-to-date: /home/ivan/Escritorio/Braccio-Tinkerkit-Arduino/install/braccio_vision/share/braccio_vision/environment/path.dsv
[0.272s] -- Up-to-date: /home/ivan/Escritorio/Braccio-Tinkerkit-Arduino/install/braccio_vision/share/braccio_vision/local_setup.bash
[0.272s] -- Up-to-date: /home/ivan/Escritorio/Braccio-Tinkerkit-Arduino/install/braccio_vision/share/braccio_vision/local_setup.sh
[0.272s] -- Up-to-date: /home/ivan/Escritorio/Braccio-Tinkerkit-Arduino/install/braccio_vision/share/braccio_vision/local_setup.zsh
[0.272s] -- Up-to-date: /home/ivan/Escritorio/Braccio-Tinkerkit-Arduino/install/braccio_vision/share/braccio_vision/local_setup.dsv
[0.272s] -- Installing: /home/ivan/Escritorio/Braccio-Tinkerkit-Arduino/install/braccio_vision/share/braccio_vision/package.dsv
[0.272s] -- Up-to-date: /home/ivan/Escritorio/Braccio-Tinkerkit-Arduino/install/braccio_vision/share/ament_index/resource_index/packages/braccio_vision
[0.272s] -- Up-to-date: /home/ivan/Escritorio/Braccio-Tinkerkit-Arduino/install/braccio_vision/share/braccio_vision/cmake/braccio_visionConfig.cmake
[0.272s] -- Up-to-date: /home/ivan/Escritorio/Braccio-Tinkerkit-Arduino/install/braccio_vision/share/braccio_vision/cmake/braccio_visionConfig-version.cmake
[0.272s] -- Up-to-date: /home/ivan/Escritorio/Braccio-Tinkerkit-Arduino/install/braccio_vision/share/braccio_vision/package.xml
[0.279s] Invoked command in '/home/ivan/Escritorio/Braccio-Tinkerkit-Arduino/build/braccio_vision' returned '0': CMAKE_PREFIX_PATH=${CMAKE_PREFIX_PATH}:/opt/ros/humble /usr/bin/cmake --install /home/ivan/Escritorio/Braccio-Tinkerkit-Arduino/build/braccio_vision
