[0.120s] DEBUG:colcon:Command line arguments: ['/usr/bin/colcon', 'build']
[0.120s] DEBUG:colcon:Parsed command line arguments: Namespace(log_base=None, log_level=None, verb_name='build', build_base='build', install_base='install', merge_install=False, symlink_install=False, test_result_base=None, continue_on_error=False, executor='parallel', parallel_workers=16, event_handlers=None, ignore_user_meta=False, metas=['./colcon.meta'], base_paths=['.'], packages_ignore=None, packages_ignore_regex=None, paths=None, packages_up_to=None, packages_up_to_regex=None, packages_above=None, packages_above_and_dependencies=None, packages_above_depth=None, packages_select_by_dep=None, packages_skip_by_dep=None, packages_skip_up_to=None, packages_select_build_failed=False, packages_skip_build_finished=False, packages_select_test_failures=False, packages_skip_test_passed=False, packages_select=None, packages_skip=None, packages_select_regex=None, packages_skip_regex=None, packages_start=None, packages_end=None, allow_overriding=[], cmake_args=None, cmake_target=None, cmake_target_skip_unavailable=False, cmake_clean_cache=False, cmake_clean_first=False, cmake_force_configure=False, ament_cmake_args=None, catkin_cmake_args=None, catkin_skip_building_tests=False, mixin_files=None, mixin=None, verb_parser=<colcon_mixin.mixin.mixin_argument.MixinArgumentDecorator object at 0x713a527d2980>, verb_extension=<colcon_core.verb.build.BuildVerb object at 0x713a5294b910>, main=<bound method BuildVerb.main of <colcon_core.verb.build.BuildVerb object at 0x713a5294b910>>, mixin_verb=('build',))
[0.280s] Level 1:colcon.colcon_core.package_discovery:discover_packages(colcon_meta) check parameters
[0.280s] Level 1:colcon.colcon_core.package_discovery:discover_packages(recursive) check parameters
[0.280s] Level 1:colcon.colcon_core.package_discovery:discover_packages(ignore) check parameters
[0.280s] Level 1:colcon.colcon_core.package_discovery:discover_packages(path) check parameters
[0.280s] Level 1:colcon.colcon_core.package_discovery:discover_packages(colcon_meta) discover
[0.280s] Level 1:colcon.colcon_core.package_discovery:discover_packages(recursive) discover
[0.280s] INFO:colcon.colcon_core.package_discovery:Crawling recursively for packages in '/home/ivan/Escritorio/Braccio-Tinkerkit-Arduino'
[0.280s] Level 1:colcon.colcon_core.package_identification:_identify(.) by extensions ['ignore', 'ignore_ament_install']
[0.280s] Level 1:colcon.colcon_core.package_identification:_identify(.) by extension 'ignore'
[0.280s] Level 1:colcon.colcon_core.package_identification:_identify(.) by extension 'ignore_ament_install'
[0.281s] Level 1:colcon.colcon_core.package_identification:_identify(.) by extensions ['colcon_pkg']
[0.281s] Level 1:colcon.colcon_core.package_identification:_identify(.) by extension 'colcon_pkg'
[0.281s] Level 1:colcon.colcon_core.package_identification:_identify(.) by extensions ['colcon_meta']
[0.281s] Level 1:colcon.colcon_core.package_identification:_identify(.) by extension 'colcon_meta'
[0.281s] Level 1:colcon.colcon_core.package_identification:_identify(.) by extensions ['ros']
[0.281s] Level 1:colcon.colcon_core.package_identification:_identify(.) by extension 'ros'
[0.290s] Level 1:colcon.colcon_core.package_identification:_identify(.) by extensions ['cmake', 'python']
[0.290s] Level 1:colcon.colcon_core.package_identification:_identify(.) by extension 'cmake'
[0.290s] Level 1:colcon.colcon_core.package_identification:_identify(.) by extension 'python'
[0.291s] Level 1:colcon.colcon_core.package_identification:_identify(.) by extensions ['python_setup_py']
[0.291s] Level 1:colcon.colcon_core.package_identification:_identify(.) by extension 'python_setup_py'
[0.291s] Level 1:colcon.colcon_core.package_identification:_identify(braccio_ROS_Arduino) by extensions ['ignore', 'ignore_ament_install']
[0.291s] Level 1:colcon.colcon_core.package_identification:_identify(braccio_ROS_Arduino) by extension 'ignore'
[0.291s] Level 1:colcon.colcon_core.package_identification:_identify(braccio_ROS_Arduino) by extension 'ignore_ament_install'
[0.291s] Level 1:colcon.colcon_core.package_identification:_identify(braccio_ROS_Arduino) by extensions ['colcon_pkg']
[0.291s] Level 1:colcon.colcon_core.package_identification:_identify(braccio_ROS_Arduino) by extension 'colcon_pkg'
[0.291s] Level 1:colcon.colcon_core.package_identification:_identify(braccio_ROS_Arduino) by extensions ['colcon_meta']
[0.291s] Level 1:colcon.colcon_core.package_identification:_identify(braccio_ROS_Arduino) by extension 'colcon_meta'
[0.291s] Level 1:colcon.colcon_core.package_identification:_identify(braccio_ROS_Arduino) by extensions ['ros']
[0.291s] Level 1:colcon.colcon_core.package_identification:_identify(braccio_ROS_Arduino) by extension 'ros'
[0.291s] Level 1:colcon.colcon_core.package_identification:_identify(braccio_ROS_Arduino) by extensions ['cmake', 'python']
[0.291s] Level 1:colcon.colcon_core.package_identification:_identify(braccio_ROS_Arduino) by extension 'cmake'
[0.291s] Level 1:colcon.colcon_core.package_identification:_identify(braccio_ROS_Arduino) by extension 'python'
[0.291s] Level 1:colcon.colcon_core.package_identification:_identify(braccio_ROS_Arduino) by extensions ['python_setup_py']
[0.291s] Level 1:colcon.colcon_core.package_identification:_identify(braccio_ROS_Arduino) by extension 'python_setup_py'
[0.291s] Level 1:colcon.colcon_core.package_identification:_identify(braccio_bringup) by extensions ['ignore', 'ignore_ament_install']
[0.291s] Level 1:colcon.colcon_core.package_identification:_identify(braccio_bringup) by extension 'ignore'
[0.291s] Level 1:colcon.colcon_core.package_identification:_identify(braccio_bringup) by extension 'ignore_ament_install'
[0.291s] Level 1:colcon.colcon_core.package_identification:_identify(braccio_bringup) by extensions ['colcon_pkg']
[0.291s] Level 1:colcon.colcon_core.package_identification:_identify(braccio_bringup) by extension 'colcon_pkg'
[0.291s] Level 1:colcon.colcon_core.package_identification:_identify(braccio_bringup) by extensions ['colcon_meta']
[0.291s] Level 1:colcon.colcon_core.package_identification:_identify(braccio_bringup) by extension 'colcon_meta'
[0.291s] Level 1:colcon.colcon_core.package_identification:_identify(braccio_bringup) by extensions ['ros']
[0.291s] Level 1:colcon.colcon_core.package_identification:_identify(braccio_bringup) by extension 'ros'
[0.294s] DEBUG:colcon.colcon_core.package_identification:Package 'braccio_bringup' with type 'ros.ament_cmake' and name 'braccio_bringup'
[0.294s] Level 1:colcon.colcon_core.package_identification:_identify(braccio_description) by extensions ['ignore', 'ignore_ament_install']
[0.294s] Level 1:colcon.colcon_core.package_identification:_identify(braccio_description) by extension 'ignore'
[0.294s] Level 1:colcon.colcon_core.package_identification:_identify(braccio_description) by extension 'ignore_ament_install'
[0.294s] Level 1:colcon.colcon_core.package_identification:_identify(braccio_description) by extensions ['colcon_pkg']
[0.294s] Level 1:colcon.colcon_core.package_identification:_identify(braccio_description) by extension 'colcon_pkg'
[0.294s] Level 1:colcon.colcon_core.package_identification:_identify(braccio_description) by extensions ['colcon_meta']
[0.294s] Level 1:colcon.colcon_core.package_identification:_identify(braccio_description) by extension 'colcon_meta'
[0.294s] Level 1:colcon.colcon_core.package_identification:_identify(braccio_description) by extensions ['ros']
[0.294s] Level 1:colcon.colcon_core.package_identification:_identify(braccio_description) by extension 'ros'
[0.295s] DEBUG:colcon.colcon_core.package_identification:Package 'braccio_description' with type 'ros.ament_cmake' and name 'braccio_description'
[0.295s] Level 1:colcon.colcon_core.package_identification:_identify(braccio_hardware) by extensions ['ignore', 'ignore_ament_install']
[0.295s] Level 1:colcon.colcon_core.package_identification:_identify(braccio_hardware) by extension 'ignore'
[0.295s] Level 1:colcon.colcon_core.package_identification:_identify(braccio_hardware) by extension 'ignore_ament_install'
[0.295s] Level 1:colcon.colcon_core.package_identification:_identify(braccio_hardware) by extensions ['colcon_pkg']
[0.295s] Level 1:colcon.colcon_core.package_identification:_identify(braccio_hardware) by extension 'colcon_pkg'
[0.295s] Level 1:colcon.colcon_core.package_identification:_identify(braccio_hardware) by extensions ['colcon_meta']
[0.295s] Level 1:colcon.colcon_core.package_identification:_identify(braccio_hardware) by extension 'colcon_meta'
[0.295s] Level 1:colcon.colcon_core.package_identification:_identify(braccio_hardware) by extensions ['ros']
[0.295s] Level 1:colcon.colcon_core.package_identification:_identify(braccio_hardware) by extension 'ros'
[0.296s] DEBUG:colcon.colcon_core.package_identification:Package 'braccio_hardware' with type 'ros.ament_cmake' and name 'braccio_hardware'
[0.296s] Level 1:colcon.colcon_core.package_identification:_identify(braccio_moveit_config) by extensions ['ignore', 'ignore_ament_install']
[0.296s] Level 1:colcon.colcon_core.package_identification:_identify(braccio_moveit_config) by extension 'ignore'
[0.296s] Level 1:colcon.colcon_core.package_identification:_identify(braccio_moveit_config) by extension 'ignore_ament_install'
[0.296s] Level 1:colcon.colcon_core.package_identification:_identify(braccio_moveit_config) by extensions ['colcon_pkg']
[0.296s] Level 1:colcon.colcon_core.package_identification:_identify(braccio_moveit_config) by extension 'colcon_pkg'
[0.296s] Level 1:colcon.colcon_core.package_identification:_identify(braccio_moveit_config) by extensions ['colcon_meta']
[0.296s] Level 1:colcon.colcon_core.package_identification:_identify(braccio_moveit_config) by extension 'colcon_meta'
[0.296s] Level 1:colcon.colcon_core.package_identification:_identify(braccio_moveit_config) by extensions ['ros']
[0.296s] Level 1:colcon.colcon_core.package_identification:_identify(braccio_moveit_config) by extension 'ros'
[0.297s] DEBUG:colcon.colcon_core.package_identification:Package 'braccio_moveit_config' with type 'ros.ament_cmake' and name 'braccio_moveit_config'
[0.297s] Level 1:colcon.colcon_core.package_identification:_identify(build) by extensions ['ignore', 'ignore_ament_install']
[0.297s] Level 1:colcon.colcon_core.package_identification:_identify(build) by extension 'ignore'
[0.297s] Level 1:colcon.colcon_core.package_identification:_identify(build) ignored
[0.298s] Level 1:colcon.colcon_core.package_identification:_identify(install) by extensions ['ignore', 'ignore_ament_install']
[0.298s] Level 1:colcon.colcon_core.package_identification:_identify(install) by extension 'ignore'
[0.298s] Level 1:colcon.colcon_core.package_identification:_identify(install) ignored
[0.298s] Level 1:colcon.colcon_core.package_identification:_identify(log) by extensions ['ignore', 'ignore_ament_install']
[0.298s] Level 1:colcon.colcon_core.package_identification:_identify(log) by extension 'ignore'
[0.298s] Level 1:colcon.colcon_core.package_identification:_identify(log) ignored
[0.298s] Level 1:colcon.colcon_core.package_discovery:discover_packages(recursive) using defaults
[0.298s] Level 1:colcon.colcon_core.package_discovery:discover_packages(ignore) discover
[0.298s] Level 1:colcon.colcon_core.package_discovery:discover_packages(ignore) using defaults
[0.298s] Level 1:colcon.colcon_core.package_discovery:discover_packages(path) discover
[0.298s] Level 1:colcon.colcon_core.package_discovery:discover_packages(path) using defaults
[0.328s] Level 1:colcon.colcon_core.package_discovery:discover_packages(prefix_path) check parameters
[0.328s] Level 1:colcon.colcon_core.package_discovery:discover_packages(prefix_path) discover
[0.332s] DEBUG:colcon.colcon_installed_package_information.package_discovery:Found 451 installed packages in /opt/ros/humble
[0.334s] Level 1:colcon.colcon_core.package_discovery:discover_packages(prefix_path) using defaults
[0.374s] Level 5:colcon.colcon_core.verb:set package 'braccio_description' build argument 'cmake_args' from command line to 'None'
[0.374s] Level 5:colcon.colcon_core.verb:set package 'braccio_description' build argument 'cmake_target' from command line to 'None'
[0.374s] Level 5:colcon.colcon_core.verb:set package 'braccio_description' build argument 'cmake_target_skip_unavailable' from command line to 'False'
[0.374s] Level 5:colcon.colcon_core.verb:set package 'braccio_description' build argument 'cmake_clean_cache' from command line to 'False'
[0.374s] Level 5:colcon.colcon_core.verb:set package 'braccio_description' build argument 'cmake_clean_first' from command line to 'False'
[0.374s] Level 5:colcon.colcon_core.verb:set package 'braccio_description' build argument 'cmake_force_configure' from command line to 'False'
[0.374s] Level 5:colcon.colcon_core.verb:set package 'braccio_description' build argument 'ament_cmake_args' from command line to 'None'
[0.374s] Level 5:colcon.colcon_core.verb:set package 'braccio_description' build argument 'catkin_cmake_args' from command line to 'None'
[0.374s] Level 5:colcon.colcon_core.verb:set package 'braccio_description' build argument 'catkin_skip_building_tests' from command line to 'False'
[0.374s] DEBUG:colcon.colcon_core.verb:Building package 'braccio_description' with the following arguments: {'ament_cmake_args': None, 'build_base': '/home/ivan/Escritorio/Braccio-Tinkerkit-Arduino/build/braccio_description', 'catkin_cmake_args': None, 'catkin_skip_building_tests': False, 'cmake_args': None, 'cmake_clean_cache': False, 'cmake_clean_first': False, 'cmake_force_configure': False, 'cmake_target': None, 'cmake_target_skip_unavailable': False, 'install_base': '/home/ivan/Escritorio/Braccio-Tinkerkit-Arduino/install/braccio_description', 'merge_install': False, 'path': '/home/ivan/Escritorio/Braccio-Tinkerkit-Arduino/braccio_description', 'symlink_install': False, 'test_result_base': None}
[0.374s] Level 5:colcon.colcon_core.verb:set package 'braccio_hardware' build argument 'cmake_args' from command line to 'None'
[0.374s] Level 5:colcon.colcon_core.verb:set package 'braccio_hardware' build argument 'cmake_target' from command line to 'None'
[0.374s] Level 5:colcon.colcon_core.verb:set package 'braccio_hardware' build argument 'cmake_target_skip_unavailable' from command line to 'False'
[0.374s] Level 5:colcon.colcon_core.verb:set package 'braccio_hardware' build argument 'cmake_clean_cache' from command line to 'False'
[0.375s] Level 5:colcon.colcon_core.verb:set package 'braccio_hardware' build argument 'cmake_clean_first' from command line to 'False'
[0.375s] Level 5:colcon.colcon_core.verb:set package 'braccio_hardware' build argument 'cmake_force_configure' from command line to 'False'
[0.375s] Level 5:colcon.colcon_core.verb:set package 'braccio_hardware' build argument 'ament_cmake_args' from command line to 'None'
[0.375s] Level 5:colcon.colcon_core.verb:set package 'braccio_hardware' build argument 'catkin_cmake_args' from command line to 'None'
[0.375s] Level 5:colcon.colcon_core.verb:set package 'braccio_hardware' build argument 'catkin_skip_building_tests' from command line to 'False'
[0.375s] DEBUG:colcon.colcon_core.verb:Building package 'braccio_hardware' with the following arguments: {'ament_cmake_args': None, 'build_base': '/home/ivan/Escritorio/Braccio-Tinkerkit-Arduino/build/braccio_hardware', 'catkin_cmake_args': None, 'catkin_skip_building_tests': False, 'cmake_args': None, 'cmake_clean_cache': False, 'cmake_clean_first': False, 'cmake_force_configure': False, 'cmake_target': None, 'cmake_target_skip_unavailable': False, 'install_base': '/home/ivan/Escritorio/Braccio-Tinkerkit-Arduino/install/braccio_hardware', 'merge_install': False, 'path': '/home/ivan/Escritorio/Braccio-Tinkerkit-Arduino/braccio_hardware', 'symlink_install': False, 'test_result_base': None}
[0.375s] Level 5:colcon.colcon_core.verb:set package 'braccio_bringup' build argument 'cmake_args' from command line to 'None'
[0.375s] Level 5:colcon.colcon_core.verb:set package 'braccio_bringup' build argument 'cmake_target' from command line to 'None'
[0.375s] Level 5:colcon.colcon_core.verb:set package 'braccio_bringup' build argument 'cmake_target_skip_unavailable' from command line to 'False'
[0.375s] Level 5:colcon.colcon_core.verb:set package 'braccio_bringup' build argument 'cmake_clean_cache' from command line to 'False'
[0.375s] Level 5:colcon.colcon_core.verb:set package 'braccio_bringup' build argument 'cmake_clean_first' from command line to 'False'
[0.375s] Level 5:colcon.colcon_core.verb:set package 'braccio_bringup' build argument 'cmake_force_configure' from command line to 'False'
[0.375s] Level 5:colcon.colcon_core.verb:set package 'braccio_bringup' build argument 'ament_cmake_args' from command line to 'None'
[0.375s] Level 5:colcon.colcon_core.verb:set package 'braccio_bringup' build argument 'catkin_cmake_args' from command line to 'None'
[0.375s] Level 5:colcon.colcon_core.verb:set package 'braccio_bringup' build argument 'catkin_skip_building_tests' from command line to 'False'
[0.375s] DEBUG:colcon.colcon_core.verb:Building package 'braccio_bringup' with the following arguments: {'ament_cmake_args': None, 'build_base': '/home/ivan/Escritorio/Braccio-Tinkerkit-Arduino/build/braccio_bringup', 'catkin_cmake_args': None, 'catkin_skip_building_tests': False, 'cmake_args': None, 'cmake_clean_cache': False, 'cmake_clean_first': False, 'cmake_force_configure': False, 'cmake_target': None, 'cmake_target_skip_unavailable': False, 'install_base': '/home/ivan/Escritorio/Braccio-Tinkerkit-Arduino/install/braccio_bringup', 'merge_install': False, 'path': '/home/ivan/Escritorio/Braccio-Tinkerkit-Arduino/braccio_bringup', 'symlink_install': False, 'test_result_base': None}
[0.375s] Level 5:colcon.colcon_core.verb:set package 'braccio_moveit_config' build argument 'cmake_args' from command line to 'None'
[0.375s] Level 5:colcon.colcon_core.verb:set package 'braccio_moveit_config' build argument 'cmake_target' from command line to 'None'
[0.375s] Level 5:colcon.colcon_core.verb:set package 'braccio_moveit_config' build argument 'cmake_target_skip_unavailable' from command line to 'False'
[0.375s] Level 5:colcon.colcon_core.verb:set package 'braccio_moveit_config' build argument 'cmake_clean_cache' from command line to 'False'
[0.375s] Level 5:colcon.colcon_core.verb:set package 'braccio_moveit_config' build argument 'cmake_clean_first' from command line to 'False'
[0.375s] Level 5:colcon.colcon_core.verb:set package 'braccio_moveit_config' build argument 'cmake_force_configure' from command line to 'False'
[0.375s] Level 5:colcon.colcon_core.verb:set package 'braccio_moveit_config' build argument 'ament_cmake_args' from command line to 'None'
[0.375s] Level 5:colcon.colcon_core.verb:set package 'braccio_moveit_config' build argument 'catkin_cmake_args' from command line to 'None'
[0.375s] Level 5:colcon.colcon_core.verb:set package 'braccio_moveit_config' build argument 'catkin_skip_building_tests' from command line to 'False'
[0.375s] DEBUG:colcon.colcon_core.verb:Building package 'braccio_moveit_config' with the following arguments: {'ament_cmake_args': None, 'build_base': '/home/ivan/Escritorio/Braccio-Tinkerkit-Arduino/build/braccio_moveit_config', 'catkin_cmake_args': None, 'catkin_skip_building_tests': False, 'cmake_args': None, 'cmake_clean_cache': False, 'cmake_clean_first': False, 'cmake_force_configure': False, 'cmake_target': None, 'cmake_target_skip_unavailable': False, 'install_base': '/home/ivan/Escritorio/Braccio-Tinkerkit-Arduino/install/braccio_moveit_config', 'merge_install': False, 'path': '/home/ivan/Escritorio/Braccio-Tinkerkit-Arduino/braccio_moveit_config', 'symlink_install': False, 'test_result_base': None}
[0.375s] INFO:colcon.colcon_core.executor:Executing jobs using 'parallel' executor
[0.377s] DEBUG:colcon.colcon_parallel_executor.executor.parallel:run_until_complete
[0.377s] INFO:colcon.colcon_ros.task.ament_cmake.build:Building ROS package in '/home/ivan/Escritorio/Braccio-Tinkerkit-Arduino/braccio_description' with build type 'ament_cmake'
[0.377s] INFO:colcon.colcon_cmake.task.cmake.build:Building CMake package in '/home/ivan/Escritorio/Braccio-Tinkerkit-Arduino/braccio_description'
[0.380s] INFO:colcon.colcon_core.plugin_system:Skipping extension 'colcon_core.shell.bat': Not used on non-Windows systems
[0.380s] INFO:colcon.colcon_core.shell:Skip shell extension 'powershell' for command environment: Not usable outside of PowerShell
[0.380s] DEBUG:colcon.colcon_core.shell:Skip shell extension 'dsv' for command environment
[0.384s] INFO:colcon.colcon_ros.task.ament_cmake.build:Building ROS package in '/home/ivan/Escritorio/Braccio-Tinkerkit-Arduino/braccio_hardware' with build type 'ament_cmake'
[0.384s] INFO:colcon.colcon_cmake.task.cmake.build:Building CMake package in '/home/ivan/Escritorio/Braccio-Tinkerkit-Arduino/braccio_hardware'
[0.384s] INFO:colcon.colcon_core.shell:Skip shell extension 'powershell' for command environment: Not usable outside of PowerShell
[0.384s] DEBUG:colcon.colcon_core.shell:Skip shell extension 'dsv' for command environment
[0.395s] DEBUG:colcon.colcon_core.event_handler.log_command:Invoking command in '/home/ivan/Escritorio/Braccio-Tinkerkit-Arduino/build/braccio_description': CMAKE_PREFIX_PATH=/opt/ros/humble /usr/bin/cmake --build /home/ivan/Escritorio/Braccio-Tinkerkit-Arduino/build/braccio_description -- -j16 -l16
[0.398s] DEBUG:colcon.colcon_core.event_handler.log_command:Invoking command in '/home/ivan/Escritorio/Braccio-Tinkerkit-Arduino/build/braccio_hardware': CMAKE_PREFIX_PATH=/opt/ros/humble /usr/bin/cmake --build /home/ivan/Escritorio/Braccio-Tinkerkit-Arduino/build/braccio_hardware -- -j16 -l16
[0.695s] DEBUG:colcon.colcon_core.event_handler.log_command:Invoked command in '/home/ivan/Escritorio/Braccio-Tinkerkit-Arduino/build/braccio_hardware' returned '0': CMAKE_PREFIX_PATH=/opt/ros/humble /usr/bin/cmake --build /home/ivan/Escritorio/Braccio-Tinkerkit-Arduino/build/braccio_hardware -- -j16 -l16
[0.707s] DEBUG:colcon.colcon_core.event_handler.log_command:Invoking command in '/home/ivan/Escritorio/Braccio-Tinkerkit-Arduino/build/braccio_hardware': CMAKE_PREFIX_PATH=/opt/ros/humble /usr/bin/cmake --install /home/ivan/Escritorio/Braccio-Tinkerkit-Arduino/build/braccio_hardware
[0.708s] DEBUG:colcon.colcon_core.event_handler.log_command:Invoked command in '/home/ivan/Escritorio/Braccio-Tinkerkit-Arduino/build/braccio_description' returned '0': CMAKE_PREFIX_PATH=/opt/ros/humble /usr/bin/cmake --build /home/ivan/Escritorio/Braccio-Tinkerkit-Arduino/build/braccio_description -- -j16 -l16
[0.710s] DEBUG:colcon.colcon_core.event_handler.log_command:Invoking command in '/home/ivan/Escritorio/Braccio-Tinkerkit-Arduino/build/braccio_description': CMAKE_PREFIX_PATH=/opt/ros/humble /usr/bin/cmake --install /home/ivan/Escritorio/Braccio-Tinkerkit-Arduino/build/braccio_description
[0.750s] Level 1:colcon.colcon_core.environment:create_environment_scripts_only(braccio_description)
[0.751s] DEBUG:colcon.colcon_core.event_handler.log_command:Invoked command in '/home/ivan/Escritorio/Braccio-Tinkerkit-Arduino/build/braccio_description' returned '0': CMAKE_PREFIX_PATH=/opt/ros/humble /usr/bin/cmake --install /home/ivan/Escritorio/Braccio-Tinkerkit-Arduino/build/braccio_description
[0.754s] Level 1:colcon.colcon_core.environment:checking '/home/ivan/Escritorio/Braccio-Tinkerkit-Arduino/install/braccio_description' for CMake module files
[0.754s] Level 1:colcon.colcon_core.environment:checking '/home/ivan/Escritorio/Braccio-Tinkerkit-Arduino/install/braccio_description' for CMake config files
[0.754s] Level 1:colcon.colcon_core.shell:create_environment_hook('braccio_description', 'cmake_prefix_path')
[0.755s] INFO:colcon.colcon_core.shell:Creating environment hook '/home/ivan/Escritorio/Braccio-Tinkerkit-Arduino/install/braccio_description/share/braccio_description/hook/cmake_prefix_path.ps1'
[0.755s] INFO:colcon.colcon_core.shell:Creating environment descriptor '/home/ivan/Escritorio/Braccio-Tinkerkit-Arduino/install/braccio_description/share/braccio_description/hook/cmake_prefix_path.dsv'
[0.756s] INFO:colcon.colcon_core.shell:Creating environment hook '/home/ivan/Escritorio/Braccio-Tinkerkit-Arduino/install/braccio_description/share/braccio_description/hook/cmake_prefix_path.sh'
[0.756s] Level 1:colcon.colcon_core.environment:checking '/home/ivan/Escritorio/Braccio-Tinkerkit-Arduino/install/braccio_description/bin'
[0.756s] Level 1:colcon.colcon_core.environment:checking '/home/ivan/Escritorio/Braccio-Tinkerkit-Arduino/install/braccio_description/lib/pkgconfig/braccio_description.pc'
[0.757s] Level 1:colcon.colcon_core.environment:checking '/home/ivan/Escritorio/Braccio-Tinkerkit-Arduino/install/braccio_description/lib/python3.10/site-packages'
[0.757s] Level 1:colcon.colcon_core.environment:checking '/home/ivan/Escritorio/Braccio-Tinkerkit-Arduino/install/braccio_description/bin'
[0.757s] INFO:colcon.colcon_core.shell:Creating package script '/home/ivan/Escritorio/Braccio-Tinkerkit-Arduino/install/braccio_description/share/braccio_description/package.ps1'
[0.757s] INFO:colcon.colcon_core.shell:Creating package descriptor '/home/ivan/Escritorio/Braccio-Tinkerkit-Arduino/install/braccio_description/share/braccio_description/package.dsv'
[0.758s] INFO:colcon.colcon_core.shell:Creating package script '/home/ivan/Escritorio/Braccio-Tinkerkit-Arduino/install/braccio_description/share/braccio_description/package.sh'
[0.758s] INFO:colcon.colcon_core.shell:Creating package script '/home/ivan/Escritorio/Braccio-Tinkerkit-Arduino/install/braccio_description/share/braccio_description/package.bash'
[0.759s] INFO:colcon.colcon_core.shell:Creating package script '/home/ivan/Escritorio/Braccio-Tinkerkit-Arduino/install/braccio_description/share/braccio_description/package.zsh'
[0.760s] Level 1:colcon.colcon_core.environment:create_file_with_runtime_dependencies(/home/ivan/Escritorio/Braccio-Tinkerkit-Arduino/install/braccio_description/share/colcon-core/packages/braccio_description)
[0.760s] Level 1:colcon.colcon_core.environment:create_environment_scripts_only(braccio_description)
[0.761s] Level 1:colcon.colcon_core.environment:checking '/home/ivan/Escritorio/Braccio-Tinkerkit-Arduino/install/braccio_description' for CMake module files
[0.761s] Level 1:colcon.colcon_core.environment:checking '/home/ivan/Escritorio/Braccio-Tinkerkit-Arduino/install/braccio_description' for CMake config files
[0.761s] Level 1:colcon.colcon_core.shell:create_environment_hook('braccio_description', 'cmake_prefix_path')
[0.761s] INFO:colcon.colcon_core.shell:Creating environment hook '/home/ivan/Escritorio/Braccio-Tinkerkit-Arduino/install/braccio_description/share/braccio_description/hook/cmake_prefix_path.ps1'
[0.762s] INFO:colcon.colcon_core.shell:Creating environment descriptor '/home/ivan/Escritorio/Braccio-Tinkerkit-Arduino/install/braccio_description/share/braccio_description/hook/cmake_prefix_path.dsv'
[0.762s] INFO:colcon.colcon_core.shell:Creating environment hook '/home/ivan/Escritorio/Braccio-Tinkerkit-Arduino/install/braccio_description/share/braccio_description/hook/cmake_prefix_path.sh'
[0.762s] Level 1:colcon.colcon_core.environment:checking '/home/ivan/Escritorio/Braccio-Tinkerkit-Arduino/install/braccio_description/bin'
[0.762s] Level 1:colcon.colcon_core.environment:checking '/home/ivan/Escritorio/Braccio-Tinkerkit-Arduino/install/braccio_description/lib/pkgconfig/braccio_description.pc'
[0.762s] Level 1:colcon.colcon_core.environment:checking '/home/ivan/Escritorio/Braccio-Tinkerkit-Arduino/install/braccio_description/lib/python3.10/site-packages'
[0.762s] Level 1:colcon.colcon_core.environment:checking '/home/ivan/Escritorio/Braccio-Tinkerkit-Arduino/install/braccio_description/bin'
[0.763s] INFO:colcon.colcon_core.shell:Creating package script '/home/ivan/Escritorio/Braccio-Tinkerkit-Arduino/install/braccio_description/share/braccio_description/package.ps1'
[0.763s] INFO:colcon.colcon_core.shell:Creating package descriptor '/home/ivan/Escritorio/Braccio-Tinkerkit-Arduino/install/braccio_description/share/braccio_description/package.dsv'
[0.763s] INFO:colcon.colcon_core.shell:Creating package script '/home/ivan/Escritorio/Braccio-Tinkerkit-Arduino/install/braccio_description/share/braccio_description/package.sh'
[0.764s] INFO:colcon.colcon_core.shell:Creating package script '/home/ivan/Escritorio/Braccio-Tinkerkit-Arduino/install/braccio_description/share/braccio_description/package.bash'
[0.764s] INFO:colcon.colcon_core.shell:Creating package script '/home/ivan/Escritorio/Braccio-Tinkerkit-Arduino/install/braccio_description/share/braccio_description/package.zsh'
[0.764s] Level 1:colcon.colcon_core.environment:create_file_with_runtime_dependencies(/home/ivan/Escritorio/Braccio-Tinkerkit-Arduino/install/braccio_description/share/colcon-core/packages/braccio_description)
[0.764s] INFO:colcon.colcon_ros.task.ament_cmake.build:Building ROS package in '/home/ivan/Escritorio/Braccio-Tinkerkit-Arduino/braccio_moveit_config' with build type 'ament_cmake'
[0.765s] INFO:colcon.colcon_cmake.task.cmake.build:Building CMake package in '/home/ivan/Escritorio/Braccio-Tinkerkit-Arduino/braccio_moveit_config'
[0.765s] INFO:colcon.colcon_core.shell:Skip shell extension 'powershell' for command environment: Not usable outside of PowerShell
[0.765s] DEBUG:colcon.colcon_core.shell:Skip shell extension 'dsv' for command environment
[0.767s] Level 1:colcon.colcon_core.environment:create_environment_scripts_only(braccio_hardware)
[0.768s] Level 1:colcon.colcon_core.environment:checking '/home/ivan/Escritorio/Braccio-Tinkerkit-Arduino/install/braccio_hardware' for CMake module files
[0.768s] DEBUG:colcon.colcon_core.event_handler.log_command:Invoked command in '/home/ivan/Escritorio/Braccio-Tinkerkit-Arduino/build/braccio_hardware' returned '0': CMAKE_PREFIX_PATH=/opt/ros/humble /usr/bin/cmake --install /home/ivan/Escritorio/Braccio-Tinkerkit-Arduino/build/braccio_hardware
[0.768s] Level 1:colcon.colcon_core.environment:checking '/home/ivan/Escritorio/Braccio-Tinkerkit-Arduino/install/braccio_hardware' for CMake config files
[0.769s] Level 1:colcon.colcon_core.shell:create_environment_hook('braccio_hardware', 'cmake_prefix_path')
[0.769s] INFO:colcon.colcon_core.shell:Creating environment hook '/home/ivan/Escritorio/Braccio-Tinkerkit-Arduino/install/braccio_hardware/share/braccio_hardware/hook/cmake_prefix_path.ps1'
[0.769s] INFO:colcon.colcon_core.shell:Creating environment descriptor '/home/ivan/Escritorio/Braccio-Tinkerkit-Arduino/install/braccio_hardware/share/braccio_hardware/hook/cmake_prefix_path.dsv'
[0.769s] INFO:colcon.colcon_core.shell:Creating environment hook '/home/ivan/Escritorio/Braccio-Tinkerkit-Arduino/install/braccio_hardware/share/braccio_hardware/hook/cmake_prefix_path.sh'
[0.770s] Level 1:colcon.colcon_core.environment:checking '/home/ivan/Escritorio/Braccio-Tinkerkit-Arduino/install/braccio_hardware/lib'
[0.770s] Level 1:colcon.colcon_core.shell:create_environment_hook('braccio_hardware', 'ld_library_path_lib')
[0.770s] INFO:colcon.colcon_core.shell:Creating environment hook '/home/ivan/Escritorio/Braccio-Tinkerkit-Arduino/install/braccio_hardware/share/braccio_hardware/hook/ld_library_path_lib.ps1'
[0.770s] INFO:colcon.colcon_core.shell:Creating environment descriptor '/home/ivan/Escritorio/Braccio-Tinkerkit-Arduino/install/braccio_hardware/share/braccio_hardware/hook/ld_library_path_lib.dsv'
[0.771s] INFO:colcon.colcon_core.shell:Creating environment hook '/home/ivan/Escritorio/Braccio-Tinkerkit-Arduino/install/braccio_hardware/share/braccio_hardware/hook/ld_library_path_lib.sh'
[0.771s] Level 1:colcon.colcon_core.environment:checking '/home/ivan/Escritorio/Braccio-Tinkerkit-Arduino/install/braccio_hardware/bin'
[0.771s] Level 1:colcon.colcon_core.environment:checking '/home/ivan/Escritorio/Braccio-Tinkerkit-Arduino/install/braccio_hardware/lib/pkgconfig/braccio_hardware.pc'
[0.771s] Level 1:colcon.colcon_core.environment:checking '/home/ivan/Escritorio/Braccio-Tinkerkit-Arduino/install/braccio_hardware/lib/python3.10/site-packages'
[0.771s] Level 1:colcon.colcon_core.environment:checking '/home/ivan/Escritorio/Braccio-Tinkerkit-Arduino/install/braccio_hardware/bin'
[0.771s] INFO:colcon.colcon_core.shell:Creating package script '/home/ivan/Escritorio/Braccio-Tinkerkit-Arduino/install/braccio_hardware/share/braccio_hardware/package.ps1'
[0.772s] INFO:colcon.colcon_core.shell:Creating package descriptor '/home/ivan/Escritorio/Braccio-Tinkerkit-Arduino/install/braccio_hardware/share/braccio_hardware/package.dsv'
[0.772s] INFO:colcon.colcon_core.shell:Creating package script '/home/ivan/Escritorio/Braccio-Tinkerkit-Arduino/install/braccio_hardware/share/braccio_hardware/package.sh'
[0.772s] INFO:colcon.colcon_core.shell:Creating package script '/home/ivan/Escritorio/Braccio-Tinkerkit-Arduino/install/braccio_hardware/share/braccio_hardware/package.bash'
[0.772s] INFO:colcon.colcon_core.shell:Creating package script '/home/ivan/Escritorio/Braccio-Tinkerkit-Arduino/install/braccio_hardware/share/braccio_hardware/package.zsh'
[0.773s] Level 1:colcon.colcon_core.environment:create_file_with_runtime_dependencies(/home/ivan/Escritorio/Braccio-Tinkerkit-Arduino/install/braccio_hardware/share/colcon-core/packages/braccio_hardware)
[0.773s] Level 1:colcon.colcon_core.environment:create_environment_scripts_only(braccio_hardware)
[0.773s] Level 1:colcon.colcon_core.environment:checking '/home/ivan/Escritorio/Braccio-Tinkerkit-Arduino/install/braccio_hardware' for CMake module files
[0.773s] Level 1:colcon.colcon_core.environment:checking '/home/ivan/Escritorio/Braccio-Tinkerkit-Arduino/install/braccio_hardware' for CMake config files
[0.774s] Level 1:colcon.colcon_core.shell:create_environment_hook('braccio_hardware', 'cmake_prefix_path')
[0.774s] INFO:colcon.colcon_core.shell:Creating environment hook '/home/ivan/Escritorio/Braccio-Tinkerkit-Arduino/install/braccio_hardware/share/braccio_hardware/hook/cmake_prefix_path.ps1'
[0.774s] INFO:colcon.colcon_core.shell:Creating environment descriptor '/home/ivan/Escritorio/Braccio-Tinkerkit-Arduino/install/braccio_hardware/share/braccio_hardware/hook/cmake_prefix_path.dsv'
[0.774s] INFO:colcon.colcon_core.shell:Creating environment hook '/home/ivan/Escritorio/Braccio-Tinkerkit-Arduino/install/braccio_hardware/share/braccio_hardware/hook/cmake_prefix_path.sh'
[0.775s] Level 1:colcon.colcon_core.environment:checking '/home/ivan/Escritorio/Braccio-Tinkerkit-Arduino/install/braccio_hardware/lib'
[0.775s] Level 1:colcon.colcon_core.shell:create_environment_hook('braccio_hardware', 'ld_library_path_lib')
[0.775s] INFO:colcon.colcon_core.shell:Creating environment hook '/home/ivan/Escritorio/Braccio-Tinkerkit-Arduino/install/braccio_hardware/share/braccio_hardware/hook/ld_library_path_lib.ps1'
[0.775s] INFO:colcon.colcon_core.shell:Creating environment descriptor '/home/ivan/Escritorio/Braccio-Tinkerkit-Arduino/install/braccio_hardware/share/braccio_hardware/hook/ld_library_path_lib.dsv'
[0.775s] INFO:colcon.colcon_core.shell:Creating environment hook '/home/ivan/Escritorio/Braccio-Tinkerkit-Arduino/install/braccio_hardware/share/braccio_hardware/hook/ld_library_path_lib.sh'
[0.775s] Level 1:colcon.colcon_core.environment:checking '/home/ivan/Escritorio/Braccio-Tinkerkit-Arduino/install/braccio_hardware/bin'
[0.776s] Level 1:colcon.colcon_core.environment:checking '/home/ivan/Escritorio/Braccio-Tinkerkit-Arduino/install/braccio_hardware/lib/pkgconfig/braccio_hardware.pc'
[0.776s] Level 1:colcon.colcon_core.environment:checking '/home/ivan/Escritorio/Braccio-Tinkerkit-Arduino/install/braccio_hardware/lib/python3.10/site-packages'
[0.776s] Level 1:colcon.colcon_core.environment:checking '/home/ivan/Escritorio/Braccio-Tinkerkit-Arduino/install/braccio_hardware/bin'
[0.776s] INFO:colcon.colcon_core.shell:Creating package script '/home/ivan/Escritorio/Braccio-Tinkerkit-Arduino/install/braccio_hardware/share/braccio_hardware/package.ps1'
[0.776s] INFO:colcon.colcon_core.shell:Creating package descriptor '/home/ivan/Escritorio/Braccio-Tinkerkit-Arduino/install/braccio_hardware/share/braccio_hardware/package.dsv'
[0.777s] INFO:colcon.colcon_core.shell:Creating package script '/home/ivan/Escritorio/Braccio-Tinkerkit-Arduino/install/braccio_hardware/share/braccio_hardware/package.sh'
[0.777s] INFO:colcon.colcon_core.shell:Creating package script '/home/ivan/Escritorio/Braccio-Tinkerkit-Arduino/install/braccio_hardware/share/braccio_hardware/package.bash'
[0.777s] INFO:colcon.colcon_core.shell:Creating package script '/home/ivan/Escritorio/Braccio-Tinkerkit-Arduino/install/braccio_hardware/share/braccio_hardware/package.zsh'
[0.778s] Level 1:colcon.colcon_core.environment:create_file_with_runtime_dependencies(/home/ivan/Escritorio/Braccio-Tinkerkit-Arduino/install/braccio_hardware/share/colcon-core/packages/braccio_hardware)
[0.778s] INFO:colcon.colcon_ros.task.ament_cmake.build:Building ROS package in '/home/ivan/Escritorio/Braccio-Tinkerkit-Arduino/braccio_bringup' with build type 'ament_cmake'
[0.778s] INFO:colcon.colcon_cmake.task.cmake.build:Building CMake package in '/home/ivan/Escritorio/Braccio-Tinkerkit-Arduino/braccio_bringup'
[0.779s] INFO:colcon.colcon_core.shell:Skip shell extension 'powershell' for command environment: Not usable outside of PowerShell
[0.779s] DEBUG:colcon.colcon_core.shell:Skip shell extension 'dsv' for command environment
[0.785s] DEBUG:colcon.colcon_core.event_handler.log_command:Invoking command in '/home/ivan/Escritorio/Braccio-Tinkerkit-Arduino/build/braccio_moveit_config': AMENT_PREFIX_PATH=/home/ivan/Escritorio/Braccio-Tinkerkit-Arduino/install/braccio_description:${AMENT_PREFIX_PATH} CMAKE_PREFIX_PATH=/home/ivan/Escritorio/Braccio-Tinkerkit-Arduino/install/braccio_description:/opt/ros/humble PYTHONPATH=/home/ivan/Escritorio/Braccio-Tinkerkit-Arduino/install/braccio_description/local/lib/python3.10/dist-packages:${PYTHONPATH} /usr/bin/cmake --build /home/ivan/Escritorio/Braccio-Tinkerkit-Arduino/build/braccio_moveit_config -- -j16 -l16
[0.789s] DEBUG:colcon.colcon_core.event_handler.log_command:Invoking command in '/home/ivan/Escritorio/Braccio-Tinkerkit-Arduino/build/braccio_bringup': AMENT_PREFIX_PATH=/home/ivan/Escritorio/Braccio-Tinkerkit-Arduino/install/braccio_hardware:/home/ivan/Escritorio/Braccio-Tinkerkit-Arduino/install/braccio_description:${AMENT_PREFIX_PATH} CMAKE_PREFIX_PATH=/home/ivan/Escritorio/Braccio-Tinkerkit-Arduino/install/braccio_hardware:/home/ivan/Escritorio/Braccio-Tinkerkit-Arduino/install/braccio_description:/opt/ros/humble LD_LIBRARY_PATH=/home/ivan/Escritorio/Braccio-Tinkerkit-Arduino/install/braccio_hardware/lib:${LD_LIBRARY_PATH} PYTHONPATH=/home/ivan/Escritorio/Braccio-Tinkerkit-Arduino/install/braccio_hardware/local/lib/python3.10/dist-packages:/home/ivan/Escritorio/Braccio-Tinkerkit-Arduino/install/braccio_description/local/lib/python3.10/dist-packages:${PYTHONPATH} /usr/bin/cmake --build /home/ivan/Escritorio/Braccio-Tinkerkit-Arduino/build/braccio_bringup -- -j16 -l16
[0.823s] DEBUG:colcon.colcon_core.event_handler.log_command:Invoked command in '/home/ivan/Escritorio/Braccio-Tinkerkit-Arduino/build/braccio_moveit_config' returned '0': AMENT_PREFIX_PATH=/home/ivan/Escritorio/Braccio-Tinkerkit-Arduino/install/braccio_description:${AMENT_PREFIX_PATH} CMAKE_PREFIX_PATH=/home/ivan/Escritorio/Braccio-Tinkerkit-Arduino/install/braccio_description:/opt/ros/humble PYTHONPATH=/home/ivan/Escritorio/Braccio-Tinkerkit-Arduino/install/braccio_description/local/lib/python3.10/dist-packages:${PYTHONPATH} /usr/bin/cmake --build /home/ivan/Escritorio/Braccio-Tinkerkit-Arduino/build/braccio_moveit_config -- -j16 -l16
[0.824s] DEBUG:colcon.colcon_core.event_handler.log_command:Invoking command in '/home/ivan/Escritorio/Braccio-Tinkerkit-Arduino/build/braccio_moveit_config': AMENT_PREFIX_PATH=/home/ivan/Escritorio/Braccio-Tinkerkit-Arduino/install/braccio_description:${AMENT_PREFIX_PATH} CMAKE_PREFIX_PATH=/home/ivan/Escritorio/Braccio-Tinkerkit-Arduino/install/braccio_description:/opt/ros/humble PYTHONPATH=/home/ivan/Escritorio/Braccio-Tinkerkit-Arduino/install/braccio_description/local/lib/python3.10/dist-packages:${PYTHONPATH} /usr/bin/cmake --install /home/ivan/Escritorio/Braccio-Tinkerkit-Arduino/build/braccio_moveit_config
[0.834s] Level 1:colcon.colcon_core.environment:create_environment_scripts_only(braccio_moveit_config)
[0.835s] Level 1:colcon.colcon_core.environment:checking '/home/ivan/Escritorio/Braccio-Tinkerkit-Arduino/install/braccio_moveit_config' for CMake module files
[0.835s] DEBUG:colcon.colcon_core.event_handler.log_command:Invoked command in '/home/ivan/Escritorio/Braccio-Tinkerkit-Arduino/build/braccio_moveit_config' returned '0': AMENT_PREFIX_PATH=/home/ivan/Escritorio/Braccio-Tinkerkit-Arduino/install/braccio_description:${AMENT_PREFIX_PATH} CMAKE_PREFIX_PATH=/home/ivan/Escritorio/Braccio-Tinkerkit-Arduino/install/braccio_description:/opt/ros/humble PYTHONPATH=/home/ivan/Escritorio/Braccio-Tinkerkit-Arduino/install/braccio_description/local/lib/python3.10/dist-packages:${PYTHONPATH} /usr/bin/cmake --install /home/ivan/Escritorio/Braccio-Tinkerkit-Arduino/build/braccio_moveit_config
[0.835s] Level 1:colcon.colcon_core.environment:checking '/home/ivan/Escritorio/Braccio-Tinkerkit-Arduino/install/braccio_moveit_config' for CMake config files
[0.835s] Level 1:colcon.colcon_core.shell:create_environment_hook('braccio_moveit_config', 'cmake_prefix_path')
[0.836s] INFO:colcon.colcon_core.shell:Creating environment hook '/home/ivan/Escritorio/Braccio-Tinkerkit-Arduino/install/braccio_moveit_config/share/braccio_moveit_config/hook/cmake_prefix_path.ps1'
[0.836s] INFO:colcon.colcon_core.shell:Creating environment descriptor '/home/ivan/Escritorio/Braccio-Tinkerkit-Arduino/install/braccio_moveit_config/share/braccio_moveit_config/hook/cmake_prefix_path.dsv'
[0.836s] INFO:colcon.colcon_core.shell:Creating environment hook '/home/ivan/Escritorio/Braccio-Tinkerkit-Arduino/install/braccio_moveit_config/share/braccio_moveit_config/hook/cmake_prefix_path.sh'
[0.837s] Level 1:colcon.colcon_core.environment:checking '/home/ivan/Escritorio/Braccio-Tinkerkit-Arduino/install/braccio_moveit_config/lib'
[0.837s] Level 1:colcon.colcon_core.environment:checking '/home/ivan/Escritorio/Braccio-Tinkerkit-Arduino/install/braccio_moveit_config/bin'
[0.837s] Level 1:colcon.colcon_core.environment:checking '/home/ivan/Escritorio/Braccio-Tinkerkit-Arduino/install/braccio_moveit_config/lib/pkgconfig/braccio_moveit_config.pc'
[0.837s] Level 1:colcon.colcon_core.environment:checking '/home/ivan/Escritorio/Braccio-Tinkerkit-Arduino/install/braccio_moveit_config/lib/python3.10/site-packages'
[0.837s] Level 1:colcon.colcon_core.environment:checking '/home/ivan/Escritorio/Braccio-Tinkerkit-Arduino/install/braccio_moveit_config/bin'
[0.837s] INFO:colcon.colcon_core.shell:Creating package script '/home/ivan/Escritorio/Braccio-Tinkerkit-Arduino/install/braccio_moveit_config/share/braccio_moveit_config/package.ps1'
[0.838s] INFO:colcon.colcon_core.shell:Creating package descriptor '/home/ivan/Escritorio/Braccio-Tinkerkit-Arduino/install/braccio_moveit_config/share/braccio_moveit_config/package.dsv'
[0.838s] INFO:colcon.colcon_core.shell:Creating package script '/home/ivan/Escritorio/Braccio-Tinkerkit-Arduino/install/braccio_moveit_config/share/braccio_moveit_config/package.sh'
[0.838s] INFO:colcon.colcon_core.shell:Creating package script '/home/ivan/Escritorio/Braccio-Tinkerkit-Arduino/install/braccio_moveit_config/share/braccio_moveit_config/package.bash'
[0.839s] INFO:colcon.colcon_core.shell:Creating package script '/home/ivan/Escritorio/Braccio-Tinkerkit-Arduino/install/braccio_moveit_config/share/braccio_moveit_config/package.zsh'
[0.839s] Level 1:colcon.colcon_core.environment:create_file_with_runtime_dependencies(/home/ivan/Escritorio/Braccio-Tinkerkit-Arduino/install/braccio_moveit_config/share/colcon-core/packages/braccio_moveit_config)
[0.839s] Level 1:colcon.colcon_core.environment:create_environment_scripts_only(braccio_moveit_config)
[0.839s] Level 1:colcon.colcon_core.environment:checking '/home/ivan/Escritorio/Braccio-Tinkerkit-Arduino/install/braccio_moveit_config' for CMake module files
[0.840s] Level 1:colcon.colcon_core.environment:checking '/home/ivan/Escritorio/Braccio-Tinkerkit-Arduino/install/braccio_moveit_config' for CMake config files
[0.840s] Level 1:colcon.colcon_core.shell:create_environment_hook('braccio_moveit_config', 'cmake_prefix_path')
[0.840s] INFO:colcon.colcon_core.shell:Creating environment hook '/home/ivan/Escritorio/Braccio-Tinkerkit-Arduino/install/braccio_moveit_config/share/braccio_moveit_config/hook/cmake_prefix_path.ps1'
[0.840s] INFO:colcon.colcon_core.shell:Creating environment descriptor '/home/ivan/Escritorio/Braccio-Tinkerkit-Arduino/install/braccio_moveit_config/share/braccio_moveit_config/hook/cmake_prefix_path.dsv'
[0.841s] INFO:colcon.colcon_core.shell:Creating environment hook '/home/ivan/Escritorio/Braccio-Tinkerkit-Arduino/install/braccio_moveit_config/share/braccio_moveit_config/hook/cmake_prefix_path.sh'
[0.842s] Level 1:colcon.colcon_core.environment:checking '/home/ivan/Escritorio/Braccio-Tinkerkit-Arduino/install/braccio_moveit_config/lib'
[0.842s] Level 1:colcon.colcon_core.environment:checking '/home/ivan/Escritorio/Braccio-Tinkerkit-Arduino/install/braccio_moveit_config/bin'
[0.842s] Level 1:colcon.colcon_core.environment:checking '/home/ivan/Escritorio/Braccio-Tinkerkit-Arduino/install/braccio_moveit_config/lib/pkgconfig/braccio_moveit_config.pc'
[0.842s] Level 1:colcon.colcon_core.environment:checking '/home/ivan/Escritorio/Braccio-Tinkerkit-Arduino/install/braccio_moveit_config/lib/python3.10/site-packages'
[0.842s] Level 1:colcon.colcon_core.environment:checking '/home/ivan/Escritorio/Braccio-Tinkerkit-Arduino/install/braccio_moveit_config/bin'
[0.842s] INFO:colcon.colcon_core.shell:Creating package script '/home/ivan/Escritorio/Braccio-Tinkerkit-Arduino/install/braccio_moveit_config/share/braccio_moveit_config/package.ps1'
[0.843s] INFO:colcon.colcon_core.shell:Creating package descriptor '/home/ivan/Escritorio/Braccio-Tinkerkit-Arduino/install/braccio_moveit_config/share/braccio_moveit_config/package.dsv'
[0.843s] INFO:colcon.colcon_core.shell:Creating package script '/home/ivan/Escritorio/Braccio-Tinkerkit-Arduino/install/braccio_moveit_config/share/braccio_moveit_config/package.sh'
[0.843s] INFO:colcon.colcon_core.shell:Creating package script '/home/ivan/Escritorio/Braccio-Tinkerkit-Arduino/install/braccio_moveit_config/share/braccio_moveit_config/package.bash'
[0.844s] INFO:colcon.colcon_core.shell:Creating package script '/home/ivan/Escritorio/Braccio-Tinkerkit-Arduino/install/braccio_moveit_config/share/braccio_moveit_config/package.zsh'
[0.844s] Level 1:colcon.colcon_core.environment:create_file_with_runtime_dependencies(/home/ivan/Escritorio/Braccio-Tinkerkit-Arduino/install/braccio_moveit_config/share/colcon-core/packages/braccio_moveit_config)
[1.054s] DEBUG:colcon.colcon_core.event_handler.log_command:Invoked command in '/home/ivan/Escritorio/Braccio-Tinkerkit-Arduino/build/braccio_bringup' returned '0': AMENT_PREFIX_PATH=/home/ivan/Escritorio/Braccio-Tinkerkit-Arduino/install/braccio_hardware:/home/ivan/Escritorio/Braccio-Tinkerkit-Arduino/install/braccio_description:${AMENT_PREFIX_PATH} CMAKE_PREFIX_PATH=/home/ivan/Escritorio/Braccio-Tinkerkit-Arduino/install/braccio_hardware:/home/ivan/Escritorio/Braccio-Tinkerkit-Arduino/install/braccio_description:/opt/ros/humble LD_LIBRARY_PATH=/home/ivan/Escritorio/Braccio-Tinkerkit-Arduino/install/braccio_hardware/lib:${LD_LIBRARY_PATH} PYTHONPATH=/home/ivan/Escritorio/Braccio-Tinkerkit-Arduino/install/braccio_hardware/local/lib/python3.10/dist-packages:/home/ivan/Escritorio/Braccio-Tinkerkit-Arduino/install/braccio_description/local/lib/python3.10/dist-packages:${PYTHONPATH} /usr/bin/cmake --build /home/ivan/Escritorio/Braccio-Tinkerkit-Arduino/build/braccio_bringup -- -j16 -l16
[1.056s] DEBUG:colcon.colcon_core.event_handler.log_command:Invoking command in '/home/ivan/Escritorio/Braccio-Tinkerkit-Arduino/build/braccio_bringup': AMENT_PREFIX_PATH=/home/ivan/Escritorio/Braccio-Tinkerkit-Arduino/install/braccio_hardware:/home/ivan/Escritorio/Braccio-Tinkerkit-Arduino/install/braccio_description:${AMENT_PREFIX_PATH} CMAKE_PREFIX_PATH=/home/ivan/Escritorio/Braccio-Tinkerkit-Arduino/install/braccio_hardware:/home/ivan/Escritorio/Braccio-Tinkerkit-Arduino/install/braccio_description:/opt/ros/humble LD_LIBRARY_PATH=/home/ivan/Escritorio/Braccio-Tinkerkit-Arduino/install/braccio_hardware/lib:${LD_LIBRARY_PATH} PYTHONPATH=/home/ivan/Escritorio/Braccio-Tinkerkit-Arduino/install/braccio_hardware/local/lib/python3.10/dist-packages:/home/ivan/Escritorio/Braccio-Tinkerkit-Arduino/install/braccio_description/local/lib/python3.10/dist-packages:${PYTHONPATH} /usr/bin/cmake --install /home/ivan/Escritorio/Braccio-Tinkerkit-Arduino/build/braccio_bringup
[1.100s] Level 1:colcon.colcon_core.environment:create_environment_scripts_only(braccio_bringup)
[1.101s] Level 1:colcon.colcon_core.environment:checking '/home/ivan/Escritorio/Braccio-Tinkerkit-Arduino/install/braccio_bringup' for CMake module files
[1.101s] DEBUG:colcon.colcon_core.event_handler.log_command:Invoked command in '/home/ivan/Escritorio/Braccio-Tinkerkit-Arduino/build/braccio_bringup' returned '0': AMENT_PREFIX_PATH=/home/ivan/Escritorio/Braccio-Tinkerkit-Arduino/install/braccio_hardware:/home/ivan/Escritorio/Braccio-Tinkerkit-Arduino/install/braccio_description:${AMENT_PREFIX_PATH} CMAKE_PREFIX_PATH=/home/ivan/Escritorio/Braccio-Tinkerkit-Arduino/install/braccio_hardware:/home/ivan/Escritorio/Braccio-Tinkerkit-Arduino/install/braccio_description:/opt/ros/humble LD_LIBRARY_PATH=/home/ivan/Escritorio/Braccio-Tinkerkit-Arduino/install/braccio_hardware/lib:${LD_LIBRARY_PATH} PYTHONPATH=/home/ivan/Escritorio/Braccio-Tinkerkit-Arduino/install/braccio_hardware/local/lib/python3.10/dist-packages:/home/ivan/Escritorio/Braccio-Tinkerkit-Arduino/install/braccio_description/local/lib/python3.10/dist-packages:${PYTHONPATH} /usr/bin/cmake --install /home/ivan/Escritorio/Braccio-Tinkerkit-Arduino/build/braccio_bringup
[1.101s] Level 1:colcon.colcon_core.environment:checking '/home/ivan/Escritorio/Braccio-Tinkerkit-Arduino/install/braccio_bringup' for CMake config files
[1.102s] Level 1:colcon.colcon_core.shell:create_environment_hook('braccio_bringup', 'cmake_prefix_path')
[1.102s] INFO:colcon.colcon_core.shell:Creating environment hook '/home/ivan/Escritorio/Braccio-Tinkerkit-Arduino/install/braccio_bringup/share/braccio_bringup/hook/cmake_prefix_path.ps1'
[1.103s] INFO:colcon.colcon_core.shell:Creating environment descriptor '/home/ivan/Escritorio/Braccio-Tinkerkit-Arduino/install/braccio_bringup/share/braccio_bringup/hook/cmake_prefix_path.dsv'
[1.103s] INFO:colcon.colcon_core.shell:Creating environment hook '/home/ivan/Escritorio/Braccio-Tinkerkit-Arduino/install/braccio_bringup/share/braccio_bringup/hook/cmake_prefix_path.sh'
[1.104s] Level 1:colcon.colcon_core.environment:checking '/home/ivan/Escritorio/Braccio-Tinkerkit-Arduino/install/braccio_bringup/bin'
[1.105s] Level 1:colcon.colcon_core.environment:checking '/home/ivan/Escritorio/Braccio-Tinkerkit-Arduino/install/braccio_bringup/lib/pkgconfig/braccio_bringup.pc'
[1.106s] Level 1:colcon.colcon_core.environment:checking '/home/ivan/Escritorio/Braccio-Tinkerkit-Arduino/install/braccio_bringup/lib/python3.10/site-packages'
[1.106s] Level 1:colcon.colcon_core.environment:checking '/home/ivan/Escritorio/Braccio-Tinkerkit-Arduino/install/braccio_bringup/bin'
[1.107s] INFO:colcon.colcon_core.shell:Creating package script '/home/ivan/Escritorio/Braccio-Tinkerkit-Arduino/install/braccio_bringup/share/braccio_bringup/package.ps1'
[1.107s] INFO:colcon.colcon_core.shell:Creating package descriptor '/home/ivan/Escritorio/Braccio-Tinkerkit-Arduino/install/braccio_bringup/share/braccio_bringup/package.dsv'
[1.108s] INFO:colcon.colcon_core.shell:Creating package script '/home/ivan/Escritorio/Braccio-Tinkerkit-Arduino/install/braccio_bringup/share/braccio_bringup/package.sh'
[1.108s] INFO:colcon.colcon_core.shell:Creating package script '/home/ivan/Escritorio/Braccio-Tinkerkit-Arduino/install/braccio_bringup/share/braccio_bringup/package.bash'
[1.109s] INFO:colcon.colcon_core.shell:Creating package script '/home/ivan/Escritorio/Braccio-Tinkerkit-Arduino/install/braccio_bringup/share/braccio_bringup/package.zsh'
[1.109s] Level 1:colcon.colcon_core.environment:create_file_with_runtime_dependencies(/home/ivan/Escritorio/Braccio-Tinkerkit-Arduino/install/braccio_bringup/share/colcon-core/packages/braccio_bringup)
[1.110s] Level 1:colcon.colcon_core.environment:create_environment_scripts_only(braccio_bringup)
[1.110s] Level 1:colcon.colcon_core.environment:checking '/home/ivan/Escritorio/Braccio-Tinkerkit-Arduino/install/braccio_bringup' for CMake module files
[1.111s] Level 1:colcon.colcon_core.environment:checking '/home/ivan/Escritorio/Braccio-Tinkerkit-Arduino/install/braccio_bringup' for CMake config files
[1.111s] Level 1:colcon.colcon_core.shell:create_environment_hook('braccio_bringup', 'cmake_prefix_path')
[1.112s] INFO:colcon.colcon_core.shell:Creating environment hook '/home/ivan/Escritorio/Braccio-Tinkerkit-Arduino/install/braccio_bringup/share/braccio_bringup/hook/cmake_prefix_path.ps1'
[1.112s] INFO:colcon.colcon_core.shell:Creating environment descriptor '/home/ivan/Escritorio/Braccio-Tinkerkit-Arduino/install/braccio_bringup/share/braccio_bringup/hook/cmake_prefix_path.dsv'
[1.113s] INFO:colcon.colcon_core.shell:Creating environment hook '/home/ivan/Escritorio/Braccio-Tinkerkit-Arduino/install/braccio_bringup/share/braccio_bringup/hook/cmake_prefix_path.sh'
[1.113s] Level 1:colcon.colcon_core.environment:checking '/home/ivan/Escritorio/Braccio-Tinkerkit-Arduino/install/braccio_bringup/bin'
[1.113s] Level 1:colcon.colcon_core.environment:checking '/home/ivan/Escritorio/Braccio-Tinkerkit-Arduino/install/braccio_bringup/lib/pkgconfig/braccio_bringup.pc'
[1.114s] Level 1:colcon.colcon_core.environment:checking '/home/ivan/Escritorio/Braccio-Tinkerkit-Arduino/install/braccio_bringup/lib/python3.10/site-packages'
[1.114s] Level 1:colcon.colcon_core.environment:checking '/home/ivan/Escritorio/Braccio-Tinkerkit-Arduino/install/braccio_bringup/bin'
[1.114s] INFO:colcon.colcon_core.shell:Creating package script '/home/ivan/Escritorio/Braccio-Tinkerkit-Arduino/install/braccio_bringup/share/braccio_bringup/package.ps1'
[1.115s] INFO:colcon.colcon_core.shell:Creating package descriptor '/home/ivan/Escritorio/Braccio-Tinkerkit-Arduino/install/braccio_bringup/share/braccio_bringup/package.dsv'
[1.116s] INFO:colcon.colcon_core.shell:Creating package script '/home/ivan/Escritorio/Braccio-Tinkerkit-Arduino/install/braccio_bringup/share/braccio_bringup/package.sh'
[1.116s] INFO:colcon.colcon_core.shell:Creating package script '/home/ivan/Escritorio/Braccio-Tinkerkit-Arduino/install/braccio_bringup/share/braccio_bringup/package.bash'
[1.117s] INFO:colcon.colcon_core.shell:Creating package script '/home/ivan/Escritorio/Braccio-Tinkerkit-Arduino/install/braccio_bringup/share/braccio_bringup/package.zsh'
[1.117s] Level 1:colcon.colcon_core.environment:create_file_with_runtime_dependencies(/home/ivan/Escritorio/Braccio-Tinkerkit-Arduino/install/braccio_bringup/share/colcon-core/packages/braccio_bringup)
[1.117s] DEBUG:colcon.colcon_parallel_executor.executor.parallel:closing loop
[1.118s] DEBUG:colcon.colcon_parallel_executor.executor.parallel:loop closed
[1.118s] DEBUG:colcon.colcon_parallel_executor.executor.parallel:run_until_complete finished with '0'
[1.118s] DEBUG:colcon.colcon_core.event_reactor:joining thread
[1.125s] INFO:colcon.colcon_core.plugin_system:Skipping extension 'colcon_notification.desktop_notification.terminal_notifier': Not used on non-Darwin systems
[1.126s] INFO:colcon.colcon_core.plugin_system:Skipping extension 'colcon_notification.desktop_notification.win32': Not used on non-Windows systems
[1.126s] INFO:colcon.colcon_notification.desktop_notification:Sending desktop notification using 'notify2'
[1.144s] DEBUG:colcon.colcon_core.event_reactor:joined thread
[1.145s] INFO:colcon.colcon_core.shell:Creating prefix script '/home/ivan/Escritorio/Braccio-Tinkerkit-Arduino/install/local_setup.ps1'
[1.146s] INFO:colcon.colcon_core.shell:Creating prefix util module '/home/ivan/Escritorio/Braccio-Tinkerkit-Arduino/install/_local_setup_util_ps1.py'
[1.147s] INFO:colcon.colcon_core.shell:Creating prefix chain script '/home/ivan/Escritorio/Braccio-Tinkerkit-Arduino/install/setup.ps1'
[1.148s] INFO:colcon.colcon_core.shell:Creating prefix script '/home/ivan/Escritorio/Braccio-Tinkerkit-Arduino/install/local_setup.sh'
[1.148s] INFO:colcon.colcon_core.shell:Creating prefix util module '/home/ivan/Escritorio/Braccio-Tinkerkit-Arduino/install/_local_setup_util_sh.py'
[1.149s] INFO:colcon.colcon_core.shell:Creating prefix chain script '/home/ivan/Escritorio/Braccio-Tinkerkit-Arduino/install/setup.sh'
[1.149s] INFO:colcon.colcon_core.shell:Creating prefix script '/home/ivan/Escritorio/Braccio-Tinkerkit-Arduino/install/local_setup.bash'
[1.150s] INFO:colcon.colcon_core.shell:Creating prefix chain script '/home/ivan/Escritorio/Braccio-Tinkerkit-Arduino/install/setup.bash'
[1.150s] INFO:colcon.colcon_core.shell:Creating prefix script '/home/ivan/Escritorio/Braccio-Tinkerkit-Arduino/install/local_setup.zsh'
[1.151s] INFO:colcon.colcon_core.shell:Creating prefix chain script '/home/ivan/Escritorio/Braccio-Tinkerkit-Arduino/install/setup.zsh'
