[0.078s] DEBUG:colcon:Command line arguments: ['/usr/bin/colcon', 'build']
[0.078s] DEBUG:colcon:Parsed command line arguments: Namespace(log_base=None, log_level=None, verb_name='build', build_base='build', install_base='install', merge_install=False, symlink_install=False, test_result_base=None, continue_on_error=False, executor='parallel', parallel_workers=16, event_handlers=None, ignore_user_meta=False, metas=['./colcon.meta'], base_paths=['.'], packages_ignore=None, packages_ignore_regex=None, paths=None, packages_up_to=None, packages_up_to_regex=None, packages_above=None, packages_above_and_dependencies=None, packages_above_depth=None, packages_select_by_dep=None, packages_skip_by_dep=None, packages_skip_up_to=None, packages_select_build_failed=False, packages_skip_build_finished=False, packages_select_test_failures=False, packages_skip_test_passed=False, packages_select=None, packages_skip=None, packages_select_regex=None, packages_skip_regex=None, packages_start=None, packages_end=None, allow_overriding=[], cmake_args=None, cmake_target=None, cmake_target_skip_unavailable=False, cmake_clean_cache=False, cmake_clean_first=False, cmake_force_configure=False, ament_cmake_args=None, catkin_cmake_args=None, catkin_skip_building_tests=False, mixin_files=None, mixin=None, verb_parser=<colcon_mixin.mixin.mixin_argument.MixinArgumentDecorator object at 0x7aa48a453640>, verb_extension=<colcon_core.verb.build.BuildVerb object at 0x7aa48a598580>, main=<bound method BuildVerb.main of <colcon_core.verb.build.BuildVerb object at 0x7aa48a598580>>, mixin_verb=('build',))
[0.180s] Level 1:colcon.colcon_core.package_discovery:discover_packages(colcon_meta) check parameters
[0.180s] Level 1:colcon.colcon_core.package_discovery:discover_packages(recursive) check parameters
[0.180s] Level 1:colcon.colcon_core.package_discovery:discover_packages(ignore) check parameters
[0.180s] Level 1:colcon.colcon_core.package_discovery:discover_packages(path) check parameters
[0.181s] Level 1:colcon.colcon_core.package_discovery:discover_packages(colcon_meta) discover
[0.181s] Level 1:colcon.colcon_core.package_discovery:discover_packages(recursive) discover
[0.181s] INFO:colcon.colcon_core.package_discovery:Crawling recursively for packages in '/home/ivan/Escritorio/Braccio-Tinkerkit-Arduino'
[0.181s] Level 1:colcon.colcon_core.package_identification:_identify(.) by extensions ['ignore', 'ignore_ament_install']
[0.181s] Level 1:colcon.colcon_core.package_identification:_identify(.) by extension 'ignore'
[0.181s] Level 1:colcon.colcon_core.package_identification:_identify(.) by extension 'ignore_ament_install'
[0.181s] Level 1:colcon.colcon_core.package_identification:_identify(.) by extensions ['colcon_pkg']
[0.181s] Level 1:colcon.colcon_core.package_identification:_identify(.) by extension 'colcon_pkg'
[0.181s] Level 1:colcon.colcon_core.package_identification:_identify(.) by extensions ['colcon_meta']
[0.181s] Level 1:colcon.colcon_core.package_identification:_identify(.) by extension 'colcon_meta'
[0.181s] Level 1:colcon.colcon_core.package_identification:_identify(.) by extensions ['ros']
[0.181s] Level 1:colcon.colcon_core.package_identification:_identify(.) by extension 'ros'
[0.187s] Level 1:colcon.colcon_core.package_identification:_identify(.) by extensions ['cmake', 'python']
[0.187s] Level 1:colcon.colcon_core.package_identification:_identify(.) by extension 'cmake'
[0.187s] Level 1:colcon.colcon_core.package_identification:_identify(.) by extension 'python'
[0.187s] Level 1:colcon.colcon_core.package_identification:_identify(.) by extensions ['python_setup_py']
[0.187s] Level 1:colcon.colcon_core.package_identification:_identify(.) by extension 'python_setup_py'
[0.187s] Level 1:colcon.colcon_core.package_identification:_identify(braccio_ROS_Arduino) by extensions ['ignore', 'ignore_ament_install']
[0.187s] Level 1:colcon.colcon_core.package_identification:_identify(braccio_ROS_Arduino) by extension 'ignore'
[0.187s] Level 1:colcon.colcon_core.package_identification:_identify(braccio_ROS_Arduino) by extension 'ignore_ament_install'
[0.188s] Level 1:colcon.colcon_core.package_identification:_identify(braccio_ROS_Arduino) by extensions ['colcon_pkg']
[0.188s] Level 1:colcon.colcon_core.package_identification:_identify(braccio_ROS_Arduino) by extension 'colcon_pkg'
[0.188s] Level 1:colcon.colcon_core.package_identification:_identify(braccio_ROS_Arduino) by extensions ['colcon_meta']
[0.188s] Level 1:colcon.colcon_core.package_identification:_identify(braccio_ROS_Arduino) by extension 'colcon_meta'
[0.188s] Level 1:colcon.colcon_core.package_identification:_identify(braccio_ROS_Arduino) by extensions ['ros']
[0.188s] Level 1:colcon.colcon_core.package_identification:_identify(braccio_ROS_Arduino) by extension 'ros'
[0.188s] Level 1:colcon.colcon_core.package_identification:_identify(braccio_ROS_Arduino) by extensions ['cmake', 'python']
[0.188s] Level 1:colcon.colcon_core.package_identification:_identify(braccio_ROS_Arduino) by extension 'cmake'
[0.188s] Level 1:colcon.colcon_core.package_identification:_identify(braccio_ROS_Arduino) by extension 'python'
[0.188s] Level 1:colcon.colcon_core.package_identification:_identify(braccio_ROS_Arduino) by extensions ['python_setup_py']
[0.188s] Level 1:colcon.colcon_core.package_identification:_identify(braccio_ROS_Arduino) by extension 'python_setup_py'
[0.188s] Level 1:colcon.colcon_core.package_identification:_identify(braccio_bringup) by extensions ['ignore', 'ignore_ament_install']
[0.188s] Level 1:colcon.colcon_core.package_identification:_identify(braccio_bringup) by extension 'ignore'
[0.188s] Level 1:colcon.colcon_core.package_identification:_identify(braccio_bringup) by extension 'ignore_ament_install'
[0.188s] Level 1:colcon.colcon_core.package_identification:_identify(braccio_bringup) by extensions ['colcon_pkg']
[0.188s] Level 1:colcon.colcon_core.package_identification:_identify(braccio_bringup) by extension 'colcon_pkg'
[0.188s] Level 1:colcon.colcon_core.package_identification:_identify(braccio_bringup) by extensions ['colcon_meta']
[0.188s] Level 1:colcon.colcon_core.package_identification:_identify(braccio_bringup) by extension 'colcon_meta'
[0.188s] Level 1:colcon.colcon_core.package_identification:_identify(braccio_bringup) by extensions ['ros']
[0.188s] Level 1:colcon.colcon_core.package_identification:_identify(braccio_bringup) by extension 'ros'
[0.189s] DEBUG:colcon.colcon_core.package_identification:Package 'braccio_bringup' with type 'ros.ament_cmake' and name 'braccio_bringup'
[0.189s] Level 1:colcon.colcon_core.package_identification:_identify(braccio_description) by extensions ['ignore', 'ignore_ament_install']
[0.189s] Level 1:colcon.colcon_core.package_identification:_identify(braccio_description) by extension 'ignore'
[0.189s] Level 1:colcon.colcon_core.package_identification:_identify(braccio_description) by extension 'ignore_ament_install'
[0.189s] Level 1:colcon.colcon_core.package_identification:_identify(braccio_description) by extensions ['colcon_pkg']
[0.189s] Level 1:colcon.colcon_core.package_identification:_identify(braccio_description) by extension 'colcon_pkg'
[0.189s] Level 1:colcon.colcon_core.package_identification:_identify(braccio_description) by extensions ['colcon_meta']
[0.189s] Level 1:colcon.colcon_core.package_identification:_identify(braccio_description) by extension 'colcon_meta'
[0.189s] Level 1:colcon.colcon_core.package_identification:_identify(braccio_description) by extensions ['ros']
[0.189s] Level 1:colcon.colcon_core.package_identification:_identify(braccio_description) by extension 'ros'
[0.190s] DEBUG:colcon.colcon_core.package_identification:Package 'braccio_description' with type 'ros.ament_cmake' and name 'braccio_description'
[0.190s] Level 1:colcon.colcon_core.package_identification:_identify(braccio_hardware) by extensions ['ignore', 'ignore_ament_install']
[0.190s] Level 1:colcon.colcon_core.package_identification:_identify(braccio_hardware) by extension 'ignore'
[0.190s] Level 1:colcon.colcon_core.package_identification:_identify(braccio_hardware) by extension 'ignore_ament_install'
[0.190s] Level 1:colcon.colcon_core.package_identification:_identify(braccio_hardware) by extensions ['colcon_pkg']
[0.190s] Level 1:colcon.colcon_core.package_identification:_identify(braccio_hardware) by extension 'colcon_pkg'
[0.190s] Level 1:colcon.colcon_core.package_identification:_identify(braccio_hardware) by extensions ['colcon_meta']
[0.190s] Level 1:colcon.colcon_core.package_identification:_identify(braccio_hardware) by extension 'colcon_meta'
[0.190s] Level 1:colcon.colcon_core.package_identification:_identify(braccio_hardware) by extensions ['ros']
[0.190s] Level 1:colcon.colcon_core.package_identification:_identify(braccio_hardware) by extension 'ros'
[0.191s] DEBUG:colcon.colcon_core.package_identification:Package 'braccio_hardware' with type 'ros.ament_cmake' and name 'braccio_hardware'
[0.191s] Level 1:colcon.colcon_core.package_identification:_identify(braccio_moveit_config) by extensions ['ignore', 'ignore_ament_install']
[0.191s] Level 1:colcon.colcon_core.package_identification:_identify(braccio_moveit_config) by extension 'ignore'
[0.191s] Level 1:colcon.colcon_core.package_identification:_identify(braccio_moveit_config) by extension 'ignore_ament_install'
[0.191s] Level 1:colcon.colcon_core.package_identification:_identify(braccio_moveit_config) by extensions ['colcon_pkg']
[0.191s] Level 1:colcon.colcon_core.package_identification:_identify(braccio_moveit_config) by extension 'colcon_pkg'
[0.191s] Level 1:colcon.colcon_core.package_identification:_identify(braccio_moveit_config) by extensions ['colcon_meta']
[0.191s] Level 1:colcon.colcon_core.package_identification:_identify(braccio_moveit_config) by extension 'colcon_meta'
[0.191s] Level 1:colcon.colcon_core.package_identification:_identify(braccio_moveit_config) by extensions ['ros']
[0.191s] Level 1:colcon.colcon_core.package_identification:_identify(braccio_moveit_config) by extension 'ros'
[0.191s] DEBUG:colcon.colcon_core.package_identification:Package 'braccio_moveit_config' with type 'ros.ament_cmake' and name 'braccio_moveit_config'
[0.191s] Level 1:colcon.colcon_core.package_identification:_identify(build) by extensions ['ignore', 'ignore_ament_install']
[0.191s] Level 1:colcon.colcon_core.package_identification:_identify(build) by extension 'ignore'
[0.191s] Level 1:colcon.colcon_core.package_identification:_identify(build) ignored
[0.191s] Level 1:colcon.colcon_core.package_identification:_identify(install) by extensions ['ignore', 'ignore_ament_install']
[0.192s] Level 1:colcon.colcon_core.package_identification:_identify(install) by extension 'ignore'
[0.192s] Level 1:colcon.colcon_core.package_identification:_identify(install) ignored
[0.192s] Level 1:colcon.colcon_core.package_identification:_identify(log) by extensions ['ignore', 'ignore_ament_install']
[0.192s] Level 1:colcon.colcon_core.package_identification:_identify(log) by extension 'ignore'
[0.192s] Level 1:colcon.colcon_core.package_identification:_identify(log) ignored
[0.192s] Level 1:colcon.colcon_core.package_discovery:discover_packages(recursive) using defaults
[0.192s] Level 1:colcon.colcon_core.package_discovery:discover_packages(ignore) discover
[0.192s] Level 1:colcon.colcon_core.package_discovery:discover_packages(ignore) using defaults
[0.192s] Level 1:colcon.colcon_core.package_discovery:discover_packages(path) discover
[0.192s] Level 1:colcon.colcon_core.package_discovery:discover_packages(path) using defaults
[0.211s] Level 1:colcon.colcon_core.package_discovery:discover_packages(prefix_path) check parameters
[0.211s] Level 1:colcon.colcon_core.package_discovery:discover_packages(prefix_path) discover
[0.212s] DEBUG:colcon.colcon_installed_package_information.package_discovery:Found 4 installed packages in /home/ivan/Escritorio/Braccio-Tinkerkit-Arduino/install
[0.214s] DEBUG:colcon.colcon_installed_package_information.package_discovery:Found 452 installed packages in /opt/ros/humble
[0.215s] Level 1:colcon.colcon_core.package_discovery:discover_packages(prefix_path) using defaults
[0.248s] Level 5:colcon.colcon_core.verb:set package 'braccio_description' build argument 'cmake_args' from command line to 'None'
[0.248s] Level 5:colcon.colcon_core.verb:set package 'braccio_description' build argument 'cmake_target' from command line to 'None'
[0.248s] Level 5:colcon.colcon_core.verb:set package 'braccio_description' build argument 'cmake_target_skip_unavailable' from command line to 'False'
[0.248s] Level 5:colcon.colcon_core.verb:set package 'braccio_description' build argument 'cmake_clean_cache' from command line to 'False'
[0.248s] Level 5:colcon.colcon_core.verb:set package 'braccio_description' build argument 'cmake_clean_first' from command line to 'False'
[0.248s] Level 5:colcon.colcon_core.verb:set package 'braccio_description' build argument 'cmake_force_configure' from command line to 'False'
[0.248s] Level 5:colcon.colcon_core.verb:set package 'braccio_description' build argument 'ament_cmake_args' from command line to 'None'
[0.248s] Level 5:colcon.colcon_core.verb:set package 'braccio_description' build argument 'catkin_cmake_args' from command line to 'None'
[0.248s] Level 5:colcon.colcon_core.verb:set package 'braccio_description' build argument 'catkin_skip_building_tests' from command line to 'False'
[0.248s] DEBUG:colcon.colcon_core.verb:Building package 'braccio_description' with the following arguments: {'ament_cmake_args': None, 'build_base': '/home/ivan/Escritorio/Braccio-Tinkerkit-Arduino/build/braccio_description', 'catkin_cmake_args': None, 'catkin_skip_building_tests': False, 'cmake_args': None, 'cmake_clean_cache': False, 'cmake_clean_first': False, 'cmake_force_configure': False, 'cmake_target': None, 'cmake_target_skip_unavailable': False, 'install_base': '/home/ivan/Escritorio/Braccio-Tinkerkit-Arduino/install/braccio_description', 'merge_install': False, 'path': '/home/ivan/Escritorio/Braccio-Tinkerkit-Arduino/braccio_description', 'symlink_install': False, 'test_result_base': None}
[0.248s] Level 5:colcon.colcon_core.verb:set package 'braccio_hardware' build argument 'cmake_args' from command line to 'None'
[0.248s] Level 5:colcon.colcon_core.verb:set package 'braccio_hardware' build argument 'cmake_target' from command line to 'None'
[0.248s] Level 5:colcon.colcon_core.verb:set package 'braccio_hardware' build argument 'cmake_target_skip_unavailable' from command line to 'False'
[0.248s] Level 5:colcon.colcon_core.verb:set package 'braccio_hardware' build argument 'cmake_clean_cache' from command line to 'False'
[0.248s] Level 5:colcon.colcon_core.verb:set package 'braccio_hardware' build argument 'cmake_clean_first' from command line to 'False'
[0.248s] Level 5:colcon.colcon_core.verb:set package 'braccio_hardware' build argument 'cmake_force_configure' from command line to 'False'
[0.248s] Level 5:colcon.colcon_core.verb:set package 'braccio_hardware' build argument 'ament_cmake_args' from command line to 'None'
[0.248s] Level 5:colcon.colcon_core.verb:set package 'braccio_hardware' build argument 'catkin_cmake_args' from command line to 'None'
[0.248s] Level 5:colcon.colcon_core.verb:set package 'braccio_hardware' build argument 'catkin_skip_building_tests' from command line to 'False'
[0.248s] DEBUG:colcon.colcon_core.verb:Building package 'braccio_hardware' with the following arguments: {'ament_cmake_args': None, 'build_base': '/home/ivan/Escritorio/Braccio-Tinkerkit-Arduino/build/braccio_hardware', 'catkin_cmake_args': None, 'catkin_skip_building_tests': False, 'cmake_args': None, 'cmake_clean_cache': False, 'cmake_clean_first': False, 'cmake_force_configure': False, 'cmake_target': None, 'cmake_target_skip_unavailable': False, 'install_base': '/home/ivan/Escritorio/Braccio-Tinkerkit-Arduino/install/braccio_hardware', 'merge_install': False, 'path': '/home/ivan/Escritorio/Braccio-Tinkerkit-Arduino/braccio_hardware', 'symlink_install': False, 'test_result_base': None}
[0.248s] Level 5:colcon.colcon_core.verb:set package 'braccio_bringup' build argument 'cmake_args' from command line to 'None'
[0.248s] Level 5:colcon.colcon_core.verb:set package 'braccio_bringup' build argument 'cmake_target' from command line to 'None'
[0.248s] Level 5:colcon.colcon_core.verb:set package 'braccio_bringup' build argument 'cmake_target_skip_unavailable' from command line to 'False'
[0.248s] Level 5:colcon.colcon_core.verb:set package 'braccio_bringup' build argument 'cmake_clean_cache' from command line to 'False'
[0.248s] Level 5:colcon.colcon_core.verb:set package 'braccio_bringup' build argument 'cmake_clean_first' from command line to 'False'
[0.248s] Level 5:colcon.colcon_core.verb:set package 'braccio_bringup' build argument 'cmake_force_configure' from command line to 'False'
[0.248s] Level 5:colcon.colcon_core.verb:set package 'braccio_bringup' build argument 'ament_cmake_args' from command line to 'None'
[0.248s] Level 5:colcon.colcon_core.verb:set package 'braccio_bringup' build argument 'catkin_cmake_args' from command line to 'None'
[0.248s] Level 5:colcon.colcon_core.verb:set package 'braccio_bringup' build argument 'catkin_skip_building_tests' from command line to 'False'
[0.248s] DEBUG:colcon.colcon_core.verb:Building package 'braccio_bringup' with the following arguments: {'ament_cmake_args': None, 'build_base': '/home/ivan/Escritorio/Braccio-Tinkerkit-Arduino/build/braccio_bringup', 'catkin_cmake_args': None, 'catkin_skip_building_tests': False, 'cmake_args': None, 'cmake_clean_cache': False, 'cmake_clean_first': False, 'cmake_force_configure': False, 'cmake_target': None, 'cmake_target_skip_unavailable': False, 'install_base': '/home/ivan/Escritorio/Braccio-Tinkerkit-Arduino/install/braccio_bringup', 'merge_install': False, 'path': '/home/ivan/Escritorio/Braccio-Tinkerkit-Arduino/braccio_bringup', 'symlink_install': False, 'test_result_base': None}
[0.249s] Level 5:colcon.colcon_core.verb:set package 'braccio_moveit_config' build argument 'cmake_args' from command line to 'None'
[0.249s] Level 5:colcon.colcon_core.verb:set package 'braccio_moveit_config' build argument 'cmake_target' from command line to 'None'
[0.249s] Level 5:colcon.colcon_core.verb:set package 'braccio_moveit_config' build argument 'cmake_target_skip_unavailable' from command line to 'False'
[0.249s] Level 5:colcon.colcon_core.verb:set package 'braccio_moveit_config' build argument 'cmake_clean_cache' from command line to 'False'
[0.249s] Level 5:colcon.colcon_core.verb:set package 'braccio_moveit_config' build argument 'cmake_clean_first' from command line to 'False'
[0.249s] Level 5:colcon.colcon_core.verb:set package 'braccio_moveit_config' build argument 'cmake_force_configure' from command line to 'False'
[0.249s] Level 5:colcon.colcon_core.verb:set package 'braccio_moveit_config' build argument 'ament_cmake_args' from command line to 'None'
[0.249s] Level 5:colcon.colcon_core.verb:set package 'braccio_moveit_config' build argument 'catkin_cmake_args' from command line to 'None'
[0.249s] Level 5:colcon.colcon_core.verb:set package 'braccio_moveit_config' build argument 'catkin_skip_building_tests' from command line to 'False'
[0.249s] DEBUG:colcon.colcon_core.verb:Building package 'braccio_moveit_config' with the following arguments: {'ament_cmake_args': None, 'build_base': '/home/ivan/Escritorio/Braccio-Tinkerkit-Arduino/build/braccio_moveit_config', 'catkin_cmake_args': None, 'catkin_skip_building_tests': False, 'cmake_args': None, 'cmake_clean_cache': False, 'cmake_clean_first': False, 'cmake_force_configure': False, 'cmake_target': None, 'cmake_target_skip_unavailable': False, 'install_base': '/home/ivan/Escritorio/Braccio-Tinkerkit-Arduino/install/braccio_moveit_config', 'merge_install': False, 'path': '/home/ivan/Escritorio/Braccio-Tinkerkit-Arduino/braccio_moveit_config', 'symlink_install': False, 'test_result_base': None}
[0.249s] INFO:colcon.colcon_core.executor:Executing jobs using 'parallel' executor
[0.250s] DEBUG:colcon.colcon_parallel_executor.executor.parallel:run_until_complete
[0.250s] INFO:colcon.colcon_ros.task.ament_cmake.build:Building ROS package in '/home/ivan/Escritorio/Braccio-Tinkerkit-Arduino/braccio_description' with build type 'ament_cmake'
[0.250s] INFO:colcon.colcon_cmake.task.cmake.build:Building CMake package in '/home/ivan/Escritorio/Braccio-Tinkerkit-Arduino/braccio_description'
[0.252s] INFO:colcon.colcon_core.plugin_system:Skipping extension 'colcon_core.shell.bat': Not used on non-Windows systems
[0.252s] INFO:colcon.colcon_core.shell:Skip shell extension 'powershell' for command environment: Not usable outside of PowerShell
[0.252s] DEBUG:colcon.colcon_core.shell:Skip shell extension 'dsv' for command environment
[0.255s] INFO:colcon.colcon_ros.task.ament_cmake.build:Building ROS package in '/home/ivan/Escritorio/Braccio-Tinkerkit-Arduino/braccio_hardware' with build type 'ament_cmake'
[0.255s] INFO:colcon.colcon_cmake.task.cmake.build:Building CMake package in '/home/ivan/Escritorio/Braccio-Tinkerkit-Arduino/braccio_hardware'
[0.255s] INFO:colcon.colcon_core.shell:Skip shell extension 'powershell' for command environment: Not usable outside of PowerShell
[0.255s] DEBUG:colcon.colcon_core.shell:Skip shell extension 'dsv' for command environment
[0.261s] DEBUG:colcon.colcon_core.event_handler.log_command:Invoking command in '/home/ivan/Escritorio/Braccio-Tinkerkit-Arduino/build/braccio_description': CMAKE_PREFIX_PATH=${CMAKE_PREFIX_PATH}:/opt/ros/humble /usr/bin/cmake --build /home/ivan/Escritorio/Braccio-Tinkerkit-Arduino/build/braccio_description -- -j16 -l16
[0.264s] DEBUG:colcon.colcon_core.event_handler.log_command:Invoking command in '/home/ivan/Escritorio/Braccio-Tinkerkit-Arduino/build/braccio_hardware': CMAKE_PREFIX_PATH=${CMAKE_PREFIX_PATH}:/opt/ros/humble /usr/bin/cmake --build /home/ivan/Escritorio/Braccio-Tinkerkit-Arduino/build/braccio_hardware -- -j16 -l16
[0.505s] DEBUG:colcon.colcon_core.event_handler.log_command:Invoked command in '/home/ivan/Escritorio/Braccio-Tinkerkit-Arduino/build/braccio_description' returned '0': CMAKE_PREFIX_PATH=${CMAKE_PREFIX_PATH}:/opt/ros/humble /usr/bin/cmake --build /home/ivan/Escritorio/Braccio-Tinkerkit-Arduino/build/braccio_description -- -j16 -l16
[0.514s] DEBUG:colcon.colcon_core.event_handler.log_command:Invoking command in '/home/ivan/Escritorio/Braccio-Tinkerkit-Arduino/build/braccio_description': CMAKE_PREFIX_PATH=${CMAKE_PREFIX_PATH}:/opt/ros/humble /usr/bin/cmake --install /home/ivan/Escritorio/Braccio-Tinkerkit-Arduino/build/braccio_description
[0.515s] DEBUG:colcon.colcon_core.event_handler.log_command:Invoked command in '/home/ivan/Escritorio/Braccio-Tinkerkit-Arduino/build/braccio_hardware' returned '0': CMAKE_PREFIX_PATH=${CMAKE_PREFIX_PATH}:/opt/ros/humble /usr/bin/cmake --build /home/ivan/Escritorio/Braccio-Tinkerkit-Arduino/build/braccio_hardware -- -j16 -l16
[0.516s] DEBUG:colcon.colcon_core.event_handler.log_command:Invoking command in '/home/ivan/Escritorio/Braccio-Tinkerkit-Arduino/build/braccio_hardware': CMAKE_PREFIX_PATH=${CMAKE_PREFIX_PATH}:/opt/ros/humble /usr/bin/cmake --install /home/ivan/Escritorio/Braccio-Tinkerkit-Arduino/build/braccio_hardware
[0.552s] Level 1:colcon.colcon_core.environment:create_environment_scripts_only(braccio_hardware)
[0.553s] DEBUG:colcon.colcon_core.event_handler.log_command:Invoked command in '/home/ivan/Escritorio/Braccio-Tinkerkit-Arduino/build/braccio_hardware' returned '0': CMAKE_PREFIX_PATH=${CMAKE_PREFIX_PATH}:/opt/ros/humble /usr/bin/cmake --install /home/ivan/Escritorio/Braccio-Tinkerkit-Arduino/build/braccio_hardware
[0.556s] Level 1:colcon.colcon_core.environment:checking '/home/ivan/Escritorio/Braccio-Tinkerkit-Arduino/install/braccio_hardware' for CMake module files
[0.556s] Level 1:colcon.colcon_core.environment:checking '/home/ivan/Escritorio/Braccio-Tinkerkit-Arduino/install/braccio_hardware' for CMake config files
[0.556s] Level 1:colcon.colcon_core.shell:create_environment_hook('braccio_hardware', 'cmake_prefix_path')
[0.557s] INFO:colcon.colcon_core.shell:Creating environment hook '/home/ivan/Escritorio/Braccio-Tinkerkit-Arduino/install/braccio_hardware/share/braccio_hardware/hook/cmake_prefix_path.ps1'
[0.557s] INFO:colcon.colcon_core.shell:Creating environment descriptor '/home/ivan/Escritorio/Braccio-Tinkerkit-Arduino/install/braccio_hardware/share/braccio_hardware/hook/cmake_prefix_path.dsv'
[0.557s] INFO:colcon.colcon_core.shell:Creating environment hook '/home/ivan/Escritorio/Braccio-Tinkerkit-Arduino/install/braccio_hardware/share/braccio_hardware/hook/cmake_prefix_path.sh'
[0.558s] Level 1:colcon.colcon_core.environment:checking '/home/ivan/Escritorio/Braccio-Tinkerkit-Arduino/install/braccio_hardware/lib'
[0.558s] Level 1:colcon.colcon_core.shell:create_environment_hook('braccio_hardware', 'ld_library_path_lib')
[0.558s] INFO:colcon.colcon_core.shell:Creating environment hook '/home/ivan/Escritorio/Braccio-Tinkerkit-Arduino/install/braccio_hardware/share/braccio_hardware/hook/ld_library_path_lib.ps1'
[0.559s] INFO:colcon.colcon_core.shell:Creating environment descriptor '/home/ivan/Escritorio/Braccio-Tinkerkit-Arduino/install/braccio_hardware/share/braccio_hardware/hook/ld_library_path_lib.dsv'
[0.559s] INFO:colcon.colcon_core.shell:Creating environment hook '/home/ivan/Escritorio/Braccio-Tinkerkit-Arduino/install/braccio_hardware/share/braccio_hardware/hook/ld_library_path_lib.sh'
[0.559s] Level 1:colcon.colcon_core.environment:checking '/home/ivan/Escritorio/Braccio-Tinkerkit-Arduino/install/braccio_hardware/bin'
[0.559s] Level 1:colcon.colcon_core.environment:checking '/home/ivan/Escritorio/Braccio-Tinkerkit-Arduino/install/braccio_hardware/lib/pkgconfig/braccio_hardware.pc'
[0.560s] Level 1:colcon.colcon_core.environment:checking '/home/ivan/Escritorio/Braccio-Tinkerkit-Arduino/install/braccio_hardware/lib/python3.10/site-packages'
[0.560s] Level 1:colcon.colcon_core.environment:checking '/home/ivan/Escritorio/Braccio-Tinkerkit-Arduino/install/braccio_hardware/bin'
[0.560s] INFO:colcon.colcon_core.shell:Creating package script '/home/ivan/Escritorio/Braccio-Tinkerkit-Arduino/install/braccio_hardware/share/braccio_hardware/package.ps1'
[0.561s] INFO:colcon.colcon_core.shell:Creating package descriptor '/home/ivan/Escritorio/Braccio-Tinkerkit-Arduino/install/braccio_hardware/share/braccio_hardware/package.dsv'
[0.561s] INFO:colcon.colcon_core.shell:Creating package script '/home/ivan/Escritorio/Braccio-Tinkerkit-Arduino/install/braccio_hardware/share/braccio_hardware/package.sh'
[0.562s] INFO:colcon.colcon_core.shell:Creating package script '/home/ivan/Escritorio/Braccio-Tinkerkit-Arduino/install/braccio_hardware/share/braccio_hardware/package.bash'
[0.562s] INFO:colcon.colcon_core.shell:Creating package script '/home/ivan/Escritorio/Braccio-Tinkerkit-Arduino/install/braccio_hardware/share/braccio_hardware/package.zsh'
[0.562s] Level 1:colcon.colcon_core.environment:create_file_with_runtime_dependencies(/home/ivan/Escritorio/Braccio-Tinkerkit-Arduino/install/braccio_hardware/share/colcon-core/packages/braccio_hardware)
[0.563s] Level 1:colcon.colcon_core.environment:create_environment_scripts_only(braccio_hardware)
[0.563s] Level 1:colcon.colcon_core.environment:checking '/home/ivan/Escritorio/Braccio-Tinkerkit-Arduino/install/braccio_hardware' for CMake module files
[0.563s] Level 1:colcon.colcon_core.environment:checking '/home/ivan/Escritorio/Braccio-Tinkerkit-Arduino/install/braccio_hardware' for CMake config files
[0.564s] Level 1:colcon.colcon_core.shell:create_environment_hook('braccio_hardware', 'cmake_prefix_path')
[0.564s] INFO:colcon.colcon_core.shell:Creating environment hook '/home/ivan/Escritorio/Braccio-Tinkerkit-Arduino/install/braccio_hardware/share/braccio_hardware/hook/cmake_prefix_path.ps1'
[0.564s] INFO:colcon.colcon_core.shell:Creating environment descriptor '/home/ivan/Escritorio/Braccio-Tinkerkit-Arduino/install/braccio_hardware/share/braccio_hardware/hook/cmake_prefix_path.dsv'
[0.564s] INFO:colcon.colcon_core.shell:Creating environment hook '/home/ivan/Escritorio/Braccio-Tinkerkit-Arduino/install/braccio_hardware/share/braccio_hardware/hook/cmake_prefix_path.sh'
[0.564s] Level 1:colcon.colcon_core.environment:checking '/home/ivan/Escritorio/Braccio-Tinkerkit-Arduino/install/braccio_hardware/lib'
[0.564s] Level 1:colcon.colcon_core.shell:create_environment_hook('braccio_hardware', 'ld_library_path_lib')
[0.565s] INFO:colcon.colcon_core.shell:Creating environment hook '/home/ivan/Escritorio/Braccio-Tinkerkit-Arduino/install/braccio_hardware/share/braccio_hardware/hook/ld_library_path_lib.ps1'
[0.565s] INFO:colcon.colcon_core.shell:Creating environment descriptor '/home/ivan/Escritorio/Braccio-Tinkerkit-Arduino/install/braccio_hardware/share/braccio_hardware/hook/ld_library_path_lib.dsv'
[0.565s] INFO:colcon.colcon_core.shell:Creating environment hook '/home/ivan/Escritorio/Braccio-Tinkerkit-Arduino/install/braccio_hardware/share/braccio_hardware/hook/ld_library_path_lib.sh'
[0.565s] Level 1:colcon.colcon_core.environment:checking '/home/ivan/Escritorio/Braccio-Tinkerkit-Arduino/install/braccio_hardware/bin'
[0.565s] Level 1:colcon.colcon_core.environment:checking '/home/ivan/Escritorio/Braccio-Tinkerkit-Arduino/install/braccio_hardware/lib/pkgconfig/braccio_hardware.pc'
[0.565s] Level 1:colcon.colcon_core.environment:checking '/home/ivan/Escritorio/Braccio-Tinkerkit-Arduino/install/braccio_hardware/lib/python3.10/site-packages'
[0.566s] Level 1:colcon.colcon_core.environment:checking '/home/ivan/Escritorio/Braccio-Tinkerkit-Arduino/install/braccio_hardware/bin'
[0.566s] INFO:colcon.colcon_core.shell:Creating package script '/home/ivan/Escritorio/Braccio-Tinkerkit-Arduino/install/braccio_hardware/share/braccio_hardware/package.ps1'
[0.566s] INFO:colcon.colcon_core.shell:Creating package descriptor '/home/ivan/Escritorio/Braccio-Tinkerkit-Arduino/install/braccio_hardware/share/braccio_hardware/package.dsv'
[0.566s] INFO:colcon.colcon_core.shell:Creating package script '/home/ivan/Escritorio/Braccio-Tinkerkit-Arduino/install/braccio_hardware/share/braccio_hardware/package.sh'
[0.566s] INFO:colcon.colcon_core.shell:Creating package script '/home/ivan/Escritorio/Braccio-Tinkerkit-Arduino/install/braccio_hardware/share/braccio_hardware/package.bash'
[0.567s] INFO:colcon.colcon_core.shell:Creating package script '/home/ivan/Escritorio/Braccio-Tinkerkit-Arduino/install/braccio_hardware/share/braccio_hardware/package.zsh'
[0.567s] Level 1:colcon.colcon_core.environment:create_file_with_runtime_dependencies(/home/ivan/Escritorio/Braccio-Tinkerkit-Arduino/install/braccio_hardware/share/colcon-core/packages/braccio_hardware)
[0.570s] Level 1:colcon.colcon_core.environment:create_environment_scripts_only(braccio_description)
[0.571s] Level 1:colcon.colcon_core.environment:checking '/home/ivan/Escritorio/Braccio-Tinkerkit-Arduino/install/braccio_description' for CMake module files
[0.571s] DEBUG:colcon.colcon_core.event_handler.log_command:Invoked command in '/home/ivan/Escritorio/Braccio-Tinkerkit-Arduino/build/braccio_description' returned '0': CMAKE_PREFIX_PATH=${CMAKE_PREFIX_PATH}:/opt/ros/humble /usr/bin/cmake --install /home/ivan/Escritorio/Braccio-Tinkerkit-Arduino/build/braccio_description
[0.571s] Level 1:colcon.colcon_core.environment:checking '/home/ivan/Escritorio/Braccio-Tinkerkit-Arduino/install/braccio_description' for CMake config files
[0.572s] Level 1:colcon.colcon_core.shell:create_environment_hook('braccio_description', 'cmake_prefix_path')
[0.572s] INFO:colcon.colcon_core.shell:Creating environment hook '/home/ivan/Escritorio/Braccio-Tinkerkit-Arduino/install/braccio_description/share/braccio_description/hook/cmake_prefix_path.ps1'
[0.572s] INFO:colcon.colcon_core.shell:Creating environment descriptor '/home/ivan/Escritorio/Braccio-Tinkerkit-Arduino/install/braccio_description/share/braccio_description/hook/cmake_prefix_path.dsv'
[0.572s] INFO:colcon.colcon_core.shell:Creating environment hook '/home/ivan/Escritorio/Braccio-Tinkerkit-Arduino/install/braccio_description/share/braccio_description/hook/cmake_prefix_path.sh'
[0.572s] Level 1:colcon.colcon_core.environment:checking '/home/ivan/Escritorio/Braccio-Tinkerkit-Arduino/install/braccio_description/bin'
[0.573s] Level 1:colcon.colcon_core.environment:checking '/home/ivan/Escritorio/Braccio-Tinkerkit-Arduino/install/braccio_description/lib/pkgconfig/braccio_description.pc'
[0.573s] Level 1:colcon.colcon_core.environment:checking '/home/ivan/Escritorio/Braccio-Tinkerkit-Arduino/install/braccio_description/lib/python3.10/site-packages'
[0.573s] Level 1:colcon.colcon_core.environment:checking '/home/ivan/Escritorio/Braccio-Tinkerkit-Arduino/install/braccio_description/bin'
[0.573s] INFO:colcon.colcon_core.shell:Creating package script '/home/ivan/Escritorio/Braccio-Tinkerkit-Arduino/install/braccio_description/share/braccio_description/package.ps1'
[0.573s] INFO:colcon.colcon_core.shell:Creating package descriptor '/home/ivan/Escritorio/Braccio-Tinkerkit-Arduino/install/braccio_description/share/braccio_description/package.dsv'
[0.573s] INFO:colcon.colcon_core.shell:Creating package script '/home/ivan/Escritorio/Braccio-Tinkerkit-Arduino/install/braccio_description/share/braccio_description/package.sh'
[0.574s] INFO:colcon.colcon_core.shell:Creating package script '/home/ivan/Escritorio/Braccio-Tinkerkit-Arduino/install/braccio_description/share/braccio_description/package.bash'
[0.574s] INFO:colcon.colcon_core.shell:Creating package script '/home/ivan/Escritorio/Braccio-Tinkerkit-Arduino/install/braccio_description/share/braccio_description/package.zsh'
[0.574s] Level 1:colcon.colcon_core.environment:create_file_with_runtime_dependencies(/home/ivan/Escritorio/Braccio-Tinkerkit-Arduino/install/braccio_description/share/colcon-core/packages/braccio_description)
[0.574s] Level 1:colcon.colcon_core.environment:create_environment_scripts_only(braccio_description)
[0.575s] Level 1:colcon.colcon_core.environment:checking '/home/ivan/Escritorio/Braccio-Tinkerkit-Arduino/install/braccio_description' for CMake module files
[0.575s] Level 1:colcon.colcon_core.environment:checking '/home/ivan/Escritorio/Braccio-Tinkerkit-Arduino/install/braccio_description' for CMake config files
[0.575s] Level 1:colcon.colcon_core.shell:create_environment_hook('braccio_description', 'cmake_prefix_path')
[0.575s] INFO:colcon.colcon_core.shell:Creating environment hook '/home/ivan/Escritorio/Braccio-Tinkerkit-Arduino/install/braccio_description/share/braccio_description/hook/cmake_prefix_path.ps1'
[0.575s] INFO:colcon.colcon_core.shell:Creating environment descriptor '/home/ivan/Escritorio/Braccio-Tinkerkit-Arduino/install/braccio_description/share/braccio_description/hook/cmake_prefix_path.dsv'
[0.576s] INFO:colcon.colcon_core.shell:Creating environment hook '/home/ivan/Escritorio/Braccio-Tinkerkit-Arduino/install/braccio_description/share/braccio_description/hook/cmake_prefix_path.sh'
[0.576s] Level 1:colcon.colcon_core.environment:checking '/home/ivan/Escritorio/Braccio-Tinkerkit-Arduino/install/braccio_description/bin'
[0.576s] Level 1:colcon.colcon_core.environment:checking '/home/ivan/Escritorio/Braccio-Tinkerkit-Arduino/install/braccio_description/lib/pkgconfig/braccio_description.pc'
[0.576s] Level 1:colcon.colcon_core.environment:checking '/home/ivan/Escritorio/Braccio-Tinkerkit-Arduino/install/braccio_description/lib/python3.10/site-packages'
[0.576s] Level 1:colcon.colcon_core.environment:checking '/home/ivan/Escritorio/Braccio-Tinkerkit-Arduino/install/braccio_description/bin'
[0.576s] INFO:colcon.colcon_core.shell:Creating package script '/home/ivan/Escritorio/Braccio-Tinkerkit-Arduino/install/braccio_description/share/braccio_description/package.ps1'
[0.577s] INFO:colcon.colcon_core.shell:Creating package descriptor '/home/ivan/Escritorio/Braccio-Tinkerkit-Arduino/install/braccio_description/share/braccio_description/package.dsv'
[0.577s] INFO:colcon.colcon_core.shell:Creating package script '/home/ivan/Escritorio/Braccio-Tinkerkit-Arduino/install/braccio_description/share/braccio_description/package.sh'
[0.577s] INFO:colcon.colcon_core.shell:Creating package script '/home/ivan/Escritorio/Braccio-Tinkerkit-Arduino/install/braccio_description/share/braccio_description/package.bash'
[0.578s] INFO:colcon.colcon_core.shell:Creating package script '/home/ivan/Escritorio/Braccio-Tinkerkit-Arduino/install/braccio_description/share/braccio_description/package.zsh'
[0.578s] Level 1:colcon.colcon_core.environment:create_file_with_runtime_dependencies(/home/ivan/Escritorio/Braccio-Tinkerkit-Arduino/install/braccio_description/share/colcon-core/packages/braccio_description)
[0.578s] INFO:colcon.colcon_ros.task.ament_cmake.build:Building ROS package in '/home/ivan/Escritorio/Braccio-Tinkerkit-Arduino/braccio_bringup' with build type 'ament_cmake'
[0.578s] INFO:colcon.colcon_cmake.task.cmake.build:Building CMake package in '/home/ivan/Escritorio/Braccio-Tinkerkit-Arduino/braccio_bringup'
[0.578s] INFO:colcon.colcon_core.shell:Skip shell extension 'powershell' for command environment: Not usable outside of PowerShell
[0.578s] DEBUG:colcon.colcon_core.shell:Skip shell extension 'dsv' for command environment
[0.582s] INFO:colcon.colcon_ros.task.ament_cmake.build:Building ROS package in '/home/ivan/Escritorio/Braccio-Tinkerkit-Arduino/braccio_moveit_config' with build type 'ament_cmake'
[0.582s] INFO:colcon.colcon_cmake.task.cmake.build:Building CMake package in '/home/ivan/Escritorio/Braccio-Tinkerkit-Arduino/braccio_moveit_config'
[0.582s] INFO:colcon.colcon_core.shell:Skip shell extension 'powershell' for command environment: Not usable outside of PowerShell
[0.582s] DEBUG:colcon.colcon_core.shell:Skip shell extension 'dsv' for command environment
[0.589s] DEBUG:colcon.colcon_core.event_handler.log_command:Invoking command in '/home/ivan/Escritorio/Braccio-Tinkerkit-Arduino/build/braccio_bringup': CMAKE_PREFIX_PATH=/home/ivan/Escritorio/Braccio-Tinkerkit-Arduino/install/braccio_hardware:/home/ivan/Escritorio/Braccio-Tinkerkit-Arduino/install/braccio_description:/home/ivan/Escritorio/Braccio-Tinkerkit-Arduino/install/braccio_moveit_config:/home/ivan/Escritorio/Braccio-Tinkerkit-Arduino/install/braccio_bringup:/opt/ros/humble /usr/bin/cmake --build /home/ivan/Escritorio/Braccio-Tinkerkit-Arduino/build/braccio_bringup -- -j16 -l16
[0.590s] DEBUG:colcon.colcon_core.event_handler.log_command:Invoking command in '/home/ivan/Escritorio/Braccio-Tinkerkit-Arduino/build/braccio_moveit_config': CMAKE_PREFIX_PATH=/home/ivan/Escritorio/Braccio-Tinkerkit-Arduino/install/braccio_description:/home/ivan/Escritorio/Braccio-Tinkerkit-Arduino/install/braccio_moveit_config:/home/ivan/Escritorio/Braccio-Tinkerkit-Arduino/install/braccio_bringup:/home/ivan/Escritorio/Braccio-Tinkerkit-Arduino/install/braccio_hardware:/opt/ros/humble /usr/bin/cmake --build /home/ivan/Escritorio/Braccio-Tinkerkit-Arduino/build/braccio_moveit_config -- -j16 -l16
[0.625s] DEBUG:colcon.colcon_core.event_handler.log_command:Invoked command in '/home/ivan/Escritorio/Braccio-Tinkerkit-Arduino/build/braccio_moveit_config' returned '0': CMAKE_PREFIX_PATH=/home/ivan/Escritorio/Braccio-Tinkerkit-Arduino/install/braccio_description:/home/ivan/Escritorio/Braccio-Tinkerkit-Arduino/install/braccio_moveit_config:/home/ivan/Escritorio/Braccio-Tinkerkit-Arduino/install/braccio_bringup:/home/ivan/Escritorio/Braccio-Tinkerkit-Arduino/install/braccio_hardware:/opt/ros/humble /usr/bin/cmake --build /home/ivan/Escritorio/Braccio-Tinkerkit-Arduino/build/braccio_moveit_config -- -j16 -l16
[0.627s] DEBUG:colcon.colcon_core.event_handler.log_command:Invoking command in '/home/ivan/Escritorio/Braccio-Tinkerkit-Arduino/build/braccio_moveit_config': CMAKE_PREFIX_PATH=/home/ivan/Escritorio/Braccio-Tinkerkit-Arduino/install/braccio_description:/home/ivan/Escritorio/Braccio-Tinkerkit-Arduino/install/braccio_moveit_config:/home/ivan/Escritorio/Braccio-Tinkerkit-Arduino/install/braccio_bringup:/home/ivan/Escritorio/Braccio-Tinkerkit-Arduino/install/braccio_hardware:/opt/ros/humble /usr/bin/cmake --install /home/ivan/Escritorio/Braccio-Tinkerkit-Arduino/build/braccio_moveit_config
[0.636s] Level 1:colcon.colcon_core.environment:create_environment_scripts_only(braccio_moveit_config)
[0.636s] Level 1:colcon.colcon_core.environment:checking '/home/ivan/Escritorio/Braccio-Tinkerkit-Arduino/install/braccio_moveit_config' for CMake module files
[0.636s] DEBUG:colcon.colcon_core.event_handler.log_command:Invoked command in '/home/ivan/Escritorio/Braccio-Tinkerkit-Arduino/build/braccio_moveit_config' returned '0': CMAKE_PREFIX_PATH=/home/ivan/Escritorio/Braccio-Tinkerkit-Arduino/install/braccio_description:/home/ivan/Escritorio/Braccio-Tinkerkit-Arduino/install/braccio_moveit_config:/home/ivan/Escritorio/Braccio-Tinkerkit-Arduino/install/braccio_bringup:/home/ivan/Escritorio/Braccio-Tinkerkit-Arduino/install/braccio_hardware:/opt/ros/humble /usr/bin/cmake --install /home/ivan/Escritorio/Braccio-Tinkerkit-Arduino/build/braccio_moveit_config
[0.637s] Level 1:colcon.colcon_core.environment:checking '/home/ivan/Escritorio/Braccio-Tinkerkit-Arduino/install/braccio_moveit_config' for CMake config files
[0.637s] Level 1:colcon.colcon_core.shell:create_environment_hook('braccio_moveit_config', 'cmake_prefix_path')
[0.637s] INFO:colcon.colcon_core.shell:Creating environment hook '/home/ivan/Escritorio/Braccio-Tinkerkit-Arduino/install/braccio_moveit_config/share/braccio_moveit_config/hook/cmake_prefix_path.ps1'
[0.637s] INFO:colcon.colcon_core.shell:Creating environment descriptor '/home/ivan/Escritorio/Braccio-Tinkerkit-Arduino/install/braccio_moveit_config/share/braccio_moveit_config/hook/cmake_prefix_path.dsv'
[0.638s] INFO:colcon.colcon_core.shell:Creating environment hook '/home/ivan/Escritorio/Braccio-Tinkerkit-Arduino/install/braccio_moveit_config/share/braccio_moveit_config/hook/cmake_prefix_path.sh'
[0.638s] Level 1:colcon.colcon_core.environment:checking '/home/ivan/Escritorio/Braccio-Tinkerkit-Arduino/install/braccio_moveit_config/lib'
[0.638s] Level 1:colcon.colcon_core.environment:checking '/home/ivan/Escritorio/Braccio-Tinkerkit-Arduino/install/braccio_moveit_config/bin'
[0.638s] Level 1:colcon.colcon_core.environment:checking '/home/ivan/Escritorio/Braccio-Tinkerkit-Arduino/install/braccio_moveit_config/lib/pkgconfig/braccio_moveit_config.pc'
[0.638s] Level 1:colcon.colcon_core.environment:checking '/home/ivan/Escritorio/Braccio-Tinkerkit-Arduino/install/braccio_moveit_config/lib/python3.10/site-packages'
[0.638s] Level 1:colcon.colcon_core.environment:checking '/home/ivan/Escritorio/Braccio-Tinkerkit-Arduino/install/braccio_moveit_config/bin'
[0.639s] INFO:colcon.colcon_core.shell:Creating package script '/home/ivan/Escritorio/Braccio-Tinkerkit-Arduino/install/braccio_moveit_config/share/braccio_moveit_config/package.ps1'
[0.639s] INFO:colcon.colcon_core.shell:Creating package descriptor '/home/ivan/Escritorio/Braccio-Tinkerkit-Arduino/install/braccio_moveit_config/share/braccio_moveit_config/package.dsv'
[0.639s] INFO:colcon.colcon_core.shell:Creating package script '/home/ivan/Escritorio/Braccio-Tinkerkit-Arduino/install/braccio_moveit_config/share/braccio_moveit_config/package.sh'
[0.639s] INFO:colcon.colcon_core.shell:Creating package script '/home/ivan/Escritorio/Braccio-Tinkerkit-Arduino/install/braccio_moveit_config/share/braccio_moveit_config/package.bash'
[0.640s] INFO:colcon.colcon_core.shell:Creating package script '/home/ivan/Escritorio/Braccio-Tinkerkit-Arduino/install/braccio_moveit_config/share/braccio_moveit_config/package.zsh'
[0.640s] Level 1:colcon.colcon_core.environment:create_file_with_runtime_dependencies(/home/ivan/Escritorio/Braccio-Tinkerkit-Arduino/install/braccio_moveit_config/share/colcon-core/packages/braccio_moveit_config)
[0.640s] Level 1:colcon.colcon_core.environment:create_environment_scripts_only(braccio_moveit_config)
[0.640s] Level 1:colcon.colcon_core.environment:checking '/home/ivan/Escritorio/Braccio-Tinkerkit-Arduino/install/braccio_moveit_config' for CMake module files
[0.641s] Level 1:colcon.colcon_core.environment:checking '/home/ivan/Escritorio/Braccio-Tinkerkit-Arduino/install/braccio_moveit_config' for CMake config files
[0.641s] Level 1:colcon.colcon_core.shell:create_environment_hook('braccio_moveit_config', 'cmake_prefix_path')
[0.641s] INFO:colcon.colcon_core.shell:Creating environment hook '/home/ivan/Escritorio/Braccio-Tinkerkit-Arduino/install/braccio_moveit_config/share/braccio_moveit_config/hook/cmake_prefix_path.ps1'
[0.641s] INFO:colcon.colcon_core.shell:Creating environment descriptor '/home/ivan/Escritorio/Braccio-Tinkerkit-Arduino/install/braccio_moveit_config/share/braccio_moveit_config/hook/cmake_prefix_path.dsv'
[0.642s] INFO:colcon.colcon_core.shell:Creating environment hook '/home/ivan/Escritorio/Braccio-Tinkerkit-Arduino/install/braccio_moveit_config/share/braccio_moveit_config/hook/cmake_prefix_path.sh'
[0.642s] Level 1:colcon.colcon_core.environment:checking '/home/ivan/Escritorio/Braccio-Tinkerkit-Arduino/install/braccio_moveit_config/lib'
[0.642s] Level 1:colcon.colcon_core.environment:checking '/home/ivan/Escritorio/Braccio-Tinkerkit-Arduino/install/braccio_moveit_config/bin'
[0.642s] Level 1:colcon.colcon_core.environment:checking '/home/ivan/Escritorio/Braccio-Tinkerkit-Arduino/install/braccio_moveit_config/lib/pkgconfig/braccio_moveit_config.pc'
[0.642s] Level 1:colcon.colcon_core.environment:checking '/home/ivan/Escritorio/Braccio-Tinkerkit-Arduino/install/braccio_moveit_config/lib/python3.10/site-packages'
[0.642s] Level 1:colcon.colcon_core.environment:checking '/home/ivan/Escritorio/Braccio-Tinkerkit-Arduino/install/braccio_moveit_config/bin'
[0.642s] INFO:colcon.colcon_core.shell:Creating package script '/home/ivan/Escritorio/Braccio-Tinkerkit-Arduino/install/braccio_moveit_config/share/braccio_moveit_config/package.ps1'
[0.643s] INFO:colcon.colcon_core.shell:Creating package descriptor '/home/ivan/Escritorio/Braccio-Tinkerkit-Arduino/install/braccio_moveit_config/share/braccio_moveit_config/package.dsv'
[0.643s] INFO:colcon.colcon_core.shell:Creating package script '/home/ivan/Escritorio/Braccio-Tinkerkit-Arduino/install/braccio_moveit_config/share/braccio_moveit_config/package.sh'
[0.643s] INFO:colcon.colcon_core.shell:Creating package script '/home/ivan/Escritorio/Braccio-Tinkerkit-Arduino/install/braccio_moveit_config/share/braccio_moveit_config/package.bash'
[0.643s] INFO:colcon.colcon_core.shell:Creating package script '/home/ivan/Escritorio/Braccio-Tinkerkit-Arduino/install/braccio_moveit_config/share/braccio_moveit_config/package.zsh'
[0.644s] Level 1:colcon.colcon_core.environment:create_file_with_runtime_dependencies(/home/ivan/Escritorio/Braccio-Tinkerkit-Arduino/install/braccio_moveit_config/share/colcon-core/packages/braccio_moveit_config)
[0.863s] DEBUG:colcon.colcon_core.event_handler.log_command:Invoked command in '/home/ivan/Escritorio/Braccio-Tinkerkit-Arduino/build/braccio_bringup' returned '0': CMAKE_PREFIX_PATH=/home/ivan/Escritorio/Braccio-Tinkerkit-Arduino/install/braccio_hardware:/home/ivan/Escritorio/Braccio-Tinkerkit-Arduino/install/braccio_description:/home/ivan/Escritorio/Braccio-Tinkerkit-Arduino/install/braccio_moveit_config:/home/ivan/Escritorio/Braccio-Tinkerkit-Arduino/install/braccio_bringup:/opt/ros/humble /usr/bin/cmake --build /home/ivan/Escritorio/Braccio-Tinkerkit-Arduino/build/braccio_bringup -- -j16 -l16
[0.865s] DEBUG:colcon.colcon_core.event_handler.log_command:Invoking command in '/home/ivan/Escritorio/Braccio-Tinkerkit-Arduino/build/braccio_bringup': CMAKE_PREFIX_PATH=/home/ivan/Escritorio/Braccio-Tinkerkit-Arduino/install/braccio_hardware:/home/ivan/Escritorio/Braccio-Tinkerkit-Arduino/install/braccio_description:/home/ivan/Escritorio/Braccio-Tinkerkit-Arduino/install/braccio_moveit_config:/home/ivan/Escritorio/Braccio-Tinkerkit-Arduino/install/braccio_bringup:/opt/ros/humble /usr/bin/cmake --install /home/ivan/Escritorio/Braccio-Tinkerkit-Arduino/build/braccio_bringup
[0.904s] Level 1:colcon.colcon_core.environment:create_environment_scripts_only(braccio_bringup)
[0.905s] Level 1:colcon.colcon_core.environment:checking '/home/ivan/Escritorio/Braccio-Tinkerkit-Arduino/install/braccio_bringup' for CMake module files
[0.905s] DEBUG:colcon.colcon_core.event_handler.log_command:Invoked command in '/home/ivan/Escritorio/Braccio-Tinkerkit-Arduino/build/braccio_bringup' returned '0': CMAKE_PREFIX_PATH=/home/ivan/Escritorio/Braccio-Tinkerkit-Arduino/install/braccio_hardware:/home/ivan/Escritorio/Braccio-Tinkerkit-Arduino/install/braccio_description:/home/ivan/Escritorio/Braccio-Tinkerkit-Arduino/install/braccio_moveit_config:/home/ivan/Escritorio/Braccio-Tinkerkit-Arduino/install/braccio_bringup:/opt/ros/humble /usr/bin/cmake --install /home/ivan/Escritorio/Braccio-Tinkerkit-Arduino/build/braccio_bringup
[0.906s] Level 1:colcon.colcon_core.environment:checking '/home/ivan/Escritorio/Braccio-Tinkerkit-Arduino/install/braccio_bringup' for CMake config files
[0.906s] Level 1:colcon.colcon_core.shell:create_environment_hook('braccio_bringup', 'cmake_prefix_path')
[0.906s] INFO:colcon.colcon_core.shell:Creating environment hook '/home/ivan/Escritorio/Braccio-Tinkerkit-Arduino/install/braccio_bringup/share/braccio_bringup/hook/cmake_prefix_path.ps1'
[0.906s] INFO:colcon.colcon_core.shell:Creating environment descriptor '/home/ivan/Escritorio/Braccio-Tinkerkit-Arduino/install/braccio_bringup/share/braccio_bringup/hook/cmake_prefix_path.dsv'
[0.907s] INFO:colcon.colcon_core.shell:Creating environment hook '/home/ivan/Escritorio/Braccio-Tinkerkit-Arduino/install/braccio_bringup/share/braccio_bringup/hook/cmake_prefix_path.sh'
[0.907s] Level 1:colcon.colcon_core.environment:checking '/home/ivan/Escritorio/Braccio-Tinkerkit-Arduino/install/braccio_bringup/bin'
[0.907s] Level 1:colcon.colcon_core.environment:checking '/home/ivan/Escritorio/Braccio-Tinkerkit-Arduino/install/braccio_bringup/lib/pkgconfig/braccio_bringup.pc'
[0.907s] Level 1:colcon.colcon_core.environment:checking '/home/ivan/Escritorio/Braccio-Tinkerkit-Arduino/install/braccio_bringup/lib/python3.10/site-packages'
[0.907s] Level 1:colcon.colcon_core.environment:checking '/home/ivan/Escritorio/Braccio-Tinkerkit-Arduino/install/braccio_bringup/bin'
[0.908s] INFO:colcon.colcon_core.shell:Creating package script '/home/ivan/Escritorio/Braccio-Tinkerkit-Arduino/install/braccio_bringup/share/braccio_bringup/package.ps1'
[0.908s] INFO:colcon.colcon_core.shell:Creating package descriptor '/home/ivan/Escritorio/Braccio-Tinkerkit-Arduino/install/braccio_bringup/share/braccio_bringup/package.dsv'
[0.908s] INFO:colcon.colcon_core.shell:Creating package script '/home/ivan/Escritorio/Braccio-Tinkerkit-Arduino/install/braccio_bringup/share/braccio_bringup/package.sh'
[0.908s] INFO:colcon.colcon_core.shell:Creating package script '/home/ivan/Escritorio/Braccio-Tinkerkit-Arduino/install/braccio_bringup/share/braccio_bringup/package.bash'
[0.909s] INFO:colcon.colcon_core.shell:Creating package script '/home/ivan/Escritorio/Braccio-Tinkerkit-Arduino/install/braccio_bringup/share/braccio_bringup/package.zsh'
[0.909s] Level 1:colcon.colcon_core.environment:create_file_with_runtime_dependencies(/home/ivan/Escritorio/Braccio-Tinkerkit-Arduino/install/braccio_bringup/share/colcon-core/packages/braccio_bringup)
[0.909s] Level 1:colcon.colcon_core.environment:create_environment_scripts_only(braccio_bringup)
[0.909s] Level 1:colcon.colcon_core.environment:checking '/home/ivan/Escritorio/Braccio-Tinkerkit-Arduino/install/braccio_bringup' for CMake module files
[0.910s] Level 1:colcon.colcon_core.environment:checking '/home/ivan/Escritorio/Braccio-Tinkerkit-Arduino/install/braccio_bringup' for CMake config files
[0.910s] Level 1:colcon.colcon_core.shell:create_environment_hook('braccio_bringup', 'cmake_prefix_path')
[0.910s] INFO:colcon.colcon_core.shell:Creating environment hook '/home/ivan/Escritorio/Braccio-Tinkerkit-Arduino/install/braccio_bringup/share/braccio_bringup/hook/cmake_prefix_path.ps1'
[0.910s] INFO:colcon.colcon_core.shell:Creating environment descriptor '/home/ivan/Escritorio/Braccio-Tinkerkit-Arduino/install/braccio_bringup/share/braccio_bringup/hook/cmake_prefix_path.dsv'
[0.910s] INFO:colcon.colcon_core.shell:Creating environment hook '/home/ivan/Escritorio/Braccio-Tinkerkit-Arduino/install/braccio_bringup/share/braccio_bringup/hook/cmake_prefix_path.sh'
[0.911s] Level 1:colcon.colcon_core.environment:checking '/home/ivan/Escritorio/Braccio-Tinkerkit-Arduino/install/braccio_bringup/bin'
[0.911s] Level 1:colcon.colcon_core.environment:checking '/home/ivan/Escritorio/Braccio-Tinkerkit-Arduino/install/braccio_bringup/lib/pkgconfig/braccio_bringup.pc'
[0.911s] Level 1:colcon.colcon_core.environment:checking '/home/ivan/Escritorio/Braccio-Tinkerkit-Arduino/install/braccio_bringup/lib/python3.10/site-packages'
[0.911s] Level 1:colcon.colcon_core.environment:checking '/home/ivan/Escritorio/Braccio-Tinkerkit-Arduino/install/braccio_bringup/bin'
[0.911s] INFO:colcon.colcon_core.shell:Creating package script '/home/ivan/Escritorio/Braccio-Tinkerkit-Arduino/install/braccio_bringup/share/braccio_bringup/package.ps1'
[0.911s] INFO:colcon.colcon_core.shell:Creating package descriptor '/home/ivan/Escritorio/Braccio-Tinkerkit-Arduino/install/braccio_bringup/share/braccio_bringup/package.dsv'
[0.912s] INFO:colcon.colcon_core.shell:Creating package script '/home/ivan/Escritorio/Braccio-Tinkerkit-Arduino/install/braccio_bringup/share/braccio_bringup/package.sh'
[0.912s] INFO:colcon.colcon_core.shell:Creating package script '/home/ivan/Escritorio/Braccio-Tinkerkit-Arduino/install/braccio_bringup/share/braccio_bringup/package.bash'
[0.912s] INFO:colcon.colcon_core.shell:Creating package script '/home/ivan/Escritorio/Braccio-Tinkerkit-Arduino/install/braccio_bringup/share/braccio_bringup/package.zsh'
[0.912s] Level 1:colcon.colcon_core.environment:create_file_with_runtime_dependencies(/home/ivan/Escritorio/Braccio-Tinkerkit-Arduino/install/braccio_bringup/share/colcon-core/packages/braccio_bringup)
[0.913s] DEBUG:colcon.colcon_parallel_executor.executor.parallel:closing loop
[0.913s] DEBUG:colcon.colcon_parallel_executor.executor.parallel:loop closed
[0.913s] DEBUG:colcon.colcon_parallel_executor.executor.parallel:run_until_complete finished with '0'
[0.913s] DEBUG:colcon.colcon_core.event_reactor:joining thread
[0.917s] INFO:colcon.colcon_core.plugin_system:Skipping extension 'colcon_notification.desktop_notification.terminal_notifier': Not used on non-Darwin systems
[0.917s] INFO:colcon.colcon_core.plugin_system:Skipping extension 'colcon_notification.desktop_notification.win32': Not used on non-Windows systems
[0.917s] INFO:colcon.colcon_notification.desktop_notification:Sending desktop notification using 'notify2'
[0.929s] DEBUG:colcon.colcon_core.event_reactor:joined thread
[0.930s] INFO:colcon.colcon_core.shell:Creating prefix script '/home/ivan/Escritorio/Braccio-Tinkerkit-Arduino/install/local_setup.ps1'
[0.930s] INFO:colcon.colcon_core.shell:Creating prefix util module '/home/ivan/Escritorio/Braccio-Tinkerkit-Arduino/install/_local_setup_util_ps1.py'
[0.931s] INFO:colcon.colcon_core.shell:Creating prefix chain script '/home/ivan/Escritorio/Braccio-Tinkerkit-Arduino/install/setup.ps1'
[0.932s] INFO:colcon.colcon_core.shell:Creating prefix script '/home/ivan/Escritorio/Braccio-Tinkerkit-Arduino/install/local_setup.sh'
[0.933s] INFO:colcon.colcon_core.shell:Creating prefix util module '/home/ivan/Escritorio/Braccio-Tinkerkit-Arduino/install/_local_setup_util_sh.py'
[0.933s] INFO:colcon.colcon_core.shell:Creating prefix chain script '/home/ivan/Escritorio/Braccio-Tinkerkit-Arduino/install/setup.sh'
[0.934s] INFO:colcon.colcon_core.shell:Creating prefix script '/home/ivan/Escritorio/Braccio-Tinkerkit-Arduino/install/local_setup.bash'
[0.934s] INFO:colcon.colcon_core.shell:Creating prefix chain script '/home/ivan/Escritorio/Braccio-Tinkerkit-Arduino/install/setup.bash'
[0.935s] INFO:colcon.colcon_core.shell:Creating prefix script '/home/ivan/Escritorio/Braccio-Tinkerkit-Arduino/install/local_setup.zsh'
[0.935s] INFO:colcon.colcon_core.shell:Creating prefix chain script '/home/ivan/Escritorio/Braccio-Tinkerkit-Arduino/install/setup.zsh'
