[0.114s] DEBUG:colcon:Command line arguments: ['/usr/bin/colcon', 'build']
[0.114s] DEBUG:colcon:Parsed command line arguments: Namespace(log_base=None, log_level=None, verb_name='build', build_base='build', install_base='install', merge_install=False, symlink_install=False, test_result_base=None, continue_on_error=False, executor='parallel', parallel_workers=16, event_handlers=None, ignore_user_meta=False, metas=['./colcon.meta'], base_paths=['.'], packages_ignore=None, packages_ignore_regex=None, paths=None, packages_up_to=None, packages_up_to_regex=None, packages_above=None, packages_above_and_dependencies=None, packages_above_depth=None, packages_select_by_dep=None, packages_skip_by_dep=None, packages_skip_up_to=None, packages_select_build_failed=False, packages_skip_build_finished=False, packages_select_test_failures=False, packages_skip_test_passed=False, packages_select=None, packages_skip=None, packages_select_regex=None, packages_skip_regex=None, packages_start=None, packages_end=None, allow_overriding=[], cmake_args=None, cmake_target=None, cmake_target_skip_unavailable=False, cmake_clean_cache=False, cmake_clean_first=False, cmake_force_configure=False, ament_cmake_args=None, catkin_cmake_args=None, catkin_skip_building_tests=False, mixin_files=None, mixin=None, verb_parser=<colcon_mixin.mixin.mixin_argument.MixinArgumentDecorator object at 0x7fbc9644e8c0>, verb_extension=<colcon_core.verb.build.BuildVerb object at 0x7fbc96557850>, main=<bound method BuildVerb.main of <colcon_core.verb.build.BuildVerb object at 0x7fbc96557850>>, mixin_verb=('build',))
[0.269s] Level 1:colcon.colcon_core.package_discovery:discover_packages(colcon_meta) check parameters
[0.270s] Level 1:colcon.colcon_core.package_discovery:discover_packages(recursive) check parameters
[0.270s] Level 1:colcon.colcon_core.package_discovery:discover_packages(ignore) check parameters
[0.270s] Level 1:colcon.colcon_core.package_discovery:discover_packages(path) check parameters
[0.270s] Level 1:colcon.colcon_core.package_discovery:discover_packages(colcon_meta) discover
[0.270s] Level 1:colcon.colcon_core.package_discovery:discover_packages(recursive) discover
[0.270s] INFO:colcon.colcon_core.package_discovery:Crawling recursively for packages in '/home/ivan/Escritorio/ROS2_braccio'
[0.270s] Level 1:colcon.colcon_core.package_identification:_identify(.) by extensions ['ignore', 'ignore_ament_install']
[0.270s] Level 1:colcon.colcon_core.package_identification:_identify(.) by extension 'ignore'
[0.270s] Level 1:colcon.colcon_core.package_identification:_identify(.) by extension 'ignore_ament_install'
[0.270s] Level 1:colcon.colcon_core.package_identification:_identify(.) by extensions ['colcon_pkg']
[0.270s] Level 1:colcon.colcon_core.package_identification:_identify(.) by extension 'colcon_pkg'
[0.270s] Level 1:colcon.colcon_core.package_identification:_identify(.) by extensions ['colcon_meta']
[0.270s] Level 1:colcon.colcon_core.package_identification:_identify(.) by extension 'colcon_meta'
[0.270s] Level 1:colcon.colcon_core.package_identification:_identify(.) by extensions ['ros']
[0.270s] Level 1:colcon.colcon_core.package_identification:_identify(.) by extension 'ros'
[0.279s] Level 1:colcon.colcon_core.package_identification:_identify(.) by extensions ['cmake', 'python']
[0.279s] Level 1:colcon.colcon_core.package_identification:_identify(.) by extension 'cmake'
[0.279s] Level 1:colcon.colcon_core.package_identification:_identify(.) by extension 'python'
[0.279s] Level 1:colcon.colcon_core.package_identification:_identify(.) by extensions ['python_setup_py']
[0.279s] Level 1:colcon.colcon_core.package_identification:_identify(.) by extension 'python_setup_py'
[0.280s] Level 1:colcon.colcon_core.package_identification:_identify(braccio_ROS_Arduino) by extensions ['ignore', 'ignore_ament_install']
[0.280s] Level 1:colcon.colcon_core.package_identification:_identify(braccio_ROS_Arduino) by extension 'ignore'
[0.280s] Level 1:colcon.colcon_core.package_identification:_identify(braccio_ROS_Arduino) by extension 'ignore_ament_install'
[0.280s] Level 1:colcon.colcon_core.package_identification:_identify(braccio_ROS_Arduino) by extensions ['colcon_pkg']
[0.280s] Level 1:colcon.colcon_core.package_identification:_identify(braccio_ROS_Arduino) by extension 'colcon_pkg'
[0.280s] Level 1:colcon.colcon_core.package_identification:_identify(braccio_ROS_Arduino) by extensions ['colcon_meta']
[0.280s] Level 1:colcon.colcon_core.package_identification:_identify(braccio_ROS_Arduino) by extension 'colcon_meta'
[0.280s] Level 1:colcon.colcon_core.package_identification:_identify(braccio_ROS_Arduino) by extensions ['ros']
[0.280s] Level 1:colcon.colcon_core.package_identification:_identify(braccio_ROS_Arduino) by extension 'ros'
[0.280s] Level 1:colcon.colcon_core.package_identification:_identify(braccio_ROS_Arduino) by extensions ['cmake', 'python']
[0.280s] Level 1:colcon.colcon_core.package_identification:_identify(braccio_ROS_Arduino) by extension 'cmake'
[0.280s] Level 1:colcon.colcon_core.package_identification:_identify(braccio_ROS_Arduino) by extension 'python'
[0.280s] Level 1:colcon.colcon_core.package_identification:_identify(braccio_ROS_Arduino) by extensions ['python_setup_py']
[0.280s] Level 1:colcon.colcon_core.package_identification:_identify(braccio_ROS_Arduino) by extension 'python_setup_py'
[0.280s] Level 1:colcon.colcon_core.package_identification:_identify(braccio_bringup) by extensions ['ignore', 'ignore_ament_install']
[0.280s] Level 1:colcon.colcon_core.package_identification:_identify(braccio_bringup) by extension 'ignore'
[0.280s] Level 1:colcon.colcon_core.package_identification:_identify(braccio_bringup) by extension 'ignore_ament_install'
[0.280s] Level 1:colcon.colcon_core.package_identification:_identify(braccio_bringup) by extensions ['colcon_pkg']
[0.280s] Level 1:colcon.colcon_core.package_identification:_identify(braccio_bringup) by extension 'colcon_pkg'
[0.280s] Level 1:colcon.colcon_core.package_identification:_identify(braccio_bringup) by extensions ['colcon_meta']
[0.280s] Level 1:colcon.colcon_core.package_identification:_identify(braccio_bringup) by extension 'colcon_meta'
[0.280s] Level 1:colcon.colcon_core.package_identification:_identify(braccio_bringup) by extensions ['ros']
[0.280s] Level 1:colcon.colcon_core.package_identification:_identify(braccio_bringup) by extension 'ros'
[0.283s] DEBUG:colcon.colcon_core.package_identification:Package 'braccio_bringup' with type 'ros.ament_cmake' and name 'braccio_bringup'
[0.283s] Level 1:colcon.colcon_core.package_identification:_identify(braccio_description) by extensions ['ignore', 'ignore_ament_install']
[0.283s] Level 1:colcon.colcon_core.package_identification:_identify(braccio_description) by extension 'ignore'
[0.283s] Level 1:colcon.colcon_core.package_identification:_identify(braccio_description) by extension 'ignore_ament_install'
[0.283s] Level 1:colcon.colcon_core.package_identification:_identify(braccio_description) by extensions ['colcon_pkg']
[0.283s] Level 1:colcon.colcon_core.package_identification:_identify(braccio_description) by extension 'colcon_pkg'
[0.283s] Level 1:colcon.colcon_core.package_identification:_identify(braccio_description) by extensions ['colcon_meta']
[0.283s] Level 1:colcon.colcon_core.package_identification:_identify(braccio_description) by extension 'colcon_meta'
[0.283s] Level 1:colcon.colcon_core.package_identification:_identify(braccio_description) by extensions ['ros']
[0.283s] Level 1:colcon.colcon_core.package_identification:_identify(braccio_description) by extension 'ros'
[0.283s] DEBUG:colcon.colcon_core.package_identification:Package 'braccio_description' with type 'ros.ament_cmake' and name 'braccio_description'
[0.284s] Level 1:colcon.colcon_core.package_identification:_identify(braccio_hardware) by extensions ['ignore', 'ignore_ament_install']
[0.284s] Level 1:colcon.colcon_core.package_identification:_identify(braccio_hardware) by extension 'ignore'
[0.284s] Level 1:colcon.colcon_core.package_identification:_identify(braccio_hardware) by extension 'ignore_ament_install'
[0.284s] Level 1:colcon.colcon_core.package_identification:_identify(braccio_hardware) by extensions ['colcon_pkg']
[0.284s] Level 1:colcon.colcon_core.package_identification:_identify(braccio_hardware) by extension 'colcon_pkg'
[0.284s] Level 1:colcon.colcon_core.package_identification:_identify(braccio_hardware) by extensions ['colcon_meta']
[0.284s] Level 1:colcon.colcon_core.package_identification:_identify(braccio_hardware) by extension 'colcon_meta'
[0.284s] Level 1:colcon.colcon_core.package_identification:_identify(braccio_hardware) by extensions ['ros']
[0.284s] Level 1:colcon.colcon_core.package_identification:_identify(braccio_hardware) by extension 'ros'
[0.284s] DEBUG:colcon.colcon_core.package_identification:Package 'braccio_hardware' with type 'ros.ament_cmake' and name 'braccio_hardware'
[0.285s] Level 1:colcon.colcon_core.package_identification:_identify(braccio_moveit_config) by extensions ['ignore', 'ignore_ament_install']
[0.285s] Level 1:colcon.colcon_core.package_identification:_identify(braccio_moveit_config) by extension 'ignore'
[0.285s] Level 1:colcon.colcon_core.package_identification:_identify(braccio_moveit_config) by extension 'ignore_ament_install'
[0.285s] Level 1:colcon.colcon_core.package_identification:_identify(braccio_moveit_config) by extensions ['colcon_pkg']
[0.285s] Level 1:colcon.colcon_core.package_identification:_identify(braccio_moveit_config) by extension 'colcon_pkg'
[0.285s] Level 1:colcon.colcon_core.package_identification:_identify(braccio_moveit_config) by extensions ['colcon_meta']
[0.285s] Level 1:colcon.colcon_core.package_identification:_identify(braccio_moveit_config) by extension 'colcon_meta'
[0.285s] Level 1:colcon.colcon_core.package_identification:_identify(braccio_moveit_config) by extensions ['ros']
[0.285s] Level 1:colcon.colcon_core.package_identification:_identify(braccio_moveit_config) by extension 'ros'
[0.286s] DEBUG:colcon.colcon_core.package_identification:Package 'braccio_moveit_config' with type 'ros.ament_cmake' and name 'braccio_moveit_config'
[0.286s] Level 1:colcon.colcon_core.package_identification:_identify(build) by extensions ['ignore', 'ignore_ament_install']
[0.286s] Level 1:colcon.colcon_core.package_identification:_identify(build) by extension 'ignore'
[0.286s] Level 1:colcon.colcon_core.package_identification:_identify(build) ignored
[0.286s] Level 1:colcon.colcon_core.package_identification:_identify(install) by extensions ['ignore', 'ignore_ament_install']
[0.286s] Level 1:colcon.colcon_core.package_identification:_identify(install) by extension 'ignore'
[0.286s] Level 1:colcon.colcon_core.package_identification:_identify(install) ignored
[0.286s] Level 1:colcon.colcon_core.package_identification:_identify(log) by extensions ['ignore', 'ignore_ament_install']
[0.286s] Level 1:colcon.colcon_core.package_identification:_identify(log) by extension 'ignore'
[0.286s] Level 1:colcon.colcon_core.package_identification:_identify(log) ignored
[0.286s] Level 1:colcon.colcon_core.package_discovery:discover_packages(recursive) using defaults
[0.286s] Level 1:colcon.colcon_core.package_discovery:discover_packages(ignore) discover
[0.286s] Level 1:colcon.colcon_core.package_discovery:discover_packages(ignore) using defaults
[0.286s] Level 1:colcon.colcon_core.package_discovery:discover_packages(path) discover
[0.286s] Level 1:colcon.colcon_core.package_discovery:discover_packages(path) using defaults
[0.313s] Level 1:colcon.colcon_core.package_discovery:discover_packages(prefix_path) check parameters
[0.313s] Level 1:colcon.colcon_core.package_discovery:discover_packages(prefix_path) discover
[0.317s] DEBUG:colcon.colcon_installed_package_information.package_discovery:Found 407 installed packages in /opt/ros/humble
[0.319s] Level 1:colcon.colcon_core.package_discovery:discover_packages(prefix_path) using defaults
[0.358s] Level 5:colcon.colcon_core.verb:set package 'braccio_description' build argument 'cmake_args' from command line to 'None'
[0.358s] Level 5:colcon.colcon_core.verb:set package 'braccio_description' build argument 'cmake_target' from command line to 'None'
[0.358s] Level 5:colcon.colcon_core.verb:set package 'braccio_description' build argument 'cmake_target_skip_unavailable' from command line to 'False'
[0.358s] Level 5:colcon.colcon_core.verb:set package 'braccio_description' build argument 'cmake_clean_cache' from command line to 'False'
[0.358s] Level 5:colcon.colcon_core.verb:set package 'braccio_description' build argument 'cmake_clean_first' from command line to 'False'
[0.358s] Level 5:colcon.colcon_core.verb:set package 'braccio_description' build argument 'cmake_force_configure' from command line to 'False'
[0.358s] Level 5:colcon.colcon_core.verb:set package 'braccio_description' build argument 'ament_cmake_args' from command line to 'None'
[0.358s] Level 5:colcon.colcon_core.verb:set package 'braccio_description' build argument 'catkin_cmake_args' from command line to 'None'
[0.358s] Level 5:colcon.colcon_core.verb:set package 'braccio_description' build argument 'catkin_skip_building_tests' from command line to 'False'
[0.358s] DEBUG:colcon.colcon_core.verb:Building package 'braccio_description' with the following arguments: {'ament_cmake_args': None, 'build_base': '/home/ivan/Escritorio/ROS2_braccio/build/braccio_description', 'catkin_cmake_args': None, 'catkin_skip_building_tests': False, 'cmake_args': None, 'cmake_clean_cache': False, 'cmake_clean_first': False, 'cmake_force_configure': False, 'cmake_target': None, 'cmake_target_skip_unavailable': False, 'install_base': '/home/ivan/Escritorio/ROS2_braccio/install/braccio_description', 'merge_install': False, 'path': '/home/ivan/Escritorio/ROS2_braccio/braccio_description', 'symlink_install': False, 'test_result_base': None}
[0.359s] Level 5:colcon.colcon_core.verb:set package 'braccio_hardware' build argument 'cmake_args' from command line to 'None'
[0.359s] Level 5:colcon.colcon_core.verb:set package 'braccio_hardware' build argument 'cmake_target' from command line to 'None'
[0.359s] Level 5:colcon.colcon_core.verb:set package 'braccio_hardware' build argument 'cmake_target_skip_unavailable' from command line to 'False'
[0.359s] Level 5:colcon.colcon_core.verb:set package 'braccio_hardware' build argument 'cmake_clean_cache' from command line to 'False'
[0.359s] Level 5:colcon.colcon_core.verb:set package 'braccio_hardware' build argument 'cmake_clean_first' from command line to 'False'
[0.359s] Level 5:colcon.colcon_core.verb:set package 'braccio_hardware' build argument 'cmake_force_configure' from command line to 'False'
[0.359s] Level 5:colcon.colcon_core.verb:set package 'braccio_hardware' build argument 'ament_cmake_args' from command line to 'None'
[0.359s] Level 5:colcon.colcon_core.verb:set package 'braccio_hardware' build argument 'catkin_cmake_args' from command line to 'None'
[0.359s] Level 5:colcon.colcon_core.verb:set package 'braccio_hardware' build argument 'catkin_skip_building_tests' from command line to 'False'
[0.359s] DEBUG:colcon.colcon_core.verb:Building package 'braccio_hardware' with the following arguments: {'ament_cmake_args': None, 'build_base': '/home/ivan/Escritorio/ROS2_braccio/build/braccio_hardware', 'catkin_cmake_args': None, 'catkin_skip_building_tests': False, 'cmake_args': None, 'cmake_clean_cache': False, 'cmake_clean_first': False, 'cmake_force_configure': False, 'cmake_target': None, 'cmake_target_skip_unavailable': False, 'install_base': '/home/ivan/Escritorio/ROS2_braccio/install/braccio_hardware', 'merge_install': False, 'path': '/home/ivan/Escritorio/ROS2_braccio/braccio_hardware', 'symlink_install': False, 'test_result_base': None}
[0.359s] Level 5:colcon.colcon_core.verb:set package 'braccio_bringup' build argument 'cmake_args' from command line to 'None'
[0.359s] Level 5:colcon.colcon_core.verb:set package 'braccio_bringup' build argument 'cmake_target' from command line to 'None'
[0.359s] Level 5:colcon.colcon_core.verb:set package 'braccio_bringup' build argument 'cmake_target_skip_unavailable' from command line to 'False'
[0.359s] Level 5:colcon.colcon_core.verb:set package 'braccio_bringup' build argument 'cmake_clean_cache' from command line to 'False'
[0.359s] Level 5:colcon.colcon_core.verb:set package 'braccio_bringup' build argument 'cmake_clean_first' from command line to 'False'
[0.359s] Level 5:colcon.colcon_core.verb:set package 'braccio_bringup' build argument 'cmake_force_configure' from command line to 'False'
[0.359s] Level 5:colcon.colcon_core.verb:set package 'braccio_bringup' build argument 'ament_cmake_args' from command line to 'None'
[0.359s] Level 5:colcon.colcon_core.verb:set package 'braccio_bringup' build argument 'catkin_cmake_args' from command line to 'None'
[0.359s] Level 5:colcon.colcon_core.verb:set package 'braccio_bringup' build argument 'catkin_skip_building_tests' from command line to 'False'
[0.359s] DEBUG:colcon.colcon_core.verb:Building package 'braccio_bringup' with the following arguments: {'ament_cmake_args': None, 'build_base': '/home/ivan/Escritorio/ROS2_braccio/build/braccio_bringup', 'catkin_cmake_args': None, 'catkin_skip_building_tests': False, 'cmake_args': None, 'cmake_clean_cache': False, 'cmake_clean_first': False, 'cmake_force_configure': False, 'cmake_target': None, 'cmake_target_skip_unavailable': False, 'install_base': '/home/ivan/Escritorio/ROS2_braccio/install/braccio_bringup', 'merge_install': False, 'path': '/home/ivan/Escritorio/ROS2_braccio/braccio_bringup', 'symlink_install': False, 'test_result_base': None}
[0.360s] Level 5:colcon.colcon_core.verb:set package 'braccio_moveit_config' build argument 'cmake_args' from command line to 'None'
[0.360s] Level 5:colcon.colcon_core.verb:set package 'braccio_moveit_config' build argument 'cmake_target' from command line to 'None'
[0.360s] Level 5:colcon.colcon_core.verb:set package 'braccio_moveit_config' build argument 'cmake_target_skip_unavailable' from command line to 'False'
[0.360s] Level 5:colcon.colcon_core.verb:set package 'braccio_moveit_config' build argument 'cmake_clean_cache' from command line to 'False'
[0.360s] Level 5:colcon.colcon_core.verb:set package 'braccio_moveit_config' build argument 'cmake_clean_first' from command line to 'False'
[0.360s] Level 5:colcon.colcon_core.verb:set package 'braccio_moveit_config' build argument 'cmake_force_configure' from command line to 'False'
[0.360s] Level 5:colcon.colcon_core.verb:set package 'braccio_moveit_config' build argument 'ament_cmake_args' from command line to 'None'
[0.360s] Level 5:colcon.colcon_core.verb:set package 'braccio_moveit_config' build argument 'catkin_cmake_args' from command line to 'None'
[0.360s] Level 5:colcon.colcon_core.verb:set package 'braccio_moveit_config' build argument 'catkin_skip_building_tests' from command line to 'False'
[0.360s] DEBUG:colcon.colcon_core.verb:Building package 'braccio_moveit_config' with the following arguments: {'ament_cmake_args': None, 'build_base': '/home/ivan/Escritorio/ROS2_braccio/build/braccio_moveit_config', 'catkin_cmake_args': None, 'catkin_skip_building_tests': False, 'cmake_args': None, 'cmake_clean_cache': False, 'cmake_clean_first': False, 'cmake_force_configure': False, 'cmake_target': None, 'cmake_target_skip_unavailable': False, 'install_base': '/home/ivan/Escritorio/ROS2_braccio/install/braccio_moveit_config', 'merge_install': False, 'path': '/home/ivan/Escritorio/ROS2_braccio/braccio_moveit_config', 'symlink_install': False, 'test_result_base': None}
[0.360s] INFO:colcon.colcon_core.executor:Executing jobs using 'parallel' executor
[0.361s] DEBUG:colcon.colcon_parallel_executor.executor.parallel:run_until_complete
[0.361s] INFO:colcon.colcon_ros.task.ament_cmake.build:Building ROS package in '/home/ivan/Escritorio/ROS2_braccio/braccio_description' with build type 'ament_cmake'
[0.361s] INFO:colcon.colcon_cmake.task.cmake.build:Building CMake package in '/home/ivan/Escritorio/ROS2_braccio/braccio_description'
[0.364s] INFO:colcon.colcon_core.plugin_system:Skipping extension 'colcon_core.shell.bat': Not used on non-Windows systems
[0.364s] INFO:colcon.colcon_core.shell:Skip shell extension 'powershell' for command environment: Not usable outside of PowerShell
[0.364s] DEBUG:colcon.colcon_core.shell:Skip shell extension 'dsv' for command environment
[0.367s] INFO:colcon.colcon_ros.task.ament_cmake.build:Building ROS package in '/home/ivan/Escritorio/ROS2_braccio/braccio_hardware' with build type 'ament_cmake'
[0.368s] INFO:colcon.colcon_cmake.task.cmake.build:Building CMake package in '/home/ivan/Escritorio/ROS2_braccio/braccio_hardware'
[0.368s] INFO:colcon.colcon_core.shell:Skip shell extension 'powershell' for command environment: Not usable outside of PowerShell
[0.368s] DEBUG:colcon.colcon_core.shell:Skip shell extension 'dsv' for command environment
[0.377s] DEBUG:colcon.colcon_core.event_handler.log_command:Invoking command in '/home/ivan/Escritorio/ROS2_braccio/build/braccio_description': CMAKE_PREFIX_PATH=/opt/ros/humble /usr/bin/cmake --build /home/ivan/Escritorio/ROS2_braccio/build/braccio_description -- -j16 -l16
[0.380s] DEBUG:colcon.colcon_core.event_handler.log_command:Invoking command in '/home/ivan/Escritorio/ROS2_braccio/build/braccio_hardware': CMAKE_PREFIX_PATH=/opt/ros/humble /usr/bin/cmake --build /home/ivan/Escritorio/ROS2_braccio/build/braccio_hardware -- -j16 -l16
[0.676s] DEBUG:colcon.colcon_core.event_handler.log_command:Invoked command in '/home/ivan/Escritorio/ROS2_braccio/build/braccio_hardware' returned '0': CMAKE_PREFIX_PATH=/opt/ros/humble /usr/bin/cmake --build /home/ivan/Escritorio/ROS2_braccio/build/braccio_hardware -- -j16 -l16
[0.687s] DEBUG:colcon.colcon_core.event_handler.log_command:Invoking command in '/home/ivan/Escritorio/ROS2_braccio/build/braccio_hardware': CMAKE_PREFIX_PATH=/opt/ros/humble /usr/bin/cmake --install /home/ivan/Escritorio/ROS2_braccio/build/braccio_hardware
[0.688s] DEBUG:colcon.colcon_core.event_handler.log_command:Invoked command in '/home/ivan/Escritorio/ROS2_braccio/build/braccio_description' returned '0': CMAKE_PREFIX_PATH=/opt/ros/humble /usr/bin/cmake --build /home/ivan/Escritorio/ROS2_braccio/build/braccio_description -- -j16 -l16
[0.691s] DEBUG:colcon.colcon_core.event_handler.log_command:Invoking command in '/home/ivan/Escritorio/ROS2_braccio/build/braccio_description': CMAKE_PREFIX_PATH=/opt/ros/humble /usr/bin/cmake --install /home/ivan/Escritorio/ROS2_braccio/build/braccio_description
[0.735s] Level 1:colcon.colcon_core.environment:create_environment_scripts_only(braccio_description)
[0.735s] DEBUG:colcon.colcon_core.event_handler.log_command:Invoked command in '/home/ivan/Escritorio/ROS2_braccio/build/braccio_description' returned '0': CMAKE_PREFIX_PATH=/opt/ros/humble /usr/bin/cmake --install /home/ivan/Escritorio/ROS2_braccio/build/braccio_description
[0.739s] Level 1:colcon.colcon_core.environment:checking '/home/ivan/Escritorio/ROS2_braccio/install/braccio_description' for CMake module files
[0.739s] Level 1:colcon.colcon_core.environment:checking '/home/ivan/Escritorio/ROS2_braccio/install/braccio_description' for CMake config files
[0.741s] Level 1:colcon.colcon_core.shell:create_environment_hook('braccio_description', 'cmake_prefix_path')
[0.741s] INFO:colcon.colcon_core.shell:Creating environment hook '/home/ivan/Escritorio/ROS2_braccio/install/braccio_description/share/braccio_description/hook/cmake_prefix_path.ps1'
[0.742s] INFO:colcon.colcon_core.shell:Creating environment descriptor '/home/ivan/Escritorio/ROS2_braccio/install/braccio_description/share/braccio_description/hook/cmake_prefix_path.dsv'
[0.742s] INFO:colcon.colcon_core.shell:Creating environment hook '/home/ivan/Escritorio/ROS2_braccio/install/braccio_description/share/braccio_description/hook/cmake_prefix_path.sh'
[0.743s] Level 1:colcon.colcon_core.environment:checking '/home/ivan/Escritorio/ROS2_braccio/install/braccio_description/bin'
[0.743s] Level 1:colcon.colcon_core.environment:checking '/home/ivan/Escritorio/ROS2_braccio/install/braccio_description/lib/pkgconfig/braccio_description.pc'
[0.743s] Level 1:colcon.colcon_core.environment:checking '/home/ivan/Escritorio/ROS2_braccio/install/braccio_description/lib/python3.10/site-packages'
[0.743s] Level 1:colcon.colcon_core.environment:checking '/home/ivan/Escritorio/ROS2_braccio/install/braccio_description/bin'
[0.743s] INFO:colcon.colcon_core.shell:Creating package script '/home/ivan/Escritorio/ROS2_braccio/install/braccio_description/share/braccio_description/package.ps1'
[0.744s] INFO:colcon.colcon_core.shell:Creating package descriptor '/home/ivan/Escritorio/ROS2_braccio/install/braccio_description/share/braccio_description/package.dsv'
[0.745s] INFO:colcon.colcon_core.shell:Creating package script '/home/ivan/Escritorio/ROS2_braccio/install/braccio_description/share/braccio_description/package.sh'
[0.745s] INFO:colcon.colcon_core.shell:Creating package script '/home/ivan/Escritorio/ROS2_braccio/install/braccio_description/share/braccio_description/package.bash'
[0.746s] INFO:colcon.colcon_core.shell:Creating package script '/home/ivan/Escritorio/ROS2_braccio/install/braccio_description/share/braccio_description/package.zsh'
[0.747s] Level 1:colcon.colcon_core.environment:create_file_with_runtime_dependencies(/home/ivan/Escritorio/ROS2_braccio/install/braccio_description/share/colcon-core/packages/braccio_description)
[0.747s] Level 1:colcon.colcon_core.environment:create_environment_scripts_only(braccio_description)
[0.747s] Level 1:colcon.colcon_core.environment:checking '/home/ivan/Escritorio/ROS2_braccio/install/braccio_description' for CMake module files
[0.748s] Level 1:colcon.colcon_core.environment:checking '/home/ivan/Escritorio/ROS2_braccio/install/braccio_description' for CMake config files
[0.748s] Level 1:colcon.colcon_core.shell:create_environment_hook('braccio_description', 'cmake_prefix_path')
[0.748s] INFO:colcon.colcon_core.shell:Creating environment hook '/home/ivan/Escritorio/ROS2_braccio/install/braccio_description/share/braccio_description/hook/cmake_prefix_path.ps1'
[0.749s] INFO:colcon.colcon_core.shell:Creating environment descriptor '/home/ivan/Escritorio/ROS2_braccio/install/braccio_description/share/braccio_description/hook/cmake_prefix_path.dsv'
[0.749s] INFO:colcon.colcon_core.shell:Creating environment hook '/home/ivan/Escritorio/ROS2_braccio/install/braccio_description/share/braccio_description/hook/cmake_prefix_path.sh'
[0.749s] Level 1:colcon.colcon_core.environment:checking '/home/ivan/Escritorio/ROS2_braccio/install/braccio_description/bin'
[0.749s] Level 1:colcon.colcon_core.environment:checking '/home/ivan/Escritorio/ROS2_braccio/install/braccio_description/lib/pkgconfig/braccio_description.pc'
[0.749s] Level 1:colcon.colcon_core.environment:checking '/home/ivan/Escritorio/ROS2_braccio/install/braccio_description/lib/python3.10/site-packages'
[0.750s] Level 1:colcon.colcon_core.environment:checking '/home/ivan/Escritorio/ROS2_braccio/install/braccio_description/bin'
[0.750s] INFO:colcon.colcon_core.shell:Creating package script '/home/ivan/Escritorio/ROS2_braccio/install/braccio_description/share/braccio_description/package.ps1'
[0.750s] INFO:colcon.colcon_core.shell:Creating package descriptor '/home/ivan/Escritorio/ROS2_braccio/install/braccio_description/share/braccio_description/package.dsv'
[0.751s] INFO:colcon.colcon_core.shell:Creating package script '/home/ivan/Escritorio/ROS2_braccio/install/braccio_description/share/braccio_description/package.sh'
[0.751s] INFO:colcon.colcon_core.shell:Creating package script '/home/ivan/Escritorio/ROS2_braccio/install/braccio_description/share/braccio_description/package.bash'
[0.751s] INFO:colcon.colcon_core.shell:Creating package script '/home/ivan/Escritorio/ROS2_braccio/install/braccio_description/share/braccio_description/package.zsh'
[0.752s] Level 1:colcon.colcon_core.environment:create_file_with_runtime_dependencies(/home/ivan/Escritorio/ROS2_braccio/install/braccio_description/share/colcon-core/packages/braccio_description)
[0.752s] Level 1:colcon.colcon_core.environment:create_environment_scripts_only(braccio_hardware)
[0.752s] Level 1:colcon.colcon_core.environment:checking '/home/ivan/Escritorio/ROS2_braccio/install/braccio_hardware' for CMake module files
[0.753s] DEBUG:colcon.colcon_core.event_handler.log_command:Invoked command in '/home/ivan/Escritorio/ROS2_braccio/build/braccio_hardware' returned '0': CMAKE_PREFIX_PATH=/opt/ros/humble /usr/bin/cmake --install /home/ivan/Escritorio/ROS2_braccio/build/braccio_hardware
[0.753s] Level 1:colcon.colcon_core.environment:checking '/home/ivan/Escritorio/ROS2_braccio/install/braccio_hardware' for CMake config files
[0.755s] Level 1:colcon.colcon_core.shell:create_environment_hook('braccio_hardware', 'cmake_prefix_path')
[0.755s] INFO:colcon.colcon_core.shell:Creating environment hook '/home/ivan/Escritorio/ROS2_braccio/install/braccio_hardware/share/braccio_hardware/hook/cmake_prefix_path.ps1'
[0.755s] INFO:colcon.colcon_core.shell:Creating environment descriptor '/home/ivan/Escritorio/ROS2_braccio/install/braccio_hardware/share/braccio_hardware/hook/cmake_prefix_path.dsv'
[0.755s] INFO:colcon.colcon_core.shell:Creating environment hook '/home/ivan/Escritorio/ROS2_braccio/install/braccio_hardware/share/braccio_hardware/hook/cmake_prefix_path.sh'
[0.756s] Level 1:colcon.colcon_core.environment:checking '/home/ivan/Escritorio/ROS2_braccio/install/braccio_hardware/lib'
[0.756s] Level 1:colcon.colcon_core.shell:create_environment_hook('braccio_hardware', 'ld_library_path_lib')
[0.756s] INFO:colcon.colcon_core.shell:Creating environment hook '/home/ivan/Escritorio/ROS2_braccio/install/braccio_hardware/share/braccio_hardware/hook/ld_library_path_lib.ps1'
[0.757s] INFO:colcon.colcon_core.shell:Creating environment descriptor '/home/ivan/Escritorio/ROS2_braccio/install/braccio_hardware/share/braccio_hardware/hook/ld_library_path_lib.dsv'
[0.757s] INFO:colcon.colcon_core.shell:Creating environment hook '/home/ivan/Escritorio/ROS2_braccio/install/braccio_hardware/share/braccio_hardware/hook/ld_library_path_lib.sh'
[0.757s] Level 1:colcon.colcon_core.environment:checking '/home/ivan/Escritorio/ROS2_braccio/install/braccio_hardware/bin'
[0.757s] Level 1:colcon.colcon_core.environment:checking '/home/ivan/Escritorio/ROS2_braccio/install/braccio_hardware/lib/pkgconfig/braccio_hardware.pc'
[0.757s] Level 1:colcon.colcon_core.environment:checking '/home/ivan/Escritorio/ROS2_braccio/install/braccio_hardware/lib/python3.10/site-packages'
[0.758s] Level 1:colcon.colcon_core.environment:checking '/home/ivan/Escritorio/ROS2_braccio/install/braccio_hardware/bin'
[0.758s] INFO:colcon.colcon_core.shell:Creating package script '/home/ivan/Escritorio/ROS2_braccio/install/braccio_hardware/share/braccio_hardware/package.ps1'
[0.758s] INFO:colcon.colcon_core.shell:Creating package descriptor '/home/ivan/Escritorio/ROS2_braccio/install/braccio_hardware/share/braccio_hardware/package.dsv'
[0.759s] INFO:colcon.colcon_core.shell:Creating package script '/home/ivan/Escritorio/ROS2_braccio/install/braccio_hardware/share/braccio_hardware/package.sh'
[0.759s] INFO:colcon.colcon_core.shell:Creating package script '/home/ivan/Escritorio/ROS2_braccio/install/braccio_hardware/share/braccio_hardware/package.bash'
[0.759s] INFO:colcon.colcon_core.shell:Creating package script '/home/ivan/Escritorio/ROS2_braccio/install/braccio_hardware/share/braccio_hardware/package.zsh'
[0.759s] Level 1:colcon.colcon_core.environment:create_file_with_runtime_dependencies(/home/ivan/Escritorio/ROS2_braccio/install/braccio_hardware/share/colcon-core/packages/braccio_hardware)
[0.760s] Level 1:colcon.colcon_core.environment:create_environment_scripts_only(braccio_hardware)
[0.760s] Level 1:colcon.colcon_core.environment:checking '/home/ivan/Escritorio/ROS2_braccio/install/braccio_hardware' for CMake module files
[0.760s] Level 1:colcon.colcon_core.environment:checking '/home/ivan/Escritorio/ROS2_braccio/install/braccio_hardware' for CMake config files
[0.761s] Level 1:colcon.colcon_core.shell:create_environment_hook('braccio_hardware', 'cmake_prefix_path')
[0.761s] INFO:colcon.colcon_core.shell:Creating environment hook '/home/ivan/Escritorio/ROS2_braccio/install/braccio_hardware/share/braccio_hardware/hook/cmake_prefix_path.ps1'
[0.761s] INFO:colcon.colcon_core.shell:Creating environment descriptor '/home/ivan/Escritorio/ROS2_braccio/install/braccio_hardware/share/braccio_hardware/hook/cmake_prefix_path.dsv'
[0.762s] INFO:colcon.colcon_core.shell:Creating environment hook '/home/ivan/Escritorio/ROS2_braccio/install/braccio_hardware/share/braccio_hardware/hook/cmake_prefix_path.sh'
[0.762s] Level 1:colcon.colcon_core.environment:checking '/home/ivan/Escritorio/ROS2_braccio/install/braccio_hardware/lib'
[0.762s] Level 1:colcon.colcon_core.shell:create_environment_hook('braccio_hardware', 'ld_library_path_lib')
[0.762s] INFO:colcon.colcon_core.shell:Creating environment hook '/home/ivan/Escritorio/ROS2_braccio/install/braccio_hardware/share/braccio_hardware/hook/ld_library_path_lib.ps1'
[0.763s] INFO:colcon.colcon_core.shell:Creating environment descriptor '/home/ivan/Escritorio/ROS2_braccio/install/braccio_hardware/share/braccio_hardware/hook/ld_library_path_lib.dsv'
[0.763s] INFO:colcon.colcon_core.shell:Creating environment hook '/home/ivan/Escritorio/ROS2_braccio/install/braccio_hardware/share/braccio_hardware/hook/ld_library_path_lib.sh'
[0.763s] Level 1:colcon.colcon_core.environment:checking '/home/ivan/Escritorio/ROS2_braccio/install/braccio_hardware/bin'
[0.763s] Level 1:colcon.colcon_core.environment:checking '/home/ivan/Escritorio/ROS2_braccio/install/braccio_hardware/lib/pkgconfig/braccio_hardware.pc'
[0.764s] Level 1:colcon.colcon_core.environment:checking '/home/ivan/Escritorio/ROS2_braccio/install/braccio_hardware/lib/python3.10/site-packages'
[0.764s] Level 1:colcon.colcon_core.environment:checking '/home/ivan/Escritorio/ROS2_braccio/install/braccio_hardware/bin'
[0.764s] INFO:colcon.colcon_core.shell:Creating package script '/home/ivan/Escritorio/ROS2_braccio/install/braccio_hardware/share/braccio_hardware/package.ps1'
[0.764s] INFO:colcon.colcon_core.shell:Creating package descriptor '/home/ivan/Escritorio/ROS2_braccio/install/braccio_hardware/share/braccio_hardware/package.dsv'
[0.765s] INFO:colcon.colcon_core.shell:Creating package script '/home/ivan/Escritorio/ROS2_braccio/install/braccio_hardware/share/braccio_hardware/package.sh'
[0.765s] INFO:colcon.colcon_core.shell:Creating package script '/home/ivan/Escritorio/ROS2_braccio/install/braccio_hardware/share/braccio_hardware/package.bash'
[0.766s] INFO:colcon.colcon_core.shell:Creating package script '/home/ivan/Escritorio/ROS2_braccio/install/braccio_hardware/share/braccio_hardware/package.zsh'
[0.767s] Level 1:colcon.colcon_core.environment:create_file_with_runtime_dependencies(/home/ivan/Escritorio/ROS2_braccio/install/braccio_hardware/share/colcon-core/packages/braccio_hardware)
[0.767s] INFO:colcon.colcon_ros.task.ament_cmake.build:Building ROS package in '/home/ivan/Escritorio/ROS2_braccio/braccio_bringup' with build type 'ament_cmake'
[0.767s] INFO:colcon.colcon_cmake.task.cmake.build:Building CMake package in '/home/ivan/Escritorio/ROS2_braccio/braccio_bringup'
[0.768s] INFO:colcon.colcon_core.shell:Skip shell extension 'powershell' for command environment: Not usable outside of PowerShell
[0.768s] DEBUG:colcon.colcon_core.shell:Skip shell extension 'dsv' for command environment
[0.771s] INFO:colcon.colcon_ros.task.ament_cmake.build:Building ROS package in '/home/ivan/Escritorio/ROS2_braccio/braccio_moveit_config' with build type 'ament_cmake'
[0.771s] INFO:colcon.colcon_cmake.task.cmake.build:Building CMake package in '/home/ivan/Escritorio/ROS2_braccio/braccio_moveit_config'
[0.771s] INFO:colcon.colcon_core.shell:Skip shell extension 'powershell' for command environment: Not usable outside of PowerShell
[0.771s] DEBUG:colcon.colcon_core.shell:Skip shell extension 'dsv' for command environment
[0.779s] DEBUG:colcon.colcon_core.event_handler.log_command:Invoking command in '/home/ivan/Escritorio/ROS2_braccio/build/braccio_bringup': AMENT_PREFIX_PATH=/home/ivan/Escritorio/ROS2_braccio/install/braccio_hardware:/home/ivan/Escritorio/ROS2_braccio/install/braccio_description:${AMENT_PREFIX_PATH} CMAKE_PREFIX_PATH=/home/ivan/Escritorio/ROS2_braccio/install/braccio_hardware:/home/ivan/Escritorio/ROS2_braccio/install/braccio_description:/opt/ros/humble LD_LIBRARY_PATH=/home/ivan/Escritorio/ROS2_braccio/install/braccio_hardware/lib:${LD_LIBRARY_PATH} PYTHONPATH=/home/ivan/Escritorio/ROS2_braccio/install/braccio_hardware/local/lib/python3.10/dist-packages:/home/ivan/Escritorio/ROS2_braccio/install/braccio_description/local/lib/python3.10/dist-packages:${PYTHONPATH} /usr/bin/cmake --build /home/ivan/Escritorio/ROS2_braccio/build/braccio_bringup -- -j16 -l16
[0.781s] DEBUG:colcon.colcon_core.event_handler.log_command:Invoking command in '/home/ivan/Escritorio/ROS2_braccio/build/braccio_moveit_config': AMENT_PREFIX_PATH=/home/ivan/Escritorio/ROS2_braccio/install/braccio_description:${AMENT_PREFIX_PATH} CMAKE_PREFIX_PATH=/home/ivan/Escritorio/ROS2_braccio/install/braccio_description:/opt/ros/humble PYTHONPATH=/home/ivan/Escritorio/ROS2_braccio/install/braccio_description/local/lib/python3.10/dist-packages:${PYTHONPATH} /usr/bin/cmake --build /home/ivan/Escritorio/ROS2_braccio/build/braccio_moveit_config -- -j16 -l16
[0.818s] DEBUG:colcon.colcon_core.event_handler.log_command:Invoked command in '/home/ivan/Escritorio/ROS2_braccio/build/braccio_moveit_config' returned '0': AMENT_PREFIX_PATH=/home/ivan/Escritorio/ROS2_braccio/install/braccio_description:${AMENT_PREFIX_PATH} CMAKE_PREFIX_PATH=/home/ivan/Escritorio/ROS2_braccio/install/braccio_description:/opt/ros/humble PYTHONPATH=/home/ivan/Escritorio/ROS2_braccio/install/braccio_description/local/lib/python3.10/dist-packages:${PYTHONPATH} /usr/bin/cmake --build /home/ivan/Escritorio/ROS2_braccio/build/braccio_moveit_config -- -j16 -l16
[0.819s] DEBUG:colcon.colcon_core.event_handler.log_command:Invoking command in '/home/ivan/Escritorio/ROS2_braccio/build/braccio_moveit_config': AMENT_PREFIX_PATH=/home/ivan/Escritorio/ROS2_braccio/install/braccio_description:${AMENT_PREFIX_PATH} CMAKE_PREFIX_PATH=/home/ivan/Escritorio/ROS2_braccio/install/braccio_description:/opt/ros/humble PYTHONPATH=/home/ivan/Escritorio/ROS2_braccio/install/braccio_description/local/lib/python3.10/dist-packages:${PYTHONPATH} /usr/bin/cmake --install /home/ivan/Escritorio/ROS2_braccio/build/braccio_moveit_config
[0.828s] Level 1:colcon.colcon_core.environment:create_environment_scripts_only(braccio_moveit_config)
[0.829s] DEBUG:colcon.colcon_core.event_handler.log_command:Invoked command in '/home/ivan/Escritorio/ROS2_braccio/build/braccio_moveit_config' returned '0': AMENT_PREFIX_PATH=/home/ivan/Escritorio/ROS2_braccio/install/braccio_description:${AMENT_PREFIX_PATH} CMAKE_PREFIX_PATH=/home/ivan/Escritorio/ROS2_braccio/install/braccio_description:/opt/ros/humble PYTHONPATH=/home/ivan/Escritorio/ROS2_braccio/install/braccio_description/local/lib/python3.10/dist-packages:${PYTHONPATH} /usr/bin/cmake --install /home/ivan/Escritorio/ROS2_braccio/build/braccio_moveit_config
[0.829s] Level 1:colcon.colcon_core.environment:checking '/home/ivan/Escritorio/ROS2_braccio/install/braccio_moveit_config' for CMake module files
[0.829s] Level 1:colcon.colcon_core.environment:checking '/home/ivan/Escritorio/ROS2_braccio/install/braccio_moveit_config' for CMake config files
[0.831s] Level 1:colcon.colcon_core.shell:create_environment_hook('braccio_moveit_config', 'cmake_prefix_path')
[0.831s] INFO:colcon.colcon_core.shell:Creating environment hook '/home/ivan/Escritorio/ROS2_braccio/install/braccio_moveit_config/share/braccio_moveit_config/hook/cmake_prefix_path.ps1'
[0.831s] INFO:colcon.colcon_core.shell:Creating environment descriptor '/home/ivan/Escritorio/ROS2_braccio/install/braccio_moveit_config/share/braccio_moveit_config/hook/cmake_prefix_path.dsv'
[0.831s] INFO:colcon.colcon_core.shell:Creating environment hook '/home/ivan/Escritorio/ROS2_braccio/install/braccio_moveit_config/share/braccio_moveit_config/hook/cmake_prefix_path.sh'
[0.832s] Level 1:colcon.colcon_core.environment:checking '/home/ivan/Escritorio/ROS2_braccio/install/braccio_moveit_config/bin'
[0.832s] Level 1:colcon.colcon_core.environment:checking '/home/ivan/Escritorio/ROS2_braccio/install/braccio_moveit_config/lib/pkgconfig/braccio_moveit_config.pc'
[0.832s] Level 1:colcon.colcon_core.environment:checking '/home/ivan/Escritorio/ROS2_braccio/install/braccio_moveit_config/lib/python3.10/site-packages'
[0.832s] Level 1:colcon.colcon_core.environment:checking '/home/ivan/Escritorio/ROS2_braccio/install/braccio_moveit_config/bin'
[0.833s] INFO:colcon.colcon_core.shell:Creating package script '/home/ivan/Escritorio/ROS2_braccio/install/braccio_moveit_config/share/braccio_moveit_config/package.ps1'
[0.833s] INFO:colcon.colcon_core.shell:Creating package descriptor '/home/ivan/Escritorio/ROS2_braccio/install/braccio_moveit_config/share/braccio_moveit_config/package.dsv'
[0.833s] INFO:colcon.colcon_core.shell:Creating package script '/home/ivan/Escritorio/ROS2_braccio/install/braccio_moveit_config/share/braccio_moveit_config/package.sh'
[0.834s] INFO:colcon.colcon_core.shell:Creating package script '/home/ivan/Escritorio/ROS2_braccio/install/braccio_moveit_config/share/braccio_moveit_config/package.bash'
[0.834s] INFO:colcon.colcon_core.shell:Creating package script '/home/ivan/Escritorio/ROS2_braccio/install/braccio_moveit_config/share/braccio_moveit_config/package.zsh'
[0.834s] Level 1:colcon.colcon_core.environment:create_file_with_runtime_dependencies(/home/ivan/Escritorio/ROS2_braccio/install/braccio_moveit_config/share/colcon-core/packages/braccio_moveit_config)
[0.835s] Level 1:colcon.colcon_core.environment:create_environment_scripts_only(braccio_moveit_config)
[0.835s] Level 1:colcon.colcon_core.environment:checking '/home/ivan/Escritorio/ROS2_braccio/install/braccio_moveit_config' for CMake module files
[0.835s] Level 1:colcon.colcon_core.environment:checking '/home/ivan/Escritorio/ROS2_braccio/install/braccio_moveit_config' for CMake config files
[0.836s] Level 1:colcon.colcon_core.shell:create_environment_hook('braccio_moveit_config', 'cmake_prefix_path')
[0.836s] INFO:colcon.colcon_core.shell:Creating environment hook '/home/ivan/Escritorio/ROS2_braccio/install/braccio_moveit_config/share/braccio_moveit_config/hook/cmake_prefix_path.ps1'
[0.836s] INFO:colcon.colcon_core.shell:Creating environment descriptor '/home/ivan/Escritorio/ROS2_braccio/install/braccio_moveit_config/share/braccio_moveit_config/hook/cmake_prefix_path.dsv'
[0.836s] INFO:colcon.colcon_core.shell:Creating environment hook '/home/ivan/Escritorio/ROS2_braccio/install/braccio_moveit_config/share/braccio_moveit_config/hook/cmake_prefix_path.sh'
[0.837s] Level 1:colcon.colcon_core.environment:checking '/home/ivan/Escritorio/ROS2_braccio/install/braccio_moveit_config/bin'
[0.837s] Level 1:colcon.colcon_core.environment:checking '/home/ivan/Escritorio/ROS2_braccio/install/braccio_moveit_config/lib/pkgconfig/braccio_moveit_config.pc'
[0.837s] Level 1:colcon.colcon_core.environment:checking '/home/ivan/Escritorio/ROS2_braccio/install/braccio_moveit_config/lib/python3.10/site-packages'
[0.837s] Level 1:colcon.colcon_core.environment:checking '/home/ivan/Escritorio/ROS2_braccio/install/braccio_moveit_config/bin'
[0.838s] INFO:colcon.colcon_core.shell:Creating package script '/home/ivan/Escritorio/ROS2_braccio/install/braccio_moveit_config/share/braccio_moveit_config/package.ps1'
[0.838s] INFO:colcon.colcon_core.shell:Creating package descriptor '/home/ivan/Escritorio/ROS2_braccio/install/braccio_moveit_config/share/braccio_moveit_config/package.dsv'
[0.838s] INFO:colcon.colcon_core.shell:Creating package script '/home/ivan/Escritorio/ROS2_braccio/install/braccio_moveit_config/share/braccio_moveit_config/package.sh'
[0.839s] INFO:colcon.colcon_core.shell:Creating package script '/home/ivan/Escritorio/ROS2_braccio/install/braccio_moveit_config/share/braccio_moveit_config/package.bash'
[0.839s] INFO:colcon.colcon_core.shell:Creating package script '/home/ivan/Escritorio/ROS2_braccio/install/braccio_moveit_config/share/braccio_moveit_config/package.zsh'
[0.839s] Level 1:colcon.colcon_core.environment:create_file_with_runtime_dependencies(/home/ivan/Escritorio/ROS2_braccio/install/braccio_moveit_config/share/colcon-core/packages/braccio_moveit_config)
[1.076s] DEBUG:colcon.colcon_core.event_handler.log_command:Invoked command in '/home/ivan/Escritorio/ROS2_braccio/build/braccio_bringup' returned '0': AMENT_PREFIX_PATH=/home/ivan/Escritorio/ROS2_braccio/install/braccio_hardware:/home/ivan/Escritorio/ROS2_braccio/install/braccio_description:${AMENT_PREFIX_PATH} CMAKE_PREFIX_PATH=/home/ivan/Escritorio/ROS2_braccio/install/braccio_hardware:/home/ivan/Escritorio/ROS2_braccio/install/braccio_description:/opt/ros/humble LD_LIBRARY_PATH=/home/ivan/Escritorio/ROS2_braccio/install/braccio_hardware/lib:${LD_LIBRARY_PATH} PYTHONPATH=/home/ivan/Escritorio/ROS2_braccio/install/braccio_hardware/local/lib/python3.10/dist-packages:/home/ivan/Escritorio/ROS2_braccio/install/braccio_description/local/lib/python3.10/dist-packages:${PYTHONPATH} /usr/bin/cmake --build /home/ivan/Escritorio/ROS2_braccio/build/braccio_bringup -- -j16 -l16
[1.078s] DEBUG:colcon.colcon_core.event_handler.log_command:Invoking command in '/home/ivan/Escritorio/ROS2_braccio/build/braccio_bringup': AMENT_PREFIX_PATH=/home/ivan/Escritorio/ROS2_braccio/install/braccio_hardware:/home/ivan/Escritorio/ROS2_braccio/install/braccio_description:${AMENT_PREFIX_PATH} CMAKE_PREFIX_PATH=/home/ivan/Escritorio/ROS2_braccio/install/braccio_hardware:/home/ivan/Escritorio/ROS2_braccio/install/braccio_description:/opt/ros/humble LD_LIBRARY_PATH=/home/ivan/Escritorio/ROS2_braccio/install/braccio_hardware/lib:${LD_LIBRARY_PATH} PYTHONPATH=/home/ivan/Escritorio/ROS2_braccio/install/braccio_hardware/local/lib/python3.10/dist-packages:/home/ivan/Escritorio/ROS2_braccio/install/braccio_description/local/lib/python3.10/dist-packages:${PYTHONPATH} /usr/bin/cmake --install /home/ivan/Escritorio/ROS2_braccio/build/braccio_bringup
[1.113s] Level 1:colcon.colcon_core.environment:create_environment_scripts_only(braccio_bringup)
[1.114s] Level 1:colcon.colcon_core.environment:checking '/home/ivan/Escritorio/ROS2_braccio/install/braccio_bringup' for CMake module files
[1.114s] DEBUG:colcon.colcon_core.event_handler.log_command:Invoked command in '/home/ivan/Escritorio/ROS2_braccio/build/braccio_bringup' returned '0': AMENT_PREFIX_PATH=/home/ivan/Escritorio/ROS2_braccio/install/braccio_hardware:/home/ivan/Escritorio/ROS2_braccio/install/braccio_description:${AMENT_PREFIX_PATH} CMAKE_PREFIX_PATH=/home/ivan/Escritorio/ROS2_braccio/install/braccio_hardware:/home/ivan/Escritorio/ROS2_braccio/install/braccio_description:/opt/ros/humble LD_LIBRARY_PATH=/home/ivan/Escritorio/ROS2_braccio/install/braccio_hardware/lib:${LD_LIBRARY_PATH} PYTHONPATH=/home/ivan/Escritorio/ROS2_braccio/install/braccio_hardware/local/lib/python3.10/dist-packages:/home/ivan/Escritorio/ROS2_braccio/install/braccio_description/local/lib/python3.10/dist-packages:${PYTHONPATH} /usr/bin/cmake --install /home/ivan/Escritorio/ROS2_braccio/build/braccio_bringup
[1.115s] Level 1:colcon.colcon_core.environment:checking '/home/ivan/Escritorio/ROS2_braccio/install/braccio_bringup' for CMake config files
[1.116s] Level 1:colcon.colcon_core.shell:create_environment_hook('braccio_bringup', 'cmake_prefix_path')
[1.116s] INFO:colcon.colcon_core.shell:Creating environment hook '/home/ivan/Escritorio/ROS2_braccio/install/braccio_bringup/share/braccio_bringup/hook/cmake_prefix_path.ps1'
[1.117s] INFO:colcon.colcon_core.shell:Creating environment descriptor '/home/ivan/Escritorio/ROS2_braccio/install/braccio_bringup/share/braccio_bringup/hook/cmake_prefix_path.dsv'
[1.117s] INFO:colcon.colcon_core.shell:Creating environment hook '/home/ivan/Escritorio/ROS2_braccio/install/braccio_bringup/share/braccio_bringup/hook/cmake_prefix_path.sh'
[1.117s] Level 1:colcon.colcon_core.environment:checking '/home/ivan/Escritorio/ROS2_braccio/install/braccio_bringup/bin'
[1.117s] Level 1:colcon.colcon_core.environment:checking '/home/ivan/Escritorio/ROS2_braccio/install/braccio_bringup/lib/pkgconfig/braccio_bringup.pc'
[1.117s] Level 1:colcon.colcon_core.environment:checking '/home/ivan/Escritorio/ROS2_braccio/install/braccio_bringup/lib/python3.10/site-packages'
[1.118s] Level 1:colcon.colcon_core.environment:checking '/home/ivan/Escritorio/ROS2_braccio/install/braccio_bringup/bin'
[1.118s] INFO:colcon.colcon_core.shell:Creating package script '/home/ivan/Escritorio/ROS2_braccio/install/braccio_bringup/share/braccio_bringup/package.ps1'
[1.118s] INFO:colcon.colcon_core.shell:Creating package descriptor '/home/ivan/Escritorio/ROS2_braccio/install/braccio_bringup/share/braccio_bringup/package.dsv'
[1.118s] INFO:colcon.colcon_core.shell:Creating package script '/home/ivan/Escritorio/ROS2_braccio/install/braccio_bringup/share/braccio_bringup/package.sh'
[1.118s] INFO:colcon.colcon_core.shell:Creating package script '/home/ivan/Escritorio/ROS2_braccio/install/braccio_bringup/share/braccio_bringup/package.bash'
[1.119s] INFO:colcon.colcon_core.shell:Creating package script '/home/ivan/Escritorio/ROS2_braccio/install/braccio_bringup/share/braccio_bringup/package.zsh'
[1.119s] Level 1:colcon.colcon_core.environment:create_file_with_runtime_dependencies(/home/ivan/Escritorio/ROS2_braccio/install/braccio_bringup/share/colcon-core/packages/braccio_bringup)
[1.119s] Level 1:colcon.colcon_core.environment:create_environment_scripts_only(braccio_bringup)
[1.119s] Level 1:colcon.colcon_core.environment:checking '/home/ivan/Escritorio/ROS2_braccio/install/braccio_bringup' for CMake module files
[1.120s] Level 1:colcon.colcon_core.environment:checking '/home/ivan/Escritorio/ROS2_braccio/install/braccio_bringup' for CMake config files
[1.120s] Level 1:colcon.colcon_core.shell:create_environment_hook('braccio_bringup', 'cmake_prefix_path')
[1.120s] INFO:colcon.colcon_core.shell:Creating environment hook '/home/ivan/Escritorio/ROS2_braccio/install/braccio_bringup/share/braccio_bringup/hook/cmake_prefix_path.ps1'
[1.120s] INFO:colcon.colcon_core.shell:Creating environment descriptor '/home/ivan/Escritorio/ROS2_braccio/install/braccio_bringup/share/braccio_bringup/hook/cmake_prefix_path.dsv'
[1.121s] INFO:colcon.colcon_core.shell:Creating environment hook '/home/ivan/Escritorio/ROS2_braccio/install/braccio_bringup/share/braccio_bringup/hook/cmake_prefix_path.sh'
[1.121s] Level 1:colcon.colcon_core.environment:checking '/home/ivan/Escritorio/ROS2_braccio/install/braccio_bringup/bin'
[1.121s] Level 1:colcon.colcon_core.environment:checking '/home/ivan/Escritorio/ROS2_braccio/install/braccio_bringup/lib/pkgconfig/braccio_bringup.pc'
[1.121s] Level 1:colcon.colcon_core.environment:checking '/home/ivan/Escritorio/ROS2_braccio/install/braccio_bringup/lib/python3.10/site-packages'
[1.121s] Level 1:colcon.colcon_core.environment:checking '/home/ivan/Escritorio/ROS2_braccio/install/braccio_bringup/bin'
[1.121s] INFO:colcon.colcon_core.shell:Creating package script '/home/ivan/Escritorio/ROS2_braccio/install/braccio_bringup/share/braccio_bringup/package.ps1'
[1.122s] INFO:colcon.colcon_core.shell:Creating package descriptor '/home/ivan/Escritorio/ROS2_braccio/install/braccio_bringup/share/braccio_bringup/package.dsv'
[1.122s] INFO:colcon.colcon_core.shell:Creating package script '/home/ivan/Escritorio/ROS2_braccio/install/braccio_bringup/share/braccio_bringup/package.sh'
[1.122s] INFO:colcon.colcon_core.shell:Creating package script '/home/ivan/Escritorio/ROS2_braccio/install/braccio_bringup/share/braccio_bringup/package.bash'
[1.122s] INFO:colcon.colcon_core.shell:Creating package script '/home/ivan/Escritorio/ROS2_braccio/install/braccio_bringup/share/braccio_bringup/package.zsh'
[1.123s] Level 1:colcon.colcon_core.environment:create_file_with_runtime_dependencies(/home/ivan/Escritorio/ROS2_braccio/install/braccio_bringup/share/colcon-core/packages/braccio_bringup)
[1.123s] DEBUG:colcon.colcon_parallel_executor.executor.parallel:closing loop
[1.123s] DEBUG:colcon.colcon_parallel_executor.executor.parallel:loop closed
[1.123s] DEBUG:colcon.colcon_parallel_executor.executor.parallel:run_until_complete finished with '0'
[1.123s] DEBUG:colcon.colcon_core.event_reactor:joining thread
[1.127s] INFO:colcon.colcon_core.plugin_system:Skipping extension 'colcon_notification.desktop_notification.terminal_notifier': Not used on non-Darwin systems
[1.128s] INFO:colcon.colcon_core.plugin_system:Skipping extension 'colcon_notification.desktop_notification.win32': Not used on non-Windows systems
[1.128s] INFO:colcon.colcon_notification.desktop_notification:Sending desktop notification using 'notify2'
[1.137s] DEBUG:colcon.colcon_core.event_reactor:joined thread
[1.138s] INFO:colcon.colcon_core.shell:Creating prefix script '/home/ivan/Escritorio/ROS2_braccio/install/local_setup.ps1'
[1.139s] INFO:colcon.colcon_core.shell:Creating prefix util module '/home/ivan/Escritorio/ROS2_braccio/install/_local_setup_util_ps1.py'
[1.139s] INFO:colcon.colcon_core.shell:Creating prefix chain script '/home/ivan/Escritorio/ROS2_braccio/install/setup.ps1'
[1.140s] INFO:colcon.colcon_core.shell:Creating prefix script '/home/ivan/Escritorio/ROS2_braccio/install/local_setup.sh'
[1.140s] INFO:colcon.colcon_core.shell:Creating prefix util module '/home/ivan/Escritorio/ROS2_braccio/install/_local_setup_util_sh.py'
[1.141s] INFO:colcon.colcon_core.shell:Creating prefix chain script '/home/ivan/Escritorio/ROS2_braccio/install/setup.sh'
[1.141s] INFO:colcon.colcon_core.shell:Creating prefix script '/home/ivan/Escritorio/ROS2_braccio/install/local_setup.bash'
[1.142s] INFO:colcon.colcon_core.shell:Creating prefix chain script '/home/ivan/Escritorio/ROS2_braccio/install/setup.bash'
[1.142s] INFO:colcon.colcon_core.shell:Creating prefix script '/home/ivan/Escritorio/ROS2_braccio/install/local_setup.zsh'
[1.143s] INFO:colcon.colcon_core.shell:Creating prefix chain script '/home/ivan/Escritorio/ROS2_braccio/install/setup.zsh'
