-- The C compiler identification is GNU 11.4.0
-- The CXX compiler identification is GNU 11.4.0
-- Detecting C compiler ABI info
-- Detecting C compiler ABI info - done
-- Check for working C compiler: /usr/bin/cc - skipped
-- Detecting C compile features
-- Detecting C compile features - done
-- Detecting CXX compiler ABI info
-- Detecting CXX compiler ABI info - done
-- Check for working CXX compiler: /usr/bin/c++ - skipped
-- Detecting CXX compile features
-- Detecting CXX compile features - done
-- Found ament_cmake: 1.3.11 (/opt/ros/humble/share/ament_cmake/cmake)
-- Found Python3: /usr/bin/python3 (found version "3.10.12") found components: Interpreter 
-- Found hardware_interface: 2.51.0 (/opt/ros/humble/share/hardware_interface/cmake)
-- Found rosidl_generator_c: 3.1.6 (/opt/ros/humble/share/rosidl_generator_c/cmake)
-- Found rosidl_adapter: 3.1.6 (/opt/ros/humble/share/rosidl_adapter/cmake)
-- Found rosidl_generator_cpp: 3.1.6 (/opt/ros/humble/share/rosidl_generator_cpp/cmake)
-- Using all available rosidl_typesupport_c: rosidl_typesupport_fastrtps_c;rosidl_typesupport_introspection_c
-- Using all available rosidl_typesupport_cpp: rosidl_typesupport_fastrtps_cpp;rosidl_typesupport_introspection_cpp
-- Found rmw_implementation_cmake: 6.1.2 (/opt/ros/humble/share/rmw_implementation_cmake/cmake)
-- Found rmw_fastrtps_cpp: 6.2.7 (/opt/ros/humble/share/rmw_fastrtps_cpp/cmake)
-- Found TinyXML2 via Config file: TinyXML2_DIR-NOTFOUND
-- Found OpenSSL: /usr/lib/x86_64-linux-gnu/libcrypto.so (found version "3.0.2")  
-- Found TinyXML2 via Config file: TinyXML2_DIR-NOTFOUND
-- Found FastRTPS: /opt/ros/humble/include  
-- Found TinyXML2 via Config file: TinyXML2_DIR-NOTFOUND
-- Found TinyXML2 via Config file: TinyXML2_DIR-NOTFOUND
-- Using RMW implementation 'rmw_fastrtps_cpp' as default
-- Looking for pthread.h
-- Looking for pthread.h - found
-- Performing Test CMAKE_HAVE_LIBC_PTHREAD
-- Performing Test CMAKE_HAVE_LIBC_PTHREAD - Success
-- Found Threads: TRUE  
-- Found ament_lint_auto: 0.12.12 (/opt/ros/humble/share/ament_lint_auto/cmake)
-- Added test 'cppcheck' to perform static code analysis on C / C++ code
-- Configured cppcheck include dirs: /home/ivan/Escritorio/Braccio-Tinkerkit-Arduino/braccio_hardware/incude;$<BUILD_INTERFACE:/home/ivan/Escritorio/Braccio-Tinkerkit-Arduino/braccio_hardware/include>
-- Configured cppcheck exclude dirs and/or files: 
-- Added test 'flake8' to check Python code syntax and style conventions
-- Added test 'lint_cmake' to check CMake code style
-- Added test 'pep257' to check Python code against some of the docstring style conventions in PEP 257
-- Added test 'uncrustify' to check C / C++ code style
-- Configured uncrustify additional arguments: 
-- Added test 'xmllint' to check XML markup files
-- Configuring done
-- Generating done
-- Build files have been written to: /home/ivan/Escritorio/Braccio-Tinkerkit-Arduino/build/braccio_hardware
[ 50%] [32mBuilding CXX object CMakeFiles/braccio_hardware.dir/src/braccio_hardware.cpp.o[0m
[ 50%] Built target ament_cmake_python_copy_braccio_hardware
running egg_info
creating braccio_hardware.egg-info
writing braccio_hardware.egg-info/PKG-INFO
writing dependency_links to braccio_hardware.egg-info/dependency_links.txt
writing top-level names to braccio_hardware.egg-info/top_level.txt
writing manifest file 'braccio_hardware.egg-info/SOURCES.txt'
reading manifest file 'braccio_hardware.egg-info/SOURCES.txt'
writing manifest file 'braccio_hardware.egg-info/SOURCES.txt'
[ 50%] Built target ament_cmake_python_build_braccio_hardware_egg
[100%] [32m[1mLinking CXX shared library libbraccio_hardware.so[0m
[100%] Built target braccio_hardware
-- Install configuration: ""
-- Installing: /home/ivan/Escritorio/Braccio-Tinkerkit-Arduino/install/braccio_hardware/share/braccio_hardware/braccio_hardware.xml
-- Installing: /home/ivan/Escritorio/Braccio-Tinkerkit-Arduino/install/braccio_hardware/lib/libbraccio_hardware.so
-- Set runtime path of "/home/ivan/Escritorio/Braccio-Tinkerkit-Arduino/install/braccio_hardware/lib/libbraccio_hardware.so" to ""
-- Installing: /home/ivan/Escritorio/Braccio-Tinkerkit-Arduino/install/braccio_hardware/include
-- Installing: /home/ivan/Escritorio/Braccio-Tinkerkit-Arduino/install/braccio_hardware/include/braccio_hardware
-- Installing: /home/ivan/Escritorio/Braccio-Tinkerkit-Arduino/install/braccio_hardware/include/braccio_hardware/visibility_control.hpp
-- Installing: /home/ivan/Escritorio/Braccio-Tinkerkit-Arduino/install/braccio_hardware/include/braccio_hardware/braccio_hardware.hpp
-- Installing: /home/ivan/Escritorio/Braccio-Tinkerkit-Arduino/install/braccio_hardware/include/braccio_hardware/hardware.hpp
-- Installing: /home/ivan/Escritorio/Braccio-Tinkerkit-Arduino/install/braccio_hardware/include/braccio_hardware/arduino_comms.hpp
-- Installing: /home/ivan/Escritorio/Braccio-Tinkerkit-Arduino/install/braccio_hardware/share/braccio_hardware/config
-- Installing: /home/ivan/Escritorio/Braccio-Tinkerkit-Arduino/install/braccio_hardware/share/braccio_hardware/config/braccio_controllers.yml
-- Installing: /home/ivan/Escritorio/Braccio-Tinkerkit-Arduino/install/braccio_hardware/share/braccio_hardware/launch
-- Installing: /home/ivan/Escritorio/Braccio-Tinkerkit-Arduino/install/braccio_hardware/share/braccio_hardware/launch/braccio_hardware.launch.py
-- Installing: /home/ivan/Escritorio/Braccio-Tinkerkit-Arduino/install/braccio_hardware/share/braccio_hardware/environment/pythonpath.sh
-- Installing: /home/ivan/Escritorio/Braccio-Tinkerkit-Arduino/install/braccio_hardware/share/braccio_hardware/environment/pythonpath.dsv
-- Installing: /home/ivan/Escritorio/Braccio-Tinkerkit-Arduino/install/braccio_hardware/local/lib/python3.10/dist-packages/braccio_hardware-0.0.0-py3.10.egg-info
-- Installing: /home/ivan/Escritorio/Braccio-Tinkerkit-Arduino/install/braccio_hardware/local/lib/python3.10/dist-packages/braccio_hardware-0.0.0-py3.10.egg-info/top_level.txt
-- Installing: /home/ivan/Escritorio/Braccio-Tinkerkit-Arduino/install/braccio_hardware/local/lib/python3.10/dist-packages/braccio_hardware-0.0.0-py3.10.egg-info/PKG-INFO
-- Installing: /home/ivan/Escritorio/Braccio-Tinkerkit-Arduino/install/braccio_hardware/local/lib/python3.10/dist-packages/braccio_hardware-0.0.0-py3.10.egg-info/dependency_links.txt
-- Installing: /home/ivan/Escritorio/Braccio-Tinkerkit-Arduino/install/braccio_hardware/local/lib/python3.10/dist-packages/braccio_hardware-0.0.0-py3.10.egg-info/SOURCES.txt
-- Installing: /home/ivan/Escritorio/Braccio-Tinkerkit-Arduino/install/braccio_hardware/local/lib/python3.10/dist-packages/braccio_hardware
-- Installing: /home/ivan/Escritorio/Braccio-Tinkerkit-Arduino/install/braccio_hardware/local/lib/python3.10/dist-packages/braccio_hardware/__init__.py
-- Installing: /home/ivan/Escritorio/Braccio-Tinkerkit-Arduino/install/braccio_hardware/local/lib/python3.10/dist-packages/braccio_hardware/launch_mixin.py
Listing '/home/ivan/Escritorio/Braccio-Tinkerkit-Arduino/install/braccio_hardware/local/lib/python3.10/dist-packages/braccio_hardware'...
Compiling '/home/ivan/Escritorio/Braccio-Tinkerkit-Arduino/install/braccio_hardware/local/lib/python3.10/dist-packages/braccio_hardware/__init__.py'...
Compiling '/home/ivan/Escritorio/Braccio-Tinkerkit-Arduino/install/braccio_hardware/local/lib/python3.10/dist-packages/braccio_hardware/launch_mixin.py'...
-- Installing: /home/ivan/Escritorio/Braccio-Tinkerkit-Arduino/install/braccio_hardware/share/ament_index/resource_index/package_run_dependencies/braccio_hardware
-- Installing: /home/ivan/Escritorio/Braccio-Tinkerkit-Arduino/install/braccio_hardware/share/ament_index/resource_index/parent_prefix_path/braccio_hardware
-- Installing: /home/ivan/Escritorio/Braccio-Tinkerkit-Arduino/install/braccio_hardware/share/braccio_hardware/environment/ament_prefix_path.sh
-- Installing: /home/ivan/Escritorio/Braccio-Tinkerkit-Arduino/install/braccio_hardware/share/braccio_hardware/environment/ament_prefix_path.dsv
-- Installing: /home/ivan/Escritorio/Braccio-Tinkerkit-Arduino/install/braccio_hardware/share/braccio_hardware/environment/path.sh
-- Installing: /home/ivan/Escritorio/Braccio-Tinkerkit-Arduino/install/braccio_hardware/share/braccio_hardware/environment/path.dsv
-- Installing: /home/ivan/Escritorio/Braccio-Tinkerkit-Arduino/install/braccio_hardware/share/braccio_hardware/local_setup.bash
-- Installing: /home/ivan/Escritorio/Braccio-Tinkerkit-Arduino/install/braccio_hardware/share/braccio_hardware/local_setup.sh
-- Installing: /home/ivan/Escritorio/Braccio-Tinkerkit-Arduino/install/braccio_hardware/share/braccio_hardware/local_setup.zsh
-- Installing: /home/ivan/Escritorio/Braccio-Tinkerkit-Arduino/install/braccio_hardware/share/braccio_hardware/local_setup.dsv
-- Installing: /home/ivan/Escritorio/Braccio-Tinkerkit-Arduino/install/braccio_hardware/share/braccio_hardware/package.dsv
-- Installing: /home/ivan/Escritorio/Braccio-Tinkerkit-Arduino/install/braccio_hardware/share/ament_index/resource_index/packages/braccio_hardware
-- Installing: /home/ivan/Escritorio/Braccio-Tinkerkit-Arduino/install/braccio_hardware/share/ament_index/resource_index/hardware_interface__pluginlib__plugin/braccio_hardware
-- Installing: /home/ivan/Escritorio/Braccio-Tinkerkit-Arduino/install/braccio_hardware/share/braccio_hardware/cmake/braccio_hardwareConfig.cmake
-- Installing: /home/ivan/Escritorio/Braccio-Tinkerkit-Arduino/install/braccio_hardware/share/braccio_hardware/cmake/braccio_hardwareConfig-version.cmake
-- Installing: /home/ivan/Escritorio/Braccio-Tinkerkit-Arduino/install/braccio_hardware/share/braccio_hardware/package.xml
