[0.016s] Invoking command in '/home/ivan/Escritorio/ROS2_braccio/build/braccio_bringup': AMENT_PREFIX_PATH=/home/ivan/Escritorio/ROS2_braccio/install/braccio_hardware:/home/ivan/Escritorio/ROS2_braccio/install/braccio_description:${AMENT_PREFIX_PATH} CMAKE_PREFIX_PATH=/home/ivan/Escritorio/ROS2_braccio/install/braccio_hardware:/home/ivan/Escritorio/ROS2_braccio/install/braccio_description:/opt/ros/humble LD_LIBRARY_PATH=/home/ivan/Escritorio/ROS2_braccio/install/braccio_hardware/lib:${LD_LIBRARY_PATH} PYTHONPATH=/home/ivan/Escritorio/ROS2_braccio/install/braccio_hardware/local/lib/python3.10/dist-packages:/home/ivan/Escritorio/ROS2_braccio/install/braccio_description/local/lib/python3.10/dist-packages:${PYTHONPATH} /usr/bin/cmake /home/ivan/Escritorio/ROS2_braccio/braccio_bringup -DCMAKE_INSTALL_PREFIX=/home/ivan/Escritorio/ROS2_braccio/install/braccio_bringup
[0.127s] -- The C compiler identification is GNU 11.4.0
[0.239s] -- The CXX compiler identification is GNU 11.4.0
[0.253s] -- Detecting C compiler ABI info
[0.386s] -- Detecting C compiler ABI info - done
[0.394s] -- Check for working C compiler: /usr/bin/cc - skipped
[0.394s] -- Detecting C compile features
[0.395s] -- Detecting C compile features - done
[0.398s] -- Detecting CXX compiler ABI info
[0.520s] -- Detecting CXX compiler ABI info - done
[0.535s] -- Check for working CXX compiler: /usr/bin/c++ - skipped
[0.535s] -- Detecting CXX compile features
[0.536s] -- Detecting CXX compile features - done
[0.543s] -- Found ament_cmake: 1.3.11 (/opt/ros/humble/share/ament_cmake/cmake)
[0.837s] -- Found Python3: /usr/bin/python3 (found version "3.10.12") found components: Interpreter 
[1.178s] -- Found ament_lint_auto: 0.12.12 (/opt/ros/humble/share/ament_lint_auto/cmake)
[1.331s] -- Added test 'flake8' to check Python code syntax and style conventions
[1.332s] -- Added test 'lint_cmake' to check CMake code style
[1.333s] -- Added test 'pep257' to check Python code against some of the docstring style conventions in PEP 257
[1.336s] -- Added test 'xmllint' to check XML markup files
[1.338s] -- Configuring done
[1.346s] -- Generating done
[1.351s] -- Build files have been written to: /home/ivan/Escritorio/ROS2_braccio/build/braccio_bringup
[1.359s] Invoked command in '/home/ivan/Escritorio/ROS2_braccio/build/braccio_bringup' returned '0': AMENT_PREFIX_PATH=/home/ivan/Escritorio/ROS2_braccio/install/braccio_hardware:/home/ivan/Escritorio/ROS2_braccio/install/braccio_description:${AMENT_PREFIX_PATH} CMAKE_PREFIX_PATH=/home/ivan/Escritorio/ROS2_braccio/install/braccio_hardware:/home/ivan/Escritorio/ROS2_braccio/install/braccio_description:/opt/ros/humble LD_LIBRARY_PATH=/home/ivan/Escritorio/ROS2_braccio/install/braccio_hardware/lib:${LD_LIBRARY_PATH} PYTHONPATH=/home/ivan/Escritorio/ROS2_braccio/install/braccio_hardware/local/lib/python3.10/dist-packages:/home/ivan/Escritorio/ROS2_braccio/install/braccio_description/local/lib/python3.10/dist-packages:${PYTHONPATH} /usr/bin/cmake /home/ivan/Escritorio/ROS2_braccio/braccio_bringup -DCMAKE_INSTALL_PREFIX=/home/ivan/Escritorio/ROS2_braccio/install/braccio_bringup
[1.361s] Invoking command in '/home/ivan/Escritorio/ROS2_braccio/build/braccio_bringup': AMENT_PREFIX_PATH=/home/ivan/Escritorio/ROS2_braccio/install/braccio_hardware:/home/ivan/Escritorio/ROS2_braccio/install/braccio_description:${AMENT_PREFIX_PATH} CMAKE_PREFIX_PATH=/home/ivan/Escritorio/ROS2_braccio/install/braccio_hardware:/home/ivan/Escritorio/ROS2_braccio/install/braccio_description:/opt/ros/humble LD_LIBRARY_PATH=/home/ivan/Escritorio/ROS2_braccio/install/braccio_hardware/lib:${LD_LIBRARY_PATH} PYTHONPATH=/home/ivan/Escritorio/ROS2_braccio/install/braccio_hardware/local/lib/python3.10/dist-packages:/home/ivan/Escritorio/ROS2_braccio/install/braccio_description/local/lib/python3.10/dist-packages:${PYTHONPATH} /usr/bin/cmake --build /home/ivan/Escritorio/ROS2_braccio/build/braccio_bringup -- -j16 -l16
[1.476s] Built target ament_cmake_python_copy_braccio_bringup
[1.750s] running egg_info
[1.750s] creating braccio_bringup.egg-info
[1.751s] writing braccio_bringup.egg-info/PKG-INFO
[1.751s] writing dependency_links to braccio_bringup.egg-info/dependency_links.txt
[1.751s] writing top-level names to braccio_bringup.egg-info/top_level.txt
[1.751s] writing manifest file 'braccio_bringup.egg-info/SOURCES.txt'
[1.753s] reading manifest file 'braccio_bringup.egg-info/SOURCES.txt'
[1.754s] writing manifest file 'braccio_bringup.egg-info/SOURCES.txt'
[1.790s] Built target ament_cmake_python_build_braccio_bringup_egg
[1.813s] Invoked command in '/home/ivan/Escritorio/ROS2_braccio/build/braccio_bringup' returned '0': AMENT_PREFIX_PATH=/home/ivan/Escritorio/ROS2_braccio/install/braccio_hardware:/home/ivan/Escritorio/ROS2_braccio/install/braccio_description:${AMENT_PREFIX_PATH} CMAKE_PREFIX_PATH=/home/ivan/Escritorio/ROS2_braccio/install/braccio_hardware:/home/ivan/Escritorio/ROS2_braccio/install/braccio_description:/opt/ros/humble LD_LIBRARY_PATH=/home/ivan/Escritorio/ROS2_braccio/install/braccio_hardware/lib:${LD_LIBRARY_PATH} PYTHONPATH=/home/ivan/Escritorio/ROS2_braccio/install/braccio_hardware/local/lib/python3.10/dist-packages:/home/ivan/Escritorio/ROS2_braccio/install/braccio_description/local/lib/python3.10/dist-packages:${PYTHONPATH} /usr/bin/cmake --build /home/ivan/Escritorio/ROS2_braccio/build/braccio_bringup -- -j16 -l16
[1.816s] Invoking command in '/home/ivan/Escritorio/ROS2_braccio/build/braccio_bringup': AMENT_PREFIX_PATH=/home/ivan/Escritorio/ROS2_braccio/install/braccio_hardware:/home/ivan/Escritorio/ROS2_braccio/install/braccio_description:${AMENT_PREFIX_PATH} CMAKE_PREFIX_PATH=/home/ivan/Escritorio/ROS2_braccio/install/braccio_hardware:/home/ivan/Escritorio/ROS2_braccio/install/braccio_description:/opt/ros/humble LD_LIBRARY_PATH=/home/ivan/Escritorio/ROS2_braccio/install/braccio_hardware/lib:${LD_LIBRARY_PATH} PYTHONPATH=/home/ivan/Escritorio/ROS2_braccio/install/braccio_hardware/local/lib/python3.10/dist-packages:/home/ivan/Escritorio/ROS2_braccio/install/braccio_description/local/lib/python3.10/dist-packages:${PYTHONPATH} /usr/bin/cmake --install /home/ivan/Escritorio/ROS2_braccio/build/braccio_bringup
[1.825s] -- Install configuration: ""
[1.825s] -- Installing: /home/ivan/Escritorio/ROS2_braccio/install/braccio_bringup/share/braccio_bringup/config
[1.825s] -- Installing: /home/ivan/Escritorio/ROS2_braccio/install/braccio_bringup/share/braccio_bringup/config/config.rviz
[1.825s] -- Installing: /home/ivan/Escritorio/ROS2_braccio/install/braccio_bringup/share/braccio_bringup/launch
[1.825s] -- Installing: /home/ivan/Escritorio/ROS2_braccio/install/braccio_bringup/share/braccio_bringup/launch/move_group.launch.py
[1.826s] -- Installing: /home/ivan/Escritorio/ROS2_braccio/install/braccio_bringup/share/braccio_bringup/launch/real.launch.py
[1.826s] -- Installing: /home/ivan/Escritorio/ROS2_braccio/install/braccio_bringup/share/braccio_bringup/launch/sim.launch.py
[1.826s] -- Installing: /home/ivan/Escritorio/ROS2_braccio/install/braccio_bringup/share/braccio_bringup/launch/gazebo_sim.launch.py
[1.826s] -- Installing: /home/ivan/Escritorio/ROS2_braccio/install/braccio_bringup/share/braccio_bringup/launch/bringup.launch.py
[1.826s] -- Installing: /home/ivan/Escritorio/ROS2_braccio/install/braccio_bringup/share/braccio_bringup/environment/pythonpath.sh
[1.827s] -- Installing: /home/ivan/Escritorio/ROS2_braccio/install/braccio_bringup/share/braccio_bringup/environment/pythonpath.dsv
[1.827s] -- Installing: /home/ivan/Escritorio/ROS2_braccio/install/braccio_bringup/local/lib/python3.10/dist-packages/braccio_bringup-0.0.0-py3.10.egg-info
[1.827s] -- Installing: /home/ivan/Escritorio/ROS2_braccio/install/braccio_bringup/local/lib/python3.10/dist-packages/braccio_bringup-0.0.0-py3.10.egg-info/top_level.txt
[1.828s] -- Installing: /home/ivan/Escritorio/ROS2_braccio/install/braccio_bringup/local/lib/python3.10/dist-packages/braccio_bringup-0.0.0-py3.10.egg-info/PKG-INFO
[1.828s] -- Installing: /home/ivan/Escritorio/ROS2_braccio/install/braccio_bringup/local/lib/python3.10/dist-packages/braccio_bringup-0.0.0-py3.10.egg-info/dependency_links.txt
[1.828s] -- Installing: /home/ivan/Escritorio/ROS2_braccio/install/braccio_bringup/local/lib/python3.10/dist-packages/braccio_bringup-0.0.0-py3.10.egg-info/SOURCES.txt
[1.828s] -- Installing: /home/ivan/Escritorio/ROS2_braccio/install/braccio_bringup/local/lib/python3.10/dist-packages/braccio_bringup
[1.829s] -- Installing: /home/ivan/Escritorio/ROS2_braccio/install/braccio_bringup/local/lib/python3.10/dist-packages/braccio_bringup/__init__.py
[1.829s] -- Installing: /home/ivan/Escritorio/ROS2_braccio/install/braccio_bringup/local/lib/python3.10/dist-packages/braccio_bringup/launch_mixin.py
[1.894s] Listing '/home/ivan/Escritorio/ROS2_braccio/install/braccio_bringup/local/lib/python3.10/dist-packages/braccio_bringup'...
[1.894s] Compiling '/home/ivan/Escritorio/ROS2_braccio/install/braccio_bringup/local/lib/python3.10/dist-packages/braccio_bringup/__init__.py'...
[1.894s] Compiling '/home/ivan/Escritorio/ROS2_braccio/install/braccio_bringup/local/lib/python3.10/dist-packages/braccio_bringup/launch_mixin.py'...
[1.902s] -- Installing: /home/ivan/Escritorio/ROS2_braccio/install/braccio_bringup/share/ament_index/resource_index/package_run_dependencies/braccio_bringup
[1.902s] -- Installing: /home/ivan/Escritorio/ROS2_braccio/install/braccio_bringup/share/ament_index/resource_index/parent_prefix_path/braccio_bringup
[1.903s] -- Installing: /home/ivan/Escritorio/ROS2_braccio/install/braccio_bringup/share/braccio_bringup/environment/ament_prefix_path.sh
[1.903s] -- Installing: /home/ivan/Escritorio/ROS2_braccio/install/braccio_bringup/share/braccio_bringup/environment/ament_prefix_path.dsv
[1.903s] -- Installing: /home/ivan/Escritorio/ROS2_braccio/install/braccio_bringup/share/braccio_bringup/environment/path.sh
[1.904s] -- Installing: /home/ivan/Escritorio/ROS2_braccio/install/braccio_bringup/share/braccio_bringup/environment/path.dsv
[1.904s] -- Installing: /home/ivan/Escritorio/ROS2_braccio/install/braccio_bringup/share/braccio_bringup/local_setup.bash
[1.904s] -- Installing: /home/ivan/Escritorio/ROS2_braccio/install/braccio_bringup/share/braccio_bringup/local_setup.sh
[1.905s] -- Installing: /home/ivan/Escritorio/ROS2_braccio/install/braccio_bringup/share/braccio_bringup/local_setup.zsh
[1.905s] -- Installing: /home/ivan/Escritorio/ROS2_braccio/install/braccio_bringup/share/braccio_bringup/local_setup.dsv
[1.905s] -- Installing: /home/ivan/Escritorio/ROS2_braccio/install/braccio_bringup/share/braccio_bringup/package.dsv
[1.906s] -- Installing: /home/ivan/Escritorio/ROS2_braccio/install/braccio_bringup/share/ament_index/resource_index/packages/braccio_bringup
[1.906s] -- Installing: /home/ivan/Escritorio/ROS2_braccio/install/braccio_bringup/share/braccio_bringup/cmake/braccio_bringupConfig.cmake
[1.907s] -- Installing: /home/ivan/Escritorio/ROS2_braccio/install/braccio_bringup/share/braccio_bringup/cmake/braccio_bringupConfig-version.cmake
[1.907s] -- Installing: /home/ivan/Escritorio/ROS2_braccio/install/braccio_bringup/share/braccio_bringup/package.xml
[1.910s] Invoked command in '/home/ivan/Escritorio/ROS2_braccio/build/braccio_bringup' returned '0': AMENT_PREFIX_PATH=/home/ivan/Escritorio/ROS2_braccio/install/braccio_hardware:/home/ivan/Escritorio/ROS2_braccio/install/braccio_description:${AMENT_PREFIX_PATH} CMAKE_PREFIX_PATH=/home/ivan/Escritorio/ROS2_braccio/install/braccio_hardware:/home/ivan/Escritorio/ROS2_braccio/install/braccio_description:/opt/ros/humble LD_LIBRARY_PATH=/home/ivan/Escritorio/ROS2_braccio/install/braccio_hardware/lib:${LD_LIBRARY_PATH} PYTHONPATH=/home/ivan/Escritorio/ROS2_braccio/install/braccio_hardware/local/lib/python3.10/dist-packages:/home/ivan/Escritorio/ROS2_braccio/install/braccio_description/local/lib/python3.10/dist-packages:${PYTHONPATH} /usr/bin/cmake --install /home/ivan/Escritorio/ROS2_braccio/build/braccio_bringup
