[0.008s] Invoking command in '/home/ivan/Escritorio/Braccio-Tinkerkit-Arduino/build/braccio_vision': CMAKE_PREFIX_PATH=/opt/ros/humble /usr/bin/cmake /home/ivan/Escritorio/Braccio-Tinkerkit-Arduino/braccio_vision -DCMAKE_INSTALL_PREFIX=/home/ivan/Escritorio/Braccio-Tinkerkit-Arduino/install/braccio_vision
[0.111s] -- The C compiler identification is GNU 11.4.0
[0.190s] -- The CXX compiler identification is GNU 11.4.0
[0.198s] -- Detecting C compiler ABI info
[0.256s] -- Detecting C compiler ABI info - done
[0.259s] -- Check for working C compiler: /usr/bin/cc - skipped
[0.260s] -- Detecting C compile features
[0.260s] -- Detecting C compile features - done
[0.262s] -- Detecting CXX compiler ABI info
[0.326s] -- Detecting CXX compiler ABI info - done
[0.330s] -- Check for working CXX compiler: /usr/bin/c++ - skipped
[0.331s] -- Detecting CXX compile features
[0.331s] -- Detecting CXX compile features - done
[0.335s] -- Found ament_cmake: 1.3.11 (/opt/ros/humble/share/ament_cmake/cmake)
[0.436s] -- Found Python3: /usr/bin/python3 (found version "3.10.12") found components: Interpreter 
[0.510s] -- Found rclpy: 3.3.16 (/opt/ros/humble/share/rclpy/cmake)
[0.563s] -- Found ament_lint_auto: 0.12.12 (/opt/ros/humble/share/ament_lint_auto/cmake)
[0.624s] -- Added test 'copyright' to check source files copyright and LICENSE
[0.627s] -- Added test 'flake8' to check Python code syntax and style conventions
[0.627s] -- Added test 'lint_cmake' to check CMake code style
[0.628s] -- Added test 'pep257' to check Python code against some of the docstring style conventions in PEP 257
[0.629s] -- Added test 'xmllint' to check XML markup files
[0.631s] -- Configuring done
[0.634s] -- Generating done
[0.636s] -- Build files have been written to: /home/ivan/Escritorio/Braccio-Tinkerkit-Arduino/build/braccio_vision
[0.640s] Invoked command in '/home/ivan/Escritorio/Braccio-Tinkerkit-Arduino/build/braccio_vision' returned '0': CMAKE_PREFIX_PATH=/opt/ros/humble /usr/bin/cmake /home/ivan/Escritorio/Braccio-Tinkerkit-Arduino/braccio_vision -DCMAKE_INSTALL_PREFIX=/home/ivan/Escritorio/Braccio-Tinkerkit-Arduino/install/braccio_vision
[0.641s] Invoking command in '/home/ivan/Escritorio/Braccio-Tinkerkit-Arduino/build/braccio_vision': CMAKE_PREFIX_PATH=/opt/ros/humble /usr/bin/cmake --build /home/ivan/Escritorio/Braccio-Tinkerkit-Arduino/build/braccio_vision -- -j16 -l16
[0.687s] Built target ament_cmake_python_copy_braccio_vision
[0.847s] running egg_info
[0.847s] creating braccio_vision.egg-info
[0.847s] writing braccio_vision.egg-info/PKG-INFO
[0.847s] writing dependency_links to braccio_vision.egg-info/dependency_links.txt
[0.847s] writing top-level names to braccio_vision.egg-info/top_level.txt
[0.848s] writing manifest file 'braccio_vision.egg-info/SOURCES.txt'
[0.849s] reading manifest file 'braccio_vision.egg-info/SOURCES.txt'
[0.849s] writing manifest file 'braccio_vision.egg-info/SOURCES.txt'
[0.868s] Built target ament_cmake_python_build_braccio_vision_egg
[0.877s] Invoked command in '/home/ivan/Escritorio/Braccio-Tinkerkit-Arduino/build/braccio_vision' returned '0': CMAKE_PREFIX_PATH=/opt/ros/humble /usr/bin/cmake --build /home/ivan/Escritorio/Braccio-Tinkerkit-Arduino/build/braccio_vision -- -j16 -l16
[0.886s] Invoking command in '/home/ivan/Escritorio/Braccio-Tinkerkit-Arduino/build/braccio_vision': CMAKE_PREFIX_PATH=/opt/ros/humble /usr/bin/cmake --install /home/ivan/Escritorio/Braccio-Tinkerkit-Arduino/build/braccio_vision
[0.891s] -- Install configuration: ""
[0.891s] -- Installing: /home/ivan/Escritorio/Braccio-Tinkerkit-Arduino/install/braccio_vision/share/braccio_vision/environment/pythonpath.sh
[0.891s] -- Installing: /home/ivan/Escritorio/Braccio-Tinkerkit-Arduino/install/braccio_vision/share/braccio_vision/environment/pythonpath.dsv
[0.891s] -- Installing: /home/ivan/Escritorio/Braccio-Tinkerkit-Arduino/install/braccio_vision/local/lib/python3.10/dist-packages/braccio_vision-1.0.0-py3.10.egg-info
[0.891s] -- Installing: /home/ivan/Escritorio/Braccio-Tinkerkit-Arduino/install/braccio_vision/local/lib/python3.10/dist-packages/braccio_vision-1.0.0-py3.10.egg-info/top_level.txt
[0.891s] -- Installing: /home/ivan/Escritorio/Braccio-Tinkerkit-Arduino/install/braccio_vision/local/lib/python3.10/dist-packages/braccio_vision-1.0.0-py3.10.egg-info/PKG-INFO
[0.891s] -- Installing: /home/ivan/Escritorio/Braccio-Tinkerkit-Arduino/install/braccio_vision/local/lib/python3.10/dist-packages/braccio_vision-1.0.0-py3.10.egg-info/dependency_links.txt
[0.891s] -- Installing: /home/ivan/Escritorio/Braccio-Tinkerkit-Arduino/install/braccio_vision/local/lib/python3.10/dist-packages/braccio_vision-1.0.0-py3.10.egg-info/SOURCES.txt
[0.892s] -- Installing: /home/ivan/Escritorio/Braccio-Tinkerkit-Arduino/install/braccio_vision/local/lib/python3.10/dist-packages/braccio_vision
[0.892s] -- Installing: /home/ivan/Escritorio/Braccio-Tinkerkit-Arduino/install/braccio_vision/local/lib/python3.10/dist-packages/braccio_vision/__init__.py
[0.915s] Listing '/home/ivan/Escritorio/Braccio-Tinkerkit-Arduino/install/braccio_vision/local/lib/python3.10/dist-packages/braccio_vision'...
[0.915s] Compiling '/home/ivan/Escritorio/Braccio-Tinkerkit-Arduino/install/braccio_vision/local/lib/python3.10/dist-packages/braccio_vision/__init__.py'...
[0.918s] -- Installing: /home/ivan/Escritorio/Braccio-Tinkerkit-Arduino/install/braccio_vision/lib/braccio_vision/object_detector.py
[0.918s] [31mCMake Error at cmake_install.cmake:70 (file):
[0.918s]   file INSTALL cannot find
[0.919s]   "/home/ivan/Escritorio/Braccio-Tinkerkit-Arduino/braccio_vision/scripts/camera_calibrator.py":
[0.919s]   No such file or directory.
[0.919s] 
[0.919s] [0m
[0.920s] Invoked command in '/home/ivan/Escritorio/Braccio-Tinkerkit-Arduino/build/braccio_vision' returned '1': CMAKE_PREFIX_PATH=/opt/ros/humble /usr/bin/cmake --install /home/ivan/Escritorio/Braccio-Tinkerkit-Arduino/build/braccio_vision
