[0.016s] Invoking command in '/home/ivan/Escritorio/Braccio-Tinkerkit-Arduino/build/braccio_description': CMAKE_PREFIX_PATH=${CMAKE_PREFIX_PATH}:/opt/ros/humble /usr/bin/cmake --build /home/ivan/Escritorio/Braccio-Tinkerkit-Arduino/build/braccio_description -- -j16 -l16
[0.061s] Built target ament_cmake_python_copy_braccio_description
[0.230s] running egg_info
[0.230s] writing braccio_description.egg-info/PKG-INFO
[0.231s] writing dependency_links to braccio_description.egg-info/dependency_links.txt
[0.231s] writing top-level names to braccio_description.egg-info/top_level.txt
[0.232s] reading manifest file 'braccio_description.egg-info/SOURCES.txt'
[0.233s] writing manifest file 'braccio_description.egg-info/SOURCES.txt'
[0.256s] Built target ament_cmake_python_build_braccio_description_egg
[0.274s] Invoked command in '/home/ivan/Escritorio/Braccio-Tinkerkit-Arduino/build/braccio_description' returned '0': CMAKE_PREFIX_PATH=${CMAKE_PREFIX_PATH}:/opt/ros/humble /usr/bin/cmake --build /home/ivan/Escritorio/Braccio-Tinkerkit-Arduino/build/braccio_description -- -j16 -l16
[0.275s] Invoking command in '/home/ivan/Escritorio/Braccio-Tinkerkit-Arduino/build/braccio_description': CMAKE_PREFIX_PATH=${CMAKE_PREFIX_PATH}:/opt/ros/humble /usr/bin/cmake --install /home/ivan/Escritorio/Braccio-Tinkerkit-Arduino/build/braccio_description
[0.279s] -- Install configuration: ""
[0.279s] -- Up-to-date: /home/ivan/Escritorio/Braccio-Tinkerkit-Arduino/install/braccio_description/share/braccio_description/config
[0.279s] -- Up-to-date: /home/ivan/Escritorio/Braccio-Tinkerkit-Arduino/install/braccio_description/share/braccio_description/config/config.rviz
[0.279s] -- Up-to-date: /home/ivan/Escritorio/Braccio-Tinkerkit-Arduino/install/braccio_description/share/braccio_description/gazebo
[0.279s] -- Up-to-date: /home/ivan/Escritorio/Braccio-Tinkerkit-Arduino/install/braccio_description/share/braccio_description/gazebo/braccio.gazebo.xacro
[0.279s] -- Up-to-date: /home/ivan/Escritorio/Braccio-Tinkerkit-Arduino/install/braccio_description/share/braccio_description/launch
[0.279s] -- Up-to-date: /home/ivan/Escritorio/Braccio-Tinkerkit-Arduino/install/braccio_description/share/braccio_description/launch/view_robot.launch.py
[0.279s] -- Up-to-date: /home/ivan/Escritorio/Braccio-Tinkerkit-Arduino/install/braccio_description/share/braccio_description/meshes
[0.279s] -- Up-to-date: /home/ivan/Escritorio/Braccio-Tinkerkit-Arduino/install/braccio_description/share/braccio_description/meshes/visual
[0.279s] -- Up-to-date: /home/ivan/Escritorio/Braccio-Tinkerkit-Arduino/install/braccio_description/share/braccio_description/meshes/visual/link_3.stl
[0.279s] -- Up-to-date: /home/ivan/Escritorio/Braccio-Tinkerkit-Arduino/install/braccio_description/share/braccio_description/meshes/visual/link_5.stl
[0.280s] -- Up-to-date: /home/ivan/Escritorio/Braccio-Tinkerkit-Arduino/install/braccio_description/share/braccio_description/meshes/visual/link_4.stl
[0.280s] -- Up-to-date: /home/ivan/Escritorio/Braccio-Tinkerkit-Arduino/install/braccio_description/share/braccio_description/meshes/visual/finger_aux.stl
[0.280s] -- Up-to-date: /home/ivan/Escritorio/Braccio-Tinkerkit-Arduino/install/braccio_description/share/braccio_description/meshes/visual/link_1.stl
[0.280s] -- Up-to-date: /home/ivan/Escritorio/Braccio-Tinkerkit-Arduino/install/braccio_description/share/braccio_description/meshes/visual/link_2.stl
[0.280s] -- Up-to-date: /home/ivan/Escritorio/Braccio-Tinkerkit-Arduino/install/braccio_description/share/braccio_description/meshes/visual/base_link.stl
[0.280s] -- Up-to-date: /home/ivan/Escritorio/Braccio-Tinkerkit-Arduino/install/braccio_description/share/braccio_description/meshes/visual/finger.stl
[0.280s] -- Up-to-date: /home/ivan/Escritorio/Braccio-Tinkerkit-Arduino/install/braccio_description/share/braccio_description/meshes/collision
[0.280s] -- Up-to-date: /home/ivan/Escritorio/Braccio-Tinkerkit-Arduino/install/braccio_description/share/braccio_description/meshes/collision/link_3.stl
[0.280s] -- Up-to-date: /home/ivan/Escritorio/Braccio-Tinkerkit-Arduino/install/braccio_description/share/braccio_description/meshes/collision/link_5.stl
[0.280s] -- Up-to-date: /home/ivan/Escritorio/Braccio-Tinkerkit-Arduino/install/braccio_description/share/braccio_description/meshes/collision/link_4.stl
[0.280s] -- Up-to-date: /home/ivan/Escritorio/Braccio-Tinkerkit-Arduino/install/braccio_description/share/braccio_description/meshes/collision/finger_aux.stl
[0.280s] -- Up-to-date: /home/ivan/Escritorio/Braccio-Tinkerkit-Arduino/install/braccio_description/share/braccio_description/meshes/collision/finger_collision.stl
[0.280s] -- Up-to-date: /home/ivan/Escritorio/Braccio-Tinkerkit-Arduino/install/braccio_description/share/braccio_description/meshes/collision/link_1.stl
[0.280s] -- Up-to-date: /home/ivan/Escritorio/Braccio-Tinkerkit-Arduino/install/braccio_description/share/braccio_description/meshes/collision/link_2.stl
[0.280s] -- Up-to-date: /home/ivan/Escritorio/Braccio-Tinkerkit-Arduino/install/braccio_description/share/braccio_description/meshes/collision/base_link.stl
[0.280s] -- Up-to-date: /home/ivan/Escritorio/Braccio-Tinkerkit-Arduino/install/braccio_description/share/braccio_description/ros2_control
[0.280s] -- Up-to-date: /home/ivan/Escritorio/Braccio-Tinkerkit-Arduino/install/braccio_description/share/braccio_description/ros2_control/braccio.ros2_control.xacro
[0.280s] -- Up-to-date: /home/ivan/Escritorio/Braccio-Tinkerkit-Arduino/install/braccio_description/share/braccio_description/urdf
[0.280s] -- Up-to-date: /home/ivan/Escritorio/Braccio-Tinkerkit-Arduino/install/braccio_description/share/braccio_description/urdf/braccio.urdf.xacro
[0.280s] -- Up-to-date: /home/ivan/Escritorio/Braccio-Tinkerkit-Arduino/install/braccio_description/share/braccio_description/urdf/materials.urdf.xacro
[0.280s] -- Up-to-date: /home/ivan/Escritorio/Braccio-Tinkerkit-Arduino/install/braccio_description/share/braccio_description/urdf/braccio_description.urdf.xacro
[0.280s] -- Up-to-date: /home/ivan/Escritorio/Braccio-Tinkerkit-Arduino/install/braccio_description/share/braccio_description/environment/braccio_description.dsv
[0.280s] -- Up-to-date: /home/ivan/Escritorio/Braccio-Tinkerkit-Arduino/install/braccio_description/share/braccio_description/environment/pythonpath.sh
[0.280s] -- Up-to-date: /home/ivan/Escritorio/Braccio-Tinkerkit-Arduino/install/braccio_description/share/braccio_description/environment/pythonpath.dsv
[0.280s] -- Up-to-date: /home/ivan/Escritorio/Braccio-Tinkerkit-Arduino/install/braccio_description/local/lib/python3.10/dist-packages/braccio_description-0.0.0-py3.10.egg-info
[0.280s] -- Installing: /home/ivan/Escritorio/Braccio-Tinkerkit-Arduino/install/braccio_description/local/lib/python3.10/dist-packages/braccio_description-0.0.0-py3.10.egg-info/top_level.txt
[0.280s] -- Installing: /home/ivan/Escritorio/Braccio-Tinkerkit-Arduino/install/braccio_description/local/lib/python3.10/dist-packages/braccio_description-0.0.0-py3.10.egg-info/PKG-INFO
[0.280s] -- Installing: /home/ivan/Escritorio/Braccio-Tinkerkit-Arduino/install/braccio_description/local/lib/python3.10/dist-packages/braccio_description-0.0.0-py3.10.egg-info/dependency_links.txt
[0.280s] -- Installing: /home/ivan/Escritorio/Braccio-Tinkerkit-Arduino/install/braccio_description/local/lib/python3.10/dist-packages/braccio_description-0.0.0-py3.10.egg-info/SOURCES.txt
[0.281s] -- Up-to-date: /home/ivan/Escritorio/Braccio-Tinkerkit-Arduino/install/braccio_description/local/lib/python3.10/dist-packages/braccio_description
[0.281s] -- Up-to-date: /home/ivan/Escritorio/Braccio-Tinkerkit-Arduino/install/braccio_description/local/lib/python3.10/dist-packages/braccio_description/__init__.py
[0.281s] -- Up-to-date: /home/ivan/Escritorio/Braccio-Tinkerkit-Arduino/install/braccio_description/local/lib/python3.10/dist-packages/braccio_description/launch_mixin.py
[0.301s] Listing '/home/ivan/Escritorio/Braccio-Tinkerkit-Arduino/install/braccio_description/local/lib/python3.10/dist-packages/braccio_description'...
[0.304s] -- Up-to-date: /home/ivan/Escritorio/Braccio-Tinkerkit-Arduino/install/braccio_description/share/ament_index/resource_index/package_run_dependencies/braccio_description
[0.304s] -- Up-to-date: /home/ivan/Escritorio/Braccio-Tinkerkit-Arduino/install/braccio_description/share/ament_index/resource_index/parent_prefix_path/braccio_description
[0.304s] -- Up-to-date: /home/ivan/Escritorio/Braccio-Tinkerkit-Arduino/install/braccio_description/share/braccio_description/environment/ament_prefix_path.sh
[0.304s] -- Up-to-date: /home/ivan/Escritorio/Braccio-Tinkerkit-Arduino/install/braccio_description/share/braccio_description/environment/ament_prefix_path.dsv
[0.304s] -- Up-to-date: /home/ivan/Escritorio/Braccio-Tinkerkit-Arduino/install/braccio_description/share/braccio_description/environment/path.sh
[0.304s] -- Up-to-date: /home/ivan/Escritorio/Braccio-Tinkerkit-Arduino/install/braccio_description/share/braccio_description/environment/path.dsv
[0.304s] -- Up-to-date: /home/ivan/Escritorio/Braccio-Tinkerkit-Arduino/install/braccio_description/share/braccio_description/local_setup.bash
[0.304s] -- Up-to-date: /home/ivan/Escritorio/Braccio-Tinkerkit-Arduino/install/braccio_description/share/braccio_description/local_setup.sh
[0.304s] -- Up-to-date: /home/ivan/Escritorio/Braccio-Tinkerkit-Arduino/install/braccio_description/share/braccio_description/local_setup.zsh
[0.304s] -- Up-to-date: /home/ivan/Escritorio/Braccio-Tinkerkit-Arduino/install/braccio_description/share/braccio_description/local_setup.dsv
[0.304s] -- Installing: /home/ivan/Escritorio/Braccio-Tinkerkit-Arduino/install/braccio_description/share/braccio_description/package.dsv
[0.305s] -- Up-to-date: /home/ivan/Escritorio/Braccio-Tinkerkit-Arduino/install/braccio_description/share/ament_index/resource_index/packages/braccio_description
[0.305s] -- Up-to-date: /home/ivan/Escritorio/Braccio-Tinkerkit-Arduino/install/braccio_description/share/braccio_description/cmake/braccio_descriptionConfig.cmake
[0.305s] -- Up-to-date: /home/ivan/Escritorio/Braccio-Tinkerkit-Arduino/install/braccio_description/share/braccio_description/cmake/braccio_descriptionConfig-version.cmake
[0.305s] -- Up-to-date: /home/ivan/Escritorio/Braccio-Tinkerkit-Arduino/install/braccio_description/share/braccio_description/package.xml
[0.330s] Invoked command in '/home/ivan/Escritorio/Braccio-Tinkerkit-Arduino/build/braccio_description' returned '0': CMAKE_PREFIX_PATH=${CMAKE_PREFIX_PATH}:/opt/ros/humble /usr/bin/cmake --install /home/ivan/Escritorio/Braccio-Tinkerkit-Arduino/build/braccio_description
